Log file open, 08/21/17 12:32:32
LogInit:Display: Running engine for game: SR_Prototype_V2
LogPlatformFile: Not using cached read wrapper
LogInit:Display: RandInit(1003149954) SRandInit(1003149954).
LogTaskGraph: Started task graph with 5 named threads and 8 total threads with 1 sets of task threads.
LogStats: Stats thread started at 0.076366
LogInit: Using libcurl 7.47.1
LogInit:  - built for x86_64-pc-win32
LogInit:  - supports SSL with OpenSSL/1.0.2g
LogInit:  - supports HTTP deflate (compression) using libz 1.2.8
LogInit:  - other features:
LogInit:      CURL_VERSION_SSL
LogInit:      CURL_VERSION_LIBZ
LogInit:      CURL_VERSION_IPV6
LogInit:      CURL_VERSION_ASYNCHDNS
LogInit:      CURL_VERSION_LARGEFILE
LogInit:      CURL_VERSION_IDN
LogInit:  CurlRequestOptions (configurable via config and command line):
LogInit:  - bVerifyPeer = false  - Libcurl will NOT verify peer certificate
LogInit:  - bUseHttpProxy = false  - Libcurl will NOT use HTTP proxy
LogInit:  - bDontReuseConnections = false  - Libcurl will reuse connections
LogInit:  - CertBundlePath = nullptr  - Libcurl will use whatever was configured at build time.
LogInit: Build: ++UE4+Release-4.16-CL-3561208
LogInit: Engine Version: 4.16.3-3561208+++UE4+Release-4.16
LogInit: Compatible Engine Version: 4.16.0-3452394+++UE4+Release-4.16
LogInit: Net CL: 3452394
LogDevObjectVersion: Number of dev versions registered: 16
LogDevObjectVersion:   Dev-Blueprints (B0D832E4-1F89-4F0D-ACCF-7EB736FD4AA2): 9
LogDevObjectVersion:   Dev-Build (E1C64328-A22C-4D53-A36C-8E866417BD8C): 0
LogDevObjectVersion:   Dev-Core (375EC13C-06E4-48FB-B500-84F0262A717E): 2
LogDevObjectVersion:   Dev-Editor (E4B068ED-F494-42E9-A231-DA0B2E46BB41): 17
LogDevObjectVersion:   Dev-Framework (CFFC743F-43B0-4480-9391-14DF171D2073): 23
LogDevObjectVersion:   Dev-Mobile (B02B49B5-BB20-44E9-A304-32B752E40360): 0
LogDevObjectVersion:   Dev-Networking (A4E4105C-59A1-49B5-A7C5-40C4547EDFEE): 0
LogDevObjectVersion:   Dev-Online (39C831C9-5AE6-47DC-9A44-9C173E1C8E7C): 0
LogDevObjectVersion:   Dev-Physics (78F01B33-EBEA-4F98-B9B4-84EACCB95AA2): 0
LogDevObjectVersion:   Dev-Platform (6631380F-2D4D-43E0-8009-CF276956A95A): 0
LogDevObjectVersion:   Dev-Rendering (12F88B9F-8875-4AFC-A67C-D90C383ABD29): 15
LogDevObjectVersion:   Dev-Sequencer (7B5AE74C-D270-4C10-A958-57980B212A5A): 4
LogDevObjectVersion:   Dev-VR (D7296918-1DD6-4BDD-9DE2-64A83CC13884): 0
LogDevObjectVersion:   Dev-LoadTimes (C2A15278-BFE7-4AFE-6C17-90FF531DF755): 1
LogDevObjectVersion:   Private-Geometry (6EACA3D4-40EC-4CC1-B786-8BED09428FC5): 1
LogDevObjectVersion:   Dev-AnimPhys (29E575DD-E0A3-4627-9D10-D276232CDCEA): 3
LogInit: Compiled (64-bit): Jul 28 2017 11:49:47
LogInit: Compiled with Visual C++: 19.00.24215.01
LogInit: Build Configuration: Development
LogInit: Branch Name: ++UE4+Release-4.16
LogInit: Command line:  /Temp/Autosaves/Game/Scenes/UEDPCScanReach_Map -game -PIEVIACONSOLE -ResX=1280 -ResY=720  -Multiprocess -messaging -SessionName="Play in Standalone Game" -windowed 
LogInit: Base directory: C:/Program Files/Epic Games/UE_4.16/Engine/Binaries/Win64/
LogInit: Installed Engine Build: 1
LogInit: Presizing for max 8388607 objects, including 0 objects not considered by GC, pre-allocating 0 bytes for permanent pool.
LogInit: Object subsystem initialized
[2017.08.21-10.32.33:234][  0]LogInit: Selected Device Profile: [Windows]
[2017.08.21-10.32.33:234][  0]LogInit: Applying CVar settings loaded from the selected device profile: [Windows]
[2017.08.21-10.32.33:236][  0]LogInit: Computer: WINDOWS-EUOFFC3
[2017.08.21-10.32.33:236][  0]LogInit: User: Bendick
[2017.08.21-10.32.33:236][  0]LogInit: CPU Page size=4096, Cores=4
[2017.08.21-10.32.33:236][  0]LogInit: High frequency timer resolution =3.914062 MHz
[2017.08.21-10.32.33:236][  0]LogMemory: Memory total: Physical=15.9GB (16GB approx)
[2017.08.21-10.32.33:236][  0]LogMemory: Platform Memory Stats for Windows
[2017.08.21-10.32.33:236][  0]LogMemory: Process Physical Memory: 273.45 MB used, 273.45 MB peak
[2017.08.21-10.32.33:236][  0]LogMemory: Process Virtual Memory: 260.90 MB used, 260.90 MB peak
[2017.08.21-10.32.33:236][  0]LogMemory: Physical Memory: 6900.80 MB used,  9422.17 MB free, 16322.98 MB total
[2017.08.21-10.32.33:236][  0]LogMemory: Virtual Memory: 638.49 MB used,  9422.17 MB free, 134217728.00 MB total
[2017.08.21-10.32.33:285][  0]LogInit: Using OS detected language (en-US).
[2017.08.21-10.32.33:285][  0]LogInit: Using OS detected locale (en-GB).
[2017.08.21-10.32.33:287][  0]LogTextLocalizationManager: No specific localization for 'en-US' exists, so the 'en' localization will be used.
[2017.08.21-10.32.33:808][  0]LogD3D11RHI: D3D11 adapters:
[2017.08.21-10.32.34:230][  0]LogD3D11RHI:    0. 'NVIDIA GeForce GTX 1070' (Feature Level 11_0)
[2017.08.21-10.32.34:230][  0]LogD3D11RHI:       8119/0/8161 MB DedicatedVideo/DedicatedSystem/SharedSystem, Outputs:2, VendorId:0x10de
[2017.08.21-10.32.34:231][  0]LogD3D11RHI:    1. 'Microsoft Basic Render Driver' (Feature Level 11_0)
[2017.08.21-10.32.34:231][  0]LogD3D11RHI:       0/0/8161 MB DedicatedVideo/DedicatedSystem/SharedSystem, Outputs:0, VendorId:0x1414
[2017.08.21-10.32.34:231][  0]LogD3D11RHI: Chosen D3D11 Adapter: 0
[2017.08.21-10.32.34:235][  0]LogD3D11RHI: Creating new Direct3DDevice
[2017.08.21-10.32.34:235][  0]LogD3D11RHI:     GPU DeviceId: 0x1b81 (for the marketing name, search the web for "GPU Device Id")
[2017.08.21-10.32.34:235][  0]LogWindows: EnumDisplayDevices:
[2017.08.21-10.32.34:235][  0]LogWindows:    0. 'NVIDIA GeForce GTX 1070' (P:1 D:1)
[2017.08.21-10.32.34:235][  0]LogWindows:    1. 'NVIDIA GeForce GTX 1070' (P:0 D:1)
[2017.08.21-10.32.34:235][  0]LogWindows:    2. 'NVIDIA GeForce GTX 1070' (P:0 D:0)
[2017.08.21-10.32.34:235][  0]LogWindows:    3. 'NVIDIA GeForce GTX 1070' (P:0 D:0)
[2017.08.21-10.32.34:235][  0]LogWindows: DebugString: FoundDriverCount:4 
[2017.08.21-10.32.34:235][  0]LogD3D11RHI:     Adapter Name: NVIDIA GeForce GTX 1070
[2017.08.21-10.32.34:236][  0]LogD3D11RHI:   Driver Version: 382.05 (internal:22.21.13.8205, unified:382.05)
[2017.08.21-10.32.34:236][  0]LogD3D11RHI:      Driver Date: 5-1-2017
[2017.08.21-10.32.34:236][  0]LogRHI: Texture pool is 1361 MB (70% of 1945 MB)
[2017.08.21-10.32.34:642][  0]LogD3D11RHI: Async texture creation enabled
[2017.08.21-10.32.34:726][  0]LogD3D11RHI: GPU Timing Frequency: 1000.000000 (Debug: 2 1)
[2017.08.21-10.32.34:816][  0]LogShaderCompilers: Guid format shader working directory is -32 characters bigger than the processId version (../../../../../../Users/Bendick/Documents/GitHub/SR_Prototype_V2/SR_Prototype_V2/Intermediate/Shaders/WorkingDirectory/4228/).
[2017.08.21-10.32.34:816][  0]LogShaderCompilers: Cleaned the shader compiler working directory 'C:/Users/Bendick/AppData/Local/Temp/UnrealShaderWorkingDir/77ECFF534EA7A4ED19423D97EA8E0D7E/'.
[2017.08.21-10.32.34:816][  0]LogShaderCompilers:Display: Using Local Shader Compiler.
[2017.08.21-10.32.35:489][  0]LogTemp:Display: Loaded TP WindowsClientTargetPlatform
[2017.08.21-10.32.35:523][  0]LogTemp:Display: Loaded TP WindowsNoEditorTargetPlatform
[2017.08.21-10.32.35:555][  0]LogTemp:Display: Loaded TP WindowsServerTargetPlatform
[2017.08.21-10.32.35:587][  0]LogTemp:Display: Loaded TP WindowsTargetPlatform
[2017.08.21-10.32.35:587][  0]LogTargetPlatformManager:Display: Building Assets For Windows
[2017.08.21-10.32.35:900][  0]LogDerivedDataCache:Display: Max Cache Size: 512 MB
[2017.08.21-10.32.35:979][  0]LogDerivedDataCache: Loaded boot cache 0.08s 111MB C:/Users/Bendick/AppData/Local/UnrealEngine/4.16/DerivedDataCache/Boot.ddc.
[2017.08.21-10.32.35:979][  0]LogDerivedDataCache:Display: Loaded Boot cache: C:/Users/Bendick/AppData/Local/UnrealEngine/4.16/DerivedDataCache/Boot.ddc
[2017.08.21-10.32.35:979][  0]LogDerivedDataCache: FDerivedDataBackendGraph:  Pak pak cache file ../../../../../../Users/Bendick/Documents/GitHub/SR_Prototype_V2/SR_Prototype_V2/DerivedDataCache/DDC.ddp not found, will not use a pak cache.
[2017.08.21-10.32.35:979][  0]LogDerivedDataCache: Unable to find inner node Pak for hierarchical cache Hierarchy.
[2017.08.21-10.32.35:979][  0]LogDerivedDataCache: FDerivedDataBackendGraph:  CompressedPak pak cache file ../../../../../../Users/Bendick/Documents/GitHub/SR_Prototype_V2/SR_Prototype_V2/DerivedDataCache/Compressed.ddp not found, will not use a pak cache.
[2017.08.21-10.32.35:979][  0]LogDerivedDataCache: Unable to find inner node CompressedPak for hierarchical cache Hierarchy.
[2017.08.21-10.32.35:990][  0]LogDerivedDataCache:Display: Pak cache opened for reading ../../../Engine/DerivedDataCache/Compressed.ddp.
[2017.08.21-10.32.36:001][  0]LogDerivedDataCache: Using Local data cache path C:/Users/Bendick/AppData/Local/UnrealEngine/Common/DerivedDataCache: Writable
[2017.08.21-10.32.36:009][  0]LogMaterial: Verifying Global Shaders for PCD3D_SM5
[2017.08.21-10.32.36:009][  0]LogSlate: Using Freetype 2.6.0
[2017.08.21-10.32.36:009][  0]LogSlate: SlateFontCache - WITH_FREETYPE: 1, WITH_HARFBUZZ: 1
[2017.08.21-10.32.36:009][  0]LogSlate: SlateFontCache - WITH_FREETYPE: 1, WITH_HARFBUZZ: 1
[2017.08.21-10.32.36:176][  0]LogAssetRegistry: FAssetRegistry took 0.0029 seconds to start up
[2017.08.21-10.32.36:181][  0]LogPackageLocalizationCache: Processed 4 localized package path(s) for 2 prioritized culture(s) in 0.005195 seconds
[2017.08.21-10.32.36:239][  0]LogInit: Selected Device Profile: [Windows]
[2017.08.21-10.32.36:387][  0]LogMeshUtilities: Using QuadricMeshReduction for automatic static mesh reduction
[2017.08.21-10.32.36:415][  0]LogSimplygon: Simplygon DLL not present - disabling.
[2017.08.21-10.32.36:447][  0]LogMeshUtilities: Using SimplygonSwarm for distributed automatic mesh merging
[2017.08.21-10.32.36:447][  0]LogMeshUtilities: No automatic skeletal mesh reduction module available
[2017.08.21-10.32.36:447][  0]LogMeshUtilities: No automatic mesh merging module available
[2017.08.21-10.32.36:773][  0]LogNetVersion: SR_Prototype_V2 , NetCL: 3452394, EngineNetVer: 2, GameNetVer: 0 (Checksum: 2634772556)
[2017.08.21-10.32.36:824][  0]LogInit: WinSock: version 1.1 (2.2), MaxSocks=32767, MaxUdp=65467
[2017.08.21-10.32.37:496][  0]LogMoviePlayer: Initializing movie player
[2017.08.21-10.32.37:548][  0]LogWindowsTextInputMethodSystem:Display: IME system now deactivated.
[2017.08.21-10.32.37:548][  0]LogWindowsTextInputMethodSystem:Display: IME system now deactivated.
[2017.08.21-10.32.37:711][  0]LogCollectionManager: Loaded 0 collections in 0.000886 seconds
[2017.08.21-10.32.37:759][  0]LogFileCache: Scanning file cache for directory 'C:/Users/Bendick/Documents/GitHub/SR_Prototype_V2/SR_Prototype_V2/Saved/Collections/' took 0.01s
[2017.08.21-10.32.37:759][  0]LogFileCache: Scanning file cache for directory 'C:/Users/Bendick/Documents/GitHub/SR_Prototype_V2/SR_Prototype_V2/Content/Developers/Bendick/Collections/' took 0.01s
[2017.08.21-10.32.37:759][  0]LogFileCache: Scanning file cache for directory 'C:/Users/Bendick/Documents/GitHub/SR_Prototype_V2/SR_Prototype_V2/Content/Collections/' took 0.01s
[2017.08.21-10.32.37:759][  0]LogCollectionManager: Rebuilt the object cache for 0 collections in 0.000001 seconds (found 0 objects)
[2017.08.21-10.32.37:759][  0]LogCollectionManager: Fixed up redirectors for 0 collections in 0.000027 seconds (updated 0 objects)
[2017.08.21-10.32.37:864][  0]LogTcpMessaging: Initializing TcpMessaging bridge
[2017.08.21-10.32.37:892][  0]LogUdpMessaging: Initializing bridge on interface 0.0.0.0:0 to multicast group 230.0.0.1:6666.
[2017.08.21-10.32.38:154][  0]SourceControl: Info Source control is disabled
[2017.08.21-10.32.38:154][  0]SourceControl: Info Source control is disabled
[2017.08.21-10.32.38:183][  0]SourceControl: Info Source control is disabled
[2017.08.21-10.32.38:346][  0]LogAndroidPermission: UAndroidPermissionCallbackProxy::GetInstance
[2017.08.21-10.32.38:616][  0]LogUObjectArray: 37220 objects as part of root set at end of initial load.
[2017.08.21-10.32.38:616][  0]LogUObjectAllocator: 8398848 out of 0 bytes used by permanent object pool.
[2017.08.21-10.32.38:616][  0]LogUObjectArray: CloseDisregardForGC: 0/0 objects in disregard for GC pool
[2017.08.21-10.32.38:688][  0]LogEngine: Initializing Engine...
[2017.08.21-10.32.38:688][  0]LogHMD: Failed to initialize OpenVR with code 110
[2017.08.21-10.32.38:816][  0]LogStats: UGameplayTagsManager::ConstructGameplayTagTree: Construct from data asset -  0.000 s
[2017.08.21-10.32.38:816][  0]LogStats: UGameplayTagsManager::ConstructGameplayTagTree: GameplayTagTreeChangedEvent.Broadcast -  0.000 s
[2017.08.21-10.32.38:822][  0]LogInit: XAudio2 using 'Speakers (2- Logitech G933 Gaming Headset)' : 6 channels at 48 kHz using 16 bits per sample (channel mask 0x3f)
[2017.08.21-10.32.38:836][  0]LogInit: FAudioDevice initialized.
[2017.08.21-10.32.38:862][  0]LogInit: Texture streaming: Disabled
[2017.08.21-10.32.38:871][  0]LogMaterial: Uniform references updated for custom material expression Custom.
[2017.08.21-10.32.39:035][  0]LogSlateStyle:Warning: Unable to find Slate Widget Style 'NormalText'. Using FTextBlockStyle defaults instead.
[2017.08.21-10.32.39:035][  0]LogSlateStyle:Warning: Unable to find Slate Widget Style 'SpinBox'. Using FSpinBoxStyle defaults instead.
[2017.08.21-10.32.39:170][  0]LogInit:Display: Game Engine Initialized.
[2017.08.21-10.32.39:268][  0]LogInit:Display: Starting Game.
[2017.08.21-10.32.39:268][  0]LogNet: Browse: /Temp/Autosaves/Game/Scenes/UEDPCScanReach_Map?Name=Player
[2017.08.21-10.32.39:268][  0]LogLoad: LoadMap: /Temp/Autosaves/Game/Scenes/UEDPCScanReach_Map?Name=Player
[2017.08.21-10.32.39:280][  0]LogMemory: Platform Memory Stats for Windows
[2017.08.21-10.32.39:280][  0]LogMemory: Process Physical Memory: 816.18 MB used, 948.95 MB peak
[2017.08.21-10.32.39:280][  0]LogMemory: Process Virtual Memory: 946.64 MB used, 1032.68 MB peak
[2017.08.21-10.32.39:280][  0]LogMemory: Physical Memory: 7389.27 MB used,  8933.71 MB free, 16322.98 MB total
[2017.08.21-10.32.39:280][  0]LogMemory: Virtual Memory: 1625.17 MB used,  8933.71 MB free, 134217728.00 MB total
[2017.08.21-10.32.39:280][  0]LogMemory: 
[2017.08.21-10.32.39:280][  0]Allocator Stats for TBB: (not implemented)
[2017.08.21-10.32.39:794][  0]LogAIModule: Creating AISystem for world ScanReach_Map
[2017.08.21-10.32.39:794][  0]LogLoad: Game class is 'ScanReach_GM_C'
[2017.08.21-10.32.39:804][  0]LogWorld: Bringing World /Temp/Autosaves/Game/Scenes/UEDPCScanReach_Map.ScanReach_Map up for play (max tick rate 0) at 2017.08.21-12.32.39
[2017.08.21-10.32.39:805][  0]LogWorld: Bringing up level for play took: 0.009809
[2017.08.21-10.32.39:812][  0]LogLoad: Took 0.543416 seconds to LoadMap(/Temp/Autosaves/Game/Scenes/UEDPCScanReach_Map)
[2017.08.21-10.32.39:965][  0]LogRenderer: Reallocating scene render targets to support 1920x1080 NumSamples 1 (Frame:1).
[2017.08.21-10.32.39:965][  0]LogLoad: (Engine Initialization) Total time: 7.74 seconds
[2017.08.21-10.32.39:965][  0]LogLoad: (Engine Initialization) Total Blueprint compile time: 0.23 seconds
[2017.08.21-10.32.39:965][  0]LogExternalProfiler: Found external profiler: VSPerf
[2017.08.21-10.32.39:965][  0]LogExternalProfiler: Using external profiler: VSPerf
[2017.08.21-10.32.39:982][  0]LogOcInput: OculusInput pre-init called
[2017.08.21-10.32.39:982][  0]LogHMD: Starting GearVRController plugin
[2017.08.21-10.32.39:989][  1]LogRenderer: Reallocating scene render targets to support 1280x720 NumSamples 1 (Frame:2).
[2017.08.21-10.32.40:015][  2]LogRenderer: Reallocating scene render targets to support 1920x1080 NumSamples 1 (Frame:3).
[2017.08.21-10.32.40:015][  2]LogScriptCore:Warning: Script Msg: Divide by zero
Script call stack:
	Function /Game/Blueprints/ZoomCam/bp_ZoomCam.bp_ZoomCam_C:OutsideTick
	Function /Game/Blueprints/ZoomCam/bp_ZoomCam.bp_ZoomCam_C:ExecuteUbergraph_bp_ZoomCam

[2017.08.21-10.32.40:030][  3]LogScriptCore:Warning: Script Msg: Divide by zero
Script call stack:
	Function /Game/Blueprints/ZoomCam/bp_ZoomCam.bp_ZoomCam_C:OutsideTick
	Function /Game/Blueprints/ZoomCam/bp_ZoomCam.bp_ZoomCam_C:ExecuteUbergraph_bp_ZoomCam

[2017.08.21-10.32.40:046][  4]LogScriptCore:Warning: Script Msg: Divide by zero
Script call stack:
	Function /Game/Blueprints/ZoomCam/bp_ZoomCam.bp_ZoomCam_C:OutsideTick
	Function /Game/Blueprints/ZoomCam/bp_ZoomCam.bp_ZoomCam_C:ExecuteUbergraph_bp_ZoomCam

[2017.08.21-10.32.40:062][  5]LogScriptCore:Warning: Script Msg: Divide by zero
Script call stack:
	Function /Game/Blueprints/ZoomCam/bp_ZoomCam.bp_ZoomCam_C:OutsideTick
	Function /Game/Blueprints/ZoomCam/bp_ZoomCam.bp_ZoomCam_C:ExecuteUbergraph_bp_ZoomCam

[2017.08.21-10.32.40:094][  7]LogScriptCore:Warning: Script Msg: Divide by zero
Script call stack:
	Function /Game/Blueprints/ZoomCam/bp_ZoomCam.bp_ZoomCam_C:OutsideTick
	Function /Game/Blueprints/ZoomCam/bp_ZoomCam.bp_ZoomCam_C:ExecuteUbergraph_bp_ZoomCam

[2017.08.21-10.32.40:111][  8]LogScriptCore:Warning: Script Msg: Divide by zero
Script call stack:
	Function /Game/Blueprints/ZoomCam/bp_ZoomCam.bp_ZoomCam_C:OutsideTick
	Function /Game/Blueprints/ZoomCam/bp_ZoomCam.bp_ZoomCam_C:ExecuteUbergraph_bp_ZoomCam

[2017.08.21-10.32.40:127][  9]LogScriptCore:Warning: Script Msg: Divide by zero
Script call stack:
	Function /Game/Blueprints/ZoomCam/bp_ZoomCam.bp_ZoomCam_C:OutsideTick
	Function /Game/Blueprints/ZoomCam/bp_ZoomCam.bp_ZoomCam_C:ExecuteUbergraph_bp_ZoomCam

[2017.08.21-10.32.40:143][ 10]LogScriptCore:Warning: Script Msg: Divide by zero
Script call stack:
	Function /Game/Blueprints/ZoomCam/bp_ZoomCam.bp_ZoomCam_C:OutsideTick
	Function /Game/Blueprints/ZoomCam/bp_ZoomCam.bp_ZoomCam_C:ExecuteUbergraph_bp_ZoomCam

[2017.08.21-10.32.40:178][ 12]LogScriptCore:Warning: Script Msg: Divide by zero
Script call stack:
	Function /Game/Blueprints/ZoomCam/bp_ZoomCam.bp_ZoomCam_C:OutsideTick
	Function /Game/Blueprints/ZoomCam/bp_ZoomCam.bp_ZoomCam_C:ExecuteUbergraph_bp_ZoomCam

[2017.08.21-10.32.40:192][ 13]LogScriptCore:Warning: Script Msg: Divide by zero
Script call stack:
	Function /Game/Blueprints/ZoomCam/bp_ZoomCam.bp_ZoomCam_C:OutsideTick
	Function /Game/Blueprints/ZoomCam/bp_ZoomCam.bp_ZoomCam_C:ExecuteUbergraph_bp_ZoomCam

[2017.08.21-10.32.40:208][ 14]LogScriptCore:Warning: Script Msg: Divide by zero
Script call stack:
	Function /Game/Blueprints/ZoomCam/bp_ZoomCam.bp_ZoomCam_C:OutsideTick
	Function /Game/Blueprints/ZoomCam/bp_ZoomCam.bp_ZoomCam_C:ExecuteUbergraph_bp_ZoomCam

[2017.08.21-10.32.40:224][ 15]LogScriptCore:Warning: Script Msg: Divide by zero
Script call stack:
	Function /Game/Blueprints/ZoomCam/bp_ZoomCam.bp_ZoomCam_C:OutsideTick
	Function /Game/Blueprints/ZoomCam/bp_ZoomCam.bp_ZoomCam_C:ExecuteUbergraph_bp_ZoomCam

[2017.08.21-10.32.40:256][ 17]LogScriptCore:Warning: Script Msg: Divide by zero
Script call stack:
	Function /Game/Blueprints/ZoomCam/bp_ZoomCam.bp_ZoomCam_C:OutsideTick
	Function /Game/Blueprints/ZoomCam/bp_ZoomCam.bp_ZoomCam_C:ExecuteUbergraph_bp_ZoomCam

[2017.08.21-10.32.40:272][ 18]LogScriptCore:Warning: Script Msg: Divide by zero
Script call stack:
	Function /Game/Blueprints/ZoomCam/bp_ZoomCam.bp_ZoomCam_C:OutsideTick
	Function /Game/Blueprints/ZoomCam/bp_ZoomCam.bp_ZoomCam_C:ExecuteUbergraph_bp_ZoomCam

[2017.08.21-10.32.40:288][ 19]LogScriptCore:Warning: Script Msg: Divide by zero
Script call stack:
	Function /Game/Blueprints/ZoomCam/bp_ZoomCam.bp_ZoomCam_C:OutsideTick
	Function /Game/Blueprints/ZoomCam/bp_ZoomCam.bp_ZoomCam_C:ExecuteUbergraph_bp_ZoomCam

[2017.08.21-10.32.40:305][ 20]LogScriptCore:Warning: Script Msg: Divide by zero
Script call stack:
	Function /Game/Blueprints/ZoomCam/bp_ZoomCam.bp_ZoomCam_C:OutsideTick
	Function /Game/Blueprints/ZoomCam/bp_ZoomCam.bp_ZoomCam_C:ExecuteUbergraph_bp_ZoomCam

[2017.08.21-10.32.40:337][ 22]LogScriptCore:Warning: Script Msg: Divide by zero
Script call stack:
	Function /Game/Blueprints/ZoomCam/bp_ZoomCam.bp_ZoomCam_C:OutsideTick
	Function /Game/Blueprints/ZoomCam/bp_ZoomCam.bp_ZoomCam_C:ExecuteUbergraph_bp_ZoomCam

[2017.08.21-10.32.40:353][ 23]LogScriptCore:Warning: Script Msg: Divide by zero
Script call stack:
	Function /Game/Blueprints/ZoomCam/bp_ZoomCam.bp_ZoomCam_C:OutsideTick
	Function /Game/Blueprints/ZoomCam/bp_ZoomCam.bp_ZoomCam_C:ExecuteUbergraph_bp_ZoomCam

[2017.08.21-10.32.40:369][ 24]LogScriptCore:Warning: Script Msg: Divide by zero
Script call stack:
	Function /Game/Blueprints/ZoomCam/bp_ZoomCam.bp_ZoomCam_C:OutsideTick
	Function /Game/Blueprints/ZoomCam/bp_ZoomCam.bp_ZoomCam_C:ExecuteUbergraph_bp_ZoomCam

[2017.08.21-10.32.40:410][ 25]LogScriptCore:Warning: Script Msg: Divide by zero
Script call stack:
	Function /Game/Blueprints/ZoomCam/bp_ZoomCam.bp_ZoomCam_C:OutsideTick
	Function /Game/Blueprints/ZoomCam/bp_ZoomCam.bp_ZoomCam_C:ExecuteUbergraph_bp_ZoomCam

[2017.08.21-10.32.40:410][ 25]LogScriptCore:Warning: Script Msg: Divide by zero
Script call stack:
	Function /Game/Blueprints/ZoomCam/bp_ZoomCam.bp_ZoomCam_C:OutsideTick
	Function /Game/Blueprints/ZoomCam/bp_ZoomCam.bp_ZoomCam_C:ExecuteUbergraph_bp_ZoomCam

[2017.08.21-10.32.40:426][ 26]LogScriptCore:Warning: Script Msg: Divide by zero
Script call stack:
	Function /Game/Blueprints/ZoomCam/bp_ZoomCam.bp_ZoomCam_C:OutsideTick
	Function /Game/Blueprints/ZoomCam/bp_ZoomCam.bp_ZoomCam_C:ExecuteUbergraph_bp_ZoomCam

[2017.08.21-10.32.40:458][ 28]LogScriptCore:Warning: Script Msg: Divide by zero
Script call stack:
	Function /Game/Blueprints/ZoomCam/bp_ZoomCam.bp_ZoomCam_C:OutsideTick
	Function /Game/Blueprints/ZoomCam/bp_ZoomCam.bp_ZoomCam_C:ExecuteUbergraph_bp_ZoomCam

[2017.08.21-10.32.40:474][ 29]LogScriptCore:Warning: Script Msg: Divide by zero
Script call stack:
	Function /Game/Blueprints/ZoomCam/bp_ZoomCam.bp_ZoomCam_C:OutsideTick
	Function /Game/Blueprints/ZoomCam/bp_ZoomCam.bp_ZoomCam_C:ExecuteUbergraph_bp_ZoomCam

[2017.08.21-10.32.40:490][ 30]LogScriptCore:Warning: Script Msg: Divide by zero
Script call stack:
	Function /Game/Blueprints/ZoomCam/bp_ZoomCam.bp_ZoomCam_C:OutsideTick
	Function /Game/Blueprints/ZoomCam/bp_ZoomCam.bp_ZoomCam_C:ExecuteUbergraph_bp_ZoomCam

[2017.08.21-10.32.40:507][ 31]LogScriptCore:Warning: Script Msg: Divide by zero
Script call stack:
	Function /Game/Blueprints/ZoomCam/bp_ZoomCam.bp_ZoomCam_C:OutsideTick
	Function /Game/Blueprints/ZoomCam/bp_ZoomCam.bp_ZoomCam_C:ExecuteUbergraph_bp_ZoomCam

[2017.08.21-10.32.40:523][ 32]LogScriptCore:Warning: Script Msg: Divide by zero
Script call stack:
	Function /Game/Blueprints/ZoomCam/bp_ZoomCam.bp_ZoomCam_C:OutsideTick
	Function /Game/Blueprints/ZoomCam/bp_ZoomCam.bp_ZoomCam_C:ExecuteUbergraph_bp_ZoomCam

[2017.08.21-10.32.40:555][ 34]LogScriptCore:Warning: Script Msg: Divide by zero
Script call stack:
	Function /Game/Blueprints/ZoomCam/bp_ZoomCam.bp_ZoomCam_C:OutsideTick
	Function /Game/Blueprints/ZoomCam/bp_ZoomCam.bp_ZoomCam_C:ExecuteUbergraph_bp_ZoomCam

[2017.08.21-10.32.40:571][ 35]LogScriptCore:Warning: Script Msg: Divide by zero
Script call stack:
	Function /Game/Blueprints/ZoomCam/bp_ZoomCam.bp_ZoomCam_C:OutsideTick
	Function /Game/Blueprints/ZoomCam/bp_ZoomCam.bp_ZoomCam_C:ExecuteUbergraph_bp_ZoomCam

[2017.08.21-10.32.40:587][ 36]LogScriptCore:Warning: Script Msg: Divide by zero
Script call stack:
	Function /Game/Blueprints/ZoomCam/bp_ZoomCam.bp_ZoomCam_C:OutsideTick
	Function /Game/Blueprints/ZoomCam/bp_ZoomCam.bp_ZoomCam_C:ExecuteUbergraph_bp_ZoomCam

[2017.08.21-10.32.40:603][ 37]LogScriptCore:Warning: Script Msg: Divide by zero
Script call stack:
	Function /Game/Blueprints/ZoomCam/bp_ZoomCam.bp_ZoomCam_C:OutsideTick
	Function /Game/Blueprints/ZoomCam/bp_ZoomCam.bp_ZoomCam_C:ExecuteUbergraph_bp_ZoomCam

[2017.08.21-10.32.40:635][ 39]LogScriptCore:Warning: Script Msg: Divide by zero
Script call stack:
	Function /Game/Blueprints/ZoomCam/bp_ZoomCam.bp_ZoomCam_C:OutsideTick
	Function /Game/Blueprints/ZoomCam/bp_ZoomCam.bp_ZoomCam_C:ExecuteUbergraph_bp_ZoomCam

[2017.08.21-10.32.40:652][ 40]LogScriptCore:Warning: Script Msg: Divide by zero
Script call stack:
	Function /Game/Blueprints/ZoomCam/bp_ZoomCam.bp_ZoomCam_C:OutsideTick
	Function /Game/Blueprints/ZoomCam/bp_ZoomCam.bp_ZoomCam_C:ExecuteUbergraph_bp_ZoomCam

[2017.08.21-10.32.40:667][ 41]LogScriptCore:Warning: Script Msg: Divide by zero
Script call stack:
	Function /Game/Blueprints/ZoomCam/bp_ZoomCam.bp_ZoomCam_C:OutsideTick
	Function /Game/Blueprints/ZoomCam/bp_ZoomCam.bp_ZoomCam_C:ExecuteUbergraph_bp_ZoomCam

[2017.08.21-10.32.40:684][ 42]LogScriptCore:Warning: Script Msg: Divide by zero
Script call stack:
	Function /Game/Blueprints/ZoomCam/bp_ZoomCam.bp_ZoomCam_C:OutsideTick
	Function /Game/Blueprints/ZoomCam/bp_ZoomCam.bp_ZoomCam_C:ExecuteUbergraph_bp_ZoomCam

[2017.08.21-10.32.40:716][ 44]LogScriptCore:Warning: Script Msg: Divide by zero
Script call stack:
	Function /Game/Blueprints/ZoomCam/bp_ZoomCam.bp_ZoomCam_C:OutsideTick
	Function /Game/Blueprints/ZoomCam/bp_ZoomCam.bp_ZoomCam_C:ExecuteUbergraph_bp_ZoomCam

[2017.08.21-10.32.40:732][ 45]LogScriptCore:Warning: Script Msg: Divide by zero
Script call stack:
	Function /Game/Blueprints/ZoomCam/bp_ZoomCam.bp_ZoomCam_C:OutsideTick
	Function /Game/Blueprints/ZoomCam/bp_ZoomCam.bp_ZoomCam_C:ExecuteUbergraph_bp_ZoomCam

[2017.08.21-10.32.40:748][ 46]LogScriptCore:Warning: Script Msg: Divide by zero
Script call stack:
	Function /Game/Blueprints/ZoomCam/bp_ZoomCam.bp_ZoomCam_C:OutsideTick
	Function /Game/Blueprints/ZoomCam/bp_ZoomCam.bp_ZoomCam_C:ExecuteUbergraph_bp_ZoomCam

[2017.08.21-10.32.40:764][ 47]LogScriptCore:Warning: Script Msg: Divide by zero
Script call stack:
	Function /Game/Blueprints/ZoomCam/bp_ZoomCam.bp_ZoomCam_C:OutsideTick
	Function /Game/Blueprints/ZoomCam/bp_ZoomCam.bp_ZoomCam_C:ExecuteUbergraph_bp_ZoomCam

[2017.08.21-10.32.40:797][ 49]LogScriptCore:Warning: Script Msg: Divide by zero
Script call stack:
	Function /Game/Blueprints/ZoomCam/bp_ZoomCam.bp_ZoomCam_C:OutsideTick
	Function /Game/Blueprints/ZoomCam/bp_ZoomCam.bp_ZoomCam_C:ExecuteUbergraph_bp_ZoomCam

[2017.08.21-10.32.40:813][ 50]LogScriptCore:Warning: Script Msg: Divide by zero
Script call stack:
	Function /Game/Blueprints/ZoomCam/bp_ZoomCam.bp_ZoomCam_C:OutsideTick
	Function /Game/Blueprints/ZoomCam/bp_ZoomCam.bp_ZoomCam_C:ExecuteUbergraph_bp_ZoomCam

[2017.08.21-10.32.40:829][ 51]LogScriptCore:Warning: Script Msg: Divide by zero
Script call stack:
	Function /Game/Blueprints/ZoomCam/bp_ZoomCam.bp_ZoomCam_C:OutsideTick
	Function /Game/Blueprints/ZoomCam/bp_ZoomCam.bp_ZoomCam_C:ExecuteUbergraph_bp_ZoomCam

[2017.08.21-10.32.40:845][ 52]LogScriptCore:Warning: Script Msg: Divide by zero
Script call stack:
	Function /Game/Blueprints/ZoomCam/bp_ZoomCam.bp_ZoomCam_C:OutsideTick
	Function /Game/Blueprints/ZoomCam/bp_ZoomCam.bp_ZoomCam_C:ExecuteUbergraph_bp_ZoomCam

[2017.08.21-10.32.40:877][ 54]LogScriptCore:Warning: Script Msg: Divide by zero
Script call stack:
	Function /Game/Blueprints/ZoomCam/bp_ZoomCam.bp_ZoomCam_C:OutsideTick
	Function /Game/Blueprints/ZoomCam/bp_ZoomCam.bp_ZoomCam_C:ExecuteUbergraph_bp_ZoomCam

[2017.08.21-10.32.40:894][ 55]LogScriptCore:Warning: Script Msg: Divide by zero
Script call stack:
	Function /Game/Blueprints/ZoomCam/bp_ZoomCam.bp_ZoomCam_C:OutsideTick
	Function /Game/Blueprints/ZoomCam/bp_ZoomCam.bp_ZoomCam_C:ExecuteUbergraph_bp_ZoomCam

[2017.08.21-10.32.40:910][ 56]LogScriptCore:Warning: Script Msg: Divide by zero
Script call stack:
	Function /Game/Blueprints/ZoomCam/bp_ZoomCam.bp_ZoomCam_C:OutsideTick
	Function /Game/Blueprints/ZoomCam/bp_ZoomCam.bp_ZoomCam_C:ExecuteUbergraph_bp_ZoomCam

[2017.08.21-10.32.40:926][ 57]LogScriptCore:Warning: Script Msg: Divide by zero
Script call stack:
	Function /Game/Blueprints/ZoomCam/bp_ZoomCam.bp_ZoomCam_C:OutsideTick
	Function /Game/Blueprints/ZoomCam/bp_ZoomCam.bp_ZoomCam_C:ExecuteUbergraph_bp_ZoomCam

[2017.08.21-10.32.40:942][ 58]LogScriptCore:Warning: Script Msg: Divide by zero
Script call stack:
	Function /Game/Blueprints/ZoomCam/bp_ZoomCam.bp_ZoomCam_C:OutsideTick
	Function /Game/Blueprints/ZoomCam/bp_ZoomCam.bp_ZoomCam_C:ExecuteUbergraph_bp_ZoomCam

[2017.08.21-10.32.40:974][ 60]LogScriptCore:Warning: Script Msg: Divide by zero
Script call stack:
	Function /Game/Blueprints/ZoomCam/bp_ZoomCam.bp_ZoomCam_C:OutsideTick
	Function /Game/Blueprints/ZoomCam/bp_ZoomCam.bp_ZoomCam_C:ExecuteUbergraph_bp_ZoomCam

[2017.08.21-10.32.40:990][ 61]LogScriptCore:Warning: Script Msg: Divide by zero
Script call stack:
	Function /Game/Blueprints/ZoomCam/bp_ZoomCam.bp_ZoomCam_C:OutsideTick
	Function /Game/Blueprints/ZoomCam/bp_ZoomCam.bp_ZoomCam_C:ExecuteUbergraph_bp_ZoomCam

[2017.08.21-10.32.41:006][ 62]LogScriptCore:Warning: Script Msg: Divide by zero
Script call stack:
	Function /Game/Blueprints/ZoomCam/bp_ZoomCam.bp_ZoomCam_C:OutsideTick
	Function /Game/Blueprints/ZoomCam/bp_ZoomCam.bp_ZoomCam_C:ExecuteUbergraph_bp_ZoomCam

[2017.08.21-10.32.41:022][ 63]LogScriptCore:Warning: Script Msg: Divide by zero
Script call stack:
	Function /Game/Blueprints/ZoomCam/bp_ZoomCam.bp_ZoomCam_C:OutsideTick
	Function /Game/Blueprints/ZoomCam/bp_ZoomCam.bp_ZoomCam_C:ExecuteUbergraph_bp_ZoomCam

[2017.08.21-10.32.41:055][ 65]LogScriptCore:Warning: Script Msg: Divide by zero
Script call stack:
	Function /Game/Blueprints/ZoomCam/bp_ZoomCam.bp_ZoomCam_C:OutsideTick
	Function /Game/Blueprints/ZoomCam/bp_ZoomCam.bp_ZoomCam_C:ExecuteUbergraph_bp_ZoomCam

[2017.08.21-10.32.41:071][ 66]LogScriptCore:Warning: Script Msg: Divide by zero
Script call stack:
	Function /Game/Blueprints/ZoomCam/bp_ZoomCam.bp_ZoomCam_C:OutsideTick
	Function /Game/Blueprints/ZoomCam/bp_ZoomCam.bp_ZoomCam_C:ExecuteUbergraph_bp_ZoomCam

[2017.08.21-10.32.41:087][ 67]LogScriptCore:Warning: Script Msg: Divide by zero
Script call stack:
	Function /Game/Blueprints/ZoomCam/bp_ZoomCam.bp_ZoomCam_C:OutsideTick
	Function /Game/Blueprints/ZoomCam/bp_ZoomCam.bp_ZoomCam_C:ExecuteUbergraph_bp_ZoomCam

[2017.08.21-10.32.41:103][ 68]LogScriptCore:Warning: Script Msg: Divide by zero
Script call stack:
	Function /Game/Blueprints/ZoomCam/bp_ZoomCam.bp_ZoomCam_C:OutsideTick
	Function /Game/Blueprints/ZoomCam/bp_ZoomCam.bp_ZoomCam_C:ExecuteUbergraph_bp_ZoomCam

[2017.08.21-10.32.41:135][ 70]LogScriptCore:Warning: Script Msg: Divide by zero
Script call stack:
	Function /Game/Blueprints/ZoomCam/bp_ZoomCam.bp_ZoomCam_C:OutsideTick
	Function /Game/Blueprints/ZoomCam/bp_ZoomCam.bp_ZoomCam_C:ExecuteUbergraph_bp_ZoomCam

[2017.08.21-10.32.41:151][ 71]LogScriptCore:Warning: Script Msg: Divide by zero
Script call stack:
	Function /Game/Blueprints/ZoomCam/bp_ZoomCam.bp_ZoomCam_C:OutsideTick
	Function /Game/Blueprints/ZoomCam/bp_ZoomCam.bp_ZoomCam_C:ExecuteUbergraph_bp_ZoomCam

[2017.08.21-10.32.41:168][ 72]LogScriptCore:Warning: Script Msg: Divide by zero
Script call stack:
	Function /Game/Blueprints/ZoomCam/bp_ZoomCam.bp_ZoomCam_C:OutsideTick
	Function /Game/Blueprints/ZoomCam/bp_ZoomCam.bp_ZoomCam_C:ExecuteUbergraph_bp_ZoomCam

[2017.08.21-10.32.41:184][ 73]LogScriptCore:Warning: Script Msg: Divide by zero
Script call stack:
	Function /Game/Blueprints/ZoomCam/bp_ZoomCam.bp_ZoomCam_C:OutsideTick
	Function /Game/Blueprints/ZoomCam/bp_ZoomCam.bp_ZoomCam_C:ExecuteUbergraph_bp_ZoomCam

[2017.08.21-10.32.41:216][ 75]LogScriptCore:Warning: Script Msg: Divide by zero
Script call stack:
	Function /Game/Blueprints/ZoomCam/bp_ZoomCam.bp_ZoomCam_C:OutsideTick
	Function /Game/Blueprints/ZoomCam/bp_ZoomCam.bp_ZoomCam_C:ExecuteUbergraph_bp_ZoomCam

[2017.08.21-10.32.41:232][ 76]LogScriptCore:Warning: Script Msg: Divide by zero
Script call stack:
	Function /Game/Blueprints/ZoomCam/bp_ZoomCam.bp_ZoomCam_C:OutsideTick
	Function /Game/Blueprints/ZoomCam/bp_ZoomCam.bp_ZoomCam_C:ExecuteUbergraph_bp_ZoomCam

[2017.08.21-10.32.41:248][ 77]LogScriptCore:Warning: Script Msg: Divide by zero
Script call stack:
	Function /Game/Blueprints/ZoomCam/bp_ZoomCam.bp_ZoomCam_C:OutsideTick
	Function /Game/Blueprints/ZoomCam/bp_ZoomCam.bp_ZoomCam_C:ExecuteUbergraph_bp_ZoomCam

[2017.08.21-10.32.41:265][ 78]LogScriptCore:Warning: Script Msg: Divide by zero
Script call stack:
	Function /Game/Blueprints/ZoomCam/bp_ZoomCam.bp_ZoomCam_C:OutsideTick
	Function /Game/Blueprints/ZoomCam/bp_ZoomCam.bp_ZoomCam_C:ExecuteUbergraph_bp_ZoomCam

[2017.08.21-10.32.41:297][ 80]LogScriptCore:Warning: Script Msg: Divide by zero
Script call stack:
	Function /Game/Blueprints/ZoomCam/bp_ZoomCam.bp_ZoomCam_C:OutsideTick
	Function /Game/Blueprints/ZoomCam/bp_ZoomCam.bp_ZoomCam_C:ExecuteUbergraph_bp_ZoomCam

[2017.08.21-10.32.41:313][ 81]LogScriptCore:Warning: Script Msg: Divide by zero
Script call stack:
	Function /Game/Blueprints/ZoomCam/bp_ZoomCam.bp_ZoomCam_C:OutsideTick
	Function /Game/Blueprints/ZoomCam/bp_ZoomCam.bp_ZoomCam_C:ExecuteUbergraph_bp_ZoomCam

[2017.08.21-10.32.41:329][ 82]LogScriptCore:Warning: Script Msg: Divide by zero
Script call stack:
	Function /Game/Blueprints/ZoomCam/bp_ZoomCam.bp_ZoomCam_C:OutsideTick
	Function /Game/Blueprints/ZoomCam/bp_ZoomCam.bp_ZoomCam_C:ExecuteUbergraph_bp_ZoomCam

[2017.08.21-10.32.41:345][ 83]LogScriptCore:Warning: Script Msg: Divide by zero
Script call stack:
	Function /Game/Blueprints/ZoomCam/bp_ZoomCam.bp_ZoomCam_C:OutsideTick
	Function /Game/Blueprints/ZoomCam/bp_ZoomCam.bp_ZoomCam_C:ExecuteUbergraph_bp_ZoomCam

[2017.08.21-10.32.41:377][ 85]LogScriptCore:Warning: Script Msg: Divide by zero
Script call stack:
	Function /Game/Blueprints/ZoomCam/bp_ZoomCam.bp_ZoomCam_C:OutsideTick
	Function /Game/Blueprints/ZoomCam/bp_ZoomCam.bp_ZoomCam_C:ExecuteUbergraph_bp_ZoomCam

[2017.08.21-10.32.41:393][ 86]LogScriptCore:Warning: Script Msg: Divide by zero
Script call stack:
	Function /Game/Blueprints/ZoomCam/bp_ZoomCam.bp_ZoomCam_C:OutsideTick
	Function /Game/Blueprints/ZoomCam/bp_ZoomCam.bp_ZoomCam_C:ExecuteUbergraph_bp_ZoomCam

[2017.08.21-10.32.41:409][ 87]LogScriptCore:Warning: Script Msg: Divide by zero
Script call stack:
	Function /Game/Blueprints/ZoomCam/bp_ZoomCam.bp_ZoomCam_C:OutsideTick
	Function /Game/Blueprints/ZoomCam/bp_ZoomCam.bp_ZoomCam_C:ExecuteUbergraph_bp_ZoomCam

[2017.08.21-10.32.41:425][ 88]LogScriptCore:Warning: Script Msg: Divide by zero
Script call stack:
	Function /Game/Blueprints/ZoomCam/bp_ZoomCam.bp_ZoomCam_C:OutsideTick
	Function /Game/Blueprints/ZoomCam/bp_ZoomCam.bp_ZoomCam_C:ExecuteUbergraph_bp_ZoomCam

[2017.08.21-10.32.41:442][ 89]LogScriptCore:Warning: Script Msg: Divide by zero
Script call stack:
	Function /Game/Blueprints/ZoomCam/bp_ZoomCam.bp_ZoomCam_C:OutsideTick
	Function /Game/Blueprints/ZoomCam/bp_ZoomCam.bp_ZoomCam_C:ExecuteUbergraph_bp_ZoomCam

[2017.08.21-10.32.41:474][ 91]LogScriptCore:Warning: Script Msg: Divide by zero
Script call stack:
	Function /Game/Blueprints/ZoomCam/bp_ZoomCam.bp_ZoomCam_C:OutsideTick
	Function /Game/Blueprints/ZoomCam/bp_ZoomCam.bp_ZoomCam_C:ExecuteUbergraph_bp_ZoomCam

[2017.08.21-10.32.41:490][ 92]LogScriptCore:Warning: Script Msg: Divide by zero
Script call stack:
	Function /Game/Blueprints/ZoomCam/bp_ZoomCam.bp_ZoomCam_C:OutsideTick
	Function /Game/Blueprints/ZoomCam/bp_ZoomCam.bp_ZoomCam_C:ExecuteUbergraph_bp_ZoomCam

[2017.08.21-10.32.41:506][ 93]LogScriptCore:Warning: Script Msg: Divide by zero
Script call stack:
	Function /Game/Blueprints/ZoomCam/bp_ZoomCam.bp_ZoomCam_C:OutsideTick
	Function /Game/Blueprints/ZoomCam/bp_ZoomCam.bp_ZoomCam_C:ExecuteUbergraph_bp_ZoomCam

[2017.08.21-10.32.41:522][ 94]LogScriptCore:Warning: Script Msg: Divide by zero
Script call stack:
	Function /Game/Blueprints/ZoomCam/bp_ZoomCam.bp_ZoomCam_C:OutsideTick
	Function /Game/Blueprints/ZoomCam/bp_ZoomCam.bp_ZoomCam_C:ExecuteUbergraph_bp_ZoomCam

[2017.08.21-10.32.41:555][ 96]LogScriptCore:Warning: Script Msg: Divide by zero
Script call stack:
	Function /Game/Blueprints/ZoomCam/bp_ZoomCam.bp_ZoomCam_C:OutsideTick
	Function /Game/Blueprints/ZoomCam/bp_ZoomCam.bp_ZoomCam_C:ExecuteUbergraph_bp_ZoomCam

[2017.08.21-10.32.41:571][ 97]LogScriptCore:Warning: Script Msg: Divide by zero
Script call stack:
	Function /Game/Blueprints/ZoomCam/bp_ZoomCam.bp_ZoomCam_C:OutsideTick
	Function /Game/Blueprints/ZoomCam/bp_ZoomCam.bp_ZoomCam_C:ExecuteUbergraph_bp_ZoomCam

[2017.08.21-10.32.41:587][ 98]LogScriptCore:Warning: Script Msg: Divide by zero
Script call stack:
	Function /Game/Blueprints/ZoomCam/bp_ZoomCam.bp_ZoomCam_C:OutsideTick
	Function /Game/Blueprints/ZoomCam/bp_ZoomCam.bp_ZoomCam_C:ExecuteUbergraph_bp_ZoomCam

[2017.08.21-10.32.41:603][ 99]LogScriptCore:Warning: Script Msg: Divide by zero
Script call stack:
	Function /Game/Blueprints/ZoomCam/bp_ZoomCam.bp_ZoomCam_C:OutsideTick
	Function /Game/Blueprints/ZoomCam/bp_ZoomCam.bp_ZoomCam_C:ExecuteUbergraph_bp_ZoomCam

[2017.08.21-10.32.44:953][306]Closing by request
[2017.08.21-10.32.44:953][306]LogWindows: FPlatformMisc::RequestExit(0)
[2017.08.21-10.32.45:730][307]LogWindowsTextInputMethodSystem:Display: IME system now deactivated.
[2017.08.21-10.32.45:730][307]LogWindowsTextInputMethodSystem:Display: IME system now deactivated.
[2017.08.21-10.32.45:731][307]LogWindowsTextInputMethodSystem:Display: IME system now deactivated.
[2017.08.21-10.32.45:732][307]LogWindowsTextInputMethodSystem:Display: IME system now deactivated.
[2017.08.21-10.32.45:734][307]LogExit: Preparing to exit.
[2017.08.21-10.32.45:734][307]LogMoviePlayer: Shutting down movie player
[2017.08.21-10.32.46:022][307]LogExit: Game engine shut down
[2017.08.21-10.32.46:061][307]LogObj: Freed 0b from 0 cluster array pools.
[2017.08.21-10.32.46:062][307]LogExit: Object subsystem successfully closed.
[2017.08.21-10.32.46:081][307]LogD3D11RHI: Shutdown
[2017.08.21-10.32.46:081][307]LogD3D11RHI: CleanupD3DDevice
[2017.08.21-10.32.46:106][307]LogD3D11RHI: ~FD3D11DynamicRHI
[2017.08.21-10.32.46:112][307]LogModuleManager: Shutting down and abandoning module SequenceRecorderSections (296)
[2017.08.21-10.32.46:112][307]LogModuleManager: Shutting down and abandoning module SequenceRecorder (294)
[2017.08.21-10.32.46:112][307]LogModuleManager: Shutting down and abandoning module AutomationController (292)
[2017.08.21-10.32.46:112][307]LogModuleManager: Shutting down and abandoning module AutomationWorker (290)
[2017.08.21-10.32.46:112][307]LogModuleManager: Shutting down and abandoning module AIModule (288)
[2017.08.21-10.32.46:112][307]LogModuleManager: Shutting down and abandoning module GameplayDebugger (287)
[2017.08.21-10.32.46:112][307]LogModuleManager: Shutting down and abandoning module AITestSuite (285)
[2017.08.21-10.32.46:112][307]LogModuleManager: Shutting down and abandoning module WmfMediaFactory (282)
[2017.08.21-10.32.46:112][307]LogModuleManager: Shutting down and abandoning module AvfMediaFactory (280)
[2017.08.21-10.32.46:112][307]LogModuleManager: Shutting down and abandoning module AndroidMediaFactory (278)
[2017.08.21-10.32.46:112][307]LogModuleManager: Shutting down and abandoning module Media (277)
[2017.08.21-10.32.46:112][307]LogModuleManager: Shutting down and abandoning module CharacterAI (274)
[2017.08.21-10.32.46:112][307]LogModuleManager: Shutting down and abandoning module SessionServices (272)
[2017.08.21-10.32.46:112][307]LogModuleManager: Shutting down and abandoning module MovieSceneCapture (270)
[2017.08.21-10.32.46:112][307]LogModuleManager: Shutting down and abandoning module MovieSceneTracks (268)
[2017.08.21-10.32.46:112][307]LogModuleManager: Shutting down and abandoning module MovieScene (266)
[2017.08.21-10.32.46:112][307]LogModuleManager: Shutting down and abandoning module GeometryCache (264)
[2017.08.21-10.32.46:112][307]LogModuleManager: Shutting down and abandoning module GeometryCacheEd (263)
[2017.08.21-10.32.46:112][307]LogModuleManager: Shutting down and abandoning module Niagara (260)
[2017.08.21-10.32.46:112][307]LogModuleManager: Shutting down and abandoning module NiagaraEditor (259)
[2017.08.21-10.32.46:112][307]LogModuleManager: Shutting down and abandoning module StreamingPauseRendering (256)
[2017.08.21-10.32.46:112][307]LogModuleManager: Shutting down and abandoning module PortalServices (254)
[2017.08.21-10.32.46:112][307]LogModuleManager: Shutting down and abandoning module PortalRpc (252)
[2017.08.21-10.32.46:112][307]LogModuleManager: Shutting down and abandoning module MessagingRpc (250)
[2017.08.21-10.32.46:112][307]LogModuleManager: Shutting down and abandoning module ProfilerService (248)
[2017.08.21-10.32.46:163][307]LogModuleManager: Shutting down and abandoning module TaskGraph (246)
[2017.08.21-10.32.46:163][307]LogModuleManager: Shutting down and abandoning module SteamVRController (244)
[2017.08.21-10.32.46:163][307]LogModuleManager: Shutting down and abandoning module SteamVR (242)
[2017.08.21-10.32.46:163][307]LogModuleManager: Shutting down and abandoning module ProceduralMeshComponent (240)
[2017.08.21-10.32.46:163][307]LogModuleManager: Shutting down and abandoning module OculusLibrary (238)
[2017.08.21-10.32.46:163][307]LogModuleManager: Shutting down and abandoning module OculusInput (236)
[2017.08.21-10.32.46:163][307]LogModuleManager: Shutting down and abandoning module MobilePatchingUtils (234)
[2017.08.21-10.32.46:163][307]LogModuleManager: Shutting down and abandoning module CustomMeshComponent (232)
[2017.08.21-10.32.46:163][307]LogModuleManager: Shutting down and abandoning module CableComponent (230)
[2017.08.21-10.32.46:163][307]LogModuleManager: Shutting down and abandoning module ArchVisCharacter (228)
[2017.08.21-10.32.46:163][307]LogModuleManager: Shutting down and abandoning module AndroidPermission (226)
[2017.08.21-10.32.46:163][307]LogModuleManager: Shutting down and abandoning module HTML5Networking (222)
[2017.08.21-10.32.46:163][307]LogModuleManager: Shutting down and abandoning module VisualStudioSourceCodeAccess (220)
[2017.08.21-10.32.46:163][307]LogModuleManager: Shutting down and abandoning module DesktopPlatform (219)
[2017.08.21-10.32.46:163][307]LogModuleManager: Shutting down and abandoning module HotReload (217)
[2017.08.21-10.32.46:163][307]LogModuleManager: Shutting down and abandoning module UObjectPlugin (214)
[2017.08.21-10.32.46:163][307]LogModuleManager: Shutting down and abandoning module SubversionSourceControl (212)
[2017.08.21-10.32.46:163][307]LogModuleManager: Shutting down and abandoning module PerforceSourceControl (210)
[2017.08.21-10.32.46:163][307]LogModuleManager: Shutting down and abandoning module SourceControl (209)
[2017.08.21-10.32.46:163][307]LogModuleManager: Shutting down and abandoning module PhysXVehiclesEditor (206)
[2017.08.21-10.32.46:163][307]LogModuleManager: Shutting down and abandoning module PhysXVehicles (204)
[2017.08.21-10.32.46:163][307]LogModuleManager: Shutting down and abandoning module LocationServicesBPLibrary (202)
[2017.08.21-10.32.46:163][307]LogModuleManager: Shutting down and abandoning module ImmediatePhysicsEditor (200)
[2017.08.21-10.32.46:163][307]LogModuleManager: Shutting down and abandoning module ImmediatePhysics (198)
[2017.08.21-10.32.46:163][307]LogModuleManager: Shutting down and abandoning module UdpMessaging (196)
[2017.08.21-10.32.46:263][307]LogModuleManager: Shutting down and abandoning module TcpMessaging (194)
[2017.08.21-10.32.46:866][307]LogModuleManager: Shutting down and abandoning module GameplayTagsEditor (192)
[2017.08.21-10.32.46:866][307]LogModuleManager: Shutting down and abandoning module FacialAnimation (190)
[2017.08.21-10.32.46:866][307]LogModuleManager: Shutting down and abandoning module AssetManagerEditor (188)
[2017.08.21-10.32.46:866][307]LogModuleManager: Shutting down and abandoning module GraphEditor (187)
[2017.08.21-10.32.46:866][307]LogModuleManager: Shutting down and abandoning module ContentBrowser (185)
[2017.08.21-10.32.46:866][307]LogModuleManager: Shutting down and abandoning module CollectionManager (184)
[2017.08.21-10.32.46:866][307]LogDirectoryWatcher: A directory notification for 'C:/Users/Bendick/Documents/GitHub/SR_Prototype_V2/SR_Prototype_V2/Content/Collections/' was aborted.
[2017.08.21-10.32.46:866][307]LogDirectoryWatcher: A directory notification for 'C:/Users/Bendick/Documents/GitHub/SR_Prototype_V2/SR_Prototype_V2/Content/Developers/Bendick/Collections/' was aborted.
[2017.08.21-10.32.46:866][307]LogDirectoryWatcher: A directory notification for 'C:/Users/Bendick/Documents/GitHub/SR_Prototype_V2/SR_Prototype_V2/Saved/Collections/' was aborted.
[2017.08.21-10.32.46:866][307]LogModuleManager: Shutting down and abandoning module DirectoryWatcher (183)
[2017.08.21-10.32.46:866][307]LogModuleManager: Shutting down and abandoning module LightPropagationVolumeRuntime (178)
[2017.08.21-10.32.46:866][307]LogModuleManager: Shutting down and abandoning module Paper2D (176)
[2017.08.21-10.32.46:866][307]LogModuleManager: Shutting down and abandoning module WindowsMoviePlayer (174)
[2017.08.21-10.32.46:866][307]LogModuleManager: Shutting down and abandoning module WmfMedia (172)
[2017.08.21-10.32.46:866][307]LogModuleManager: Shutting down and abandoning module ClothingSystemEditor (170)
[2017.08.21-10.32.46:866][307]LogModuleManager: Shutting down and abandoning module ClothingSystemRuntime (168)
[2017.08.21-10.32.46:866][307]LogModuleManager: Shutting down and abandoning module MediaAssets (166)
[2017.08.21-10.32.46:866][307]LogModuleManager: Shutting down and abandoning module GameLiveStreaming (164)
[2017.08.21-10.32.46:866][307]LogModuleManager: Shutting down and abandoning module VREditor (162)
[2017.08.21-10.32.46:866][307]LogModuleManager: Shutting down and abandoning module StringTableEditor (160)
[2017.08.21-10.32.46:866][307]LogModuleManager: Shutting down and abandoning module GameplayTasksEditor (158)
[2017.08.21-10.32.46:866][307]LogModuleManager: Shutting down and abandoning module BehaviorTreeEditor (156)
[2017.08.21-10.32.46:866][307]LogModuleManager: Shutting down and abandoning module FunctionalTesting (154)
[2017.08.21-10.32.46:866][307]LogModuleManager: Shutting down and abandoning module CollisionAnalyzer (152)
[2017.08.21-10.32.46:866][307]LogModuleManager: Shutting down and abandoning module UMG (150)
[2017.08.21-10.32.46:866][307]LogModuleManager: Shutting down and abandoning module UMGEditor (149)
[2017.08.21-10.32.46:866][307]LogModuleManager: Shutting down and abandoning module Sequencer (148)
[2017.08.21-10.32.46:866][307]LogModuleManager: Shutting down and abandoning module AssetTools (146)
[2017.08.21-10.32.46:866][307]LogModuleManager: Shutting down and abandoning module MessageLog (145)
[2017.08.21-10.32.46:866][307]LogModuleManager: Shutting down and abandoning module WorkspaceMenuStructure (144)
[2017.08.21-10.32.46:866][307]LogModuleManager: Shutting down and abandoning module SlateReflector (138)
[2017.08.21-10.32.46:866][307]LogModuleManager: Shutting down and abandoning module Slate (136)
[2017.08.21-10.32.46:866][307]LogModuleManager: Shutting down and abandoning module EditorStyle (134)
[2017.08.21-10.32.46:868][307]LogModuleManager: Shutting down and abandoning module Messaging (132)
[2017.08.21-10.32.46:868][307]LogModuleManager: Shutting down and abandoning module SourceCodeAccess (130)
[2017.08.21-10.32.46:868][307]LogModuleManager: Shutting down and abandoning module HeadMountedDisplay (128)
[2017.08.21-10.32.46:868][307]LogModuleManager: Shutting down and abandoning module XAudio2 (126)
[2017.08.21-10.32.46:868][307]LogModuleManager: Shutting down and abandoning module Networking (124)
[2017.08.21-10.32.46:868][307]LogModuleManager: Shutting down and abandoning module Core (120)
[2017.08.21-10.32.46:868][307]LogModuleManager: Shutting down and abandoning module KismetCompiler (118)
[2017.08.21-10.32.46:868][307]LogModuleManager: Shutting down and abandoning module LevelSequence (116)
[2017.08.21-10.32.46:868][307]LogModuleManager: Shutting down and abandoning module PhysXFormats (114)
[2017.08.21-10.32.46:868][307]LogModuleManager: Shutting down and abandoning module MeshUtilities (112)
[2017.08.21-10.32.46:868][307]LogModuleManager: Shutting down and abandoning module SimplygonSwarm (111)
[2017.08.21-10.32.46:868][307]LogModuleManager: Shutting down and abandoning module SimplygonMeshReduction (109)
[2017.08.21-10.32.46:868][307]LogModuleManager: Shutting down and abandoning module QuadricMeshReduction (107)
[2017.08.21-10.32.46:868][307]LogModuleManager: Shutting down and abandoning module AssetRegistry (104)
[2017.08.21-10.32.46:868][307]LogModuleManager: Shutting down and abandoning module DerivedDataCache (102)
[2017.08.21-10.32.46:998][307]LogDerivedDataCache: Shutdown
[2017.08.21-10.32.46:998][307]LogModuleManager: Shutting down and abandoning module TargetPlatform (100)
[2017.08.21-10.32.46:998][307]LogModuleManager: Shutting down and abandoning module VulkanShaderFormat (99)
[2017.08.21-10.32.46:998][307]LogModuleManager: Shutting down and abandoning module ShaderFormatVectorVM (97)
[2017.08.21-10.32.46:998][307]LogModuleManager: Shutting down and abandoning module ShaderFormatOpenGL (95)
[2017.08.21-10.32.46:998][307]LogModuleManager: Shutting down and abandoning module ShaderFormatD3D (93)
[2017.08.21-10.32.46:998][307]LogModuleManager: Shutting down and abandoning module MetalShaderFormat (91)
[2017.08.21-10.32.46:998][307]LogModuleManager: Shutting down and abandoning module TextureFormatUncompressed (89)
[2017.08.21-10.32.46:998][307]LogModuleManager: Shutting down and abandoning module TextureFormatPVR (87)
[2017.08.21-10.32.46:998][307]LogModuleManager: Shutting down and abandoning module TextureFormatDXT (85)
[2017.08.21-10.32.46:998][307]LogModuleManager: Shutting down and abandoning module TextureFormatIntelISPCTexComp (83)
[2017.08.21-10.32.46:998][307]LogModuleManager: Shutting down and abandoning module TextureFormatASTC (81)
[2017.08.21-10.32.46:998][307]LogModuleManager: Shutting down and abandoning module ImageWrapper (80)
[2017.08.21-10.32.46:998][307]LogModuleManager: Shutting down and abandoning module TextureFormatAndroid (77)
[2017.08.21-10.32.46:998][307]LogModuleManager: Shutting down and abandoning module AudioFormatOpus (75)
[2017.08.21-10.32.46:998][307]LogModuleManager: Shutting down and abandoning module AudioFormatOgg (73)
[2017.08.21-10.32.46:998][307]LogModuleManager: Shutting down and abandoning module AudioFormatADPCM (71)
[2017.08.21-10.32.46:998][307]LogModuleManager: Shutting down and abandoning module WindowsTargetPlatform (69)
[2017.08.21-10.32.46:998][307]LogModuleManager: Shutting down and abandoning module WindowsServerTargetPlatform (67)
[2017.08.21-10.32.46:998][307]LogModuleManager: Shutting down and abandoning module WindowsNoEditorTargetPlatform (65)
[2017.08.21-10.32.46:998][307]LogModuleManager: Shutting down and abandoning module WindowsClientTargetPlatform (63)
[2017.08.21-10.32.46:998][307]LogModuleManager: Shutting down and abandoning module InputCore (60)
[2017.08.21-10.32.46:998][307]LogModuleManager: Shutting down and abandoning module Settings (58)
[2017.08.21-10.32.46:998][307]LogModuleManager: Shutting down and abandoning module OculusRift (56)
[2017.08.21-10.32.46:998][307]LogModuleManager: Shutting down and abandoning module GearVRController (54)
[2017.08.21-10.32.46:999][307]LogModuleManager: Shutting down and abandoning module GearVR (52)
[2017.08.21-10.32.46:999][307]LogModuleManager: Shutting down and abandoning module ExampleDeviceProfileSelector (50)
[2017.08.21-10.32.46:999][307]LogModuleManager: Shutting down and abandoning module OnlineBlueprintSupport (48)
[2017.08.21-10.32.46:999][307]LogModuleManager: Shutting down and abandoning module OnlineSubsystem (44)
[2017.08.21-10.32.46:999][307]LogOnline:Display: Unloading online subsystem: NULL
[2017.08.21-10.32.46:999][307]LogModuleManager: Shutting down and abandoning module XMPP (43)
[2017.08.21-10.32.46:999][307]LogModuleManager: Shutting down and abandoning module HTTP (41)
[2017.08.21-10.32.47:022][307]LogModuleManager: Shutting down and abandoning module SSL (40)
[2017.08.21-10.32.47:022][307]LogModuleManager: Shutting down and abandoning module HTTPChunkInstaller (36)
[2017.08.21-10.32.47:022][307]LogModuleManager: Shutting down and abandoning module AnimationModifiers (34)
[2017.08.21-10.32.47:022][307]LogModuleManager: Shutting down and abandoning module PropertyEditor (33)
[2017.08.21-10.32.47:022][307]LogModuleManager: Shutting down and abandoning module AudioEditor (30)
[2017.08.21-10.32.47:022][307]LogModuleManager: Shutting down and abandoning module TextureCompressor (28)
[2017.08.21-10.32.47:022][307]LogModuleManager: Shutting down and abandoning module ShaderCore (26)
[2017.08.21-10.32.47:022][307]LogModuleManager: Shutting down and abandoning module Landscape (24)
[2017.08.21-10.32.47:022][307]LogModuleManager: Shutting down and abandoning module SlateRHIRenderer (22)
[2017.08.21-10.32.47:022][307]LogModuleManager: Shutting down and abandoning module OpenGLDrv (20)
[2017.08.21-10.32.47:022][307]LogModuleManager: Shutting down and abandoning module D3D11RHI (18)
[2017.08.21-10.32.47:022][307]LogModuleManager: Shutting down and abandoning module AnimGraphRuntime (16)
[2017.08.21-10.32.47:022][307]LogModuleManager: Shutting down and abandoning module Renderer (14)
[2017.08.21-10.32.47:022][307]LogModuleManager: Shutting down and abandoning module Engine (12)
[2017.08.21-10.32.47:022][307]LogModuleManager: Shutting down and abandoning module CoreUObject (10)
[2017.08.21-10.32.47:022][307]LogModuleManager: Shutting down and abandoning module NetworkFile (8)
[2017.08.21-10.32.47:023][307]LogModuleManager: Shutting down and abandoning module StreamingFile (6)
[2017.08.21-10.32.47:023][307]LogModuleManager: Shutting down and abandoning module SandboxFile (4)
[2017.08.21-10.32.47:023][307]LogModuleManager: Shutting down and abandoning module PakFile (2)
[2017.08.21-10.32.47:023][307]LogExit: Exiting.
[2017.08.21-10.32.47:024][307]Log file closed, 08/21/17 12:32:47
