Log file open, 08/24/17 20:46:07
LogInit:Display: Running engine for game: SR_Prototype_V2
LogPlatformFile: Not using cached read wrapper
LogInit:Display: RandInit(4516906) SRandInit(4516906).
LogTaskGraph: Started task graph with 5 named threads and 8 total threads with 1 sets of task threads.
LogStats: Stats thread started at 0.074743
LogInit: Using libcurl 7.47.1
LogInit:  - built for x86_64-pc-win32
LogInit:  - supports SSL with OpenSSL/1.0.2g
LogInit:  - supports HTTP deflate (compression) using libz 1.2.8
LogInit:  - other features:
LogInit:      CURL_VERSION_SSL
LogInit:      CURL_VERSION_LIBZ
LogInit:      CURL_VERSION_IPV6
LogInit:      CURL_VERSION_ASYNCHDNS
LogInit:      CURL_VERSION_LARGEFILE
LogInit:      CURL_VERSION_IDN
LogInit:  CurlRequestOptions (configurable via config and command line):
LogInit:  - bVerifyPeer = false  - Libcurl will NOT verify peer certificate
LogInit:  - bUseHttpProxy = false  - Libcurl will NOT use HTTP proxy
LogInit:  - bDontReuseConnections = false  - Libcurl will reuse connections
LogInit:  - CertBundlePath = nullptr  - Libcurl will use whatever was configured at build time.
LogInit: Build: ++UE4+Release-4.16-CL-3561208
LogInit: Engine Version: 4.16.3-3561208+++UE4+Release-4.16
LogInit: Compatible Engine Version: 4.16.0-3452394+++UE4+Release-4.16
LogInit: Net CL: 3452394
LogDevObjectVersion: Number of dev versions registered: 16
LogDevObjectVersion:   Dev-Blueprints (B0D832E4-1F89-4F0D-ACCF-7EB736FD4AA2): 9
LogDevObjectVersion:   Dev-Build (E1C64328-A22C-4D53-A36C-8E866417BD8C): 0
LogDevObjectVersion:   Dev-Core (375EC13C-06E4-48FB-B500-84F0262A717E): 2
LogDevObjectVersion:   Dev-Editor (E4B068ED-F494-42E9-A231-DA0B2E46BB41): 17
LogDevObjectVersion:   Dev-Framework (CFFC743F-43B0-4480-9391-14DF171D2073): 23
LogDevObjectVersion:   Dev-Mobile (B02B49B5-BB20-44E9-A304-32B752E40360): 0
LogDevObjectVersion:   Dev-Networking (A4E4105C-59A1-49B5-A7C5-40C4547EDFEE): 0
LogDevObjectVersion:   Dev-Online (39C831C9-5AE6-47DC-9A44-9C173E1C8E7C): 0
LogDevObjectVersion:   Dev-Physics (78F01B33-EBEA-4F98-B9B4-84EACCB95AA2): 0
LogDevObjectVersion:   Dev-Platform (6631380F-2D4D-43E0-8009-CF276956A95A): 0
LogDevObjectVersion:   Dev-Rendering (12F88B9F-8875-4AFC-A67C-D90C383ABD29): 15
LogDevObjectVersion:   Dev-Sequencer (7B5AE74C-D270-4C10-A958-57980B212A5A): 4
LogDevObjectVersion:   Dev-VR (D7296918-1DD6-4BDD-9DE2-64A83CC13884): 0
LogDevObjectVersion:   Dev-LoadTimes (C2A15278-BFE7-4AFE-6C17-90FF531DF755): 1
LogDevObjectVersion:   Private-Geometry (6EACA3D4-40EC-4CC1-B786-8BED09428FC5): 1
LogDevObjectVersion:   Dev-AnimPhys (29E575DD-E0A3-4627-9D10-D276232CDCEA): 3
LogInit: Compiled (64-bit): Jul 28 2017 11:49:47
LogInit: Compiled with Visual C++: 19.00.24215.01
LogInit: Build Configuration: Development
LogInit: Branch Name: ++UE4+Release-4.16
LogInit: Command line:  
LogInit: Base directory: C:/Program Files/Epic Games/UE_4.16/Engine/Binaries/Win64/
LogInit: Installed Engine Build: 1
LogInit: Presizing for max 8388607 objects, including 0 objects not considered by GC, pre-allocating 0 bytes for permanent pool.
LogInit: Object subsystem initialized
[2017.08.24-18.46.07:559][  0]LogInit: Selected Device Profile: [Windows]
[2017.08.24-18.46.07:559][  0]LogInit: Applying CVar settings loaded from the selected device profile: [Windows]
[2017.08.24-18.46.07:567][  0]LogInit: Computer: WINDOWS-EUOFFC3
[2017.08.24-18.46.07:567][  0]LogInit: User: Bendick
[2017.08.24-18.46.07:567][  0]LogInit: CPU Page size=4096, Cores=4
[2017.08.24-18.46.07:567][  0]LogInit: High frequency timer resolution =3.914060 MHz
[2017.08.24-18.46.07:567][  0]LogMemory: Memory total: Physical=15.9GB (16GB approx)
[2017.08.24-18.46.07:567][  0]LogMemory: Platform Memory Stats for Windows
[2017.08.24-18.46.07:567][  0]LogMemory: Process Physical Memory: 273.96 MB used, 273.96 MB peak
[2017.08.24-18.46.07:567][  0]LogMemory: Process Virtual Memory: 267.02 MB used, 267.02 MB peak
[2017.08.24-18.46.07:567][  0]LogMemory: Physical Memory: 5515.14 MB used,  10807.84 MB free, 16322.98 MB total
[2017.08.24-18.46.07:567][  0]LogMemory: Virtual Memory: 644.68 MB used,  10807.84 MB free, 134217728.00 MB total
[2017.08.24-18.46.07:615][  0]LogInit: Using OS detected language (en-US).
[2017.08.24-18.46.07:615][  0]LogInit: Using OS detected locale (en-GB).
[2017.08.24-18.46.07:617][  0]LogTextLocalizationManager: No specific localization for 'en-US' exists, so the 'en' localization will be used.
[2017.08.24-18.46.08:250][  0]LogD3D11RHI: D3D11 adapters:
[2017.08.24-18.46.08:679][  0]LogD3D11RHI:    0. 'NVIDIA GeForce GTX 1070' (Feature Level 11_0)
[2017.08.24-18.46.08:679][  0]LogD3D11RHI:       8119/0/8161 MB DedicatedVideo/DedicatedSystem/SharedSystem, Outputs:2, VendorId:0x10de
[2017.08.24-18.46.08:680][  0]LogD3D11RHI:    1. 'Microsoft Basic Render Driver' (Feature Level 11_0)
[2017.08.24-18.46.08:680][  0]LogD3D11RHI:       0/0/8161 MB DedicatedVideo/DedicatedSystem/SharedSystem, Outputs:0, VendorId:0x1414
[2017.08.24-18.46.08:680][  0]LogD3D11RHI: Chosen D3D11 Adapter: 0
[2017.08.24-18.46.08:685][  0]LogD3D11RHI: Creating new Direct3DDevice
[2017.08.24-18.46.08:685][  0]LogD3D11RHI:     GPU DeviceId: 0x1b81 (for the marketing name, search the web for "GPU Device Id")
[2017.08.24-18.46.08:685][  0]LogWindows: EnumDisplayDevices:
[2017.08.24-18.46.08:685][  0]LogWindows:    0. 'NVIDIA GeForce GTX 1070' (P:1 D:1)
[2017.08.24-18.46.08:685][  0]LogWindows:    1. 'NVIDIA GeForce GTX 1070' (P:0 D:1)
[2017.08.24-18.46.08:685][  0]LogWindows:    2. 'NVIDIA GeForce GTX 1070' (P:0 D:0)
[2017.08.24-18.46.08:685][  0]LogWindows:    3. 'NVIDIA GeForce GTX 1070' (P:0 D:0)
[2017.08.24-18.46.08:685][  0]LogWindows: DebugString: FoundDriverCount:4 
[2017.08.24-18.46.08:685][  0]LogD3D11RHI:     Adapter Name: NVIDIA GeForce GTX 1070
[2017.08.24-18.46.08:685][  0]LogD3D11RHI:   Driver Version: 382.05 (internal:22.21.13.8205, unified:382.05)
[2017.08.24-18.46.08:685][  0]LogD3D11RHI:      Driver Date: 5-1-2017
[2017.08.24-18.46.08:685][  0]LogRHI: Texture pool is 1361 MB (70% of 1945 MB)
[2017.08.24-18.46.09:094][  0]LogD3D11RHI: Async texture creation enabled
[2017.08.24-18.46.09:174][  0]LogD3D11RHI: GPU Timing Frequency: 1000.000000 (Debug: 2 1)
[2017.08.24-18.46.09:264][  0]LogShaderCompilers: Guid format shader working directory is -33 characters bigger than the processId version (../../../../../../Users/Bendick/Documents/GitHub/SR_Prototype_V2/SR_Prototype_V2/Intermediate/Shaders/WorkingDirectory/12872/).
[2017.08.24-18.46.09:264][  0]LogShaderCompilers: Cleaned the shader compiler working directory 'C:/Users/Bendick/AppData/Local/Temp/UnrealShaderWorkingDir/FCA5E1254E85599EBCB0E49EC5B5F6C4/'.
[2017.08.24-18.46.09:264][  0]LogShaderCompilers:Display: Using Local Shader Compiler.
[2017.08.24-18.46.09:944][  0]LogTemp:Display: Loaded TP AllDesktopTargetPlatform
[2017.08.24-18.46.09:977][  0]LogTemp:Display: Loaded TP MacClientTargetPlatform
[2017.08.24-18.46.10:012][  0]LogTemp:Display: Loaded TP MacNoEditorTargetPlatform
[2017.08.24-18.46.10:046][  0]LogTemp:Display: Loaded TP MacServerTargetPlatform
[2017.08.24-18.46.10:079][  0]LogTemp:Display: Loaded TP MacTargetPlatform
[2017.08.24-18.46.10:112][  0]LogTemp:Display: Loaded TP WindowsClientTargetPlatform
[2017.08.24-18.46.10:145][  0]LogTemp:Display: Loaded TP WindowsNoEditorTargetPlatform
[2017.08.24-18.46.10:179][  0]LogTemp:Display: Loaded TP WindowsServerTargetPlatform
[2017.08.24-18.46.10:207][  0]LogTemp:Display: Loaded TP WindowsTargetPlatform
[2017.08.24-18.46.10:239][  0]LogTemp:Display: Loaded TP AndroidTargetPlatform
[2017.08.24-18.46.10:273][  0]LogTemp:Display: Loaded TP Android_ASTCTargetPlatform
[2017.08.24-18.46.10:305][  0]LogTemp:Display: Loaded TP Android_ATCTargetPlatform
[2017.08.24-18.46.10:338][  0]LogTemp:Display: Loaded TP Android_DXTTargetPlatform
[2017.08.24-18.46.10:370][  0]LogTemp:Display: Loaded TP Android_ETC1TargetPlatform
[2017.08.24-18.46.10:402][  0]LogTemp:Display: Loaded TP Android_ETC2TargetPlatform
[2017.08.24-18.46.10:469][  0]LogTemp:Display: Loaded TP Android_MultiTargetPlatform
[2017.08.24-18.46.10:469][  0]LogTemp:Display: Loaded TP Android_PVRTCTargetPlatform
[2017.08.24-18.46.10:495][  0]LogTemp:Display: Loaded TP HTML5TargetPlatform
[2017.08.24-18.46.10:565][  0]LogTemp:Display: Loaded TP IOSTargetPlatform
[2017.08.24-18.46.10:586][  0]LogTemp:Display: Loaded TP TVOSTargetPlatform
[2017.08.24-18.46.10:617][  0]LogTemp:Display: Loaded TP LinuxClientTargetPlatform
[2017.08.24-18.46.10:650][  0]LogTemp:Display: Loaded TP LinuxNoEditorTargetPlatform
[2017.08.24-18.46.10:684][  0]LogTemp:Display: Loaded TP LinuxServerTargetPlatform
[2017.08.24-18.46.10:717][  0]LogTemp:Display: Loaded TP LinuxTargetPlatform
[2017.08.24-18.46.10:717][  0]LogTargetPlatformManager:Display: Building Assets For Windows
[2017.08.24-18.46.11:039][  0]LogDerivedDataCache:Display: Max Cache Size: 512 MB
[2017.08.24-18.46.11:116][  0]LogDerivedDataCache: Loaded boot cache 0.08s 111MB C:/Users/Bendick/AppData/Local/UnrealEngine/4.16/DerivedDataCache/Boot.ddc.
[2017.08.24-18.46.11:116][  0]LogDerivedDataCache:Display: Loaded Boot cache: C:/Users/Bendick/AppData/Local/UnrealEngine/4.16/DerivedDataCache/Boot.ddc
[2017.08.24-18.46.11:116][  0]LogDerivedDataCache: FDerivedDataBackendGraph:  Pak pak cache file ../../../../../../Users/Bendick/Documents/GitHub/SR_Prototype_V2/SR_Prototype_V2/DerivedDataCache/DDC.ddp not found, will not use a pak cache.
[2017.08.24-18.46.11:116][  0]LogDerivedDataCache: Unable to find inner node Pak for hierarchical cache Hierarchy.
[2017.08.24-18.46.11:116][  0]LogDerivedDataCache: FDerivedDataBackendGraph:  CompressedPak pak cache file ../../../../../../Users/Bendick/Documents/GitHub/SR_Prototype_V2/SR_Prototype_V2/DerivedDataCache/Compressed.ddp not found, will not use a pak cache.
[2017.08.24-18.46.11:116][  0]LogDerivedDataCache: Unable to find inner node CompressedPak for hierarchical cache Hierarchy.
[2017.08.24-18.46.11:127][  0]LogDerivedDataCache:Display: Pak cache opened for reading ../../../Engine/DerivedDataCache/Compressed.ddp.
[2017.08.24-18.46.11:138][  0]LogDerivedDataCache: Using Local data cache path C:/Users/Bendick/AppData/Local/UnrealEngine/Common/DerivedDataCache: Writable
[2017.08.24-18.46.11:145][  0]LogMaterial: Verifying Global Shaders for PCD3D_SM5
[2017.08.24-18.46.11:145][  0]LogSlate: Using Freetype 2.6.0
[2017.08.24-18.46.11:145][  0]LogSlate: SlateFontCache - WITH_FREETYPE: 1, WITH_HARFBUZZ: 1
[2017.08.24-18.46.11:145][  0]LogSlate: SlateFontCache - WITH_FREETYPE: 1, WITH_HARFBUZZ: 1
[2017.08.24-18.46.11:357][  0]LogInit: Selected Device Profile: [Windows]
[2017.08.24-18.46.11:512][  0]LogMeshUtilities: Using QuadricMeshReduction for automatic static mesh reduction
[2017.08.24-18.46.11:553][  0]LogSimplygon: Simplygon DLL not present - disabling.
[2017.08.24-18.46.11:584][  0]LogMeshUtilities: Using SimplygonSwarm for distributed automatic mesh merging
[2017.08.24-18.46.11:584][  0]LogMeshUtilities: No automatic skeletal mesh reduction module available
[2017.08.24-18.46.11:584][  0]LogMeshUtilities: No automatic mesh merging module available
[2017.08.24-18.46.11:949][  0]LogNetVersion: SR_Prototype_V2 , NetCL: 3452394, EngineNetVer: 2, GameNetVer: 0 (Checksum: 2634772556)
[2017.08.24-18.46.11:998][  0]LogAssetRegistry: FAssetRegistry took 0.0244 seconds to start up
[2017.08.24-18.46.12:036][  0]LogPackageLocalizationCache: Processed 4 localized package path(s) for 2 prioritized culture(s) in 0.023415 seconds
[2017.08.24-18.46.12:039][  0]LogUObjectArray: 34194 objects as part of root set at end of initial load.
[2017.08.24-18.46.12:039][  0]LogUObjectAllocator: 7260424 out of 0 bytes used by permanent object pool.
[2017.08.24-18.46.12:039][  0]LogUObjectArray: CloseDisregardForGC: 0/0 objects in disregard for GC pool
[2017.08.24-18.46.12:084][  0]LogInit: WinSock: version 1.1 (2.2), MaxSocks=32767, MaxUdp=65467
[2017.08.24-18.46.13:641][  0]LogTcpMessaging: Initializing TcpMessaging bridge
[2017.08.24-18.46.13:671][  0]LogUdpMessaging: Initializing bridge on interface 0.0.0.0:0 to multicast group 230.0.0.1:6666.
[2017.08.24-18.46.14:026][  0]LogMaterial: Uniform references updated for custom material expression Custom.
[2017.08.24-18.46.14:279][  0]SourceControl: Info Source control is disabled
[2017.08.24-18.46.14:313][  0]SourceControl: Info Source control is disabled
[2017.08.24-18.46.14:345][  0]SourceControl: Info Source control is disabled
[2017.08.24-18.46.14:377][  0]SourceControl: Info Source control is disabled
[2017.08.24-18.46.14:812][  0]LogAndroidPermission: UAndroidPermissionCallbackProxy::GetInstance
[2017.08.24-18.46.15:196][  0]LogEngine: Initializing Engine...
[2017.08.24-18.46.15:196][  0]LogHMD: Failed to initialize OpenVR with code 110
[2017.08.24-18.46.15:331][  0]LogStats: UGameplayTagsManager::ConstructGameplayTagTree: Construct from data asset -  0.000 s
[2017.08.24-18.46.15:331][  0]LogStats: UGameplayTagsManager::ConstructGameplayTagTree: GameplayTagTreeChangedEvent.Broadcast -  0.000 s
[2017.08.24-18.46.15:422][  0]LogAIModule: Creating AISystem for world Untitled
[2017.08.24-18.46.15:428][  0]LogInit: XAudio2 using 'Speakers (2- Logitech G933 Gaming Headset)' : 6 channels at 48 kHz using 16 bits per sample (channel mask 0x3f)
[2017.08.24-18.46.15:440][  0]LogInit: FAudioDevice initialized.
[2017.08.24-18.46.15:477][  0]LogDerivedDataCache: Saved boot cache 0.04s 111MB C:/Users/Bendick/AppData/Local/UnrealEngine/4.16/DerivedDataCache/Boot.ddc.
[2017.08.24-18.46.15:488][  0]LogInit: Texture streaming: Disabled
[2017.08.24-18.46.15:553][  0]LogEngineSessionManager: EngineSessionManager initialized
[2017.08.24-18.46.15:553][  0]LogEngineSessionManager: EngineSessionManager sent abnormal shutdown report. Type=Crashed, SessionId={36FC92E1-4AD3-1982-A4A7-E2822B5D7CC8}
[2017.08.24-18.46.15:696][  0]LogInit: Transaction tracking system initialized
[2017.08.24-18.46.15:904][  0]BlueprintLog: New page: Editor Load
[2017.08.24-18.46.16:520][  0]LocalizationService: Info Localization service is disabled
[2017.08.24-18.46.16:962][  0]LogConsoleResponse:Display: 
[2017.08.24-18.46.17:067][  0]LogCook:Display: Max memory allowance for cook 16384mb min free memory 0mb
[2017.08.24-18.46.17:067][  0]LogCook:Display: Mobile HDR setting 1
[2017.08.24-18.46.17:714][  0]LogFileCache: Scanning file cache for directory 'C:/Users/Bendick/Documents/GitHub/SR_Prototype_V2/SR_Prototype_V2/Content/' took 0.01s
[2017.08.24-18.46.17:714][  0]SourceControl: Info Source control is disabled
[2017.08.24-18.46.17:775][  0]LogWindowsTextInputMethodSystem:Display: IME system now deactivated.
[2017.08.24-18.46.17:775][  0]LogWindowsTextInputMethodSystem:Display: IME system now deactivated.
[2017.08.24-18.46.17:798][  0]LogSlate: Took 0.000154 seconds to synchronously load lazily loaded font '../../../Engine/Content/Slate/Fonts/Roboto-Regular.ttf' (155K)
[2017.08.24-18.46.57:455][  0]LogWindowsTextInputMethodSystem:Display: IME system now deactivated.
[2017.08.24-18.46.57:455][  0]LogWindowsTextInputMethodSystem:Display: IME system now deactivated.
[2017.08.24-18.46.57:456][  0]LogWindowsTextInputMethodSystem:Display: IME system now deactivated.
[2017.08.24-18.46.57:456][  0]LogWindowsTextInputMethodSystem:Display: IME system now deactivated.
[2017.08.24-18.46.57:460][  0]Cmd: MAP LOAD FILE="../../../../../../Users/Bendick/Documents/GitHub/SR_Prototype_V2/SR_Prototype_V2/Content/Scenes/ScanReach_Map.umap" TEMPLATE=0 SHOWPROGRESS=1 FEATURELEVEL=3
[2017.08.24-18.46.57:460][  0]LightingResults: New page: Lighting Build
[2017.08.24-18.46.57:492][  0]MapCheck: New page: Map Check
[2017.08.24-18.46.57:492][  0]LightingResults: New page: Lighting Build
[2017.08.24-18.46.58:329][  0]LogTexture:Display: Building textures: HQ_Lightmap0_1 (AutoDXT, 128X128)
[2017.08.24-18.46.58:341][  0]LogTexture:Display: Building textures: HQ_Lightmap0_2 (AutoDXT, 128X128)
[2017.08.24-18.46.58:342][  0]LogTexture:Display: Building textures: LQ_Lightmap_0_1 (DXT1, 128X128)
[2017.08.24-18.46.58:343][  0]LogTexture:Display: Building textures: LQ_Lightmap_0_2 (DXT1, 128X128)
[2017.08.24-18.46.58:378][  0]LogAIModule: Creating AISystem for world ScanReach_Map
[2017.08.24-18.46.58:397][  0]LogEditorServer: Finished looking for orphan Actors (0.000 secs)
[2017.08.24-18.46.58:415][  0]Cmd: MAP CHECKDEP NOCLEARLOG
[2017.08.24-18.46.58:450][  0]MapCheck: Info Map check complete: 0 Error(s), 0 Warning(s), took 34.702ms to complete.
[2017.08.24-18.46.58:450][  0]LogFileHelpers: Loading map 'ScanReach_Map' took 0.990
[2017.08.24-18.46.58:521][  0]LogStats:Warning: MetaData mismatch. Did you assign a stat to two groups? New //STATGROUP_Threads//SplashScreenThread///Thread_36b0_0///####STATCAT_Advanced#### old //STATGROUP_Threads//SplashScreenThread///Thread_29ec_0///####STATCAT_Advanced####
[2017.08.24-18.46.58:521][  0]LogCollectionManager: Loaded 0 collections in 0.000952 seconds
[2017.08.24-18.46.58:587][  0]LogFileCache: Scanning file cache for directory 'C:/Users/Bendick/Documents/GitHub/SR_Prototype_V2/SR_Prototype_V2/Saved/Collections/' took 0.01s
[2017.08.24-18.46.58:587][  0]LogFileCache: Scanning file cache for directory 'C:/Users/Bendick/Documents/GitHub/SR_Prototype_V2/SR_Prototype_V2/Content/Developers/Bendick/Collections/' took 0.01s
[2017.08.24-18.46.58:588][  0]LogFileCache: Scanning file cache for directory 'C:/Users/Bendick/Documents/GitHub/SR_Prototype_V2/SR_Prototype_V2/Content/Collections/' took 0.01s
[2017.08.24-18.46.58:588][  0]LogCollectionManager: Rebuilt the GUID cache for 0 collections in 0.000001 seconds
[2017.08.24-18.46.58:595][  0]LogContentBrowser: Native class hierarchy populated in 0.0070 seconds. Added 2329 classes and 491 folders.
[2017.08.24-18.46.58:636][  0]LogContentBrowser: Native class hierarchy updated for 'WidgetCarousel' in 0.0004 seconds. Added 0 classes and 0 folders.
[2017.08.24-18.46.58:658][  0]LogContentBrowser: Native class hierarchy updated for 'AddContentDialog' in 0.0005 seconds. Added 0 classes and 0 folders.
[2017.08.24-18.46.58:686][  0]LogContentBrowser: Native class hierarchy updated for 'SceneOutliner' in 0.0004 seconds. Added 1 classes and 2 folders.
[2017.08.24-18.46.58:746][  0]LogCrashTracker: Crashtracker disabled due to settings.
[2017.08.24-18.46.58:749][  0]LogSlate: Took 0.000116 seconds to synchronously load lazily loaded font '../../../Engine/Content/Slate/Fonts/Roboto-Bold.ttf' (160K)
[2017.08.24-18.46.58:752][  0]LogSlate: Took 0.000120 seconds to synchronously load lazily loaded font '../../../Engine/Content/Editor/Slate/Fonts/FontAwesome.ttf' (139K)
[2017.08.24-18.46.58:815][  0]LogRenderer: Reallocating scene render targets to support 1920x1080 NumSamples 1 (Frame:1).
[2017.08.24-18.46.58:885][  0]LogUObjectGlobals:Warning: Failed to find object 'Class None.'
[2017.08.24-18.46.58:937][  0]LogContentBrowser: Native class hierarchy updated for 'HierarchicalLODOutliner' in 0.0004 seconds. Added 1 classes and 2 folders.
[2017.08.24-18.46.58:937][  0]LogLoad: (Engine Initialization) Total time: 52.50 seconds
[2017.08.24-18.46.58:937][  0]LogLoad: (Engine Initialization) Total Blueprint compile time: 0.33 seconds
[2017.08.24-18.46.58:937][  0]LogExternalProfiler: Found external profiler: VSPerf
[2017.08.24-18.46.58:937][  0]LogExternalProfiler: Using external profiler: VSPerf
[2017.08.24-18.46.58:946][  0]LogOcInput: OculusInput pre-init called
[2017.08.24-18.46.58:946][  0]LogHMD: Starting GearVRController plugin
[2017.08.24-18.46.58:959][  0]LogAssetRegistry: Asset discovery search completed in 46.9818 seconds
[2017.08.24-18.46.58:960][  0]LogCollectionManager: Rebuilt the object cache for 0 collections in 0.000000 seconds (found 0 objects)
[2017.08.24-18.46.58:960][  0]LogCollectionManager: Fixed up redirectors for 0 collections in 0.000021 seconds (updated 0 objects)
[2017.08.24-18.46.59:022][  0]LogSlate: Took 0.000131 seconds to synchronously load lazily loaded font '../../../Engine/Content/Slate/Fonts/Roboto-Light.ttf' (159K)
[2017.08.24-18.46.59:963][107]LogSlate: Took 0.000141 seconds to synchronously load lazily loaded font '../../../Engine/Content/Slate/Fonts/Roboto-Light.ttf' (159K)
[2017.08.24-18.47.08:273][ 96]LogSlate: Took 0.000148 seconds to synchronously load lazily loaded font '../../../Engine/Content/Slate/Fonts/Roboto-Light.ttf' (159K)
[2017.08.24-18.47.08:510][ 96]LogContentBrowser: Native class hierarchy updated for 'BlueprintGraph' in 0.0007 seconds. Added 112 classes and 0 folders.
[2017.08.24-18.47.09:610][ 96]LogSlate: Took 0.000099 seconds to synchronously load lazily loaded font '../../../Engine/Content/Editor/Slate/Fonts/Roboto-BoldCondensed.ttf' (158K)
[2017.08.24-18.47.11:999][380]LogTemp: Repeting last play command: New Editor Window (PIE)
[2017.08.24-18.47.12:033][380]LogBlueprintUserMessages: Early PlayInEditor Detection: Level '/Game/Scenes/ScanReach_Map.ScanReach_Map:PersistentLevel' has LevelScriptBlueprint '/Game/Scenes/ScanReach_Map.ScanReach_Map:PersistentLevel.ScanReach_Map' with GeneratedClass '/Game/Scenes/ScanReach_Map.ScanReach_Map_C' with ClassGeneratedBy '/Game/Scenes/ScanReach_Map.ScanReach_Map:PersistentLevel.ScanReach_Map'
[2017.08.24-18.47.12:033][380]LogPlayLevel: PlayLevel: No blueprints needed recompiling
[2017.08.24-18.47.12:033][380]PIE: New page: PIE session: ScanReach_Map (24 Aug 2017 22:47:12)
[2017.08.24-18.47.12:035][380]LogPlayLevel: Creating play world package: /Game/Scenes/UEDPIE_0_ScanReach_Map
[2017.08.24-18.47.12:041][380]LogPlayLevel: PIE: StaticDuplicateObject took: (0.005650s)
[2017.08.24-18.47.12:041][380]LogAIModule: Creating AISystem for world ScanReach_Map
[2017.08.24-18.47.12:041][380]LogPlayLevel: PIE: World Init took: (0.000408s)
[2017.08.24-18.47.12:041][380]LogPlayLevel: PIE: Created PIE world by copying editor world from /Game/Scenes/ScanReach_Map.ScanReach_Map to /Game/Scenes/UEDPIE_0_ScanReach_Map.ScanReach_Map (0.006218s)
[2017.08.24-18.47.12:060][380]LogInit: XAudio2 using 'Speakers (2- Logitech G933 Gaming Headset)' : 6 channels at 48 kHz using 16 bits per sample (channel mask 0x3f)
[2017.08.24-18.47.12:070][380]LogInit: FAudioDevice initialized.
[2017.08.24-18.47.12:136][380]LogLoad: Game class is 'ScanReach_GM_C'
[2017.08.24-18.47.12:140][380]LogWorld: Bringing World /Game/Scenes/UEDPIE_0_ScanReach_Map.ScanReach_Map up for play (max tick rate 0) at 2017.08.24-20.47.12
[2017.08.24-18.47.12:141][380]LogWorld: Bringing up level for play took: 0.003778
[2017.08.24-18.47.12:168][380]LogContentBrowser: Native class hierarchy updated for 'MovieSceneCapture' in 0.0004 seconds. Added 11 classes and 0 folders.
[2017.08.24-18.47.12:180][380]PIE: Info Play in editor start time for /Game/Scenes/UEDPIE_0_ScanReach_Map 0.092
[2017.08.24-18.47.12:180][380]LogBlueprintUserMessages: Late PlayInEditor Detection: Level '/Game/Scenes/ScanReach_Map.ScanReach_Map:PersistentLevel' has LevelScriptBlueprint '/Game/Scenes/ScanReach_Map.ScanReach_Map:PersistentLevel.ScanReach_Map' with GeneratedClass '/Game/Scenes/ScanReach_Map.ScanReach_Map_C' with ClassGeneratedBy '/Game/Scenes/ScanReach_Map.ScanReach_Map:PersistentLevel.ScanReach_Map'
[2017.08.24-18.47.14:050][597]LogBlueprintUserMessages: Early EndPlayMap Detection: Level '/Game/Scenes/ScanReach_Map.ScanReach_Map:PersistentLevel' has LevelScriptBlueprint '/Game/Scenes/ScanReach_Map.ScanReach_Map:PersistentLevel.ScanReach_Map' with GeneratedClass '/Game/Scenes/ScanReach_Map.ScanReach_Map_C' with ClassGeneratedBy '/Game/Scenes/ScanReach_Map.ScanReach_Map:PersistentLevel.ScanReach_Map'
[2017.08.24-18.47.14:100][597]LogBlueprintUserMessages: Late EndPlayMap Detection: Level '/Game/Scenes/ScanReach_Map.ScanReach_Map:PersistentLevel' has LevelScriptBlueprint '/Game/Scenes/ScanReach_Map.ScanReach_Map:PersistentLevel.ScanReach_Map' with GeneratedClass '/Game/Scenes/ScanReach_Map.ScanReach_Map_C' with ClassGeneratedBy '/Game/Scenes/ScanReach_Map.ScanReach_Map:PersistentLevel.ScanReach_Map'
[2017.08.24-18.47.22:487][600]LogTemp: Repeting last play command: New Editor Window (PIE)
[2017.08.24-18.47.22:509][600]LogBlueprintUserMessages: Early PlayInEditor Detection: Level '/Game/Scenes/ScanReach_Map.ScanReach_Map:PersistentLevel' has LevelScriptBlueprint '/Game/Scenes/ScanReach_Map.ScanReach_Map:PersistentLevel.ScanReach_Map' with GeneratedClass '/Game/Scenes/ScanReach_Map.ScanReach_Map_C' with ClassGeneratedBy '/Game/Scenes/ScanReach_Map.ScanReach_Map:PersistentLevel.ScanReach_Map'
[2017.08.24-18.47.22:509][600]LogPlayLevel: PlayLevel: No blueprints needed recompiling
[2017.08.24-18.47.22:509][600]PIE: New page: PIE session: ScanReach_Map (24 Aug 2017 22:47:22)
[2017.08.24-18.47.22:509][600]LogPlayLevel: Creating play world package: /Game/Scenes/UEDPIE_0_ScanReach_Map
[2017.08.24-18.47.22:515][600]LogPlayLevel: PIE: StaticDuplicateObject took: (0.006205s)
[2017.08.24-18.47.22:515][600]LogAIModule: Creating AISystem for world ScanReach_Map
[2017.08.24-18.47.22:516][600]LogPlayLevel: PIE: World Init took: (0.000464s)
[2017.08.24-18.47.22:516][600]LogPlayLevel: PIE: Created PIE world by copying editor world from /Game/Scenes/ScanReach_Map.ScanReach_Map to /Game/Scenes/UEDPIE_0_ScanReach_Map.ScanReach_Map (0.006832s)
[2017.08.24-18.47.22:530][600]LogInit: XAudio2 using 'Speakers (2- Logitech G933 Gaming Headset)' : 6 channels at 48 kHz using 16 bits per sample (channel mask 0x3f)
[2017.08.24-18.47.22:539][600]LogInit: FAudioDevice initialized.
[2017.08.24-18.47.22:592][600]LogLoad: Game class is 'ScanReach_GM_C'
[2017.08.24-18.47.22:596][600]LogWorld: Bringing World /Game/Scenes/UEDPIE_0_ScanReach_Map.ScanReach_Map up for play (max tick rate 0) at 2017.08.24-20.47.22
[2017.08.24-18.47.22:597][600]LogWorld: Bringing up level for play took: 0.004444
[2017.08.24-18.47.22:608][600]PIE: Info Play in editor start time for /Game/Scenes/UEDPIE_0_ScanReach_Map 0.52
[2017.08.24-18.47.22:608][600]LogBlueprintUserMessages: Late PlayInEditor Detection: Level '/Game/Scenes/ScanReach_Map.ScanReach_Map:PersistentLevel' has LevelScriptBlueprint '/Game/Scenes/ScanReach_Map.ScanReach_Map:PersistentLevel.ScanReach_Map' with GeneratedClass '/Game/Scenes/ScanReach_Map.ScanReach_Map_C' with ClassGeneratedBy '/Game/Scenes/ScanReach_Map.ScanReach_Map:PersistentLevel.ScanReach_Map'
[2017.08.24-18.47.22:652][601]LogScriptCore:Warning: Script Msg: Divide by zero
Script call stack:
	Function /Game/Blueprints/ZoomCam/bp_ZoomCam.bp_ZoomCam_C:OutsideTick
	Function /Game/Blueprints/ZoomCam/bp_ZoomCam.bp_ZoomCam_C:ExecuteUbergraph_bp_ZoomCam

[2017.08.24-18.47.22:652][601]LogScriptCore:Warning: Script Msg: Divide by zero
Script call stack:
	Function /Game/Blueprints/ZoomCam/bp_ZoomCam.bp_ZoomCam_C:OutsideTick
	Function /Game/Blueprints/ZoomCam/bp_ZoomCam.bp_ZoomCam_C:ExecuteUbergraph_bp_ZoomCam

[2017.08.24-18.47.22:652][601]LogScriptCore:Warning: Script Msg: Divide by zero
Script call stack:
	Function /Game/Blueprints/ZoomCam/bp_ZoomCam.bp_ZoomCam_C:OutsideTick
	Function /Game/Blueprints/ZoomCam/bp_ZoomCam.bp_ZoomCam_C:ExecuteUbergraph_bp_ZoomCam

[2017.08.24-18.47.22:652][601]LogScriptCore:Warning: Script Msg: Divide by zero
Script call stack:
	Function /Game/Blueprints/ZoomCam/bp_ZoomCam.bp_ZoomCam_C:OutsideTick
	Function /Game/Blueprints/ZoomCam/bp_ZoomCam.bp_ZoomCam_C:ExecuteUbergraph_bp_ZoomCam

[2017.08.24-18.47.22:652][601]LogScriptCore:Warning: Script Msg: Divide by zero
Script call stack:
	Function /Game/Blueprints/ZoomCam/bp_ZoomCam.bp_ZoomCam_C:OutsideTick
	Function /Game/Blueprints/ZoomCam/bp_ZoomCam.bp_ZoomCam_C:ExecuteUbergraph_bp_ZoomCam

[2017.08.24-18.47.22:652][601]LogScriptCore:Warning: Script Msg: Divide by zero
Script call stack:
	Function /Game/Blueprints/ZoomCam/bp_ZoomCam.bp_ZoomCam_C:OutsideTick
	Function /Game/Blueprints/ZoomCam/bp_ZoomCam.bp_ZoomCam_C:ExecuteUbergraph_bp_ZoomCam

[2017.08.24-18.47.22:652][601]LogScriptCore:Warning: Script Msg: Divide by zero
Script call stack:
	Function /Game/Blueprints/ZoomCam/bp_ZoomCam.bp_ZoomCam_C:OutsideTick
	Function /Game/Blueprints/ZoomCam/bp_ZoomCam.bp_ZoomCam_C:ExecuteUbergraph_bp_ZoomCam

[2017.08.24-18.47.22:652][601]LogScriptCore:Warning: Script Msg: Divide by zero
Script call stack:
	Function /Game/Blueprints/ZoomCam/bp_ZoomCam.bp_ZoomCam_C:OutsideTick
	Function /Game/Blueprints/ZoomCam/bp_ZoomCam.bp_ZoomCam_C:ExecuteUbergraph_bp_ZoomCam

[2017.08.24-18.47.22:676][604]LogScriptCore:Warning: Script Msg: Divide by zero
Script call stack:
	Function /Game/Blueprints/ZoomCam/bp_ZoomCam.bp_ZoomCam_C:OutsideTick
	Function /Game/Blueprints/ZoomCam/bp_ZoomCam.bp_ZoomCam_C:ExecuteUbergraph_bp_ZoomCam

[2017.08.24-18.47.22:692][606]LogScriptCore:Warning: Script Msg: Divide by zero
Script call stack:
	Function /Game/Blueprints/ZoomCam/bp_ZoomCam.bp_ZoomCam_C:OutsideTick
	Function /Game/Blueprints/ZoomCam/bp_ZoomCam.bp_ZoomCam_C:ExecuteUbergraph_bp_ZoomCam

[2017.08.24-18.47.22:709][608]LogScriptCore:Warning: Script Msg: Divide by zero
Script call stack:
	Function /Game/Blueprints/ZoomCam/bp_ZoomCam.bp_ZoomCam_C:OutsideTick
	Function /Game/Blueprints/ZoomCam/bp_ZoomCam.bp_ZoomCam_C:ExecuteUbergraph_bp_ZoomCam

[2017.08.24-18.47.22:734][611]LogScriptCore:Warning: Script Msg: Divide by zero
Script call stack:
	Function /Game/Blueprints/ZoomCam/bp_ZoomCam.bp_ZoomCam_C:OutsideTick
	Function /Game/Blueprints/ZoomCam/bp_ZoomCam.bp_ZoomCam_C:ExecuteUbergraph_bp_ZoomCam

[2017.08.24-18.47.22:750][613]LogScriptCore:Warning: Script Msg: Divide by zero
Script call stack:
	Function /Game/Blueprints/ZoomCam/bp_ZoomCam.bp_ZoomCam_C:OutsideTick
	Function /Game/Blueprints/ZoomCam/bp_ZoomCam.bp_ZoomCam_C:ExecuteUbergraph_bp_ZoomCam

[2017.08.24-18.47.22:775][616]LogScriptCore:Warning: Script Msg: Divide by zero
Script call stack:
	Function /Game/Blueprints/ZoomCam/bp_ZoomCam.bp_ZoomCam_C:OutsideTick
	Function /Game/Blueprints/ZoomCam/bp_ZoomCam.bp_ZoomCam_C:ExecuteUbergraph_bp_ZoomCam

[2017.08.24-18.47.22:792][618]LogScriptCore:Warning: Script Msg: Divide by zero
Script call stack:
	Function /Game/Blueprints/ZoomCam/bp_ZoomCam.bp_ZoomCam_C:OutsideTick
	Function /Game/Blueprints/ZoomCam/bp_ZoomCam.bp_ZoomCam_C:ExecuteUbergraph_bp_ZoomCam

[2017.08.24-18.47.22:809][620]LogScriptCore:Warning: Script Msg: Divide by zero
Script call stack:
	Function /Game/Blueprints/ZoomCam/bp_ZoomCam.bp_ZoomCam_C:OutsideTick
	Function /Game/Blueprints/ZoomCam/bp_ZoomCam.bp_ZoomCam_C:ExecuteUbergraph_bp_ZoomCam

[2017.08.24-18.47.22:834][623]LogScriptCore:Warning: Script Msg: Divide by zero
Script call stack:
	Function /Game/Blueprints/ZoomCam/bp_ZoomCam.bp_ZoomCam_C:OutsideTick
	Function /Game/Blueprints/ZoomCam/bp_ZoomCam.bp_ZoomCam_C:ExecuteUbergraph_bp_ZoomCam

[2017.08.24-18.47.22:851][625]LogScriptCore:Warning: Script Msg: Divide by zero
Script call stack:
	Function /Game/Blueprints/ZoomCam/bp_ZoomCam.bp_ZoomCam_C:OutsideTick
	Function /Game/Blueprints/ZoomCam/bp_ZoomCam.bp_ZoomCam_C:ExecuteUbergraph_bp_ZoomCam

[2017.08.24-18.47.26:010][  2]LogBlueprintUserMessages: Early EndPlayMap Detection: Level '/Game/Scenes/ScanReach_Map.ScanReach_Map:PersistentLevel' has LevelScriptBlueprint '/Game/Scenes/ScanReach_Map.ScanReach_Map:PersistentLevel.ScanReach_Map' with GeneratedClass '/Game/Scenes/ScanReach_Map.ScanReach_Map_C' with ClassGeneratedBy '/Game/Scenes/ScanReach_Map.ScanReach_Map:PersistentLevel.ScanReach_Map'
[2017.08.24-18.47.26:058][  2]LogBlueprintUserMessages: Late EndPlayMap Detection: Level '/Game/Scenes/ScanReach_Map.ScanReach_Map:PersistentLevel' has LevelScriptBlueprint '/Game/Scenes/ScanReach_Map.ScanReach_Map:PersistentLevel.ScanReach_Map' with GeneratedClass '/Game/Scenes/ScanReach_Map.ScanReach_Map_C' with ClassGeneratedBy '/Game/Scenes/ScanReach_Map.ScanReach_Map:PersistentLevel.ScanReach_Map'
[2017.08.24-18.47.27:478][125]LogSlate: Took 0.000125 seconds to synchronously load lazily loaded font '../../../Engine/Content/Editor/Slate/Fonts/Roboto-Italic.ttf' (157K)
[2017.08.24-18.47.42:201][817]BlueprintLog: New page: Compile BP_Ship
[2017.08.24-18.47.42:493][817]LogActorComponent: RegisterComponentWithWorld: (/Game/Scenes/ScanReach_Map.ScanReach_Map:PersistentLevel.DESTROYED_BP_Floor_C_CHILDACTOR_262897.Scene) Trying to register component with IsPendingKill() == true. Aborting.
[2017.08.24-18.47.42:493][817]LogActorComponent: RegisterComponentWithWorld: (/Game/Scenes/ScanReach_Map.ScanReach_Map:PersistentLevel.DESTROYED_BP_Floor_C_CHILDACTOR_262895.Scene) Trying to register component with IsPendingKill() == true. Aborting.
[2017.08.24-18.47.42:493][817]LogActorComponent: RegisterComponentWithWorld: (/Game/Scenes/ScanReach_Map.ScanReach_Map:PersistentLevel.DESTROYED_BP_Floor_C_CHILDACTOR_262894.Scene) Trying to register component with IsPendingKill() == true. Aborting.
[2017.08.24-18.47.42:493][817]LogActorComponent: RegisterComponentWithWorld: (/Game/Scenes/ScanReach_Map.ScanReach_Map:PersistentLevel.DESTROYED_BP_Floor_C_CHILDACTOR_262893.Scene) Trying to register component with IsPendingKill() == true. Aborting.
[2017.08.24-18.47.42:493][817]LogActorComponent: RegisterComponentWithWorld: (/Game/Scenes/ScanReach_Map.ScanReach_Map:PersistentLevel.DESTROYED_BP_Floor_C_CHILDACTOR_262892.Scene) Trying to register component with IsPendingKill() == true. Aborting.
[2017.08.24-18.47.42:493][817]LogActorComponent: RegisterComponentWithWorld: (/Game/Scenes/ScanReach_Map.ScanReach_Map:PersistentLevel.DESTROYED_BP_Floor_C_CHILDACTOR_262896.Scene) Trying to register component with IsPendingKill() == true. Aborting.
[2017.08.24-18.47.42:650][827]Cmd: OBJ SAVEPACKAGE PACKAGE="/Game/Blueprints/Ship/BP_Ship" FILE="../../../../../../Users/Bendick/Documents/GitHub/SR_Prototype_V2/SR_Prototype_V2/Content/Blueprints/Ship/BP_Ship.uasset" SILENT=true
[2017.08.24-18.47.43:331][827]LogSavePackage: Save=652.50ms
[2017.08.24-18.47.43:331][827]LogSavePackage: Moving '../../../../../../Users/Bendick/Documents/GitHub/SR_Prototype_V2/SR_Prototype_V2/Saved/BP_Ship2004014B40CE377DA7D018AD3813EF70.tmp' to '../../../../../../Users/Bendick/Documents/GitHub/SR_Prototype_V2/SR_Prototype_V2/Content/Blueprints/Ship/BP_Ship.uasset'
[2017.08.24-18.47.43:334][827]LogSavePackage:Display: Finished SavePackage ../../../../../../Users/Bendick/Documents/GitHub/SR_Prototype_V2/SR_Prototype_V2/Content/Blueprints/Ship/BP_Ship.uasset
[2017.08.24-18.47.43:513][846]LogTemp: Repeting last play command: New Editor Window (PIE)
[2017.08.24-18.47.43:535][846]LogBlueprintUserMessages: Early PlayInEditor Detection: Level '/Game/Scenes/ScanReach_Map.ScanReach_Map:PersistentLevel' has LevelScriptBlueprint '/Game/Scenes/ScanReach_Map.ScanReach_Map:PersistentLevel.ScanReach_Map' with GeneratedClass '/Game/Scenes/ScanReach_Map.ScanReach_Map_C' with ClassGeneratedBy '/Game/Scenes/ScanReach_Map.ScanReach_Map:PersistentLevel.ScanReach_Map'
[2017.08.24-18.47.43:535][846]LogPlayLevel: PlayLevel: No blueprints needed recompiling
[2017.08.24-18.47.43:536][846]PIE: New page: PIE session: ScanReach_Map (24 Aug 2017 22:47:43)
[2017.08.24-18.47.43:536][846]LogPlayLevel: Creating play world package: /Game/Scenes/UEDPIE_0_ScanReach_Map
[2017.08.24-18.47.43:541][846]LogPlayLevel: PIE: StaticDuplicateObject took: (0.005144s)
[2017.08.24-18.47.43:541][846]LogAIModule: Creating AISystem for world ScanReach_Map
[2017.08.24-18.47.43:541][846]LogPlayLevel: PIE: World Init took: (0.000366s)
[2017.08.24-18.47.43:541][846]LogPlayLevel: PIE: Created PIE world by copying editor world from /Game/Scenes/ScanReach_Map.ScanReach_Map to /Game/Scenes/UEDPIE_0_ScanReach_Map.ScanReach_Map (0.005636s)
[2017.08.24-18.47.43:559][846]LogInit: XAudio2 using 'Speakers (2- Logitech G933 Gaming Headset)' : 6 channels at 48 kHz using 16 bits per sample (channel mask 0x3f)
[2017.08.24-18.47.43:569][846]LogInit: FAudioDevice initialized.
[2017.08.24-18.47.43:627][846]LogLoad: Game class is 'ScanReach_GM_C'
[2017.08.24-18.47.43:631][846]LogWorld: Bringing World /Game/Scenes/UEDPIE_0_ScanReach_Map.ScanReach_Map up for play (max tick rate 0) at 2017.08.24-20.47.43
[2017.08.24-18.47.43:631][846]LogWorld: Bringing up level for play took: 0.003808
[2017.08.24-18.47.43:651][846]PIE: Info Play in editor start time for /Game/Scenes/UEDPIE_0_ScanReach_Map -0.436
[2017.08.24-18.47.43:651][846]LogBlueprintUserMessages: Late PlayInEditor Detection: Level '/Game/Scenes/ScanReach_Map.ScanReach_Map:PersistentLevel' has LevelScriptBlueprint '/Game/Scenes/ScanReach_Map.ScanReach_Map:PersistentLevel.ScanReach_Map' with GeneratedClass '/Game/Scenes/ScanReach_Map.ScanReach_Map_C' with ClassGeneratedBy '/Game/Scenes/ScanReach_Map.ScanReach_Map:PersistentLevel.ScanReach_Map'
[2017.08.24-18.47.43:706][847]LogScriptCore:Warning: Script Msg: Divide by zero
Script call stack:
	Function /Game/Blueprints/ZoomCam/bp_ZoomCam.bp_ZoomCam_C:OutsideTick
	Function /Game/Blueprints/ZoomCam/bp_ZoomCam.bp_ZoomCam_C:ExecuteUbergraph_bp_ZoomCam

[2017.08.24-18.47.43:706][847]LogScriptCore:Warning: Script Msg: Divide by zero
Script call stack:
	Function /Game/Blueprints/ZoomCam/bp_ZoomCam.bp_ZoomCam_C:OutsideTick
	Function /Game/Blueprints/ZoomCam/bp_ZoomCam.bp_ZoomCam_C:ExecuteUbergraph_bp_ZoomCam

[2017.08.24-18.47.43:706][847]LogScriptCore:Warning: Script Msg: Divide by zero
Script call stack:
	Function /Game/Blueprints/ZoomCam/bp_ZoomCam.bp_ZoomCam_C:OutsideTick
	Function /Game/Blueprints/ZoomCam/bp_ZoomCam.bp_ZoomCam_C:ExecuteUbergraph_bp_ZoomCam

[2017.08.24-18.47.43:706][847]LogScriptCore:Warning: Script Msg: Divide by zero
Script call stack:
	Function /Game/Blueprints/ZoomCam/bp_ZoomCam.bp_ZoomCam_C:OutsideTick
	Function /Game/Blueprints/ZoomCam/bp_ZoomCam.bp_ZoomCam_C:ExecuteUbergraph_bp_ZoomCam

[2017.08.24-18.47.43:706][847]LogScriptCore:Warning: Script Msg: Divide by zero
Script call stack:
	Function /Game/Blueprints/ZoomCam/bp_ZoomCam.bp_ZoomCam_C:OutsideTick
	Function /Game/Blueprints/ZoomCam/bp_ZoomCam.bp_ZoomCam_C:ExecuteUbergraph_bp_ZoomCam

[2017.08.24-18.47.43:706][847]LogScriptCore:Warning: Script Msg: Divide by zero
Script call stack:
	Function /Game/Blueprints/ZoomCam/bp_ZoomCam.bp_ZoomCam_C:OutsideTick
	Function /Game/Blueprints/ZoomCam/bp_ZoomCam.bp_ZoomCam_C:ExecuteUbergraph_bp_ZoomCam

[2017.08.24-18.47.43:706][847]LogScriptCore:Warning: Script Msg: Divide by zero
Script call stack:
	Function /Game/Blueprints/ZoomCam/bp_ZoomCam.bp_ZoomCam_C:OutsideTick
	Function /Game/Blueprints/ZoomCam/bp_ZoomCam.bp_ZoomCam_C:ExecuteUbergraph_bp_ZoomCam

[2017.08.24-18.47.43:706][847]LogScriptCore:Warning: Script Msg: Divide by zero
Script call stack:
	Function /Game/Blueprints/ZoomCam/bp_ZoomCam.bp_ZoomCam_C:OutsideTick
	Function /Game/Blueprints/ZoomCam/bp_ZoomCam.bp_ZoomCam_C:ExecuteUbergraph_bp_ZoomCam

[2017.08.24-18.47.43:706][847]LogScriptCore:Warning: Script Msg: Divide by zero
Script call stack:
	Function /Game/Blueprints/ZoomCam/bp_ZoomCam.bp_ZoomCam_C:OutsideTick
	Function /Game/Blueprints/ZoomCam/bp_ZoomCam.bp_ZoomCam_C:ExecuteUbergraph_bp_ZoomCam

[2017.08.24-18.47.43:718][848]LogScriptCore:Warning: Script Msg: Divide by zero
Script call stack:
	Function /Game/Blueprints/ZoomCam/bp_ZoomCam.bp_ZoomCam_C:OutsideTick
	Function /Game/Blueprints/ZoomCam/bp_ZoomCam.bp_ZoomCam_C:ExecuteUbergraph_bp_ZoomCam

[2017.08.24-18.47.46:193][141]LogBlueprintUserMessages: Early EndPlayMap Detection: Level '/Game/Scenes/ScanReach_Map.ScanReach_Map:PersistentLevel' has LevelScriptBlueprint '/Game/Scenes/ScanReach_Map.ScanReach_Map:PersistentLevel.ScanReach_Map' with GeneratedClass '/Game/Scenes/ScanReach_Map.ScanReach_Map_C' with ClassGeneratedBy '/Game/Scenes/ScanReach_Map.ScanReach_Map:PersistentLevel.ScanReach_Map'
[2017.08.24-18.47.46:267][141]LogBlueprintUserMessages: Late EndPlayMap Detection: Level '/Game/Scenes/ScanReach_Map.ScanReach_Map:PersistentLevel' has LevelScriptBlueprint '/Game/Scenes/ScanReach_Map.ScanReach_Map:PersistentLevel.ScanReach_Map' with GeneratedClass '/Game/Scenes/ScanReach_Map.ScanReach_Map_C' with ClassGeneratedBy '/Game/Scenes/ScanReach_Map.ScanReach_Map:PersistentLevel.ScanReach_Map'
[2017.08.24-18.47.54:083][811]LogEditorActor: Deleted Actor: BP_MovementPoints_C
[2017.08.24-18.47.54:084][811]LogEditorActor: Deleted Actor: BP_MovementPoints_C
[2017.08.24-18.47.54:084][811]LogEditorActor: Deleted Actor: BP_MovementPoints_C
[2017.08.24-18.47.54:084][811]LogEditorActor: Deleted Actor: BP_MovementPoints_C
[2017.08.24-18.47.54:085][811]LogEditorActor: Deleted Actor: BP_MovementPoints_C
[2017.08.24-18.47.54:085][811]LogEditorActor: Deleted Actor: BP_MovementPoints_C
[2017.08.24-18.47.54:085][811]LogEditorActor: Deleted Actor: BP_MovementPoints_C
[2017.08.24-18.47.54:085][811]LogEditorActor: Deleted Actor: BP_MovementPoints_C
[2017.08.24-18.47.54:086][811]LogEditorActor: Deleted Actor: BP_MovementPoints_C
[2017.08.24-18.47.54:086][811]LogEditorActor: Deleted Actor: BP_MovementPoints_C
[2017.08.24-18.47.54:086][811]LogEditorActor: Deleted Actor: BP_MovementPoints_C
[2017.08.24-18.47.54:086][811]LogEditorActor: Deleted Actor: BP_MovementPoints_C
[2017.08.24-18.47.54:087][811]LogEditorActor: Deleted Actor: BP_MovementPoints_C
[2017.08.24-18.47.54:087][811]LogEditorActor: Deleted Actor: BP_MovementPoints_C
[2017.08.24-18.47.54:087][811]LogEditorActor: Deleted Actor: BP_MovementPoints_C
[2017.08.24-18.47.54:087][811]LogEditorActor: Deleted Actor: BP_MovementPoints_C
[2017.08.24-18.47.54:088][811]LogEditorActor: Deleted Actor: BP_MovementPoints_C
[2017.08.24-18.47.54:088][811]LogEditorActor: Deleted Actor: BP_MovementPoints_C
[2017.08.24-18.47.54:088][811]LogEditorActor: Deleted Actor: BP_MovementPoints_C
[2017.08.24-18.47.54:088][811]LogEditorActor: Deleted Actor: BP_MovementPoints_C
[2017.08.24-18.47.54:089][811]LogEditorActor: Deleted Actor: BP_MovementPoints_C
[2017.08.24-18.47.54:089][811]LogEditorActor: Deleted Actor: BP_MovementPoints_C
[2017.08.24-18.47.54:089][811]LogEditorActor: Deleted Actor: BP_MovementPoints_C
[2017.08.24-18.47.54:090][811]LogEditorActor: Deleted Actor: BP_MovementPoints_C
[2017.08.24-18.47.54:090][811]LogEditorActor: Deleted Actor: BP_MovementPoints_C
[2017.08.24-18.47.54:090][811]LogEditorActor: Deleted Actor: BP_MovementPoints_C
[2017.08.24-18.47.54:090][811]LogEditorActor: Deleted Actor: BP_MovementPoints_C
[2017.08.24-18.47.54:091][811]LogEditorActor: Deleted Actor: BP_MovementPoints_C
[2017.08.24-18.47.54:091][811]LogEditorActor: Deleted Actor: BP_PawnPassenger_C
[2017.08.24-18.47.54:091][811]LogEditorActor: Deleted Actor: BP_PawnPassenger_C
[2017.08.24-18.47.54:091][811]LogEditorActor: Deleted Actor: BP_PawnPassenger_C
[2017.08.24-18.47.54:092][811]LogEditorActor: Deleted Actor: BP_PawnPassenger_C
[2017.08.24-18.47.54:092][811]LogEditorActor: Deleted Actor: BP_PawnPassenger_C
[2017.08.24-18.47.54:092][811]LogEditorActor: Deleted Actor: BP_PawnPassenger_C
[2017.08.24-18.47.54:093][811]LogEditorActor: Deleted Actor: BP_PawnPassenger_C
[2017.08.24-18.47.54:107][811]LogEditorActor: Deleted 35 Actors (1.925 secs)
[2017.08.24-18.47.55:726][979]LogSavePackage: Save=150.16ms
[2017.08.24-18.47.55:726][979]LogSavePackage: Moving '../../../../../../Users/Bendick/Documents/GitHub/SR_Prototype_V2/SR_Prototype_V2/Saved/ScanReach_Map5381C7F843BAC5A63A7041B5DBB626B3.tmp' to '../../../../../../Users/Bendick/Documents/GitHub/SR_Prototype_V2/SR_Prototype_V2/Content/Scenes/ScanReach_Map.umap'
[2017.08.24-18.47.55:728][979]LogSavePackage:Display: Finished SavePackage ../../../../../../Users/Bendick/Documents/GitHub/SR_Prototype_V2/SR_Prototype_V2/Content/Scenes/ScanReach_Map.umap
[2017.08.24-18.47.55:793][979]LogSavePackage: Save=9.28ms
[2017.08.24-18.47.55:793][979]LogSavePackage: Moving '../../../../../../Users/Bendick/Documents/GitHub/SR_Prototype_V2/SR_Prototype_V2/Saved/ScanReach_Map_BuiltData81AFD3C0460F4365234691B9C38BD7AA.tmp' to '../../../../../../Users/Bendick/Documents/GitHub/SR_Prototype_V2/SR_Prototype_V2/Content/Scenes/ScanReach_Map_BuiltData.uasset'
[2017.08.24-18.47.55:794][979]LogSavePackage:Display: Finished SavePackage ../../../../../../Users/Bendick/Documents/GitHub/SR_Prototype_V2/SR_Prototype_V2/Content/Scenes/ScanReach_Map_BuiltData.uasset
[2017.08.24-18.47.56:381][ 49]LogTemp: Repeting last play command: New Editor Window (PIE)
[2017.08.24-18.47.56:401][ 49]LogBlueprintUserMessages: Early PlayInEditor Detection: Level '/Game/Scenes/ScanReach_Map.ScanReach_Map:PersistentLevel' has LevelScriptBlueprint '/Game/Scenes/ScanReach_Map.ScanReach_Map:PersistentLevel.ScanReach_Map' with GeneratedClass '/Game/Scenes/ScanReach_Map.ScanReach_Map_C' with ClassGeneratedBy '/Game/Scenes/ScanReach_Map.ScanReach_Map:PersistentLevel.ScanReach_Map'
[2017.08.24-18.47.56:401][ 49]LogPlayLevel: PlayLevel: No blueprints needed recompiling
[2017.08.24-18.47.56:401][ 49]PIE: New page: PIE session: ScanReach_Map (24 Aug 2017 22:47:56)
[2017.08.24-18.47.56:401][ 49]LogPlayLevel: Creating play world package: /Game/Scenes/UEDPIE_0_ScanReach_Map
[2017.08.24-18.47.56:405][ 49]LogPlayLevel: PIE: StaticDuplicateObject took: (0.003799s)
[2017.08.24-18.47.56:406][ 49]LogAIModule: Creating AISystem for world ScanReach_Map
[2017.08.24-18.47.56:406][ 49]LogPlayLevel: PIE: World Init took: (0.000452s)
[2017.08.24-18.47.56:406][ 49]LogPlayLevel: PIE: Created PIE world by copying editor world from /Game/Scenes/ScanReach_Map.ScanReach_Map to /Game/Scenes/UEDPIE_0_ScanReach_Map.ScanReach_Map (0.004432s)
[2017.08.24-18.47.56:422][ 49]LogInit: XAudio2 using 'Speakers (2- Logitech G933 Gaming Headset)' : 6 channels at 48 kHz using 16 bits per sample (channel mask 0x3f)
[2017.08.24-18.47.56:432][ 49]LogInit: FAudioDevice initialized.
[2017.08.24-18.47.56:485][ 49]LogLoad: Game class is 'ScanReach_GM_C'
[2017.08.24-18.47.56:489][ 49]LogWorld: Bringing World /Game/Scenes/UEDPIE_0_ScanReach_Map.ScanReach_Map up for play (max tick rate 0) at 2017.08.24-20.47.56
[2017.08.24-18.47.56:489][ 49]LogWorld: Bringing up level for play took: 0.003181
[2017.08.24-18.47.56:500][ 49]PIE: Info Play in editor start time for /Game/Scenes/UEDPIE_0_ScanReach_Map 0.412
[2017.08.24-18.47.56:500][ 49]LogBlueprintUserMessages: Late PlayInEditor Detection: Level '/Game/Scenes/ScanReach_Map.ScanReach_Map:PersistentLevel' has LevelScriptBlueprint '/Game/Scenes/ScanReach_Map.ScanReach_Map:PersistentLevel.ScanReach_Map' with GeneratedClass '/Game/Scenes/ScanReach_Map.ScanReach_Map_C' with ClassGeneratedBy '/Game/Scenes/ScanReach_Map.ScanReach_Map:PersistentLevel.ScanReach_Map'
[2017.08.24-18.47.56:546][ 50]LogScriptCore:Warning: Script Msg: Divide by zero
Script call stack:
	Function /Game/Blueprints/ZoomCam/bp_ZoomCam.bp_ZoomCam_C:OutsideTick
	Function /Game/Blueprints/ZoomCam/bp_ZoomCam.bp_ZoomCam_C:ExecuteUbergraph_bp_ZoomCam

[2017.08.24-18.47.56:546][ 50]LogScriptCore:Warning: Script Msg: Divide by zero
Script call stack:
	Function /Game/Blueprints/ZoomCam/bp_ZoomCam.bp_ZoomCam_C:OutsideTick
	Function /Game/Blueprints/ZoomCam/bp_ZoomCam.bp_ZoomCam_C:ExecuteUbergraph_bp_ZoomCam

[2017.08.24-18.47.56:546][ 50]LogScriptCore:Warning: Script Msg: Divide by zero
Script call stack:
	Function /Game/Blueprints/ZoomCam/bp_ZoomCam.bp_ZoomCam_C:OutsideTick
	Function /Game/Blueprints/ZoomCam/bp_ZoomCam.bp_ZoomCam_C:ExecuteUbergraph_bp_ZoomCam

[2017.08.24-18.47.56:546][ 50]LogScriptCore:Warning: Script Msg: Divide by zero
Script call stack:
	Function /Game/Blueprints/ZoomCam/bp_ZoomCam.bp_ZoomCam_C:OutsideTick
	Function /Game/Blueprints/ZoomCam/bp_ZoomCam.bp_ZoomCam_C:ExecuteUbergraph_bp_ZoomCam

[2017.08.24-18.47.56:546][ 50]LogScriptCore:Warning: Script Msg: Divide by zero
Script call stack:
	Function /Game/Blueprints/ZoomCam/bp_ZoomCam.bp_ZoomCam_C:OutsideTick
	Function /Game/Blueprints/ZoomCam/bp_ZoomCam.bp_ZoomCam_C:ExecuteUbergraph_bp_ZoomCam

[2017.08.24-18.47.56:546][ 50]LogScriptCore:Warning: Script Msg: Divide by zero
Script call stack:
	Function /Game/Blueprints/ZoomCam/bp_ZoomCam.bp_ZoomCam_C:OutsideTick
	Function /Game/Blueprints/ZoomCam/bp_ZoomCam.bp_ZoomCam_C:ExecuteUbergraph_bp_ZoomCam

[2017.08.24-18.47.56:546][ 50]LogScriptCore:Warning: Script Msg: Divide by zero
Script call stack:
	Function /Game/Blueprints/ZoomCam/bp_ZoomCam.bp_ZoomCam_C:OutsideTick
	Function /Game/Blueprints/ZoomCam/bp_ZoomCam.bp_ZoomCam_C:ExecuteUbergraph_bp_ZoomCam

[2017.08.24-18.47.56:546][ 50]LogScriptCore:Warning: Script Msg: Divide by zero
Script call stack:
	Function /Game/Blueprints/ZoomCam/bp_ZoomCam.bp_ZoomCam_C:OutsideTick
	Function /Game/Blueprints/ZoomCam/bp_ZoomCam.bp_ZoomCam_C:ExecuteUbergraph_bp_ZoomCam

[2017.08.24-18.47.59:767][436]LogBlueprintUserMessages: Early EndPlayMap Detection: Level '/Game/Scenes/ScanReach_Map.ScanReach_Map:PersistentLevel' has LevelScriptBlueprint '/Game/Scenes/ScanReach_Map.ScanReach_Map:PersistentLevel.ScanReach_Map' with GeneratedClass '/Game/Scenes/ScanReach_Map.ScanReach_Map_C' with ClassGeneratedBy '/Game/Scenes/ScanReach_Map.ScanReach_Map:PersistentLevel.ScanReach_Map'
[2017.08.24-18.47.59:842][436]LogBlueprintUserMessages: Late EndPlayMap Detection: Level '/Game/Scenes/ScanReach_Map.ScanReach_Map:PersistentLevel' has LevelScriptBlueprint '/Game/Scenes/ScanReach_Map.ScanReach_Map:PersistentLevel.ScanReach_Map' with GeneratedClass '/Game/Scenes/ScanReach_Map.ScanReach_Map_C' with ClassGeneratedBy '/Game/Scenes/ScanReach_Map.ScanReach_Map:PersistentLevel.ScanReach_Map'
[2017.08.24-18.48.00:446][505]LogEditorViewport: Clicking on Actor (LMB): StaticMeshActor (Test_Plane)
[2017.08.24-18.48.01:974][659]LogSavePackage: Save=149.71ms
[2017.08.24-18.48.01:974][659]LogSavePackage: Moving '../../../../../../Users/Bendick/Documents/GitHub/SR_Prototype_V2/SR_Prototype_V2/Saved/ScanReach_Map032101F94A6D77D828E7E5BEE8FE4D67.tmp' to '../../../../../../Users/Bendick/Documents/GitHub/SR_Prototype_V2/SR_Prototype_V2/Content/Scenes/ScanReach_Map.umap'
[2017.08.24-18.48.01:975][659]LogSavePackage:Display: Finished SavePackage ../../../../../../Users/Bendick/Documents/GitHub/SR_Prototype_V2/SR_Prototype_V2/Content/Scenes/ScanReach_Map.umap
[2017.08.24-18.48.02:034][659]LogSavePackage: Save=7.80ms
[2017.08.24-18.48.02:034][659]LogSavePackage: Moving '../../../../../../Users/Bendick/Documents/GitHub/SR_Prototype_V2/SR_Prototype_V2/Saved/ScanReach_Map_BuiltData2E37FDAC4F85C28B2AD3BAA6876DDD13.tmp' to '../../../../../../Users/Bendick/Documents/GitHub/SR_Prototype_V2/SR_Prototype_V2/Content/Scenes/ScanReach_Map_BuiltData.uasset'
[2017.08.24-18.48.02:035][659]LogSavePackage:Display: Finished SavePackage ../../../../../../Users/Bendick/Documents/GitHub/SR_Prototype_V2/SR_Prototype_V2/Content/Scenes/ScanReach_Map_BuiltData.uasset
[2017.08.24-18.48.18:900][655]LogActorFactory: Actor Factory created Plane2
[2017.08.24-18.48.19:029][670]LogActorFactory: Actor Factory created Plane2
[2017.08.24-18.48.32:413][266]LogTemp: Repeting last play command: New Editor Window (PIE)
[2017.08.24-18.48.32:435][266]LogBlueprintUserMessages: Early PlayInEditor Detection: Level '/Game/Scenes/ScanReach_Map.ScanReach_Map:PersistentLevel' has LevelScriptBlueprint '/Game/Scenes/ScanReach_Map.ScanReach_Map:PersistentLevel.ScanReach_Map' with GeneratedClass '/Game/Scenes/ScanReach_Map.ScanReach_Map_C' with ClassGeneratedBy '/Game/Scenes/ScanReach_Map.ScanReach_Map:PersistentLevel.ScanReach_Map'
[2017.08.24-18.48.32:435][266]LogPlayLevel: PlayLevel: No blueprints needed recompiling
[2017.08.24-18.48.32:435][266]PIE: New page: PIE session: ScanReach_Map (24 Aug 2017 22:48:32)
[2017.08.24-18.48.32:435][266]LogPlayLevel: Creating play world package: /Game/Scenes/UEDPIE_0_ScanReach_Map
[2017.08.24-18.48.32:438][266]LogPlayLevel: PIE: StaticDuplicateObject took: (0.002984s)
[2017.08.24-18.48.32:438][266]LogAIModule: Creating AISystem for world ScanReach_Map
[2017.08.24-18.48.32:438][266]LogPlayLevel: PIE: World Init took: (0.000377s)
[2017.08.24-18.48.32:438][266]LogPlayLevel: PIE: Created PIE world by copying editor world from /Game/Scenes/ScanReach_Map.ScanReach_Map to /Game/Scenes/UEDPIE_0_ScanReach_Map.ScanReach_Map (0.003484s)
[2017.08.24-18.48.32:456][266]LogInit: XAudio2 using 'Speakers (2- Logitech G933 Gaming Headset)' : 6 channels at 48 kHz using 16 bits per sample (channel mask 0x3f)
[2017.08.24-18.48.32:465][266]LogInit: FAudioDevice initialized.
[2017.08.24-18.48.32:512][266]LogLoad: Game class is 'ScanReach_GM_C'
[2017.08.24-18.48.32:516][266]LogWorld: Bringing World /Game/Scenes/UEDPIE_0_ScanReach_Map.ScanReach_Map up for play (max tick rate 0) at 2017.08.24-20.48.32
[2017.08.24-18.48.32:516][266]LogWorld: Bringing up level for play took: 0.003264
[2017.08.24-18.48.32:528][266]PIE: Info Play in editor start time for /Game/Scenes/UEDPIE_0_ScanReach_Map 0.44
[2017.08.24-18.48.32:528][266]LogBlueprintUserMessages: Late PlayInEditor Detection: Level '/Game/Scenes/ScanReach_Map.ScanReach_Map:PersistentLevel' has LevelScriptBlueprint '/Game/Scenes/ScanReach_Map.ScanReach_Map:PersistentLevel.ScanReach_Map' with GeneratedClass '/Game/Scenes/ScanReach_Map.ScanReach_Map_C' with ClassGeneratedBy '/Game/Scenes/ScanReach_Map.ScanReach_Map:PersistentLevel.ScanReach_Map'
[2017.08.24-18.48.32:573][267]LogScriptCore:Warning: Script Msg: Divide by zero
Script call stack:
	Function /Game/Blueprints/ZoomCam/bp_ZoomCam.bp_ZoomCam_C:OutsideTick
	Function /Game/Blueprints/ZoomCam/bp_ZoomCam.bp_ZoomCam_C:ExecuteUbergraph_bp_ZoomCam

[2017.08.24-18.48.32:574][267]LogScriptCore:Warning: Script Msg: Divide by zero
Script call stack:
	Function /Game/Blueprints/ZoomCam/bp_ZoomCam.bp_ZoomCam_C:OutsideTick
	Function /Game/Blueprints/ZoomCam/bp_ZoomCam.bp_ZoomCam_C:ExecuteUbergraph_bp_ZoomCam

[2017.08.24-18.48.32:574][267]LogScriptCore:Warning: Script Msg: Divide by zero
Script call stack:
	Function /Game/Blueprints/ZoomCam/bp_ZoomCam.bp_ZoomCam_C:OutsideTick
	Function /Game/Blueprints/ZoomCam/bp_ZoomCam.bp_ZoomCam_C:ExecuteUbergraph_bp_ZoomCam

[2017.08.24-18.48.32:574][267]LogScriptCore:Warning: Script Msg: Divide by zero
Script call stack:
	Function /Game/Blueprints/ZoomCam/bp_ZoomCam.bp_ZoomCam_C:OutsideTick
	Function /Game/Blueprints/ZoomCam/bp_ZoomCam.bp_ZoomCam_C:ExecuteUbergraph_bp_ZoomCam

[2017.08.24-18.48.32:574][267]LogScriptCore:Warning: Script Msg: Divide by zero
Script call stack:
	Function /Game/Blueprints/ZoomCam/bp_ZoomCam.bp_ZoomCam_C:OutsideTick
	Function /Game/Blueprints/ZoomCam/bp_ZoomCam.bp_ZoomCam_C:ExecuteUbergraph_bp_ZoomCam

[2017.08.24-18.48.32:574][267]LogScriptCore:Warning: Script Msg: Divide by zero
Script call stack:
	Function /Game/Blueprints/ZoomCam/bp_ZoomCam.bp_ZoomCam_C:OutsideTick
	Function /Game/Blueprints/ZoomCam/bp_ZoomCam.bp_ZoomCam_C:ExecuteUbergraph_bp_ZoomCam

[2017.08.24-18.48.32:574][267]LogScriptCore:Warning: Script Msg: Divide by zero
Script call stack:
	Function /Game/Blueprints/ZoomCam/bp_ZoomCam.bp_ZoomCam_C:OutsideTick
	Function /Game/Blueprints/ZoomCam/bp_ZoomCam.bp_ZoomCam_C:ExecuteUbergraph_bp_ZoomCam

[2017.08.24-18.48.32:580][268]LogScriptCore:Warning: Script Msg: Divide by zero
Script call stack:
	Function /Game/Blueprints/ZoomCam/bp_ZoomCam.bp_ZoomCam_C:OutsideTick
	Function /Game/Blueprints/ZoomCam/bp_ZoomCam.bp_ZoomCam_C:ExecuteUbergraph_bp_ZoomCam

[2017.08.24-18.48.32:596][270]LogScriptCore:Warning: Script Msg: Divide by zero
Script call stack:
	Function /Game/Blueprints/ZoomCam/bp_ZoomCam.bp_ZoomCam_C:OutsideTick
	Function /Game/Blueprints/ZoomCam/bp_ZoomCam.bp_ZoomCam_C:ExecuteUbergraph_bp_ZoomCam

[2017.08.24-18.48.32:623][273]LogScriptCore:Warning: Script Msg: Divide by zero
Script call stack:
	Function /Game/Blueprints/ZoomCam/bp_ZoomCam.bp_ZoomCam_C:OutsideTick
	Function /Game/Blueprints/ZoomCam/bp_ZoomCam.bp_ZoomCam_C:ExecuteUbergraph_bp_ZoomCam

[2017.08.24-18.48.32:639][275]LogScriptCore:Warning: Script Msg: Divide by zero
Script call stack:
	Function /Game/Blueprints/ZoomCam/bp_ZoomCam.bp_ZoomCam_C:OutsideTick
	Function /Game/Blueprints/ZoomCam/bp_ZoomCam.bp_ZoomCam_C:ExecuteUbergraph_bp_ZoomCam

[2017.08.24-18.48.32:656][277]LogScriptCore:Warning: Script Msg: Divide by zero
Script call stack:
	Function /Game/Blueprints/ZoomCam/bp_ZoomCam.bp_ZoomCam_C:OutsideTick
	Function /Game/Blueprints/ZoomCam/bp_ZoomCam.bp_ZoomCam_C:ExecuteUbergraph_bp_ZoomCam

[2017.08.24-18.48.32:681][280]LogScriptCore:Warning: Script Msg: Divide by zero
Script call stack:
	Function /Game/Blueprints/ZoomCam/bp_ZoomCam.bp_ZoomCam_C:OutsideTick
	Function /Game/Blueprints/ZoomCam/bp_ZoomCam.bp_ZoomCam_C:ExecuteUbergraph_bp_ZoomCam

[2017.08.24-18.48.32:697][282]LogScriptCore:Warning: Script Msg: Divide by zero
Script call stack:
	Function /Game/Blueprints/ZoomCam/bp_ZoomCam.bp_ZoomCam_C:OutsideTick
	Function /Game/Blueprints/ZoomCam/bp_ZoomCam.bp_ZoomCam_C:ExecuteUbergraph_bp_ZoomCam

[2017.08.24-18.48.32:714][284]LogScriptCore:Warning: Script Msg: Divide by zero
Script call stack:
	Function /Game/Blueprints/ZoomCam/bp_ZoomCam.bp_ZoomCam_C:OutsideTick
	Function /Game/Blueprints/ZoomCam/bp_ZoomCam.bp_ZoomCam_C:ExecuteUbergraph_bp_ZoomCam

[2017.08.24-18.48.32:739][287]LogScriptCore:Warning: Script Msg: Divide by zero
Script call stack:
	Function /Game/Blueprints/ZoomCam/bp_ZoomCam.bp_ZoomCam_C:OutsideTick
	Function /Game/Blueprints/ZoomCam/bp_ZoomCam.bp_ZoomCam_C:ExecuteUbergraph_bp_ZoomCam

[2017.08.24-18.48.32:756][289]LogScriptCore:Warning: Script Msg: Divide by zero
Script call stack:
	Function /Game/Blueprints/ZoomCam/bp_ZoomCam.bp_ZoomCam_C:OutsideTick
	Function /Game/Blueprints/ZoomCam/bp_ZoomCam.bp_ZoomCam_C:ExecuteUbergraph_bp_ZoomCam

[2017.08.24-18.48.32:781][292]LogScriptCore:Warning: Script Msg: Divide by zero
Script call stack:
	Function /Game/Blueprints/ZoomCam/bp_ZoomCam.bp_ZoomCam_C:OutsideTick
	Function /Game/Blueprints/ZoomCam/bp_ZoomCam.bp_ZoomCam_C:ExecuteUbergraph_bp_ZoomCam

[2017.08.24-18.48.32:797][294]LogScriptCore:Warning: Script Msg: Divide by zero
Script call stack:
	Function /Game/Blueprints/ZoomCam/bp_ZoomCam.bp_ZoomCam_C:OutsideTick
	Function /Game/Blueprints/ZoomCam/bp_ZoomCam.bp_ZoomCam_C:ExecuteUbergraph_bp_ZoomCam

[2017.08.24-18.48.33:954][432]LogBlueprintUserMessages: Early EndPlayMap Detection: Level '/Game/Scenes/ScanReach_Map.ScanReach_Map:PersistentLevel' has LevelScriptBlueprint '/Game/Scenes/ScanReach_Map.ScanReach_Map:PersistentLevel.ScanReach_Map' with GeneratedClass '/Game/Scenes/ScanReach_Map.ScanReach_Map_C' with ClassGeneratedBy '/Game/Scenes/ScanReach_Map.ScanReach_Map:PersistentLevel.ScanReach_Map'
[2017.08.24-18.48.34:019][432]LogBlueprintUserMessages: Late EndPlayMap Detection: Level '/Game/Scenes/ScanReach_Map.ScanReach_Map:PersistentLevel' has LevelScriptBlueprint '/Game/Scenes/ScanReach_Map.ScanReach_Map:PersistentLevel.ScanReach_Map' with GeneratedClass '/Game/Scenes/ScanReach_Map.ScanReach_Map_C' with ClassGeneratedBy '/Game/Scenes/ScanReach_Map.ScanReach_Map:PersistentLevel.ScanReach_Map'
[2017.08.24-18.48.34:395][473]LogEditorViewport: Clicking on Actor (LMB): StaticMeshActor (Plane2)
[2017.08.24-18.48.44:944][726]Cmd: CAMERA ALIGN ACTIVEVIEWPORTONLY
[2017.08.24-18.49.04:046][  8]LogEditorViewport: Clicking Background
[2017.08.24-18.49.04:453][ 56]LogEditorViewport: Clicking on Actor (LMB): NavMeshBoundsVolume (NavMeshBoundsVolume)
[2017.08.24-18.49.05:176][139]Cmd: CAMERA ALIGN ACTIVEVIEWPORTONLY
[2017.08.24-18.49.08:578][541]Cmd: CAMERA ALIGN ACTIVEVIEWPORTONLY
[2017.08.24-18.49.11:508][890]LogEditorViewport: Clicking on Actor (LMB): StaticMeshActor (Plane2)
[2017.08.24-18.49.11:780][919]LogEditorViewport: Clicking on Actor (LMB): StaticMeshActor (Plane2)
[2017.08.24-18.49.16:022][395]LogSavePackage: Save=151.33ms
[2017.08.24-18.49.16:022][395]LogSavePackage: Moving '../../../../../../Users/Bendick/Documents/GitHub/SR_Prototype_V2/SR_Prototype_V2/Saved/ScanReach_Map1EA9AB8647EEF0D7A35E7988822C6EDF.tmp' to '../../../../../../Users/Bendick/Documents/GitHub/SR_Prototype_V2/SR_Prototype_V2/Content/Scenes/ScanReach_Map.umap'
[2017.08.24-18.49.16:024][395]LogSavePackage:Display: Finished SavePackage ../../../../../../Users/Bendick/Documents/GitHub/SR_Prototype_V2/SR_Prototype_V2/Content/Scenes/ScanReach_Map.umap
[2017.08.24-18.49.16:085][395]LogSavePackage: Save=7.90ms
[2017.08.24-18.49.16:085][395]LogSavePackage: Moving '../../../../../../Users/Bendick/Documents/GitHub/SR_Prototype_V2/SR_Prototype_V2/Saved/ScanReach_Map_BuiltData70DFCE37477DB80E26CACF8349C5FE8D.tmp' to '../../../../../../Users/Bendick/Documents/GitHub/SR_Prototype_V2/SR_Prototype_V2/Content/Scenes/ScanReach_Map_BuiltData.uasset'
[2017.08.24-18.49.16:086][395]LogSavePackage:Display: Finished SavePackage ../../../../../../Users/Bendick/Documents/GitHub/SR_Prototype_V2/SR_Prototype_V2/Content/Scenes/ScanReach_Map_BuiltData.uasset
[2017.08.24-18.49.16:927][495]LogTemp: Repeting last play command: New Editor Window (PIE)
[2017.08.24-18.49.16:948][495]LogBlueprintUserMessages: Early PlayInEditor Detection: Level '/Game/Scenes/ScanReach_Map.ScanReach_Map:PersistentLevel' has LevelScriptBlueprint '/Game/Scenes/ScanReach_Map.ScanReach_Map:PersistentLevel.ScanReach_Map' with GeneratedClass '/Game/Scenes/ScanReach_Map.ScanReach_Map_C' with ClassGeneratedBy '/Game/Scenes/ScanReach_Map.ScanReach_Map:PersistentLevel.ScanReach_Map'
[2017.08.24-18.49.16:948][495]LogPlayLevel: PlayLevel: No blueprints needed recompiling
[2017.08.24-18.49.16:948][495]PIE: New page: PIE session: ScanReach_Map (24 Aug 2017 22:49:16)
[2017.08.24-18.49.16:948][495]LogPlayLevel: Creating play world package: /Game/Scenes/UEDPIE_0_ScanReach_Map
[2017.08.24-18.49.16:953][495]LogPlayLevel: PIE: StaticDuplicateObject took: (0.004911s)
[2017.08.24-18.49.16:953][495]LogAIModule: Creating AISystem for world ScanReach_Map
[2017.08.24-18.49.16:953][495]LogPlayLevel: PIE: World Init took: (0.000378s)
[2017.08.24-18.49.16:953][495]LogPlayLevel: PIE: Created PIE world by copying editor world from /Game/Scenes/ScanReach_Map.ScanReach_Map to /Game/Scenes/UEDPIE_0_ScanReach_Map.ScanReach_Map (0.005421s)
[2017.08.24-18.49.16:971][495]LogInit: XAudio2 using 'Speakers (2- Logitech G933 Gaming Headset)' : 6 channels at 48 kHz using 16 bits per sample (channel mask 0x3f)
[2017.08.24-18.49.16:981][495]LogInit: FAudioDevice initialized.
[2017.08.24-18.49.17:031][495]LogLoad: Game class is 'ScanReach_GM_C'
[2017.08.24-18.49.17:034][495]LogWorld: Bringing World /Game/Scenes/UEDPIE_0_ScanReach_Map.ScanReach_Map up for play (max tick rate 0) at 2017.08.24-20.49.17
[2017.08.24-18.49.17:035][495]LogWorld: Bringing up level for play took: 0.002928
[2017.08.24-18.49.17:045][495]PIE: Info Play in editor start time for /Game/Scenes/UEDPIE_0_ScanReach_Map 0.957
[2017.08.24-18.49.17:045][495]LogBlueprintUserMessages: Late PlayInEditor Detection: Level '/Game/Scenes/ScanReach_Map.ScanReach_Map:PersistentLevel' has LevelScriptBlueprint '/Game/Scenes/ScanReach_Map.ScanReach_Map:PersistentLevel.ScanReach_Map' with GeneratedClass '/Game/Scenes/ScanReach_Map.ScanReach_Map_C' with ClassGeneratedBy '/Game/Scenes/ScanReach_Map.ScanReach_Map:PersistentLevel.ScanReach_Map'
[2017.08.24-18.49.17:092][496]LogScriptCore:Warning: Script Msg: Divide by zero
Script call stack:
	Function /Game/Blueprints/ZoomCam/bp_ZoomCam.bp_ZoomCam_C:OutsideTick
	Function /Game/Blueprints/ZoomCam/bp_ZoomCam.bp_ZoomCam_C:ExecuteUbergraph_bp_ZoomCam

[2017.08.24-18.49.17:092][496]LogScriptCore:Warning: Script Msg: Divide by zero
Script call stack:
	Function /Game/Blueprints/ZoomCam/bp_ZoomCam.bp_ZoomCam_C:OutsideTick
	Function /Game/Blueprints/ZoomCam/bp_ZoomCam.bp_ZoomCam_C:ExecuteUbergraph_bp_ZoomCam

[2017.08.24-18.49.17:092][496]LogScriptCore:Warning: Script Msg: Divide by zero
Script call stack:
	Function /Game/Blueprints/ZoomCam/bp_ZoomCam.bp_ZoomCam_C:OutsideTick
	Function /Game/Blueprints/ZoomCam/bp_ZoomCam.bp_ZoomCam_C:ExecuteUbergraph_bp_ZoomCam

[2017.08.24-18.49.17:092][496]LogScriptCore:Warning: Script Msg: Divide by zero
Script call stack:
	Function /Game/Blueprints/ZoomCam/bp_ZoomCam.bp_ZoomCam_C:OutsideTick
	Function /Game/Blueprints/ZoomCam/bp_ZoomCam.bp_ZoomCam_C:ExecuteUbergraph_bp_ZoomCam

[2017.08.24-18.49.17:092][496]LogScriptCore:Warning: Script Msg: Divide by zero
Script call stack:
	Function /Game/Blueprints/ZoomCam/bp_ZoomCam.bp_ZoomCam_C:OutsideTick
	Function /Game/Blueprints/ZoomCam/bp_ZoomCam.bp_ZoomCam_C:ExecuteUbergraph_bp_ZoomCam

[2017.08.24-18.49.17:092][496]LogScriptCore:Warning: Script Msg: Divide by zero
Script call stack:
	Function /Game/Blueprints/ZoomCam/bp_ZoomCam.bp_ZoomCam_C:OutsideTick
	Function /Game/Blueprints/ZoomCam/bp_ZoomCam.bp_ZoomCam_C:ExecuteUbergraph_bp_ZoomCam

[2017.08.24-18.49.17:092][496]LogScriptCore:Warning: Script Msg: Divide by zero
Script call stack:
	Function /Game/Blueprints/ZoomCam/bp_ZoomCam.bp_ZoomCam_C:OutsideTick
	Function /Game/Blueprints/ZoomCam/bp_ZoomCam.bp_ZoomCam_C:ExecuteUbergraph_bp_ZoomCam

[2017.08.24-18.49.23:680][286]LogBlueprintUserMessages: Early EndPlayMap Detection: Level '/Game/Scenes/ScanReach_Map.ScanReach_Map:PersistentLevel' has LevelScriptBlueprint '/Game/Scenes/ScanReach_Map.ScanReach_Map:PersistentLevel.ScanReach_Map' with GeneratedClass '/Game/Scenes/ScanReach_Map.ScanReach_Map_C' with ClassGeneratedBy '/Game/Scenes/ScanReach_Map.ScanReach_Map:PersistentLevel.ScanReach_Map'
[2017.08.24-18.49.23:742][286]LogBlueprintUserMessages: Late EndPlayMap Detection: Level '/Game/Scenes/ScanReach_Map.ScanReach_Map:PersistentLevel' has LevelScriptBlueprint '/Game/Scenes/ScanReach_Map.ScanReach_Map:PersistentLevel.ScanReach_Map' with GeneratedClass '/Game/Scenes/ScanReach_Map.ScanReach_Map_C' with ClassGeneratedBy '/Game/Scenes/ScanReach_Map.ScanReach_Map:PersistentLevel.ScanReach_Map'
[2017.08.24-18.49.31:149][127]BlueprintLog: New page: Compile BP_Ship
[2017.08.24-18.49.31:426][127]LogActorComponent: RegisterComponentWithWorld: (/Game/Scenes/ScanReach_Map.ScanReach_Map:PersistentLevel.DESTROYED_BP_Floor_C_CHILDACTOR_262933.Scene) Trying to register component with IsPendingKill() == true. Aborting.
[2017.08.24-18.49.31:428][127]LogActorComponent: RegisterComponentWithWorld: (/Game/Scenes/ScanReach_Map.ScanReach_Map:PersistentLevel.DESTROYED_BP_Floor_C_CHILDACTOR_262929.Scene) Trying to register component with IsPendingKill() == true. Aborting.
[2017.08.24-18.49.31:428][127]LogActorComponent: RegisterComponentWithWorld: (/Game/Scenes/ScanReach_Map.ScanReach_Map:PersistentLevel.DESTROYED_BP_Floor_C_CHILDACTOR_262928.Scene) Trying to register component with IsPendingKill() == true. Aborting.
[2017.08.24-18.49.31:428][127]LogActorComponent: RegisterComponentWithWorld: (/Game/Scenes/ScanReach_Map.ScanReach_Map:PersistentLevel.DESTROYED_BP_Floor_C_CHILDACTOR_262930.Scene) Trying to register component with IsPendingKill() == true. Aborting.
[2017.08.24-18.49.31:428][127]LogActorComponent: RegisterComponentWithWorld: (/Game/Scenes/ScanReach_Map.ScanReach_Map:PersistentLevel.DESTROYED_BP_Floor_C_CHILDACTOR_262931.Scene) Trying to register component with IsPendingKill() == true. Aborting.
[2017.08.24-18.49.31:428][127]LogActorComponent: RegisterComponentWithWorld: (/Game/Scenes/ScanReach_Map.ScanReach_Map:PersistentLevel.DESTROYED_BP_Floor_C_CHILDACTOR_262932.Scene) Trying to register component with IsPendingKill() == true. Aborting.
[2017.08.24-18.49.32:039][192]Cmd: OBJ SAVEPACKAGE PACKAGE="/Game/Blueprints/Ship/BP_Ship" FILE="../../../../../../Users/Bendick/Documents/GitHub/SR_Prototype_V2/SR_Prototype_V2/Content/Blueprints/Ship/BP_Ship.uasset" SILENT=true
[2017.08.24-18.49.32:714][192]LogSavePackage: Save=643.00ms
[2017.08.24-18.49.32:714][192]LogSavePackage: Moving '../../../../../../Users/Bendick/Documents/GitHub/SR_Prototype_V2/SR_Prototype_V2/Saved/BP_Ship3C1C946F45DA6042C11373A90884903D.tmp' to '../../../../../../Users/Bendick/Documents/GitHub/SR_Prototype_V2/SR_Prototype_V2/Content/Blueprints/Ship/BP_Ship.uasset'
[2017.08.24-18.49.32:716][192]LogSavePackage:Display: Finished SavePackage ../../../../../../Users/Bendick/Documents/GitHub/SR_Prototype_V2/SR_Prototype_V2/Content/Blueprints/Ship/BP_Ship.uasset
[2017.08.24-18.49.35:424][376]LogSavePackage: Save=157.95ms
[2017.08.24-18.49.35:424][376]LogSavePackage: Moving '../../../../../../Users/Bendick/Documents/GitHub/SR_Prototype_V2/SR_Prototype_V2/Saved/ScanReach_Map5A20DB0C49478D37F50AD3B426A25E9F.tmp' to '../../../../../../Users/Bendick/Documents/GitHub/SR_Prototype_V2/SR_Prototype_V2/Content/Scenes/ScanReach_Map.umap'
[2017.08.24-18.49.35:426][376]LogSavePackage:Display: Finished SavePackage ../../../../../../Users/Bendick/Documents/GitHub/SR_Prototype_V2/SR_Prototype_V2/Content/Scenes/ScanReach_Map.umap
[2017.08.24-18.49.35:451][376]LogFileHelpers: Saving map 'ScanReach_Map' took 0.265
[2017.08.24-18.49.35:617][376]LogActorComponent: UnregisterComponent: (/Engine/Transient.EditorFloorComp) Not registered. Aborting.
[2017.08.24-18.49.35:693][376]LogWindowsTextInputMethodSystem:Display: IME system now deactivated.
[2017.08.24-18.49.35:693][376]LogWindowsTextInputMethodSystem:Display: IME system now deactivated.
[2017.08.24-18.49.35:840][377]Cmd: QUIT_EDITOR
[2017.08.24-18.49.36:583][377]LogExit: Preparing to exit.
[2017.08.24-18.49.36:837][377]LogDirectoryWatcher: A directory notification for 'C:/Users/Bendick/Documents/GitHub/SR_Prototype_V2/SR_Prototype_V2/Content/' was aborted.
[2017.08.24-18.49.36:868][377]LogExit: Editor shut down
[2017.08.24-18.49.36:870][377]LogExit: Transaction tracking system shut down
[2017.08.24-18.49.36:948][377]LogObj: Freed 0b from 0 cluster array pools.
[2017.08.24-18.49.36:948][377]LogExit: Object subsystem successfully closed.
[2017.08.24-18.49.36:963][377]LogD3D11RHI: Shutdown
[2017.08.24-18.49.36:963][377]LogD3D11RHI: CleanupD3DDevice
[2017.08.24-18.49.37:024][377]LogD3D11RHI: ~FD3D11DynamicRHI
[2017.08.24-18.49.37:041][377]LogModuleManager: Shutting down and abandoning module MovieSceneCapture (532)
[2017.08.24-18.49.37:041][377]LogModuleManager: Shutting down and abandoning module SequencerWidgets (530)
[2017.08.24-18.49.37:041][377]LogModuleManager: Shutting down and abandoning module BlueprintGraph (528)
[2017.08.24-18.49.37:041][377]LogModuleManager: Shutting down and abandoning module BlueprintProfiler (526)
[2017.08.24-18.49.37:041][377]LogModuleManager: Shutting down and abandoning module HierarchicalLODOutliner (524)
[2017.08.24-18.49.37:041][377]LogModuleManager: Shutting down and abandoning module CrashTracker (522)
[2017.08.24-18.49.37:041][377]LogModuleManager: Shutting down and abandoning module SceneOutliner (520)
[2017.08.24-18.49.37:041][377]LogModuleManager: Shutting down and abandoning module AddContentDialog (518)
[2017.08.24-18.49.37:041][377]LogDirectoryWatcher: A directory notification for 'C:/Program Files/Epic Games/UE_4.16/FeaturePacks/' was aborted.
[2017.08.24-18.49.37:042][377]LogModuleManager: Shutting down and abandoning module WidgetCarousel (517)
[2017.08.24-18.49.37:042][377]LogModuleManager: Shutting down and abandoning module EditorWidgets (514)
[2017.08.24-18.49.37:042][377]LogModuleManager: Shutting down and abandoning module CollectionManager (512)
[2017.08.24-18.49.37:042][377]LogDirectoryWatcher: A directory notification for 'C:/Users/Bendick/Documents/GitHub/SR_Prototype_V2/SR_Prototype_V2/Content/Collections/' was aborted.
[2017.08.24-18.49.37:042][377]LogDirectoryWatcher: A directory notification for 'C:/Users/Bendick/Documents/GitHub/SR_Prototype_V2/SR_Prototype_V2/Content/Developers/Bendick/Collections/' was aborted.
[2017.08.24-18.49.37:042][377]LogDirectoryWatcher: A directory notification for 'C:/Users/Bendick/Documents/GitHub/SR_Prototype_V2/SR_Prototype_V2/Saved/Collections/' was aborted.
[2017.08.24-18.49.37:042][377]LogModuleManager: Shutting down and abandoning module StatsViewer (510)
[2017.08.24-18.49.37:042][377]LogModuleManager: Shutting down and abandoning module FoliageEdit (508)
[2017.08.24-18.49.37:042][377]LogModuleManager: Shutting down and abandoning module LandscapeEditor (506)
[2017.08.24-18.49.37:042][377]LogModuleManager: Shutting down and abandoning module MeshPaintMode (504)
[2017.08.24-18.49.37:042][377]LogModuleManager: Shutting down and abandoning module SceneDepthPickerMode (502)
[2017.08.24-18.49.37:042][377]LogModuleManager: Shutting down and abandoning module ActorPickerMode (500)
[2017.08.24-18.49.37:042][377]LogModuleManager: Shutting down and abandoning module GeometryMode (498)
[2017.08.24-18.49.37:042][377]LogModuleManager: Shutting down and abandoning module TextureAlignMode (496)
[2017.08.24-18.49.37:042][377]LogModuleManager: Shutting down and abandoning module BspMode (494)
[2017.08.24-18.49.37:042][377]LogModuleManager: Shutting down and abandoning module HardwareSurvey (492)
[2017.08.24-18.49.37:042][377]LogModuleManager: Shutting down and abandoning module SequenceRecorderSections (490)
[2017.08.24-18.49.37:042][377]LogModuleManager: Shutting down and abandoning module AutomationWorker (488)
[2017.08.24-18.49.37:042][377]LogModuleManager: Shutting down and abandoning module MatineeToLevelSequence (486)
[2017.08.24-18.49.37:042][377]LogModuleManager: Shutting down and abandoning module LevelSequenceEditor (484)
[2017.08.24-18.49.37:042][377]LogModuleManager: Shutting down and abandoning module PlacementMode (483)
[2017.08.24-18.49.37:042][377]LogModuleManager: Shutting down and abandoning module WmfMediaFactory (480)
[2017.08.24-18.49.37:042][377]LogModuleManager: Shutting down and abandoning module WmfMediaEditor (478)
[2017.08.24-18.49.37:042][377]LogModuleManager: Shutting down and abandoning module AvfMediaFactory (476)
[2017.08.24-18.49.37:042][377]LogModuleManager: Shutting down and abandoning module AvfMediaEditor (474)
[2017.08.24-18.49.37:042][377]LogModuleManager: Shutting down and abandoning module AndroidMediaFactory (472)
[2017.08.24-18.49.37:042][377]LogModuleManager: Shutting down and abandoning module Media (471)
[2017.08.24-18.49.37:042][377]LogModuleManager: Shutting down and abandoning module AndroidMediaEditor (468)
[2017.08.24-18.49.37:042][377]LogModuleManager: Shutting down and abandoning module CharacterAI (466)
[2017.08.24-18.49.37:042][377]LogModuleManager: Shutting down and abandoning module AudioCapture (464)
[2017.08.24-18.49.37:042][377]LogModuleManager: Shutting down and abandoning module SequenceRecorder (463)
[2017.08.24-18.49.37:042][377]LogModuleManager: Shutting down and abandoning module SmartSnapping (460)
[2017.08.24-18.49.37:042][377]LogModuleManager: Shutting down and abandoning module SessionServices (458)
[2017.08.24-18.49.37:042][377]LogModuleManager: Shutting down and abandoning module ViewportSnapping (456)
[2017.08.24-18.49.37:042][377]LogModuleManager: Shutting down and abandoning module ViewportInteraction (454)
[2017.08.24-18.49.37:042][377]LogModuleManager: Shutting down and abandoning module ClothPainter (452)
[2017.08.24-18.49.37:044][377]LogModuleManager: Shutting down and abandoning module LogVisualizer (450)
[2017.08.24-18.49.37:044][377]LogModuleManager: Shutting down and abandoning module IntroTutorials (448)
[2017.08.24-18.49.37:044][377]LogModuleManager: Shutting down and abandoning module GameProjectGeneration (447)
[2017.08.24-18.49.37:045][377]LogModuleManager: Shutting down and abandoning module EditorLiveStreaming (444)
[2017.08.24-18.49.37:045][377]LogModuleManager: Shutting down and abandoning module IOSPlatformEditor (442)
[2017.08.24-18.49.37:045][377]LogModuleManager: Shutting down and abandoning module HTML5PlatformEditor (440)
[2017.08.24-18.49.37:045][377]LogModuleManager: Shutting down and abandoning module AndroidPlatformEditor (438)
[2017.08.24-18.49.37:045][377]LogModuleManager: Shutting down and abandoning module AndroidDeviceDetection (437)
[2017.08.24-18.49.37:769][377]LogModuleManager: Shutting down and abandoning module IOSRuntimeSettings (434)
[2017.08.24-18.49.37:769][377]LogModuleManager: Shutting down and abandoning module AndroidRuntimeSettings (432)
[2017.08.24-18.49.37:769][377]LogModuleManager: Shutting down and abandoning module InputBindingEditor (430)
[2017.08.24-18.49.37:769][377]LogModuleManager: Shutting down and abandoning module MergeActors (428)
[2017.08.24-18.49.37:770][377]LogModuleManager: Shutting down and abandoning module SizeMap (426)
[2017.08.24-18.49.37:770][377]LogModuleManager: Shutting down and abandoning module TreeMap (424)
[2017.08.24-18.49.37:770][377]LogModuleManager: Shutting down and abandoning module ReferenceViewer (422)
[2017.08.24-18.49.37:770][377]LogModuleManager: Shutting down and abandoning module LocalizationDashboard (420)
[2017.08.24-18.49.37:771][377]LogModuleManager: Shutting down and abandoning module LocalizationService (419)
[2017.08.24-18.49.37:771][377]LogModuleManager: Shutting down and abandoning module HardwareTargeting (416)
[2017.08.24-18.49.37:771][377]LogModuleManager: Shutting down and abandoning module DeviceProfileEditor (414)
[2017.08.24-18.49.37:771][377]LogModuleManager: Shutting down and abandoning module UndoHistory (412)
[2017.08.24-18.49.37:771][377]LogModuleManager: Shutting down and abandoning module UserFeedback (410)
[2017.08.24-18.49.37:771][377]LogModuleManager: Shutting down and abandoning module XmlParser (408)
[2017.08.24-18.49.37:771][377]LogModuleManager: Shutting down and abandoning module Blutility (406)
[2017.08.24-18.49.37:771][377]LogModuleManager: Shutting down and abandoning module ProjectSettingsViewer (404)
[2017.08.24-18.49.37:771][377]LogModuleManager: Shutting down and abandoning module ProjectTargetPlatformEditor (403)
[2017.08.24-18.49.37:771][377]LogModuleManager: Shutting down and abandoning module EditorSettingsViewer (400)
[2017.08.24-18.49.37:771][377]LogModuleManager: Shutting down and abandoning module SettingsEditor (398)
[2017.08.24-18.49.37:771][377]LogModuleManager: Shutting down and abandoning module ProjectLauncher (396)
[2017.08.24-18.49.37:772][377]LogModuleManager: Shutting down and abandoning module SessionFrontend (394)
[2017.08.24-18.49.37:772][377]LogModuleManager: Shutting down and abandoning module ProfilerClient (392)
[2017.08.24-18.49.37:773][377]LogModuleManager: Shutting down and abandoning module DeviceManager (390)
[2017.08.24-18.49.37:773][377]LogModuleManager: Shutting down and abandoning module TargetDeviceServices (389)
[2017.08.24-18.49.37:825][377]LogModuleManager: Shutting down and abandoning module AutomationController (386)
[2017.08.24-18.49.37:825][377]LogModuleManager: Shutting down and abandoning module AutomationWindow (384)
[2017.08.24-18.49.37:825][377]LogModuleManager: Shutting down and abandoning module Layers (382)
[2017.08.24-18.49.37:827][377]LogModuleManager: Shutting down and abandoning module ComponentVisualizers (380)
[2017.08.24-18.49.37:827][377]LogModuleManager: Shutting down and abandoning module DetailCustomizations (378)
[2017.08.24-18.49.37:827][377]LogModuleManager: Shutting down and abandoning module PackagesDialog (376)
[2017.08.24-18.49.37:827][377]LogModuleManager: Shutting down and abandoning module Persona (374)
[2017.08.24-18.49.37:827][377]LogModuleManager: Shutting down and abandoning module AdvancedPreviewScene (373)
[2017.08.24-18.49.37:827][377]LogModuleManager: Shutting down and abandoning module AnimGraph (371)
[2017.08.24-18.49.37:827][377]LogModuleManager: Shutting down and abandoning module Kismet (368)
[2017.08.24-18.49.37:833][377]LogModuleManager: Shutting down and abandoning module ClassViewer (366)
[2017.08.24-18.49.37:833][377]LogModuleManager: Shutting down and abandoning module Toolbox (364)
[2017.08.24-18.49.37:833][377]LogModuleManager: Shutting down and abandoning module ModuleUI (362)
[2017.08.24-18.49.37:834][377]LogModuleManager: Shutting down and abandoning module MovieSceneTools (360)
[2017.08.24-18.49.37:834][377]LogModuleManager: Shutting down and abandoning module OutputLog (358)
[2017.08.24-18.49.37:834][377]LogModuleManager: Shutting down and abandoning module GammaUI (356)
[2017.08.24-18.49.37:835][377]LogModuleManager: Shutting down and abandoning module Documentation (354)
[2017.08.24-18.49.37:835][377]LogModuleManager: Shutting down and abandoning module MovieSceneTracks (352)
[2017.08.24-18.49.37:835][377]LogModuleManager: Shutting down and abandoning module MovieScene (350)
[2017.08.24-18.49.37:835][377]LogModuleManager: Shutting down and abandoning module Niagara (348)
[2017.08.24-18.49.37:835][377]LogModuleManager: Shutting down and abandoning module NiagaraEditor (347)
[2017.08.24-18.49.37:835][377]LogModuleManager: Shutting down and abandoning module StreamingPauseRendering (344)
[2017.08.24-18.49.37:835][377]LogModuleManager: Shutting down and abandoning module AnalyticsET (342)
[2017.08.24-18.49.37:835][377]LogModuleManager: Shutting down and abandoning module PortalServices (340)
[2017.08.24-18.49.37:835][377]LogModuleManager: Shutting down and abandoning module PortalRpc (338)
[2017.08.24-18.49.37:835][377]LogModuleManager: Shutting down and abandoning module MessagingRpc (336)
[2017.08.24-18.49.37:835][377]LogModuleManager: Shutting down and abandoning module AIModule (334)
[2017.08.24-18.49.37:835][377]LogModuleManager: Shutting down and abandoning module GameplayDebugger (333)
[2017.08.24-18.49.37:835][377]LogModuleManager: Shutting down and abandoning module AITestSuite (331)
[2017.08.24-18.49.37:835][377]LogModuleManager: Shutting down and abandoning module ProfilerService (328)
[2017.08.24-18.49.38:047][377]LogModuleManager: Shutting down and abandoning module TaskGraph (326)
[2017.08.24-18.49.38:048][377]LogModuleManager: Shutting down and abandoning module SteamVRController (324)
[2017.08.24-18.49.38:048][377]LogModuleManager: Shutting down and abandoning module SteamVR (322)
[2017.08.24-18.49.38:048][377]LogModuleManager: Shutting down and abandoning module ProceduralMeshComponentEditor (320)
[2017.08.24-18.49.38:048][377]LogModuleManager: Shutting down and abandoning module ProceduralMeshComponent (318)
[2017.08.24-18.49.38:048][377]LogModuleManager: Shutting down and abandoning module OculusLibrary (316)
[2017.08.24-18.49.38:048][377]LogModuleManager: Shutting down and abandoning module OculusInput (314)
[2017.08.24-18.49.38:048][377]LogModuleManager: Shutting down and abandoning module MobilePatchingUtils (312)
[2017.08.24-18.49.38:048][377]LogModuleManager: Shutting down and abandoning module CustomMeshComponent (310)
[2017.08.24-18.49.38:048][377]LogModuleManager: Shutting down and abandoning module CableComponent (308)
[2017.08.24-18.49.38:048][377]LogModuleManager: Shutting down and abandoning module ArchVisCharacter (306)
[2017.08.24-18.49.38:048][377]LogModuleManager: Shutting down and abandoning module AndroidPermission (304)
[2017.08.24-18.49.38:048][377]LogModuleManager: Shutting down and abandoning module MediaPlayerEditor (300)
[2017.08.24-18.49.38:049][377]LogModuleManager: Shutting down and abandoning module HTML5Networking (298)
[2017.08.24-18.49.38:049][377]LogModuleManager: Shutting down and abandoning module AlembicImporter (296)
[2017.08.24-18.49.38:049][377]LogModuleManager: Shutting down and abandoning module AlembicLibrary (295)
[2017.08.24-18.49.38:049][377]LogModuleManager: Shutting down and abandoning module GeometryCache (294)
[2017.08.24-18.49.38:049][377]LogModuleManager: Shutting down and abandoning module GeometryCacheEd (293)
[2017.08.24-18.49.38:049][377]LogModuleManager: Shutting down and abandoning module SuperSearchEditor (288)
[2017.08.24-18.49.38:049][377]LogModuleManager: Shutting down and abandoning module SuperSearch (287)
[2017.08.24-18.49.38:049][377]LogModuleManager: Shutting down and abandoning module SpeedTreeImporter (284)
[2017.08.24-18.49.38:049][377]LogModuleManager: Shutting down and abandoning module PluginBrowser (282)
[2017.08.24-18.49.38:049][377]LogModuleManager: Shutting down and abandoning module MobileLauncherProfileWizard (280)
[2017.08.24-18.49.38:049][377]LogModuleManager: Shutting down and abandoning module VisualStudioSourceCodeAccess (278)
[2017.08.24-18.49.38:049][377]LogModuleManager: Shutting down and abandoning module DesktopPlatform (277)
[2017.08.24-18.49.38:049][377]LogModuleManager: Shutting down and abandoning module UObjectPlugin (274)
[2017.08.24-18.49.38:049][377]LogModuleManager: Shutting down and abandoning module SubversionSourceControl (272)
[2017.08.24-18.49.38:049][377]LogModuleManager: Shutting down and abandoning module PerforceSourceControl (270)
[2017.08.24-18.49.38:049][377]LogModuleManager: Shutting down and abandoning module GitSourceControl (268)
[2017.08.24-18.49.38:049][377]LogModuleManager: Shutting down and abandoning module SourceControl (267)
[2017.08.24-18.49.38:049][377]LogModuleManager: Shutting down and abandoning module LightPropagationVolumeEditor (264)
[2017.08.24-18.49.38:049][377]LogModuleManager: Shutting down and abandoning module PaperTiledImporter (262)
[2017.08.24-18.49.38:049][377]LogModuleManager: Shutting down and abandoning module PaperSpriteSheetImporter (260)
[2017.08.24-18.49.38:049][377]LogModuleManager: Shutting down and abandoning module Paper2DEditor (258)
[2017.08.24-18.49.38:049][377]LogModuleManager: Shutting down and abandoning module MeshPaint (257)
[2017.08.24-18.49.38:049][377]LogModuleManager: Shutting down and abandoning module LevelEditor (255)
[2017.08.24-18.49.38:049][377]LogModuleManager: Shutting down and abandoning module PixelInspectorModule (254)
[2017.08.24-18.49.38:049][377]LogModuleManager: Shutting down and abandoning module MainFrame (252)
[2017.08.24-18.49.38:049][377]LogModuleManager: Shutting down and abandoning module HotReload (251)
[2017.08.24-18.49.38:050][377]LogModuleManager: Shutting down and abandoning module PhysXVehiclesEditor (246)
[2017.08.24-18.49.38:050][377]LogModuleManager: Shutting down and abandoning module PhysXVehicles (244)
[2017.08.24-18.49.38:050][377]LogModuleManager: Shutting down and abandoning module LocationServicesBPLibrary (242)
[2017.08.24-18.49.38:050][377]LogModuleManager: Shutting down and abandoning module ImmediatePhysicsEditor (240)
[2017.08.24-18.49.38:050][377]LogModuleManager: Shutting down and abandoning module ImmediatePhysics (238)
[2017.08.24-18.49.38:050][377]LogModuleManager: Shutting down and abandoning module UdpMessaging (236)
[2017.08.24-18.49.38:151][377]LogModuleManager: Shutting down and abandoning module TcpMessaging (234)
[2017.08.24-18.49.38:251][377]LogModuleManager: Shutting down and abandoning module GameplayTagsEditor (232)
[2017.08.24-18.49.38:251][377]LogModuleManager: Shutting down and abandoning module FacialAnimationEditor (230)
[2017.08.24-18.49.38:251][377]LogModuleManager: Shutting down and abandoning module FacialAnimation (228)
[2017.08.24-18.49.38:251][377]LogModuleManager: Shutting down and abandoning module AssetManagerEditor (226)
[2017.08.24-18.49.38:251][377]LogModuleManager: Shutting down and abandoning module GraphEditor (225)
[2017.08.24-18.49.38:251][377]LogModuleManager: Shutting down and abandoning module ContentBrowser (223)
[2017.08.24-18.49.38:252][377]LogModuleManager: Shutting down and abandoning module LightPropagationVolumeRuntime (220)
[2017.08.24-18.49.38:252][377]LogModuleManager: Shutting down and abandoning module Paper2D (218)
[2017.08.24-18.49.38:252][377]LogModuleManager: Shutting down and abandoning module WindowsMoviePlayer (216)
[2017.08.24-18.49.38:252][377]LogModuleManager: Shutting down and abandoning module WmfMedia (214)
[2017.08.24-18.49.38:252][377]LogModuleManager: Shutting down and abandoning module ClothingSystemEditor (212)
[2017.08.24-18.49.38:252][377]LogModuleManager: Shutting down and abandoning module ClothingSystemRuntime (210)
[2017.08.24-18.49.38:253][377]LogModuleManager: Shutting down and abandoning module MediaAssets (208)
[2017.08.24-18.49.38:253][377]LogModuleManager: Shutting down and abandoning module GameLiveStreaming (206)
[2017.08.24-18.49.38:253][377]LogModuleManager: Shutting down and abandoning module VREditor (204)
[2017.08.24-18.49.38:253][377]LogModuleManager: Shutting down and abandoning module StringTableEditor (202)
[2017.08.24-18.49.38:253][377]LogModuleManager: Shutting down and abandoning module GameplayTasksEditor (200)
[2017.08.24-18.49.38:253][377]LogModuleManager: Shutting down and abandoning module BehaviorTreeEditor (198)
[2017.08.24-18.49.38:254][377]LogModuleManager: Shutting down and abandoning module FunctionalTesting (196)
[2017.08.24-18.49.38:254][377]LogModuleManager: Shutting down and abandoning module CollisionAnalyzer (194)
[2017.08.24-18.49.38:254][377]LogModuleManager: Shutting down and abandoning module UMG (192)
[2017.08.24-18.49.38:254][377]LogModuleManager: Shutting down and abandoning module UMGEditor (191)
[2017.08.24-18.49.38:254][377]LogModuleManager: Shutting down and abandoning module Sequencer (190)
[2017.08.24-18.49.38:254][377]LogModuleManager: Shutting down and abandoning module AssetTools (188)
[2017.08.24-18.49.38:255][377]LogModuleManager: Shutting down and abandoning module MessageLog (187)
[2017.08.24-18.49.38:255][377]LogModuleManager: Shutting down and abandoning module WorkspaceMenuStructure (186)
[2017.08.24-18.49.38:255][377]LogModuleManager: Shutting down and abandoning module SlateReflector (180)
[2017.08.24-18.49.38:256][377]LogModuleManager: Shutting down and abandoning module Slate (178)
[2017.08.24-18.49.38:256][377]LogModuleManager: Shutting down and abandoning module EditorStyle (176)
[2017.08.24-18.49.38:257][377]LogModuleManager: Shutting down and abandoning module SourceCodeAccess (174)
[2017.08.24-18.49.38:257][377]LogModuleManager: Shutting down and abandoning module HeadMountedDisplay (172)
[2017.08.24-18.49.38:257][377]LogModuleManager: Shutting down and abandoning module XAudio2 (170)
[2017.08.24-18.49.38:257][377]LogModuleManager: Shutting down and abandoning module Networking (168)
[2017.08.24-18.49.38:257][377]LogModuleManager: Shutting down and abandoning module Core (164)
[2017.08.24-18.49.38:257][377]LogModuleManager: Shutting down and abandoning module AssetRegistry (162)
[2017.08.24-18.49.38:289][377]LogDirectoryWatcher: A directory notification for '../../../Engine/Content/' was aborted.
[2017.08.24-18.49.38:289][377]LogDirectoryWatcher: A directory notification for '../../../../../../Users/Bendick/Documents/GitHub/SR_Prototype_V2/SR_Prototype_V2/Content/' was aborted.
[2017.08.24-18.49.38:289][377]LogDirectoryWatcher: A directory notification for '../../../Engine/Plugins/2D/Paper2D/Content/' was aborted.
[2017.08.24-18.49.38:289][377]LogDirectoryWatcher: A directory notification for '../../../Engine/Plugins/Runtime/GearVR/Content/' was aborted.
[2017.08.24-18.49.38:290][377]LogModuleManager: Shutting down and abandoning module DirectoryWatcher (161)
[2017.08.24-18.49.38:290][377]LogModuleManager: Shutting down and abandoning module KismetCompiler (158)
[2017.08.24-18.49.38:290][377]LogModuleManager: Shutting down and abandoning module LevelSequence (156)
[2017.08.24-18.49.38:290][377]LogModuleManager: Shutting down and abandoning module PhysXFormats (154)
[2017.08.24-18.49.38:290][377]LogModuleManager: Shutting down and abandoning module MeshUtilities (152)
[2017.08.24-18.49.38:290][377]LogModuleManager: Shutting down and abandoning module SimplygonSwarm (151)
[2017.08.24-18.49.38:290][377]LogModuleManager: Shutting down and abandoning module SimplygonMeshReduction (149)
[2017.08.24-18.49.38:290][377]LogModuleManager: Shutting down and abandoning module QuadricMeshReduction (147)
[2017.08.24-18.49.38:290][377]LogModuleManager: Shutting down and abandoning module DerivedDataCache (144)
[2017.08.24-18.49.38:355][377]LogDerivedDataCache: Shutdown
[2017.08.24-18.49.38:355][377]LogModuleManager: Shutting down and abandoning module TargetPlatform (142)
[2017.08.24-18.49.38:355][377]LogModuleManager: Shutting down and abandoning module VulkanShaderFormat (141)
[2017.08.24-18.49.38:355][377]LogModuleManager: Shutting down and abandoning module ShaderFormatVectorVM (139)
[2017.08.24-18.49.38:356][377]LogModuleManager: Shutting down and abandoning module ShaderFormatOpenGL (137)
[2017.08.24-18.49.38:356][377]LogModuleManager: Shutting down and abandoning module ShaderFormatD3D (135)
[2017.08.24-18.49.38:356][377]LogModuleManager: Shutting down and abandoning module MetalShaderFormat (133)
[2017.08.24-18.49.38:357][377]LogModuleManager: Shutting down and abandoning module TextureFormatUncompressed (131)
[2017.08.24-18.49.38:357][377]LogModuleManager: Shutting down and abandoning module TextureFormatPVR (129)
[2017.08.24-18.49.38:357][377]LogModuleManager: Shutting down and abandoning module TextureFormatDXT (127)
[2017.08.24-18.49.38:357][377]LogModuleManager: Shutting down and abandoning module TextureFormatIntelISPCTexComp (125)
[2017.08.24-18.49.38:357][377]LogModuleManager: Shutting down and abandoning module TextureFormatASTC (123)
[2017.08.24-18.49.38:357][377]LogModuleManager: Shutting down and abandoning module ImageWrapper (122)
[2017.08.24-18.49.38:357][377]LogModuleManager: Shutting down and abandoning module TextureFormatAndroid (119)
[2017.08.24-18.49.38:357][377]LogModuleManager: Shutting down and abandoning module AudioFormatOpus (117)
[2017.08.24-18.49.38:357][377]LogModuleManager: Shutting down and abandoning module AudioFormatOgg (115)
[2017.08.24-18.49.38:357][377]LogModuleManager: Shutting down and abandoning module AudioFormatADPCM (113)
[2017.08.24-18.49.38:357][377]LogModuleManager: Shutting down and abandoning module LinuxTargetPlatform (111)
[2017.08.24-18.49.38:357][377]LogModuleManager: Shutting down and abandoning module LinuxServerTargetPlatform (109)
[2017.08.24-18.49.38:357][377]LogModuleManager: Shutting down and abandoning module LinuxNoEditorTargetPlatform (107)
[2017.08.24-18.49.38:357][377]LogModuleManager: Shutting down and abandoning module LinuxClientTargetPlatform (105)
[2017.08.24-18.49.38:357][377]LogModuleManager: Shutting down and abandoning module TVOSTargetPlatform (103)
[2017.08.24-18.49.38:357][377]LogModuleManager: Shutting down and abandoning module Messaging (101)
[2017.08.24-18.49.38:357][377]LogModuleManager: Shutting down and abandoning module IOSTargetPlatform (99)
[2017.08.24-18.49.38:357][377]LogModuleManager: Shutting down and abandoning module HTML5TargetPlatform (97)
[2017.08.24-18.49.38:357][377]LogModuleManager: Shutting down and abandoning module Android_PVRTCTargetPlatform (95)
[2017.08.24-18.49.38:357][377]LogModuleManager: Shutting down and abandoning module Android_MultiTargetPlatform (93)
[2017.08.24-18.49.38:357][377]LogModuleManager: Shutting down and abandoning module Android_ETC2TargetPlatform (91)
[2017.08.24-18.49.38:357][377]LogModuleManager: Shutting down and abandoning module Android_ETC1TargetPlatform (89)
[2017.08.24-18.49.38:357][377]LogModuleManager: Shutting down and abandoning module Android_DXTTargetPlatform (87)
[2017.08.24-18.49.38:357][377]LogModuleManager: Shutting down and abandoning module Android_ATCTargetPlatform (85)
[2017.08.24-18.49.38:357][377]LogModuleManager: Shutting down and abandoning module Android_ASTCTargetPlatform (83)
[2017.08.24-18.49.38:357][377]LogModuleManager: Shutting down and abandoning module AndroidTargetPlatform (81)
[2017.08.24-18.49.38:357][377]LogModuleManager: Shutting down and abandoning module WindowsTargetPlatform (79)
[2017.08.24-18.49.38:357][377]LogModuleManager: Shutting down and abandoning module WindowsServerTargetPlatform (77)
[2017.08.24-18.49.38:357][377]LogModuleManager: Shutting down and abandoning module WindowsNoEditorTargetPlatform (75)
[2017.08.24-18.49.38:357][377]LogModuleManager: Shutting down and abandoning module WindowsClientTargetPlatform (73)
[2017.08.24-18.49.38:357][377]LogModuleManager: Shutting down and abandoning module MacTargetPlatform (71)
[2017.08.24-18.49.38:357][377]LogModuleManager: Shutting down and abandoning module MacServerTargetPlatform (69)
[2017.08.24-18.49.38:357][377]LogModuleManager: Shutting down and abandoning module MacNoEditorTargetPlatform (67)
[2017.08.24-18.49.38:357][377]LogModuleManager: Shutting down and abandoning module MacClientTargetPlatform (65)
[2017.08.24-18.49.38:357][377]LogModuleManager: Shutting down and abandoning module AllDesktopTargetPlatform (63)
[2017.08.24-18.49.38:357][377]LogModuleManager: Shutting down and abandoning module InputCore (60)
[2017.08.24-18.49.38:357][377]LogModuleManager: Shutting down and abandoning module Settings (58)
[2017.08.24-18.49.38:357][377]LogModuleManager: Shutting down and abandoning module OculusRift (56)
[2017.08.24-18.49.38:357][377]LogModuleManager: Shutting down and abandoning module GearVRController (54)
[2017.08.24-18.49.38:357][377]LogModuleManager: Shutting down and abandoning module GearVR (52)
[2017.08.24-18.49.38:357][377]LogModuleManager: Shutting down and abandoning module ExampleDeviceProfileSelector (50)
[2017.08.24-18.49.38:357][377]LogModuleManager: Shutting down and abandoning module OnlineBlueprintSupport (48)
[2017.08.24-18.49.38:357][377]LogModuleManager: Shutting down and abandoning module OnlineSubsystem (44)
[2017.08.24-18.49.38:357][377]LogOnline:Display: Unloading online subsystem: NULL
[2017.08.24-18.49.38:358][377]LogModuleManager: Shutting down and abandoning module XMPP (43)
[2017.08.24-18.49.38:358][377]LogModuleManager: Shutting down and abandoning module HTTP (41)
[2017.08.24-18.49.38:358][377]LogHttp:Display: Http module shutting down, but needs to wait on 1 outstanding Http requests:
[2017.08.24-18.49.38:358][377]LogHttp:Display: 	verb=[POST] url=[https://datarouter.ol.epicgames.com/datarouter/api/v1/public/data?SessionID=%7B0A9FAAA4-4C34-9109-A2D8-C1960F838221%7D&AppID=UEEditor.Rocket.Release&AppVersion=4.16.3-3561208%2B%2B%2BUE4%2BRelease-4.16&UserID=0c75b627499df609a8813c9ced46962c%7Cfebaf0232e0e4e628b45a2bec753bbbc%7C408adb04-e8c0-4c29-a1fb-4d7ed05dedd7&AppEnvironment=datacollector-binary&UploadType=eteventstream] status=Processing
[2017.08.24-18.49.38:362][377]LogModuleManager: Shutting down and abandoning module SSL (40)
[2017.08.24-18.49.38:363][377]LogModuleManager: Shutting down and abandoning module HTTPChunkInstaller (36)
[2017.08.24-18.49.38:364][377]LogModuleManager: Shutting down and abandoning module AnimationModifiers (34)
[2017.08.24-18.49.38:364][377]LogModuleManager: Shutting down and abandoning module PropertyEditor (33)
[2017.08.24-18.49.38:364][377]LogModuleManager: Shutting down and abandoning module AudioEditor (30)
[2017.08.24-18.49.38:364][377]LogModuleManager: Shutting down and abandoning module TextureCompressor (28)
[2017.08.24-18.49.38:364][377]LogModuleManager: Shutting down and abandoning module ShaderCore (26)
[2017.08.24-18.49.38:364][377]LogModuleManager: Shutting down and abandoning module Landscape (24)
[2017.08.24-18.49.38:364][377]LogModuleManager: Shutting down and abandoning module SlateRHIRenderer (22)
[2017.08.24-18.49.38:365][377]LogModuleManager: Shutting down and abandoning module OpenGLDrv (20)
[2017.08.24-18.49.38:366][377]LogModuleManager: Shutting down and abandoning module D3D11RHI (18)
[2017.08.24-18.49.38:366][377]LogModuleManager: Shutting down and abandoning module AnimGraphRuntime (16)
[2017.08.24-18.49.38:366][377]LogModuleManager: Shutting down and abandoning module Renderer (14)
[2017.08.24-18.49.38:366][377]LogModuleManager: Shutting down and abandoning module Engine (12)
[2017.08.24-18.49.38:366][377]LogModuleManager: Shutting down and abandoning module CoreUObject (10)
[2017.08.24-18.49.38:366][377]LogModuleManager: Shutting down and abandoning module NetworkFile (8)
[2017.08.24-18.49.38:366][377]LogModuleManager: Shutting down and abandoning module StreamingFile (6)
[2017.08.24-18.49.38:366][377]LogModuleManager: Shutting down and abandoning module SandboxFile (4)
[2017.08.24-18.49.38:366][377]LogModuleManager: Shutting down and abandoning module PakFile (2)
[2017.08.24-18.49.38:367][377]LogExit: Exiting.
[2017.08.24-18.49.38:380][377]Log file closed, 08/24/17 20:49:38
