Log file open, 08/24/17 15:40:53
LogInit:Display: Running engine for game: SR_Prototype_V2
LogPlatformFile: Not using cached read wrapper
LogInit:Display: RandInit(-1515926384) SRandInit(-1515926383).
LogTaskGraph: Started task graph with 5 named threads and 8 total threads with 1 sets of task threads.
LogStats: Stats thread started at 0.080632
LogInit: Using libcurl 7.47.1
LogInit:  - built for x86_64-pc-win32
LogInit:  - supports SSL with OpenSSL/1.0.2g
LogInit:  - supports HTTP deflate (compression) using libz 1.2.8
LogInit:  - other features:
LogInit:      CURL_VERSION_SSL
LogInit:      CURL_VERSION_LIBZ
LogInit:      CURL_VERSION_IPV6
LogInit:      CURL_VERSION_ASYNCHDNS
LogInit:      CURL_VERSION_LARGEFILE
LogInit:      CURL_VERSION_IDN
LogInit:  CurlRequestOptions (configurable via config and command line):
LogInit:  - bVerifyPeer = false  - Libcurl will NOT verify peer certificate
LogInit:  - bUseHttpProxy = false  - Libcurl will NOT use HTTP proxy
LogInit:  - bDontReuseConnections = false  - Libcurl will reuse connections
LogInit:  - CertBundlePath = nullptr  - Libcurl will use whatever was configured at build time.
LogInit: Build: ++UE4+Release-4.16-CL-3561208
LogInit: Engine Version: 4.16.3-3561208+++UE4+Release-4.16
LogInit: Compatible Engine Version: 4.16.0-3452394+++UE4+Release-4.16
LogInit: Net CL: 3452394
LogDevObjectVersion: Number of dev versions registered: 16
LogDevObjectVersion:   Dev-Blueprints (B0D832E4-1F89-4F0D-ACCF-7EB736FD4AA2): 9
LogDevObjectVersion:   Dev-Build (E1C64328-A22C-4D53-A36C-8E866417BD8C): 0
LogDevObjectVersion:   Dev-Core (375EC13C-06E4-48FB-B500-84F0262A717E): 2
LogDevObjectVersion:   Dev-Editor (E4B068ED-F494-42E9-A231-DA0B2E46BB41): 17
LogDevObjectVersion:   Dev-Framework (CFFC743F-43B0-4480-9391-14DF171D2073): 23
LogDevObjectVersion:   Dev-Mobile (B02B49B5-BB20-44E9-A304-32B752E40360): 0
LogDevObjectVersion:   Dev-Networking (A4E4105C-59A1-49B5-A7C5-40C4547EDFEE): 0
LogDevObjectVersion:   Dev-Online (39C831C9-5AE6-47DC-9A44-9C173E1C8E7C): 0
LogDevObjectVersion:   Dev-Physics (78F01B33-EBEA-4F98-B9B4-84EACCB95AA2): 0
LogDevObjectVersion:   Dev-Platform (6631380F-2D4D-43E0-8009-CF276956A95A): 0
LogDevObjectVersion:   Dev-Rendering (12F88B9F-8875-4AFC-A67C-D90C383ABD29): 15
LogDevObjectVersion:   Dev-Sequencer (7B5AE74C-D270-4C10-A958-57980B212A5A): 4
LogDevObjectVersion:   Dev-VR (D7296918-1DD6-4BDD-9DE2-64A83CC13884): 0
LogDevObjectVersion:   Dev-LoadTimes (C2A15278-BFE7-4AFE-6C17-90FF531DF755): 1
LogDevObjectVersion:   Private-Geometry (6EACA3D4-40EC-4CC1-B786-8BED09428FC5): 1
LogDevObjectVersion:   Dev-AnimPhys (29E575DD-E0A3-4627-9D10-D276232CDCEA): 3
LogInit: Compiled (64-bit): Jul 28 2017 11:49:47
LogInit: Compiled with Visual C++: 19.00.24215.01
LogInit: Build Configuration: Development
LogInit: Branch Name: ++UE4+Release-4.16
LogInit: Command line:  
LogInit: Base directory: E:/Unreal Engine Versions/UE_4.16/Engine/Binaries/Win64/
LogInit: Installed Engine Build: 1
LogInit: Presizing for max 8388607 objects, including 0 objects not considered by GC, pre-allocating 0 bytes for permanent pool.
LogInit: Object subsystem initialized
[2017.08.24-13.40.53:472][  0]LogInit: Selected Device Profile: [Windows]
[2017.08.24-13.40.53:472][  0]LogInit: Applying CVar settings loaded from the selected device profile: [Windows]
[2017.08.24-13.40.53:481][  0]LogInit: Computer: DESKTOP-IUT1OKO
[2017.08.24-13.40.53:481][  0]LogInit: User: Steffen
[2017.08.24-13.40.53:481][  0]LogInit: CPU Page size=4096, Cores=4
[2017.08.24-13.40.53:481][  0]LogInit: High frequency timer resolution =3.906249 MHz
[2017.08.24-13.40.53:481][  0]LogMemory: Memory total: Physical=15.9GB (16GB approx)
[2017.08.24-13.40.53:481][  0]LogMemory: Platform Memory Stats for Windows
[2017.08.24-13.40.53:481][  0]LogMemory: Process Physical Memory: 272.55 MB used, 272.55 MB peak
[2017.08.24-13.40.53:481][  0]LogMemory: Process Virtual Memory: 260.75 MB used, 260.75 MB peak
[2017.08.24-13.40.53:481][  0]LogMemory: Physical Memory: 7495.78 MB used,  8828.56 MB free, 16324.34 MB total
[2017.08.24-13.40.53:481][  0]LogMemory: Virtual Memory: 638.23 MB used,  8828.56 MB free, 134217728.00 MB total
[2017.08.24-13.40.53:526][  0]LogInit: Using OS detected language (nb-NO).
[2017.08.24-13.40.53:526][  0]LogInit: Using OS detected locale (nb-NO).
[2017.08.24-13.40.53:529][  0]LogTextLocalizationManager: No localization for 'nb-NO' exists, so 'en' will be used for the language.
[2017.08.24-13.40.53:529][  0]LogTextLocalizationManager: No localization for 'nb-NO' exists, so 'en' will be used for the locale.
[2017.08.24-13.40.54:387][  0]LogD3D11RHI: D3D11 adapters:
[2017.08.24-13.40.54:925][  0]LogD3D11RHI:    0. 'NVIDIA GeForce GTX 1080 Ti' (Feature Level 11_0)
[2017.08.24-13.40.54:925][  0]LogD3D11RHI:       11124/0/8162 MB DedicatedVideo/DedicatedSystem/SharedSystem, Outputs:3, VendorId:0x10de
[2017.08.24-13.40.54:926][  0]LogD3D11RHI:    1. 'Microsoft Basic Render Driver' (Feature Level 11_0)
[2017.08.24-13.40.54:926][  0]LogD3D11RHI:       0/0/8162 MB DedicatedVideo/DedicatedSystem/SharedSystem, Outputs:0, VendorId:0x1414
[2017.08.24-13.40.54:926][  0]LogD3D11RHI: Chosen D3D11 Adapter: 0
[2017.08.24-13.40.54:930][  0]LogD3D11RHI: Creating new Direct3DDevice
[2017.08.24-13.40.54:930][  0]LogD3D11RHI:     GPU DeviceId: 0x1b06 (for the marketing name, search the web for "GPU Device Id")
[2017.08.24-13.40.54:930][  0]LogWindows: EnumDisplayDevices:
[2017.08.24-13.40.54:930][  0]LogWindows:    0. 'NVIDIA GeForce GTX 1080 Ti' (P:1 D:1)
[2017.08.24-13.40.54:931][  0]LogWindows:    1. 'NVIDIA GeForce GTX 1080 Ti' (P:0 D:1)
[2017.08.24-13.40.54:931][  0]LogWindows:    2. 'NVIDIA GeForce GTX 1080 Ti' (P:0 D:1)
[2017.08.24-13.40.54:931][  0]LogWindows:    3. 'NVIDIA GeForce GTX 1080 Ti' (P:0 D:0)
[2017.08.24-13.40.54:931][  0]LogWindows: DebugString: FoundDriverCount:4 
[2017.08.24-13.40.54:931][  0]LogD3D11RHI:     Adapter Name: NVIDIA GeForce GTX 1080 Ti
[2017.08.24-13.40.54:931][  0]LogD3D11RHI:   Driver Version: 384.94 (internal:22.21.13.8494, unified:384.94)
[2017.08.24-13.40.54:931][  0]LogD3D11RHI:      Driver Date: 7-18-2017
[2017.08.24-13.40.54:931][  0]LogRHI: Texture pool is 1361 MB (70% of 1945 MB)
[2017.08.24-13.40.55:446][  0]LogD3D11RHI: Async texture creation enabled
[2017.08.24-13.40.55:505][  0]LogD3D11RHI: GPU Timing Frequency: 1000.000000 (Debug: 2 1)
[2017.08.24-13.40.55:598][  0]LogShaderCompilers: Guid format shader working directory is -13 characters bigger than the processId version (../../../../../GitHubProjects/SR_Prototype_V2/SR_Prototype_V2/Intermediate/Shaders/WorkingDirectory/2112/).
[2017.08.24-13.40.55:598][  0]LogShaderCompilers: Cleaned the shader compiler working directory 'C:/Users/Steffen/AppData/Local/Temp/UnrealShaderWorkingDir/0422B2054D77554641C30EB1BEFC6FA1/'.
[2017.08.24-13.40.55:598][  0]LogShaderCompilers:Display: Using Local Shader Compiler.
[2017.08.24-13.40.56:436][  0]LogTemp:Display: Loaded TP AllDesktopTargetPlatform
[2017.08.24-13.40.56:465][  0]LogTemp:Display: Loaded TP MacClientTargetPlatform
[2017.08.24-13.40.56:500][  0]LogTemp:Display: Loaded TP MacNoEditorTargetPlatform
[2017.08.24-13.40.56:531][  0]LogTemp:Display: Loaded TP MacServerTargetPlatform
[2017.08.24-13.40.56:565][  0]LogTemp:Display: Loaded TP MacTargetPlatform
[2017.08.24-13.40.56:596][  0]LogTemp:Display: Loaded TP WindowsClientTargetPlatform
[2017.08.24-13.40.56:627][  0]LogTemp:Display: Loaded TP WindowsNoEditorTargetPlatform
[2017.08.24-13.40.56:658][  0]LogTemp:Display: Loaded TP WindowsServerTargetPlatform
[2017.08.24-13.40.56:683][  0]LogTemp:Display: Loaded TP WindowsTargetPlatform
[2017.08.24-13.40.56:718][  0]LogTemp:Display: Loaded TP AndroidTargetPlatform
[2017.08.24-13.40.56:749][  0]LogTemp:Display: Loaded TP Android_ASTCTargetPlatform
[2017.08.24-13.40.56:781][  0]LogTemp:Display: Loaded TP Android_ATCTargetPlatform
[2017.08.24-13.40.56:810][  0]LogTemp:Display: Loaded TP Android_DXTTargetPlatform
[2017.08.24-13.40.56:840][  0]LogTemp:Display: Loaded TP Android_ETC1TargetPlatform
[2017.08.24-13.40.56:871][  0]LogTemp:Display: Loaded TP Android_ETC2TargetPlatform
[2017.08.24-13.40.56:930][  0]LogTemp:Display: Loaded TP Android_MultiTargetPlatform
[2017.08.24-13.40.56:930][  0]LogTemp:Display: Loaded TP Android_PVRTCTargetPlatform
[2017.08.24-13.40.56:953][  0]LogTemp:Display: Loaded TP HTML5TargetPlatform
[2017.08.24-13.40.57:015][  0]LogTemp:Display: Loaded TP IOSTargetPlatform
[2017.08.24-13.40.57:035][  0]LogTemp:Display: Loaded TP TVOSTargetPlatform
[2017.08.24-13.40.57:065][  0]LogTemp:Display: Loaded TP LinuxClientTargetPlatform
[2017.08.24-13.40.57:093][  0]LogTemp:Display: Loaded TP LinuxNoEditorTargetPlatform
[2017.08.24-13.40.57:126][  0]LogTemp:Display: Loaded TP LinuxServerTargetPlatform
[2017.08.24-13.40.57:160][  0]LogTemp:Display: Loaded TP LinuxTargetPlatform
[2017.08.24-13.40.57:160][  0]LogTargetPlatformManager:Display: Building Assets For Windows
[2017.08.24-13.40.57:442][  0]LogDerivedDataCache:Display: Max Cache Size: 512 MB
[2017.08.24-13.40.57:540][  0]LogDerivedDataCache: Loaded boot cache 0.10s 111MB C:/Users/Steffen/AppData/Local/UnrealEngine/4.16/DerivedDataCache/Boot.ddc.
[2017.08.24-13.40.57:540][  0]LogDerivedDataCache:Display: Loaded Boot cache: C:/Users/Steffen/AppData/Local/UnrealEngine/4.16/DerivedDataCache/Boot.ddc
[2017.08.24-13.40.57:540][  0]LogDerivedDataCache: FDerivedDataBackendGraph:  Pak pak cache file ../../../../../GitHubProjects/SR_Prototype_V2/SR_Prototype_V2/DerivedDataCache/DDC.ddp not found, will not use a pak cache.
[2017.08.24-13.40.57:540][  0]LogDerivedDataCache: Unable to find inner node Pak for hierarchical cache Hierarchy.
[2017.08.24-13.40.57:540][  0]LogDerivedDataCache: FDerivedDataBackendGraph:  CompressedPak pak cache file ../../../../../GitHubProjects/SR_Prototype_V2/SR_Prototype_V2/DerivedDataCache/Compressed.ddp not found, will not use a pak cache.
[2017.08.24-13.40.57:540][  0]LogDerivedDataCache: Unable to find inner node CompressedPak for hierarchical cache Hierarchy.
[2017.08.24-13.40.57:553][  0]LogDerivedDataCache:Display: Pak cache opened for reading ../../../Engine/DerivedDataCache/Compressed.ddp.
[2017.08.24-13.40.57:565][  0]LogDerivedDataCache: Using Local data cache path C:/Users/Steffen/AppData/Local/UnrealEngine/Common/DerivedDataCache: Writable
[2017.08.24-13.40.57:574][  0]LogMaterial: Verifying Global Shaders for PCD3D_SM5
[2017.08.24-13.40.57:574][  0]LogSlate: Using Freetype 2.6.0
[2017.08.24-13.40.57:574][  0]LogSlate: SlateFontCache - WITH_FREETYPE: 1, WITH_HARFBUZZ: 1
[2017.08.24-13.40.57:574][  0]LogSlate: SlateFontCache - WITH_FREETYPE: 1, WITH_HARFBUZZ: 1
[2017.08.24-13.40.57:819][  0]LogInit: Selected Device Profile: [Windows]
[2017.08.24-13.40.57:981][  0]LogMeshUtilities: Using QuadricMeshReduction for automatic static mesh reduction
[2017.08.24-13.40.58:004][  0]LogSimplygon: Simplygon DLL not present - disabling.
[2017.08.24-13.40.58:031][  0]LogMeshUtilities: Using SimplygonSwarm for distributed automatic mesh merging
[2017.08.24-13.40.58:031][  0]LogMeshUtilities: No automatic skeletal mesh reduction module available
[2017.08.24-13.40.58:031][  0]LogMeshUtilities: No automatic mesh merging module available
[2017.08.24-13.40.58:453][  0]LogNetVersion: SR_Prototype_V2 , NetCL: 3452394, EngineNetVer: 2, GameNetVer: 0 (Checksum: 2634772556)
[2017.08.24-13.40.58:501][  0]LogAssetRegistry: FAssetRegistry took 0.0243 seconds to start up
[2017.08.24-13.40.58:529][  0]LogPackageLocalizationCache: Processed 4 localized package path(s) for 1 prioritized culture(s) in 0.016050 seconds
[2017.08.24-13.40.58:533][  0]LogUObjectArray: 34194 objects as part of root set at end of initial load.
[2017.08.24-13.40.58:533][  0]LogUObjectAllocator: 7260424 out of 0 bytes used by permanent object pool.
[2017.08.24-13.40.58:533][  0]LogUObjectArray: CloseDisregardForGC: 0/0 objects in disregard for GC pool
[2017.08.24-13.40.58:568][  0]LogInit: WinSock: version 1.1 (2.2), MaxSocks=32767, MaxUdp=65467
[2017.08.24-13.41.00:192][  0]LogTcpMessaging: Initializing TcpMessaging bridge
[2017.08.24-13.41.00:220][  0]LogUdpMessaging: Initializing bridge on interface 0.0.0.0:0 to multicast group 230.0.0.1:6666.
[2017.08.24-13.41.00:593][  0]LogMaterial: Uniform references updated for custom material expression Custom.
[2017.08.24-13.41.00:847][  0]SourceControl: Info Source control is disabled
[2017.08.24-13.41.00:847][  0]SourceControl: Info Source control is disabled
[2017.08.24-13.41.00:877][  0]SourceControl: Info Source control is disabled
[2017.08.24-13.41.00:904][  0]SourceControl: Info Source control is disabled
[2017.08.24-13.41.01:290][  0]LogAndroidPermission: UAndroidPermissionCallbackProxy::GetInstance
[2017.08.24-13.41.01:649][  0]LogEngine: Initializing Engine...
[2017.08.24-13.41.01:650][  0]LogHMD: Failed to initialize OpenVR with code 110
[2017.08.24-13.41.01:817][  0]LogStats: UGameplayTagsManager::ConstructGameplayTagTree: Construct from data asset -  0.000 s
[2017.08.24-13.41.01:817][  0]LogStats: UGameplayTagsManager::ConstructGameplayTagTree: GameplayTagTreeChangedEvent.Broadcast -  0.000 s
[2017.08.24-13.41.01:897][  0]LogAIModule: Creating AISystem for world Untitled
[2017.08.24-13.41.01:908][  0]LogInit: XAudio2 using 'SPDIF Interface (4- uDAC-3 Async)' : 2 channels at 48 kHz using 16 bits per sample (channel mask 0x3)
[2017.08.24-13.41.01:916][  0]LogInit: FAudioDevice initialized.
[2017.08.24-13.41.01:970][  0]LogDerivedDataCache: Saved boot cache 0.05s 111MB C:/Users/Steffen/AppData/Local/UnrealEngine/4.16/DerivedDataCache/Boot.ddc.
[2017.08.24-13.41.01:991][  0]LogInit: Texture streaming: Disabled
[2017.08.24-13.41.02:062][  0]LogEngineSessionManager: EngineSessionManager initialized
[2017.08.24-13.41.02:207][  0]LogInit: Transaction tracking system initialized
[2017.08.24-13.41.02:398][  0]BlueprintLog: New page: Editor Load
[2017.08.24-13.41.02:971][  0]LocalizationService: Info Localization service is disabled
[2017.08.24-13.41.03:404][  0]LogConsoleResponse:Display: 
[2017.08.24-13.41.03:523][  0]LogCook:Display: Max memory allowance for cook 16384mb min free memory 0mb
[2017.08.24-13.41.03:523][  0]LogCook:Display: Mobile HDR setting 1
[2017.08.24-13.41.03:536][  0]LogFileCache: Scanning file cache for directory 'E:/GitHubProjects/SR_Prototype_V2/SR_Prototype_V2/Content/' took 0.01s
[2017.08.24-13.41.04:124][  0]SourceControl: Info Source control is disabled
[2017.08.24-13.41.04:124][  0]Cmd: MAP LOAD FILE="../../../../../GitHubProjects/SR_Prototype_V2/SR_Prototype_V2/Content/Scenes/ScanReach_Map.umap" TEMPLATE=0 SHOWPROGRESS=1 FEATURELEVEL=3
[2017.08.24-13.41.04:124][  0]LightingResults: New page: Lighting Build
[2017.08.24-13.41.04:149][  0]MapCheck: New page: Map Check
[2017.08.24-13.41.04:149][  0]LightingResults: New page: Lighting Build
[2017.08.24-13.41.05:184][  0]LogAIModule: Creating AISystem for world ScanReach_Map
[2017.08.24-13.41.05:209][  0]LogEditorServer: Finished looking for orphan Actors (0.000 secs)
[2017.08.24-13.41.05:230][  0]Cmd: MAP CHECKDEP NOCLEARLOG
[2017.08.24-13.41.05:265][  0]MapCheck: Info Map check complete: 0 Error(s), 0 Warning(s), took 34.905ms to complete.
[2017.08.24-13.41.05:265][  0]LogFileHelpers: Loading map 'ScanReach_Map' took 1.141
[2017.08.24-13.41.05:374][  0]LogWindowsTextInputMethodSystem:Display: IME system now deactivated.
[2017.08.24-13.41.05:459][  0]LogCollectionManager: Loaded 0 collections in 0.001208 seconds
[2017.08.24-13.41.05:549][  0]LogFileCache: Scanning file cache for directory 'E:/GitHubProjects/SR_Prototype_V2/SR_Prototype_V2/Saved/Collections/' took 0.01s
[2017.08.24-13.41.05:549][  0]LogFileCache: Scanning file cache for directory 'E:/GitHubProjects/SR_Prototype_V2/SR_Prototype_V2/Content/Developers/Steffen/Collections/' took 0.01s
[2017.08.24-13.41.05:549][  0]LogFileCache: Scanning file cache for directory 'E:/GitHubProjects/SR_Prototype_V2/SR_Prototype_V2/Content/Collections/' took 0.01s
[2017.08.24-13.41.05:549][  0]LogCollectionManager: Rebuilt the GUID cache for 0 collections in 0.000001 seconds
[2017.08.24-13.41.05:557][  0]LogContentBrowser: Native class hierarchy populated in 0.0074 seconds. Added 2329 classes and 491 folders.
[2017.08.24-13.41.05:597][  0]LogContentBrowser: Native class hierarchy updated for 'WidgetCarousel' in 0.0005 seconds. Added 0 classes and 0 folders.
[2017.08.24-13.41.05:627][  0]LogContentBrowser: Native class hierarchy updated for 'AddContentDialog' in 0.0004 seconds. Added 0 classes and 0 folders.
[2017.08.24-13.41.05:654][  0]LogContentBrowser: Native class hierarchy updated for 'SceneOutliner' in 0.0006 seconds. Added 1 classes and 2 folders.
[2017.08.24-13.41.05:681][  0]LogCrashTracker: Crashtracker disabled due to settings.
[2017.08.24-13.41.05:685][  0]LogSlate: Took 0.000126 seconds to synchronously load lazily loaded font '../../../Engine/Content/Slate/Fonts/Roboto-Regular.ttf' (155K)
[2017.08.24-13.41.05:687][  0]LogSlate: Took 0.000225 seconds to synchronously load lazily loaded font '../../../Engine/Content/Slate/Fonts/Roboto-Bold.ttf' (160K)
[2017.08.24-13.41.05:691][  0]LogSlate: Took 0.000157 seconds to synchronously load lazily loaded font '../../../Engine/Content/Editor/Slate/Fonts/FontAwesome.ttf' (139K)
[2017.08.24-13.41.05:762][  0]LogRenderer: Reallocating scene render targets to support 1920x1080 NumSamples 1 (Frame:1).
[2017.08.24-13.41.05:869][  0]LogUObjectGlobals:Warning: Failed to find object 'Class None.'
[2017.08.24-13.41.05:918][  0]LogContentBrowser: Native class hierarchy updated for 'HierarchicalLODOutliner' in 0.0005 seconds. Added 1 classes and 2 folders.
[2017.08.24-13.41.05:918][  0]LogLoad: (Engine Initialization) Total time: 13.56 seconds
[2017.08.24-13.41.05:918][  0]LogLoad: (Engine Initialization) Total Blueprint compile time: 0.38 seconds
[2017.08.24-13.41.05:918][  0]LogExternalProfiler: No external profilers were discovered.  External profiling features will not be available.
[2017.08.24-13.41.05:929][  0]LogOcInput: OculusInput pre-init called
[2017.08.24-13.41.05:929][  0]LogHMD: Starting GearVRController plugin
[2017.08.24-13.41.05:946][  0]LogAssetRegistry: Asset discovery search completed in 7.4670 seconds
[2017.08.24-13.41.05:947][  0]LogCollectionManager: Rebuilt the object cache for 0 collections in 0.000001 seconds (found 0 objects)
[2017.08.24-13.41.05:947][  0]LogCollectionManager: Fixed up redirectors for 0 collections in 0.000017 seconds (updated 0 objects)
[2017.08.24-13.41.05:997][  0]LogSlate: Took 0.000189 seconds to synchronously load lazily loaded font '../../../Engine/Content/Slate/Fonts/Roboto-Light.ttf' (159K)
[2017.08.24-13.41.06:964][106]LogSlate: Took 0.000206 seconds to synchronously load lazily loaded font '../../../Engine/Content/Slate/Fonts/Roboto-Light.ttf' (159K)
[2017.08.24-13.41.10:559][516]LogSlate: Took 0.000150 seconds to synchronously load lazily loaded font '../../../Engine/Content/Slate/Fonts/Roboto-Light.ttf' (159K)
[2017.08.24-13.41.10:832][516]LogContentBrowser: Native class hierarchy updated for 'BlueprintGraph' in 0.0008 seconds. Added 112 classes and 0 folders.
[2017.08.24-13.41.12:568][516]LogSlate: Took 0.000152 seconds to synchronously load lazily loaded font '../../../Engine/Content/Editor/Slate/Fonts/Roboto-BoldCondensed.ttf' (158K)
[2017.08.24-13.41.12:672][517]LogSlate: Took 0.000127 seconds to synchronously load lazily loaded font '../../../Engine/Content/Editor/Slate/Fonts/Roboto-Italic.ttf' (157K)
[2017.08.24-13.42.18:774][992]LogStats: FPlatformStackWalk::StackWalkAndDump -  0.870 s
[2017.08.24-13.42.18:774][992]LogOutputDevice:Error: === Handled ensure: ===
[2017.08.24-13.42.18:774][992]LogOutputDevice:Error: 
[2017.08.24-13.42.18:774][992]LogOutputDevice:Error: Ensure condition failed: Obj != nullptr [File:D:\Build\++UE4+Release-4.16+Compile\Sync\Engine\Source\Editor\PropertyEditor\Private\PropertyChangeListener.cpp] [Line: 246]
[2017.08.24-13.42.18:774][992]LogOutputDevice:Error: 
[2017.08.24-13.42.18:774][992]LogOutputDevice:Error: Stack: 
[2017.08.24-13.42.18:774][992]LogOutputDevice:Error: UE4Editor-Core.dll!0x000000004D11E2B6
[2017.08.24-13.42.18:774][992]LogOutputDevice:Error: UE4Editor-Core.dll!0x000000004CECB8C2
[2017.08.24-13.42.18:774][992]LogOutputDevice:Error: UE4Editor-Core.dll!0x000000004CEE1E86
[2017.08.24-13.42.18:774][992]LogOutputDevice:Error: UE4Editor-PropertyEditor.dll!0x000000003A08C9A2
[2017.08.24-13.42.18:774][992]LogOutputDevice:Error: UE4Editor-Sequencer.dll!0x0000000038D3CBB1
[2017.08.24-13.42.18:774][992]LogOutputDevice:Error: UE4Editor-Sequencer.dll!0x0000000038CE7A5E
[2017.08.24-13.42.18:774][992]LogOutputDevice:Error: UE4Editor-CoreUObject.dll!0x000000005380971B
[2017.08.24-13.42.18:774][992]LogOutputDevice:Error: UE4Editor-Engine.dll!0x000000003CAAB316
[2017.08.24-13.42.18:774][992]LogOutputDevice:Error: UE4Editor-Engine.dll!0x000000003CB707C1
[2017.08.24-13.42.18:774][992]LogOutputDevice:Error: UE4Editor-Engine.dll!0x000000003CB70394
[2017.08.24-13.42.18:774][992]LogOutputDevice:Error: UE4Editor-CoreUObject.dll!0x0000000053835D3E
[2017.08.24-13.42.18:774][992]LogOutputDevice:Error: UE4Editor-CoreUObject.dll!0x0000000053832526
[2017.08.24-13.42.18:774][992]LogOutputDevice:Error: UE4Editor-Engine.dll!0x000000003CAAB2E6
[2017.08.24-13.42.18:774][992]LogOutputDevice:Error: UE4Editor-Engine.dll!0x000000003CB6FF60
[2017.08.24-13.42.18:774][992]LogOutputDevice:Error: UE4Editor-Engine.dll!0x000000003CB14855
[2017.08.24-13.42.18:774][992]LogOutputDevice:Error: UE4Editor-PropertyEditor.dll!0x000000003A12DDEB
[2017.08.24-13.42.18:774][992]LogOutputDevice:Error: UE4Editor-PropertyEditor.dll!0x000000003A123698
[2017.08.24-13.42.18:774][992]LogOutputDevice:Error: UE4Editor-PropertyEditor.dll!0x000000003A123C39
[2017.08.24-13.42.18:774][992]LogOutputDevice:Error: UE4Editor-PropertyEditor.dll!0x000000003A15F7E0
[2017.08.24-13.42.18:774][992]LogOutputDevice:Error: UE4Editor-DetailCustomizations.dll!0x00000000385FC991
[2017.08.24-13.42.18:774][992]LogOutputDevice:Error: UE4Editor-DetailCustomizations.dll!0x00000000385FA75C
[2017.08.24-13.42.18:774][992]LogOutputDevice:Error: UE4Editor-DetailCustomizations.dll!0x00000000386989B9
[2017.08.24-13.42.18:774][992]LogOutputDevice:Error: UE4Editor-DetailCustomizations.dll!0x000000003869E6E5
[2017.08.24-13.42.18:774][992]LogOutputDevice:Error: UE4Editor-DetailCustomizations.dll!0x00000000384FB851
[2017.08.24-13.42.18:774][992]LogOutputDevice:Error: UE4Editor-DetailCustomizations.dll!0x00000000385B994F
[2017.08.24-13.42.18:774][992]LogOutputDevice:Error: UE4Editor-DetailCustomizations.dll!0x0000000038542F67
[2017.08.24-13.42.18:774][992]LogOutputDevice:Error: UE4Editor-DetailCustomizations.dll!0x0000000038547D57
[2017.08.24-13.42.18:774][992]LogOutputDevice:Error: UE4Editor-Slate.dll!0x000000004CA5E7D6
[2017.08.24-13.42.18:774][992]LogOutputDevice:Error: UE4Editor-Slate.dll!0x000000004CA5F859
[2017.08.24-13.42.18:774][992]LogOutputDevice:Error: UE4Editor-Slate.dll!0x000000004C9F139B
[2017.08.24-13.42.18:774][992]LogOutputDevice:Error: UE4Editor-Slate.dll!0x000000004C819021
[2017.08.24-13.42.18:774][992]LogOutputDevice:Error: UE4Editor-Slate.dll!0x000000004C7E840E
[2017.08.24-13.42.18:774][992]LogOutputDevice:Error: UE4Editor-Slate.dll!0x000000004C7EA006
[2017.08.24-13.42.18:774][992]LogOutputDevice:Error: UE4Editor-Slate.dll!0x000000004C8755AD
[2017.08.24-13.42.18:774][992]LogOutputDevice:Error: UE4Editor-Slate.dll!0x000000004C866518
[2017.08.24-13.42.18:774][992]LogOutputDevice:Error: UE4Editor-Core.dll!0x000000004D11149C
[2017.08.24-13.42.18:774][992]LogOutputDevice:Error: UE4Editor-Core.dll!0x000000004D0FB7D1
[2017.08.24-13.42.18:774][992]LogOutputDevice:Error: UE4Editor-Core.dll!0x000000004D1133DB
[2017.08.24-13.42.18:774][992]LogOutputDevice:Error: UE4Editor-Core.dll!0x000000004D0F7B22
[2017.08.24-13.42.18:774][992]LogOutputDevice:Error: USER32.dll!0x000000008E15BC50
[2017.08.24-13.42.18:774][992]LogOutputDevice:Error: USER32.dll!0x000000008E15B5CF
[2017.08.24-13.42.18:774][992]LogOutputDevice:Error: UE4Editor-Core.dll!0x000000004D113CE6
[2017.08.24-13.42.18:774][992]LogOutputDevice:Error: UE4Editor.exe!0x00000000623EDB44
[2017.08.24-13.42.18:774][992]LogOutputDevice:Error: UE4Editor.exe!0x00000000623DF0B0
[2017.08.24-13.42.18:774][992]LogOutputDevice:Error: UE4Editor.exe!0x00000000623DF12A
[2017.08.24-13.42.18:774][992]LogOutputDevice:Error: UE4Editor.exe!0x00000000623F0CF9
[2017.08.24-13.42.18:774][992]LogOutputDevice:Error: UE4Editor.exe!0x00000000623F25F7
[2017.08.24-13.42.18:774][992]LogOutputDevice:Error: KERNEL32.DLL!0x000000008E432774
[2017.08.24-13.42.18:774][992]LogOutputDevice:Error: ntdll.dll!0x000000008FBF0D51
[2017.08.24-13.42.18:774][992]LogOutputDevice:Error: 
[2017.08.24-13.42.18:781][992]LogStats:                SubmitErrorReport -  0.000 s
[2017.08.24-13.42.18:976][992]LogStats:                    SendNewReport -  0.195 s
[2017.08.24-13.42.18:976][992]LogStats:             FDebug::EnsureFailed -  1.072 s
[2017.08.24-13.42.18:989][992]LogActorComponent: RegisterComponentWithWorld: (/Game/Scenes/ScanReach_Map.ScanReach_Map:PersistentLevel.DESTROYED_BP_Floor_C_CHILDACTOR_262880.Scene) Trying to register component with IsPendingKill() == true. Aborting.
[2017.08.24-13.42.18:989][992]LogActorComponent: RegisterComponentWithWorld: (/Game/Scenes/ScanReach_Map.ScanReach_Map:PersistentLevel.DESTROYED_BP_Floor_C_CHILDACTOR_262881.Scene) Trying to register component with IsPendingKill() == true. Aborting.
[2017.08.24-13.42.18:989][992]LogActorComponent: RegisterComponentWithWorld: (/Game/Scenes/ScanReach_Map.ScanReach_Map:PersistentLevel.DESTROYED_BP_Floor_C_CHILDACTOR_262882.Scene) Trying to register component with IsPendingKill() == true. Aborting.
[2017.08.24-13.42.18:989][992]LogActorComponent: RegisterComponentWithWorld: (/Game/Scenes/ScanReach_Map.ScanReach_Map:PersistentLevel.DESTROYED_BP_Floor_C_CHILDACTOR_262885.Scene) Trying to register component with IsPendingKill() == true. Aborting.
[2017.08.24-13.42.18:989][992]LogActorComponent: RegisterComponentWithWorld: (/Game/Scenes/ScanReach_Map.ScanReach_Map:PersistentLevel.DESTROYED_BP_Floor_C_CHILDACTOR_262883.Scene) Trying to register component with IsPendingKill() == true. Aborting.
[2017.08.24-13.42.18:991][992]LogActorComponent: RegisterComponentWithWorld: (/Game/Scenes/ScanReach_Map.ScanReach_Map:PersistentLevel.DESTROYED_BP_Floor_C_CHILDACTOR_262884.Scene) Trying to register component with IsPendingKill() == true. Aborting.
[2017.08.24-13.42.26:043][786]LogActorComponent: RegisterComponentWithWorld: (/Game/Scenes/ScanReach_Map.ScanReach_Map:PersistentLevel.DESTROYED_BP_Floor_C_CHILDACTOR_262907.Scene) Trying to register component with IsPendingKill() == true. Aborting.
[2017.08.24-13.42.26:043][786]LogActorComponent: RegisterComponentWithWorld: (/Game/Scenes/ScanReach_Map.ScanReach_Map:PersistentLevel.DESTROYED_BP_Floor_C_CHILDACTOR_262908.Scene) Trying to register component with IsPendingKill() == true. Aborting.
[2017.08.24-13.42.26:043][786]LogActorComponent: RegisterComponentWithWorld: (/Game/Scenes/ScanReach_Map.ScanReach_Map:PersistentLevel.DESTROYED_BP_Floor_C_CHILDACTOR_262906.Scene) Trying to register component with IsPendingKill() == true. Aborting.
[2017.08.24-13.42.26:043][786]LogActorComponent: RegisterComponentWithWorld: (/Game/Scenes/ScanReach_Map.ScanReach_Map:PersistentLevel.DESTROYED_BP_Floor_C_CHILDACTOR_262905.Scene) Trying to register component with IsPendingKill() == true. Aborting.
[2017.08.24-13.42.26:044][786]LogActorComponent: RegisterComponentWithWorld: (/Game/Scenes/ScanReach_Map.ScanReach_Map:PersistentLevel.DESTROYED_BP_Floor_C_CHILDACTOR_262904.Scene) Trying to register component with IsPendingKill() == true. Aborting.
[2017.08.24-13.42.26:044][786]LogActorComponent: RegisterComponentWithWorld: (/Game/Scenes/ScanReach_Map.ScanReach_Map:PersistentLevel.DESTROYED_BP_Floor_C_CHILDACTOR_262909.Scene) Trying to register component with IsPendingKill() == true. Aborting.
[2017.08.24-13.42.29:274][127]LogActorComponent: RegisterComponentWithWorld: (/Game/Scenes/ScanReach_Map.ScanReach_Map:PersistentLevel.DESTROYED_BP_Floor_C_CHILDACTOR_262932.Scene) Trying to register component with IsPendingKill() == true. Aborting.
[2017.08.24-13.42.29:274][127]LogActorComponent: RegisterComponentWithWorld: (/Game/Scenes/ScanReach_Map.ScanReach_Map:PersistentLevel.DESTROYED_BP_Floor_C_CHILDACTOR_262931.Scene) Trying to register component with IsPendingKill() == true. Aborting.
[2017.08.24-13.42.29:274][127]LogActorComponent: RegisterComponentWithWorld: (/Game/Scenes/ScanReach_Map.ScanReach_Map:PersistentLevel.DESTROYED_BP_Floor_C_CHILDACTOR_262930.Scene) Trying to register component with IsPendingKill() == true. Aborting.
[2017.08.24-13.42.29:274][127]LogActorComponent: RegisterComponentWithWorld: (/Game/Scenes/ScanReach_Map.ScanReach_Map:PersistentLevel.DESTROYED_BP_Floor_C_CHILDACTOR_262929.Scene) Trying to register component with IsPendingKill() == true. Aborting.
[2017.08.24-13.42.29:275][127]LogActorComponent: RegisterComponentWithWorld: (/Game/Scenes/ScanReach_Map.ScanReach_Map:PersistentLevel.DESTROYED_BP_Floor_C_CHILDACTOR_262928.Scene) Trying to register component with IsPendingKill() == true. Aborting.
[2017.08.24-13.42.29:275][127]LogActorComponent: RegisterComponentWithWorld: (/Game/Scenes/ScanReach_Map.ScanReach_Map:PersistentLevel.DESTROYED_BP_Floor_C_CHILDACTOR_262933.Scene) Trying to register component with IsPendingKill() == true. Aborting.
[2017.08.24-13.42.31:076][292]LogActorComponent: RegisterComponentWithWorld: (/Game/Scenes/ScanReach_Map.ScanReach_Map:PersistentLevel.DESTROYED_BP_Floor_C_CHILDACTOR_262955.Scene) Trying to register component with IsPendingKill() == true. Aborting.
[2017.08.24-13.42.31:076][292]LogActorComponent: RegisterComponentWithWorld: (/Game/Scenes/ScanReach_Map.ScanReach_Map:PersistentLevel.DESTROYED_BP_Floor_C_CHILDACTOR_262957.Scene) Trying to register component with IsPendingKill() == true. Aborting.
[2017.08.24-13.42.31:076][292]LogActorComponent: RegisterComponentWithWorld: (/Game/Scenes/ScanReach_Map.ScanReach_Map:PersistentLevel.DESTROYED_BP_Floor_C_CHILDACTOR_262954.Scene) Trying to register component with IsPendingKill() == true. Aborting.
[2017.08.24-13.42.31:076][292]LogActorComponent: RegisterComponentWithWorld: (/Game/Scenes/ScanReach_Map.ScanReach_Map:PersistentLevel.DESTROYED_BP_Floor_C_CHILDACTOR_262953.Scene) Trying to register component with IsPendingKill() == true. Aborting.
[2017.08.24-13.42.31:076][292]LogActorComponent: RegisterComponentWithWorld: (/Game/Scenes/ScanReach_Map.ScanReach_Map:PersistentLevel.DESTROYED_BP_Floor_C_CHILDACTOR_262952.Scene) Trying to register component with IsPendingKill() == true. Aborting.
[2017.08.24-13.42.31:076][292]LogActorComponent: RegisterComponentWithWorld: (/Game/Scenes/ScanReach_Map.ScanReach_Map:PersistentLevel.DESTROYED_BP_Floor_C_CHILDACTOR_262956.Scene) Trying to register component with IsPendingKill() == true. Aborting.
[2017.08.24-13.42.37:778][ 82]BlueprintLog: New page: Compile BP_Floor
[2017.08.24-13.42.37:854][ 82]LogActorComponent: RegisterComponentWithWorld: (/Game/Scenes/ScanReach_Map.ScanReach_Map:PersistentLevel.DESTROYED_BP_Floor_C_CHILDACTOR_262853.Scene) Trying to register component with IsPendingKill() == true. Aborting.
[2017.08.24-13.42.37:854][ 82]LogActorComponent: RegisterComponentWithWorld: (/Game/Scenes/ScanReach_Map.ScanReach_Map:PersistentLevel.DESTROYED_BP_Floor_C_CHILDACTOR_262852.Scene) Trying to register component with IsPendingKill() == true. Aborting.
[2017.08.24-13.42.37:854][ 82]LogActorComponent: RegisterComponentWithWorld: (/Game/Scenes/ScanReach_Map.ScanReach_Map:PersistentLevel.DESTROYED_BP_Floor_C_CHILDACTOR_262851.Scene) Trying to register component with IsPendingKill() == true. Aborting.
[2017.08.24-13.42.37:855][ 82]LogActorComponent: RegisterComponentWithWorld: (/Game/Scenes/ScanReach_Map.ScanReach_Map:PersistentLevel.DESTROYED_BP_Floor_C_CHILDACTOR_262850.Scene) Trying to register component with IsPendingKill() == true. Aborting.
[2017.08.24-13.42.37:855][ 82]LogActorComponent: RegisterComponentWithWorld: (/Game/Scenes/ScanReach_Map.ScanReach_Map:PersistentLevel.DESTROYED_BP_Floor_C_CHILDACTOR_262861.Scene) Trying to register component with IsPendingKill() == true. Aborting.
[2017.08.24-13.42.38:004][ 82]LogActorComponent: RegisterComponentWithWorld: (/Game/Scenes/ScanReach_Map.ScanReach_Map:PersistentLevel.DESTROYED_BP_Floor_C_CHILDACTOR_262889.Scene) Trying to register component with IsPendingKill() == true. Aborting.
[2017.08.24-13.42.38:186][ 82]LogCrashTracker: 


[2017.08.24-13.42.38:186][ 82]LogCrashTracker: 


[2017.08.24-13.42.38:186][ 82]LogWindows:Error: === Critical error: ===
[2017.08.24-13.42.38:186][ 82]LogWindows:Error: 
[2017.08.24-13.42.38:186][ 82]LogWindows:Error: Unhandled Exception: EXCEPTION_ACCESS_VIOLATION reading address 0xffffffff
[2017.08.24-13.42.38:186][ 82]LogWindows:Error: 
[2017.08.24-13.42.38:186][ 82]LogWindows:Error: UE4Editor-PropertyEditor.dll!0x000000003A01D7EC
[2017.08.24-13.42.38:186][ 82]LogWindows:Error: UE4Editor-PropertyEditor.dll!0x000000003A01D3FC
[2017.08.24-13.42.38:186][ 82]LogWindows:Error: UE4Editor-PropertyEditor.dll!0x000000003A00A7D4
[2017.08.24-13.42.38:186][ 82]LogWindows:Error: UE4Editor-PropertyEditor.dll!0x000000003A08CD37
[2017.08.24-13.42.38:186][ 82]LogWindows:Error: UE4Editor-PropertyEditor.dll!0x000000003A08C6E5
[2017.08.24-13.42.38:186][ 82]LogWindows:Error: UE4Editor-Sequencer.dll!0x0000000038D3CBB1
[2017.08.24-13.42.38:186][ 82]LogWindows:Error: UE4Editor-Sequencer.dll!0x0000000038CE7A5E
[2017.08.24-13.42.38:186][ 82]LogWindows:Error: UE4Editor-CoreUObject.dll!0x000000005380971B
[2017.08.24-13.42.38:186][ 82]LogWindows:Error: UE4Editor-Engine.dll!0x000000003C6A05C2
[2017.08.24-13.42.38:186][ 82]LogWindows:Error: UE4Editor-CoreUObject.dll!0x00000000538322F1
[2017.08.24-13.42.38:186][ 82]LogWindows:Error: UE4Editor-UnrealEd.dll!0x000000004B4C6D88
[2017.08.24-13.42.38:186][ 82]LogWindows:Error: UE4Editor-Kismet.dll!0x000000003BC8B8D2
[2017.08.24-13.42.38:186][ 82]LogWindows:Error: UE4Editor-Kismet.dll!0x000000003BC405EC
[2017.08.24-13.42.38:186][ 82]LogWindows:Error: UE4Editor-Kismet.dll!0x000000003BC451CC
[2017.08.24-13.42.38:186][ 82]LogWindows:Error: UE4Editor-Engine.dll!0x000000003C5A3617
[2017.08.24-13.42.38:186][ 82]LogWindows:Error: UE4Editor-UnrealEd.dll!0x000000004B50BD88
[2017.08.24-13.42.38:186][ 82]LogWindows:Error: UE4Editor-Kismet.dll!0x000000003BBF0EAA
[2017.08.24-13.42.38:186][ 82]LogWindows:Error: UE4Editor-Kismet.dll!0x000000003BC40991
[2017.08.24-13.42.38:186][ 82]LogWindows:Error: UE4Editor-Kismet.dll!0x000000003BC455D6
[2017.08.24-13.42.38:186][ 82]LogWindows:Error: UE4Editor-Slate.dll!0x000000004C83EB7F
[2017.08.24-13.42.38:186][ 82]LogWindows:Error: UE4Editor-Slate.dll!0x000000004C937EF2
[2017.08.24-13.42.38:186][ 82]LogWindows:Error: UE4Editor-Slate.dll!0x000000004C8A3DD2
[2017.08.24-13.42.38:186][ 82]LogWindows:Error: UE4Editor-Slate.dll!0x000000004C8A5079
[2017.08.24-13.42.38:186][ 82]LogWindows:Error: UE4Editor-Slate.dll!0x000000004C917C05
[2017.08.24-13.42.38:186][ 82]LogWindows:Error: UE4Editor-Slate.dll!0x000000004C9C8F57
[2017.08.24-13.42.38:186][ 82]LogWindows:Error: UE4Editor-Slate.dll!0x000000004C9F5D7B
[2017.08.24-13.42.38:186][ 82]LogWindows:Error: UE4Editor-Slate.dll!0x000000004C819E9C
[2017.08.24-13.42.38:186][ 82]LogWindows:Error: UE4Editor-Slate.dll!0x000000004C7E9835
[2017.08.24-13.42.38:186][ 82]LogWindows:Error: UE4Editor-Slate.dll!0x000000004C88E5E2
[2017.08.24-13.42.38:186][ 82]LogWindows:Error: UE4Editor-Slate.dll!0x000000004C87720F
[2017.08.24-13.42.38:186][ 82]LogWindows:Error: UE4Editor-Slate.dll!0x000000004C868391
[2017.08.24-13.42.38:186][ 82]LogWindows:Error: UE4Editor-Core.dll!0x000000004D11175B
[2017.08.24-13.42.38:186][ 82]LogWindows:Error: UE4Editor-Core.dll!0x000000004D0FB7D1
[2017.08.24-13.42.38:186][ 82]LogWindows:Error: UE4Editor-Core.dll!0x000000004D1133DB
[2017.08.24-13.42.38:186][ 82]LogWindows:Error: UE4Editor-Core.dll!0x000000004D0F7B22
[2017.08.24-13.42.38:186][ 82]LogWindows:Error: USER32.dll!0x000000008E15BC50
[2017.08.24-13.42.38:186][ 82]LogWindows:Error: USER32.dll!0x000000008E15B5CF
[2017.08.24-13.42.38:186][ 82]LogWindows:Error: UE4Editor-Core.dll!0x000000004D113CE6
[2017.08.24-13.42.38:186][ 82]LogWindows:Error: UE4Editor.exe!0x00000000623EDB44
[2017.08.24-13.42.38:186][ 82]LogWindows:Error: UE4Editor.exe!0x00000000623DF0B0
[2017.08.24-13.42.38:186][ 82]LogWindows:Error: UE4Editor.exe!0x00000000623DF12A
[2017.08.24-13.42.38:186][ 82]LogWindows:Error: UE4Editor.exe!0x00000000623F0CF9
[2017.08.24-13.42.38:186][ 82]LogWindows:Error: UE4Editor.exe!0x00000000623F25F7
[2017.08.24-13.42.38:186][ 82]LogWindows:Error: KERNEL32.DLL!0x000000008E432774
[2017.08.24-13.42.38:186][ 82]LogWindows:Error: ntdll.dll!0x000000008FBF0D51
[2017.08.24-13.42.38:186][ 82]LogWindows:Error: ntdll.dll!0x000000008FBF0D51
[2017.08.24-13.42.38:186][ 82]LogWindows:Error: 
[2017.08.24-13.42.38:200][ 82]LogExit: Executing StaticShutdownAfterError
[2017.08.24-13.42.38:204][ 82]LogWindows: FPlatformMisc::RequestExit(1)
[2017.08.24-13.42.38:204][ 82]Log file closed, 08/24/17 15:42:38
