Log file open, 08/09/17 15:19:36
LogInit:Display: Running engine for game: SR_Prototype_V2
LogPlatformFile: Not using cached read wrapper
LogInit:Display: RandInit(1649884185) SRandInit(1649884185).
LogTaskGraph: Started task graph with 5 named threads and 8 total threads with 1 sets of task threads.
LogStats: Stats thread started at 0.072769
LogInit: Using libcurl 7.47.1
LogInit:  - built for x86_64-pc-win32
LogInit:  - supports SSL with OpenSSL/1.0.2g
LogInit:  - supports HTTP deflate (compression) using libz 1.2.8
LogInit:  - other features:
LogInit:      CURL_VERSION_SSL
LogInit:      CURL_VERSION_LIBZ
LogInit:      CURL_VERSION_IPV6
LogInit:      CURL_VERSION_ASYNCHDNS
LogInit:      CURL_VERSION_LARGEFILE
LogInit:      CURL_VERSION_IDN
LogInit:  CurlRequestOptions (configurable via config and command line):
LogInit:  - bVerifyPeer = false  - Libcurl will NOT verify peer certificate
LogInit:  - bUseHttpProxy = false  - Libcurl will NOT use HTTP proxy
LogInit:  - bDontReuseConnections = false  - Libcurl will reuse connections
LogInit:  - CertBundlePath = nullptr  - Libcurl will use whatever was configured at build time.
LogInit: Build: ++UE4+Release-4.16-CL-3561208
LogInit: Engine Version: 4.16.3-3561208+++UE4+Release-4.16
LogInit: Compatible Engine Version: 4.16.0-3452394+++UE4+Release-4.16
LogInit: Net CL: 3452394
LogDevObjectVersion: Number of dev versions registered: 16
LogDevObjectVersion:   Dev-Blueprints (B0D832E4-1F89-4F0D-ACCF-7EB736FD4AA2): 9
LogDevObjectVersion:   Dev-Build (E1C64328-A22C-4D53-A36C-8E866417BD8C): 0
LogDevObjectVersion:   Dev-Core (375EC13C-06E4-48FB-B500-84F0262A717E): 2
LogDevObjectVersion:   Dev-Editor (E4B068ED-F494-42E9-A231-DA0B2E46BB41): 17
LogDevObjectVersion:   Dev-Framework (CFFC743F-43B0-4480-9391-14DF171D2073): 23
LogDevObjectVersion:   Dev-Mobile (B02B49B5-BB20-44E9-A304-32B752E40360): 0
LogDevObjectVersion:   Dev-Networking (A4E4105C-59A1-49B5-A7C5-40C4547EDFEE): 0
LogDevObjectVersion:   Dev-Online (39C831C9-5AE6-47DC-9A44-9C173E1C8E7C): 0
LogDevObjectVersion:   Dev-Physics (78F01B33-EBEA-4F98-B9B4-84EACCB95AA2): 0
LogDevObjectVersion:   Dev-Platform (6631380F-2D4D-43E0-8009-CF276956A95A): 0
LogDevObjectVersion:   Dev-Rendering (12F88B9F-8875-4AFC-A67C-D90C383ABD29): 15
LogDevObjectVersion:   Dev-Sequencer (7B5AE74C-D270-4C10-A958-57980B212A5A): 4
LogDevObjectVersion:   Dev-VR (D7296918-1DD6-4BDD-9DE2-64A83CC13884): 0
LogDevObjectVersion:   Dev-LoadTimes (C2A15278-BFE7-4AFE-6C17-90FF531DF755): 1
LogDevObjectVersion:   Private-Geometry (6EACA3D4-40EC-4CC1-B786-8BED09428FC5): 1
LogDevObjectVersion:   Dev-AnimPhys (29E575DD-E0A3-4627-9D10-D276232CDCEA): 3
LogInit: Compiled (64-bit): Jul 28 2017 11:49:47
LogInit: Compiled with Visual C++: 19.00.24215.01
LogInit: Build Configuration: Development
LogInit: Branch Name: ++UE4+Release-4.16
LogInit: Command line:  
LogInit: Base directory: C:/Program Files/Epic Games/UE_4.16/Engine/Binaries/Win64/
LogInit: Installed Engine Build: 1
LogInit: Presizing for max 8388607 objects, including 0 objects not considered by GC, pre-allocating 0 bytes for permanent pool.
LogInit: Object subsystem initialized
[2017.08.09-13.19.37:258][  0]LogInit: Selected Device Profile: [Windows]
[2017.08.09-13.19.37:258][  0]LogInit: Applying CVar settings loaded from the selected device profile: [Windows]
[2017.08.09-13.19.37:265][  0]LogInit: Computer: WINDOWS-EUOFFC3
[2017.08.09-13.19.37:265][  0]LogInit: User: Bendick
[2017.08.09-13.19.37:265][  0]LogInit: CPU Page size=4096, Cores=4
[2017.08.09-13.19.37:265][  0]LogInit: High frequency timer resolution =3.914066 MHz
[2017.08.09-13.19.37:265][  0]LogMemory: Memory total: Physical=15.9GB (16GB approx)
[2017.08.09-13.19.37:265][  0]LogMemory: Platform Memory Stats for Windows
[2017.08.09-13.19.37:265][  0]LogMemory: Process Physical Memory: 273.78 MB used, 273.78 MB peak
[2017.08.09-13.19.37:265][  0]LogMemory: Process Virtual Memory: 260.88 MB used, 260.88 MB peak
[2017.08.09-13.19.37:265][  0]LogMemory: Physical Memory: 7687.43 MB used,  8635.54 MB free, 16322.98 MB total
[2017.08.09-13.19.37:265][  0]LogMemory: Virtual Memory: 638.49 MB used,  8635.54 MB free, 134217728.00 MB total
[2017.08.09-13.19.37:311][  0]LogInit: Using OS detected language (en-US).
[2017.08.09-13.19.37:311][  0]LogInit: Using OS detected locale (en-GB).
[2017.08.09-13.19.37:313][  0]LogTextLocalizationManager: No specific localization for 'en-US' exists, so the 'en' localization will be used.
[2017.08.09-13.19.37:917][  0]LogD3D11RHI: D3D11 adapters:
[2017.08.09-13.19.38:331][  0]LogD3D11RHI:    0. 'NVIDIA GeForce GTX 1070' (Feature Level 11_0)
[2017.08.09-13.19.38:331][  0]LogD3D11RHI:       8119/0/8161 MB DedicatedVideo/DedicatedSystem/SharedSystem, Outputs:2, VendorId:0x10de
[2017.08.09-13.19.38:331][  0]LogD3D11RHI:    1. 'Microsoft Basic Render Driver' (Feature Level 11_0)
[2017.08.09-13.19.38:331][  0]LogD3D11RHI:       0/0/8161 MB DedicatedVideo/DedicatedSystem/SharedSystem, Outputs:0, VendorId:0x1414
[2017.08.09-13.19.38:331][  0]LogD3D11RHI: Chosen D3D11 Adapter: 0
[2017.08.09-13.19.38:336][  0]LogD3D11RHI: Creating new Direct3DDevice
[2017.08.09-13.19.38:336][  0]LogD3D11RHI:     GPU DeviceId: 0x1b81 (for the marketing name, search the web for "GPU Device Id")
[2017.08.09-13.19.38:336][  0]LogWindows: EnumDisplayDevices:
[2017.08.09-13.19.38:336][  0]LogWindows:    0. 'NVIDIA GeForce GTX 1070' (P:1 D:1)
[2017.08.09-13.19.38:336][  0]LogWindows:    1. 'NVIDIA GeForce GTX 1070' (P:0 D:1)
[2017.08.09-13.19.38:336][  0]LogWindows:    2. 'NVIDIA GeForce GTX 1070' (P:0 D:0)
[2017.08.09-13.19.38:336][  0]LogWindows:    3. 'NVIDIA GeForce GTX 1070' (P:0 D:0)
[2017.08.09-13.19.38:336][  0]LogWindows: DebugString: FoundDriverCount:4 
[2017.08.09-13.19.38:336][  0]LogD3D11RHI:     Adapter Name: NVIDIA GeForce GTX 1070
[2017.08.09-13.19.38:336][  0]LogD3D11RHI:   Driver Version: 382.05 (internal:22.21.13.8205, unified:382.05)
[2017.08.09-13.19.38:336][  0]LogD3D11RHI:      Driver Date: 5-1-2017
[2017.08.09-13.19.38:336][  0]LogRHI: Texture pool is 1361 MB (70% of 1945 MB)
[2017.08.09-13.19.38:730][  0]LogD3D11RHI: Async texture creation enabled
[2017.08.09-13.19.38:819][  0]LogD3D11RHI: GPU Timing Frequency: 1000.000000 (Debug: 2 1)
[2017.08.09-13.19.38:909][  0]LogShaderCompilers: Guid format shader working directory is -32 characters bigger than the processId version (../../../../../../Users/Bendick/Documents/GitHub/SR_Prototype_V2/SR_Prototype_V2/Intermediate/Shaders/WorkingDirectory/9448/).
[2017.08.09-13.19.38:909][  0]LogShaderCompilers: Cleaned the shader compiler working directory 'C:/Users/Bendick/AppData/Local/Temp/UnrealShaderWorkingDir/08670BCC4BF1C638DDB1AE95FEB9B24D/'.
[2017.08.09-13.19.38:909][  0]LogShaderCompilers:Display: Using Local Shader Compiler.
[2017.08.09-13.19.39:576][  0]LogTemp:Display: Loaded TP AllDesktopTargetPlatform
[2017.08.09-13.19.39:609][  0]LogTemp:Display: Loaded TP MacClientTargetPlatform
[2017.08.09-13.19.39:641][  0]LogTemp:Display: Loaded TP MacNoEditorTargetPlatform
[2017.08.09-13.19.39:674][  0]LogTemp:Display: Loaded TP MacServerTargetPlatform
[2017.08.09-13.19.39:706][  0]LogTemp:Display: Loaded TP MacTargetPlatform
[2017.08.09-13.19.39:740][  0]LogTemp:Display: Loaded TP WindowsClientTargetPlatform
[2017.08.09-13.19.39:773][  0]LogTemp:Display: Loaded TP WindowsNoEditorTargetPlatform
[2017.08.09-13.19.39:806][  0]LogTemp:Display: Loaded TP WindowsServerTargetPlatform
[2017.08.09-13.19.39:835][  0]LogTemp:Display: Loaded TP WindowsTargetPlatform
[2017.08.09-13.19.39:866][  0]LogTemp:Display: Loaded TP AndroidTargetPlatform
[2017.08.09-13.19.39:898][  0]LogTemp:Display: Loaded TP Android_ASTCTargetPlatform
[2017.08.09-13.19.39:930][  0]LogTemp:Display: Loaded TP Android_ATCTargetPlatform
[2017.08.09-13.19.39:963][  0]LogTemp:Display: Loaded TP Android_DXTTargetPlatform
[2017.08.09-13.19.39:996][  0]LogTemp:Display: Loaded TP Android_ETC1TargetPlatform
[2017.08.09-13.19.40:028][  0]LogTemp:Display: Loaded TP Android_ETC2TargetPlatform
[2017.08.09-13.19.40:091][  0]LogTemp:Display: Loaded TP Android_MultiTargetPlatform
[2017.08.09-13.19.40:091][  0]LogTemp:Display: Loaded TP Android_PVRTCTargetPlatform
[2017.08.09-13.19.40:116][  0]LogTemp:Display: Loaded TP HTML5TargetPlatform
[2017.08.09-13.19.40:183][  0]LogTemp:Display: Loaded TP IOSTargetPlatform
[2017.08.09-13.19.40:203][  0]LogTemp:Display: Loaded TP TVOSTargetPlatform
[2017.08.09-13.19.40:236][  0]LogTemp:Display: Loaded TP LinuxClientTargetPlatform
[2017.08.09-13.19.40:268][  0]LogTemp:Display: Loaded TP LinuxNoEditorTargetPlatform
[2017.08.09-13.19.40:300][  0]LogTemp:Display: Loaded TP LinuxServerTargetPlatform
[2017.08.09-13.19.40:333][  0]LogTemp:Display: Loaded TP LinuxTargetPlatform
[2017.08.09-13.19.40:333][  0]LogTargetPlatformManager:Display: Building Assets For Windows
[2017.08.09-13.19.40:665][  0]LogDerivedDataCache:Display: Max Cache Size: 512 MB
[2017.08.09-13.19.40:733][  0]LogDerivedDataCache: Loaded boot cache 0.07s 90MB C:/Users/Bendick/AppData/Local/UnrealEngine/4.16/DerivedDataCache/Boot.ddc.
[2017.08.09-13.19.40:733][  0]LogDerivedDataCache:Display: Loaded Boot cache: C:/Users/Bendick/AppData/Local/UnrealEngine/4.16/DerivedDataCache/Boot.ddc
[2017.08.09-13.19.40:734][  0]LogDerivedDataCache: FDerivedDataBackendGraph:  Pak pak cache file ../../../../../../Users/Bendick/Documents/GitHub/SR_Prototype_V2/SR_Prototype_V2/DerivedDataCache/DDC.ddp not found, will not use a pak cache.
[2017.08.09-13.19.40:734][  0]LogDerivedDataCache: Unable to find inner node Pak for hierarchical cache Hierarchy.
[2017.08.09-13.19.40:734][  0]LogDerivedDataCache: FDerivedDataBackendGraph:  CompressedPak pak cache file ../../../../../../Users/Bendick/Documents/GitHub/SR_Prototype_V2/SR_Prototype_V2/DerivedDataCache/Compressed.ddp not found, will not use a pak cache.
[2017.08.09-13.19.40:734][  0]LogDerivedDataCache: Unable to find inner node CompressedPak for hierarchical cache Hierarchy.
[2017.08.09-13.19.40:745][  0]LogDerivedDataCache:Display: Pak cache opened for reading ../../../Engine/DerivedDataCache/Compressed.ddp.
[2017.08.09-13.19.40:757][  0]LogDerivedDataCache: Using Local data cache path C:/Users/Bendick/AppData/Local/UnrealEngine/Common/DerivedDataCache: Writable
[2017.08.09-13.19.40:764][  0]LogMaterial: Verifying Global Shaders for PCD3D_SM5
[2017.08.09-13.19.40:764][  0]LogSlate: Using Freetype 2.6.0
[2017.08.09-13.19.40:764][  0]LogSlate: SlateFontCache - WITH_FREETYPE: 1, WITH_HARFBUZZ: 1
[2017.08.09-13.19.40:764][  0]LogSlate: SlateFontCache - WITH_FREETYPE: 1, WITH_HARFBUZZ: 1
[2017.08.09-13.19.40:978][  0]LogInit: Selected Device Profile: [Windows]
[2017.08.09-13.19.41:023][  0]LogContentStreaming: Texture pool size is 0.00 MB
[2017.08.09-13.19.41:128][  0]LogMeshUtilities: Using QuadricMeshReduction for automatic static mesh reduction
[2017.08.09-13.19.41:156][  0]LogSimplygon: Simplygon DLL not present - disabling.
[2017.08.09-13.19.41:186][  0]LogMeshUtilities: Using SimplygonSwarm for distributed automatic mesh merging
[2017.08.09-13.19.41:186][  0]LogMeshUtilities: No automatic skeletal mesh reduction module available
[2017.08.09-13.19.41:186][  0]LogMeshUtilities: No automatic mesh merging module available
[2017.08.09-13.19.41:547][  0]LogNetVersion: SR_Prototype_V2 , NetCL: 3452394, EngineNetVer: 2, GameNetVer: 0 (Checksum: 2634772556)
[2017.08.09-13.19.41:594][  0]LogAssetRegistry: FAssetRegistry took 0.0239 seconds to start up
[2017.08.09-13.19.41:633][  0]LogPackageLocalizationCache: Processed 4 localized package path(s) for 2 prioritized culture(s) in 0.024279 seconds
[2017.08.09-13.19.41:636][  0]LogUObjectArray: 34194 objects as part of root set at end of initial load.
[2017.08.09-13.19.41:636][  0]LogUObjectAllocator: 7260416 out of 0 bytes used by permanent object pool.
[2017.08.09-13.19.41:636][  0]LogUObjectArray: CloseDisregardForGC: 0/0 objects in disregard for GC pool
[2017.08.09-13.19.41:693][  0]LogInit: WinSock: version 1.1 (2.2), MaxSocks=32767, MaxUdp=65467
[2017.08.09-13.19.43:264][  0]LogTcpMessaging: Initializing TcpMessaging bridge
[2017.08.09-13.19.43:294][  0]LogUdpMessaging: Initializing bridge on interface 0.0.0.0:0 to multicast group 230.0.0.1:6666.
[2017.08.09-13.19.43:645][  0]LogMaterial: Uniform references updated for custom material expression Custom.
[2017.08.09-13.19.43:907][  0]SourceControl: Info Source control is disabled
[2017.08.09-13.19.43:927][  0]SourceControl: Info Source control is disabled
[2017.08.09-13.19.43:958][  0]SourceControl: Info Source control is disabled
[2017.08.09-13.19.43:987][  0]SourceControl: Info Source control is disabled
[2017.08.09-13.19.44:421][  0]LogAndroidPermission: UAndroidPermissionCallbackProxy::GetInstance
[2017.08.09-13.19.44:805][  0]LogEngine: Initializing Engine...
[2017.08.09-13.19.44:805][  0]LogHMD: Failed to initialize OpenVR with code 110
[2017.08.09-13.19.44:941][  0]LogStats: UGameplayTagsManager::ConstructGameplayTagTree: Construct from data asset -  0.000 s
[2017.08.09-13.19.44:941][  0]LogStats: UGameplayTagsManager::ConstructGameplayTagTree: GameplayTagTreeChangedEvent.Broadcast -  0.000 s
[2017.08.09-13.19.45:029][  0]LogAIModule: Creating AISystem for world Untitled
[2017.08.09-13.19.45:037][  0]LogInit: XAudio2 using 'Speakers (2- Logitech G933 Gaming Headset)' : 6 channels at 48 kHz using 16 bits per sample (channel mask 0x3f)
[2017.08.09-13.19.45:049][  0]LogInit: FAudioDevice initialized.
[2017.08.09-13.19.45:079][  0]LogDerivedDataCache: Saved boot cache 0.03s 90MB C:/Users/Bendick/AppData/Local/UnrealEngine/4.16/DerivedDataCache/Boot.ddc.
[2017.08.09-13.19.45:087][  0]LogInit: Texture streaming: Enabled
[2017.08.09-13.19.45:149][  0]LogEngineSessionManager: EngineSessionManager initialized
[2017.08.09-13.19.45:287][  0]LogInit: Transaction tracking system initialized
[2017.08.09-13.19.45:489][  0]BlueprintLog: New page: Editor Load
[2017.08.09-13.19.46:083][  0]LocalizationService: Info Localization service is disabled
[2017.08.09-13.19.46:559][  0]LogConsoleResponse:Display: 
[2017.08.09-13.19.46:661][  0]LogCook:Display: Max memory allowance for cook 16384mb min free memory 0mb
[2017.08.09-13.19.46:661][  0]LogCook:Display: Mobile HDR setting 1
[2017.08.09-13.19.46:679][  0]LogFileCache: Scanning file cache for directory 'C:/Users/Bendick/Documents/GitHub/SR_Prototype_V2/SR_Prototype_V2/Content/' took 0.01s
[2017.08.09-13.19.47:320][  0]SourceControl: Info Source control is disabled
[2017.08.09-13.19.47:320][  0]Cmd: MAP LOAD FILE="../../../Engine/Content/Maps/Templates/Template_Default.umap" TEMPLATE=1 SHOWPROGRESS=1 FEATURELEVEL=3
[2017.08.09-13.19.47:320][  0]LightingResults: New page: Lighting Build
[2017.08.09-13.19.47:347][  0]MapCheck: New page: Map Check
[2017.08.09-13.19.47:347][  0]LightingResults: New page: Lighting Build
[2017.08.09-13.19.47:495][  0]LogAIModule: Creating AISystem for world Untitled_1
[2017.08.09-13.19.47:496][  0]LogActorComponent: RegisterComponentWithWorld: (/Temp/Untitled_1.Untitled_1:PersistentLevel.WorldSettings_1.StaticMeshComponent0) Trying to register component with IsPendingKill() == true. Aborting.
[2017.08.09-13.19.47:499][  0]LogEditorServer: Finished looking for orphan Actors (0.000 secs)
[2017.08.09-13.19.47:509][  0]Cmd: MAP CHECKDEP NOCLEARLOG
[2017.08.09-13.19.47:542][  0]MapCheck: Info Map check complete: 0 Error(s), 0 Warning(s), took 32.922ms to complete.
[2017.08.09-13.19.47:542][  0]LogFileHelpers: Loading map 'Template_Default' took 0.222
[2017.08.09-13.19.47:677][  0]LogCollectionManager: Loaded 0 collections in 0.001312 seconds
[2017.08.09-13.19.47:752][  0]LogFileCache: Scanning file cache for directory 'C:/Users/Bendick/Documents/GitHub/SR_Prototype_V2/SR_Prototype_V2/Saved/Collections/' took 0.01s
[2017.08.09-13.19.47:752][  0]LogFileCache: Scanning file cache for directory 'C:/Users/Bendick/Documents/GitHub/SR_Prototype_V2/SR_Prototype_V2/Content/Developers/Bendick/Collections/' took 0.01s
[2017.08.09-13.19.47:752][  0]LogFileCache: Scanning file cache for directory 'C:/Users/Bendick/Documents/GitHub/SR_Prototype_V2/SR_Prototype_V2/Content/Collections/' took 0.01s
[2017.08.09-13.19.47:752][  0]LogCollectionManager: Rebuilt the GUID cache for 0 collections in 0.000001 seconds
[2017.08.09-13.19.47:758][  0]LogContentBrowser: Native class hierarchy populated in 0.0061 seconds. Added 2329 classes and 491 folders.
[2017.08.09-13.19.47:801][  0]LogContentBrowser: Native class hierarchy updated for 'WidgetCarousel' in 0.0003 seconds. Added 0 classes and 0 folders.
[2017.08.09-13.19.47:822][  0]LogContentBrowser: Native class hierarchy updated for 'AddContentDialog' in 0.0004 seconds. Added 0 classes and 0 folders.
[2017.08.09-13.19.47:850][  0]LogContentBrowser: Native class hierarchy updated for 'SceneOutliner' in 0.0004 seconds. Added 1 classes and 2 folders.
[2017.08.09-13.19.47:902][  0]LogCrashTracker: Crashtracker disabled due to settings.
[2017.08.09-13.19.47:905][  0]LogSlate: Took 0.000251 seconds to synchronously load lazily loaded font '../../../Engine/Content/Slate/Fonts/Roboto-Regular.ttf' (155K)
[2017.08.09-13.19.47:907][  0]LogSlate: Took 0.000180 seconds to synchronously load lazily loaded font '../../../Engine/Content/Slate/Fonts/Roboto-Bold.ttf' (160K)
[2017.08.09-13.19.47:911][  0]LogSlate: Took 0.000177 seconds to synchronously load lazily loaded font '../../../Engine/Content/Editor/Slate/Fonts/FontAwesome.ttf' (139K)
[2017.08.09-13.19.47:981][  0]LogRenderer: Reallocating scene render targets to support 1272x604 NumSamples 1 (Frame:1).
[2017.08.09-13.19.48:052][  0]LogUObjectGlobals:Warning: Failed to find object 'Class None.'
[2017.08.09-13.19.48:101][  0]LogContentBrowser: Native class hierarchy updated for 'HierarchicalLODOutliner' in 0.0004 seconds. Added 1 classes and 2 folders.
[2017.08.09-13.19.48:101][  0]LogLoad: (Engine Initialization) Total time: 11.87 seconds
[2017.08.09-13.19.48:101][  0]LogLoad: (Engine Initialization) Total Blueprint compile time: 0.06 seconds
[2017.08.09-13.19.48:101][  0]LogExternalProfiler: Found external profiler: VSPerf
[2017.08.09-13.19.48:101][  0]LogExternalProfiler: Using external profiler: VSPerf
[2017.08.09-13.19.48:440][  0]LogOcInput: OculusInput pre-init called
[2017.08.09-13.19.48:440][  0]LogHMD: Starting GearVRController plugin
[2017.08.09-13.19.48:449][  0]LogAssetRegistry: Asset discovery search completed in 6.8759 seconds
[2017.08.09-13.19.48:450][  0]LogCollectionManager: Rebuilt the object cache for 0 collections in 0.000000 seconds (found 0 objects)
[2017.08.09-13.19.48:450][  0]LogCollectionManager: Fixed up redirectors for 0 collections in 0.000016 seconds (updated 0 objects)
[2017.08.09-13.19.48:452][  0]LogContentStreaming: Texture pool size now 1000 MB
[2017.08.09-13.19.48:506][  1]LogRenderer: Reallocating scene render targets to support 1272x624 NumSamples 1 (Frame:2).
[2017.08.09-13.21.04:808][232]LogEditorViewport: Clicking on Actor (LMB): StaticMeshActor (Floor)
[2017.08.09-13.21.20:729][706]LogSlate: Took 0.000089 seconds to synchronously load lazily loaded font '../../../Engine/Content/Slate/Fonts/Roboto-Light.ttf' (159K)
[2017.08.09-13.21.21:010][706]LogSavePackage: Save=20.34ms
[2017.08.09-13.21.21:010][706]LogSavePackage: Moving '../../../../../../Users/Bendick/Documents/GitHub/SR_Prototype_V2/SR_Prototype_V2/Saved/ScanReach_Map156CCBDA4E55B29B536FDEAAB5A5F52F.tmp' to '../../../../../../Users/Bendick/Documents/GitHub/SR_Prototype_V2/SR_Prototype_V2/Content/ScanReach_Map.umap'
[2017.08.09-13.21.21:010][706]LogSavePackage:Display: Finished SavePackage ../../../../../../Users/Bendick/Documents/GitHub/SR_Prototype_V2/SR_Prototype_V2/Content/ScanReach_Map.umap
[2017.08.09-13.21.21:031][706]LogFileHelpers: Saving map 'ScanReach_Map' took 0.344
[2017.08.09-13.21.21:108][715]LogSlate: Took 0.000085 seconds to synchronously load lazily loaded font '../../../Engine/Content/Slate/Fonts/Roboto-Light.ttf' (159K)
[2017.08.09-13.21.21:920][807]LogEditorViewport: Clicking on Actor (LMB): StaticMeshActor (Floor)
[2017.08.09-13.22.14:178][683]LogSavePackage: Save=22.35ms
[2017.08.09-13.22.14:178][683]LogSavePackage: Moving '../../../../../../Users/Bendick/Documents/GitHub/SR_Prototype_V2/SR_Prototype_V2/Saved/ScanReach_MapE7B8D8EF468BE06737E54098FC7765D3.tmp' to '../../../../../../Users/Bendick/Documents/GitHub/SR_Prototype_V2/SR_Prototype_V2/Content/Maps/ScanReach_Map.umap'
[2017.08.09-13.22.14:181][683]LogSavePackage:Display: Finished SavePackage ../../../../../../Users/Bendick/Documents/GitHub/SR_Prototype_V2/SR_Prototype_V2/Content/Maps/ScanReach_Map.umap
[2017.08.09-13.22.14:197][683]LogFileHelpers: Saving map 'ScanReach_Map' took 0.082
[2017.08.09-13.22.35:592][852]LogSavePackage: Save=20.41ms
[2017.08.09-13.22.35:592][852]LogSavePackage: Moving '../../../../../../Users/Bendick/Documents/GitHub/SR_Prototype_V2/SR_Prototype_V2/Saved/ScanReach_Map2811604A45792436C748EEB99DA7DE64.tmp' to '../../../../../../Users/Bendick/Documents/GitHub/SR_Prototype_V2/SR_Prototype_V2/Content/Scenes/ScanReach_Map.umap'
[2017.08.09-13.22.35:595][852]LogSavePackage:Display: Finished SavePackage ../../../../../../Users/Bendick/Documents/GitHub/SR_Prototype_V2/SR_Prototype_V2/Content/Scenes/ScanReach_Map.umap
[2017.08.09-13.22.35:609][852]LogFileHelpers: Saving map 'ScanReach_Map' took 0.075
[2017.08.09-13.22.48:325][357]LogSavePackage: Save=19.67ms
[2017.08.09-13.22.48:325][357]LogSavePackage: Moving '../../../../../../Users/Bendick/Documents/GitHub/SR_Prototype_V2/SR_Prototype_V2/Saved/ScanReach_Map2D9698CA4D6018229B4C8A9D8D0A3CD5.tmp' to '../../../../../../Users/Bendick/Documents/GitHub/SR_Prototype_V2/SR_Prototype_V2/Content/Scenes/ScanReach_Map.umap'
[2017.08.09-13.22.48:327][357]LogSavePackage:Display: Finished SavePackage ../../../../../../Users/Bendick/Documents/GitHub/SR_Prototype_V2/SR_Prototype_V2/Content/Scenes/ScanReach_Map.umap
[2017.08.09-13.22.49:569][497]LogEditorViewport: Clicking on Actor (LMB): StaticMeshActor (Floor)
[2017.08.09-13.23.15:185][445]LogSlate: Only BGRA pngs, bmps or icos are supported in by External Image Picker
[2017.08.09-13.23.15:215][446]LogTemp: Executing iPhonePackager certificates Engine -bundlename com.YourCompany.SRPrototypeV2
[2017.08.09-13.23.15:215][446]LogTemp: CWD: C:\Program Files\Epic Games\UE_4.16\Engine\Binaries\DotNET\IOS
[2017.08.09-13.23.15:215][446]LogTemp: Initial Dir: C:\Program Files\Epic Games\UE_4.16
[2017.08.09-13.23.15:215][446]LogTemp: Env CWD: C:\Program Files\Epic Games\UE_4.16\Engine\Binaries\DotNET\IOS
[2017.08.09-13.23.15:215][446]LogTemp: BranchPath = WINDOWS-EUOFFC3/C/Program Files/Epic Games/UE_4.16/Engine/Binaries --- GameBranchPath = WINDOWS-EUOFFC3/C/Program Files/Epic Games/UE_4.16/Engine/Binaries
[2017.08.09-13.23.15:234][447]LogTemp: IPP ERROR: Could not find provision directory 'C:\Users\Bendick\AppData\Local/Apple Computer/MobileDevice/Provisioning Profiles/'.
[2017.08.09-13.23.41:438][461]LogSlate: Only BGRA pngs, bmps or icos are supported in by External Image Picker
[2017.08.09-13.23.41:467][462]LogTemp: Executing iPhonePackager certificates Engine -bundlename com.YourCompany.SRPrototypeV2
[2017.08.09-13.23.41:467][462]LogTemp: CWD: C:\Program Files\Epic Games\UE_4.16\Engine\Binaries\DotNET\IOS
[2017.08.09-13.23.41:467][462]LogTemp: Initial Dir: C:\Program Files\Epic Games\UE_4.16
[2017.08.09-13.23.41:467][462]LogTemp: Env CWD: C:\Program Files\Epic Games\UE_4.16\Engine\Binaries\DotNET\IOS
[2017.08.09-13.23.41:467][462]LogTemp: BranchPath = WINDOWS-EUOFFC3/C/Program Files/Epic Games/UE_4.16/Engine/Binaries --- GameBranchPath = WINDOWS-EUOFFC3/C/Program Files/Epic Games/UE_4.16/Engine/Binaries
[2017.08.09-13.23.41:475][463]LogTemp: IPP ERROR: Could not find provision directory 'C:\Users\Bendick\AppData\Local/Apple Computer/MobileDevice/Provisioning Profiles/'.
[2017.08.09-13.24.36:866][679]LogContentBrowser: Native class hierarchy updated for 'BlueprintGraph' in 0.0006 seconds. Added 112 classes and 0 folders.
[2017.08.09-13.24.38:964][870]LogRenderer: Reallocating scene render targets to support 1272x704 NumSamples 1 (Frame:172).
[2017.08.09-13.24.45:551][655]LogSavePackage: Save=19.63ms
[2017.08.09-13.24.45:551][655]LogSavePackage: Moving '../../../../../../Users/Bendick/Documents/GitHub/SR_Prototype_V2/SR_Prototype_V2/Saved/ScanReach_MapD0765BFC43CADFA555CCEEB924847ED0.tmp' to '../../../../../../Users/Bendick/Documents/GitHub/SR_Prototype_V2/SR_Prototype_V2/Content/Scenes/ScanReach_Map.umap'
[2017.08.09-13.24.45:554][655]LogSavePackage:Display: Finished SavePackage ../../../../../../Users/Bendick/Documents/GitHub/SR_Prototype_V2/SR_Prototype_V2/Content/Scenes/ScanReach_Map.umap
[2017.08.09-13.24.46:143][722]LogEditorViewport: Clicking on Actor (LMB): BP_Sky_Sphere_C (Sky Sphere)
[2017.08.09-13.25.17:240][516]LogEditorViewport: Clicking on Actor (LMB): BP_Sky_Sphere_C (Sky Sphere)
[2017.08.09-13.25.31:633][527]LogEditorViewport: Clicking on Actor (LMB): BP_Sky_Sphere_C (Sky Sphere)
[2017.08.09-13.25.33:329][724]LogEditorViewport: Clicking on Actor (LMB): CameraActor (CameraActor)
[2017.08.09-13.25.35:679][995]LogEditorViewport: Clicking on Actor (LMB): BP_Sky_Sphere_C (Sky Sphere)
[2017.08.09-13.25.37:415][189]LogEditorViewport: Clicking on Actor (LMB): CameraActor (CameraActor)
[2017.08.09-13.25.43:636][892]LogSlate: Took 0.000123 seconds to synchronously load lazily loaded font '../../../Engine/Content/Editor/Slate/Fonts/Roboto-Italic.ttf' (157K)
[2017.08.09-13.25.47:309][332]LogEditorViewport: Clicking on Actor (LMB): BP_Sky_Sphere_C (Sky Sphere)
[2017.08.09-13.25.49:386][568]LogEditorViewport: Clicking on Actor (LMB): CameraActor (CameraActor)
[2017.08.09-13.25.55:324][238]LogEditorViewport: Clicking on Actor (LMB): StaticMeshActor (Floor)
[2017.08.09-13.25.58:979][649]LogEditorViewport: Clicking on Actor (LMB): CameraActor (CameraActor)
[2017.08.09-13.26.00:609][836]LogEditorViewport: Clicking on Actor (LMB): StaticMeshActor (Floor)
[2017.08.09-13.26.01:731][963]LogEditorViewport: Clicking on Actor (LMB): CameraActor (CameraActor)
[2017.08.09-13.26.02:067][994]LogEditorViewport: Clicking on Actor (LMB): CameraActor (CameraActor)
[2017.08.09-13.26.05:909][453]Cmd: TRANSACTION UNDO
[2017.08.09-13.26.05:909][453]LogEditorTransaction: Undo Move Actors
[2017.08.09-13.26.05:925][453]LogSlate: Took 0.000146 seconds to synchronously load lazily loaded font '../../../Engine/Content/Slate/Fonts/Roboto-Light.ttf' (159K)
[2017.08.09-13.26.06:123][477]Cmd: TRANSACTION UNDO
[2017.08.09-13.26.06:123][477]LogEditorTransaction: Undo Clicking on Actors
[2017.08.09-13.26.06:292][496]Cmd: TRANSACTION UNDO
[2017.08.09-13.26.06:292][496]LogEditorTransaction: Undo Clicking on Actors
[2017.08.09-13.26.06:463][510]Cmd: TRANSACTION UNDO
[2017.08.09-13.26.06:463][510]LogEditorTransaction: Undo Clicking on Actors
[2017.08.09-13.26.06:624][521]Cmd: TRANSACTION UNDO
[2017.08.09-13.26.06:624][521]LogEditorTransaction: Undo Clicking on Actors
[2017.08.09-13.26.06:784][534]Cmd: TRANSACTION UNDO
[2017.08.09-13.26.06:784][534]LogEditorTransaction: Undo Move Actors
[2017.08.09-13.26.06:971][556]Cmd: TRANSACTION UNDO
[2017.08.09-13.26.06:971][556]LogEditorTransaction: Undo Move Actors
[2017.08.09-13.26.07:705][644]LogEditorViewport: Clicking on Actor (LMB): BP_Sky_Sphere_C (Sky Sphere)
[2017.08.09-13.26.09:334][830]LogEditorViewport: Clicking on Actor (LMB): BP_Sky_Sphere_C (Sky Sphere)
[2017.08.09-13.26.09:851][887]LogEditorViewport: Clicking on Actor (LMB): BP_Sky_Sphere_C (Sky Sphere)
[2017.08.09-13.26.10:125][917]LogEditorViewport: Clicking on Actor (LMB): BP_Sky_Sphere_C (Sky Sphere)
[2017.08.09-13.26.13:927][342]LogSlate: Took 0.000132 seconds to synchronously load lazily loaded font '../../../Engine/Content/Editor/Slate/Fonts/Roboto-BoldCondensed.ttf' (158K)
[2017.08.09-13.26.15:584][539]LogEditorViewport: Clicking on Actor (LMB): CameraActor (CameraActor)
[2017.08.09-13.26.53:151][755]BlueprintLog: New page: Compile ScanReach_Map
[2017.08.09-13.26.53:481][788]BlueprintLog: New page: Compile ScanReach_Map
[2017.08.09-13.26.55:668][ 41]LogTemp: Repeting last play command: Selected Viewport
[2017.08.09-13.26.55:695][ 41]LogBlueprintUserMessages: Early PlayInEditor Detection: Level '/Game/Scenes/ScanReach_Map.ScanReach_Map:PersistentLevel' has LevelScriptBlueprint '/Game/Scenes/ScanReach_Map.ScanReach_Map:PersistentLevel.ScanReach_Map' with GeneratedClass '/Game/Scenes/ScanReach_Map.ScanReach_Map_C' with ClassGeneratedBy '/Game/Scenes/ScanReach_Map.ScanReach_Map:PersistentLevel.ScanReach_Map'
[2017.08.09-13.26.55:695][ 41]LogPlayLevel: PlayLevel: No blueprints needed recompiling
[2017.08.09-13.26.55:695][ 41]PIE: New page: PIE session: ScanReach_Map (9 Aug 2017 17:26:55)
[2017.08.09-13.26.55:695][ 41]LogPlayLevel: Creating play world package: /Game/Scenes/UEDPIE_0_ScanReach_Map
[2017.08.09-13.26.55:696][ 41]LogPlayLevel: PIE: StaticDuplicateObject took: (0.001456s)
[2017.08.09-13.26.55:697][ 41]LogAIModule: Creating AISystem for world ScanReach_Map
[2017.08.09-13.26.55:697][ 41]LogPlayLevel: PIE: World Init took: (0.000452s)
[2017.08.09-13.26.55:697][ 41]LogPlayLevel: PIE: Created PIE world by copying editor world from /Game/Scenes/ScanReach_Map.ScanReach_Map to /Game/Scenes/UEDPIE_0_ScanReach_Map.ScanReach_Map (0.002038s)
[2017.08.09-13.26.55:739][ 41]LogInit: XAudio2 using 'Speakers (2- Logitech G933 Gaming Headset)' : 6 channels at 48 kHz using 16 bits per sample (channel mask 0x3f)
[2017.08.09-13.26.55:748][ 41]LogInit: FAudioDevice initialized.
[2017.08.09-13.26.55:790][ 41]LogLoad: Game class is 'ScanReach_GM_C'
[2017.08.09-13.26.55:791][ 41]LogWorld: Bringing World /Game/Scenes/UEDPIE_0_ScanReach_Map.ScanReach_Map up for play (max tick rate 0) at 2017.08.09-15.26.55
[2017.08.09-13.26.55:791][ 41]LogWorld: Bringing up level for play took: 0.000638
[2017.08.09-13.26.55:820][ 41]LogContentBrowser: Native class hierarchy updated for 'MovieSceneCapture' in 0.0004 seconds. Added 11 classes and 0 folders.
[2017.08.09-13.26.55:821][ 41]PIE: Info Play in editor start time for /Game/Scenes/UEDPIE_0_ScanReach_Map 0.687
[2017.08.09-13.26.55:821][ 41]LogBlueprintUserMessages: Late PlayInEditor Detection: Level '/Game/Scenes/ScanReach_Map.ScanReach_Map:PersistentLevel' has LevelScriptBlueprint '/Game/Scenes/ScanReach_Map.ScanReach_Map:PersistentLevel.ScanReach_Map' with GeneratedClass '/Game/Scenes/ScanReach_Map.ScanReach_Map_C' with ClassGeneratedBy '/Game/Scenes/ScanReach_Map.ScanReach_Map:PersistentLevel.ScanReach_Map'
[2017.08.09-13.26.57:622][256]LogBlueprintUserMessages: Early EndPlayMap Detection: Level '/Game/Scenes/ScanReach_Map.ScanReach_Map:PersistentLevel' has LevelScriptBlueprint '/Game/Scenes/ScanReach_Map.ScanReach_Map:PersistentLevel.ScanReach_Map' with GeneratedClass '/Game/Scenes/ScanReach_Map.ScanReach_Map_C' with ClassGeneratedBy '/Game/Scenes/ScanReach_Map.ScanReach_Map:PersistentLevel.ScanReach_Map'
[2017.08.09-13.26.57:686][256]LogBlueprintUserMessages: Late EndPlayMap Detection: Level '/Game/Scenes/ScanReach_Map.ScanReach_Map:PersistentLevel' has LevelScriptBlueprint '/Game/Scenes/ScanReach_Map.ScanReach_Map:PersistentLevel.ScanReach_Map' with GeneratedClass '/Game/Scenes/ScanReach_Map.ScanReach_Map_C' with ClassGeneratedBy '/Game/Scenes/ScanReach_Map.ScanReach_Map:PersistentLevel.ScanReach_Map'
[2017.08.09-13.27.00:180][548]LogEditorViewport: Clicking on Actor (LMB): StaticMeshActor (Floor)
[2017.08.09-13.27.07:910][460]LogEditorViewport: Clicking on Actor (LMB): BP_Sky_Sphere_C (Sky Sphere)
[2017.08.09-13.27.12:328][979]LogEditorViewport: Clicking on Actor (LMB): CameraActor (CameraActor)
[2017.08.09-13.27.13:784][143]LogEditorViewport: Clicking on Actor (context menu): CameraActor (CameraActor)
[2017.08.09-13.27.27:436][777]LogEditorViewport: Clicking on Actor (LMB): BP_Sky_Sphere_C (Sky Sphere)
[2017.08.09-13.28.14:914][871]LogEditorViewport: Clicking on Actor (LMB): StaticMeshActor (Floor)
[2017.08.09-13.28.16:718][ 81]LogEditorViewport: Clicking on Actor (LMB): StaticMeshActor (Floor)
[2017.08.09-13.28.17:377][156]LogEditorViewport: Clicking on Actor (LMB): BP_Sky_Sphere_C (Sky Sphere)
[2017.08.09-13.28.21:114][559]LogEditorViewport: Clicking on Actor (LMB): BP_Sky_Sphere_C (Sky Sphere)
[2017.08.09-13.28.21:656][610]LogSavePackage: Save=77.80ms
[2017.08.09-13.28.21:656][610]LogSavePackage: Moving '../../../../../../Users/Bendick/Documents/GitHub/SR_Prototype_V2/SR_Prototype_V2/Saved/ScanReach_Map0A4577274F0C455341A9EDAFBEF8FCC8.tmp' to '../../../../../../Users/Bendick/Documents/GitHub/SR_Prototype_V2/SR_Prototype_V2/Content/Scenes/ScanReach_Map.umap'
[2017.08.09-13.28.21:658][610]LogSavePackage:Display: Finished SavePackage ../../../../../../Users/Bendick/Documents/GitHub/SR_Prototype_V2/SR_Prototype_V2/Content/Scenes/ScanReach_Map.umap
[2017.08.09-13.28.34:718][882]LogEditorViewport: Clicking on Actor (LMB): BP_Sky_Sphere_C (Sky Sphere)
[2017.08.09-13.28.47:836][ 49]LogEditorViewport: Clicking on Actor (LMB): BP_Sky_Sphere_C (Sky Sphere)
[2017.08.09-13.28.48:070][ 64]LogSavePackage: Save=78.49ms
[2017.08.09-13.28.48:070][ 64]LogSavePackage: Moving '../../../../../../Users/Bendick/Documents/GitHub/SR_Prototype_V2/SR_Prototype_V2/Saved/ScanReach_Map9FDF056A40CB1F8450AB4CB2C5F72A90.tmp' to '../../../../../../Users/Bendick/Documents/GitHub/SR_Prototype_V2/SR_Prototype_V2/Content/Scenes/ScanReach_Map.umap'
[2017.08.09-13.28.48:071][ 64]LogSavePackage:Display: Finished SavePackage ../../../../../../Users/Bendick/Documents/GitHub/SR_Prototype_V2/SR_Prototype_V2/Content/Scenes/ScanReach_Map.umap
[2017.08.09-13.28.49:939][182]LogSavePackage: Save=6.95ms
[2017.08.09-13.28.49:939][182]LogSavePackage: Moving '../../../../../../Users/Bendick/Documents/GitHub/SR_Prototype_V2/SR_Prototype_V2/Saved/ScanReach_Con986D8C08400626321295E5904BB64AF3.tmp' to '../../../../../../Users/Bendick/Documents/GitHub/SR_Prototype_V2/SR_Prototype_V2/Content/Blueprints/Ruleset/ScanReach_Con.uasset'
[2017.08.09-13.28.49:941][182]LogSavePackage:Display: Finished SavePackage ../../../../../../Users/Bendick/Documents/GitHub/SR_Prototype_V2/SR_Prototype_V2/Content/Blueprints/Ruleset/ScanReach_Con.uasset
[2017.08.09-13.28.49:951][182]LogSavePackage: Save=6.83ms
[2017.08.09-13.28.49:951][182]LogSavePackage: Moving '../../../../../../Users/Bendick/Documents/GitHub/SR_Prototype_V2/SR_Prototype_V2/Saved/ScanReach_GM245C5A7046B2798FE02C21A5052FC047.tmp' to '../../../../../../Users/Bendick/Documents/GitHub/SR_Prototype_V2/SR_Prototype_V2/Content/Blueprints/Ruleset/ScanReach_GM.uasset'
[2017.08.09-13.28.49:952][182]LogSavePackage:Display: Finished SavePackage ../../../../../../Users/Bendick/Documents/GitHub/SR_Prototype_V2/SR_Prototype_V2/Content/Blueprints/Ruleset/ScanReach_GM.uasset
[2017.08.09-13.28.49:954][182]Cmd: OBJ SAVEPACKAGE PACKAGE="/Game/Blueprints/Ship/BP_Floor" FILE="../../../../../../Users/Bendick/Documents/GitHub/SR_Prototype_V2/SR_Prototype_V2/Content/Blueprints/Ship/BP_Floor.uasset" SILENT=true
[2017.08.09-13.28.49:963][182]LogSavePackage: Save=7.09ms
[2017.08.09-13.28.49:963][182]LogSavePackage: Moving '../../../../../../Users/Bendick/Documents/GitHub/SR_Prototype_V2/SR_Prototype_V2/Saved/BP_FloorFD2DB32D4D51DFA1A1F1D0966E2C7B73.tmp' to '../../../../../../Users/Bendick/Documents/GitHub/SR_Prototype_V2/SR_Prototype_V2/Content/Blueprints/Ship/BP_Floor.uasset'
[2017.08.09-13.28.49:964][182]LogSavePackage:Display: Finished SavePackage ../../../../../../Users/Bendick/Documents/GitHub/SR_Prototype_V2/SR_Prototype_V2/Content/Blueprints/Ship/BP_Floor.uasset
[2017.08.09-13.28.49:966][182]Cmd: OBJ SAVEPACKAGE PACKAGE="/Game/Blueprints/Ship/BP_Ship" FILE="../../../../../../Users/Bendick/Documents/GitHub/SR_Prototype_V2/SR_Prototype_V2/Content/Blueprints/Ship/BP_Ship.uasset" SILENT=true
[2017.08.09-13.28.49:974][182]LogSavePackage: Save=7.20ms
[2017.08.09-13.28.49:974][182]LogSavePackage: Moving '../../../../../../Users/Bendick/Documents/GitHub/SR_Prototype_V2/SR_Prototype_V2/Saved/BP_ShipC9A0B4C34C0E67A50F91C1836B5499AD.tmp' to '../../../../../../Users/Bendick/Documents/GitHub/SR_Prototype_V2/SR_Prototype_V2/Content/Blueprints/Ship/BP_Ship.uasset'
[2017.08.09-13.28.49:976][182]LogSavePackage:Display: Finished SavePackage ../../../../../../Users/Bendick/Documents/GitHub/SR_Prototype_V2/SR_Prototype_V2/Content/Blueprints/Ship/BP_Ship.uasset
[2017.08.09-13.28.50:254][183]Cmd: QUIT_EDITOR
[2017.08.09-13.28.50:437][183]LogWindowsTextInputMethodSystem:Display: IME system now deactivated.
[2017.08.09-13.28.50:437][183]LogWindowsTextInputMethodSystem:Display: IME system now deactivated.
[2017.08.09-13.28.50:440][183]LogExit: Preparing to exit.
[2017.08.09-13.28.51:490][183]LogDirectoryWatcher: A directory notification for 'C:/Users/Bendick/Documents/GitHub/SR_Prototype_V2/SR_Prototype_V2/Content/' was aborted.
[2017.08.09-13.28.51:506][183]LogExit: Editor shut down
[2017.08.09-13.28.51:509][183]LogExit: Transaction tracking system shut down
[2017.08.09-13.28.51:575][183]LogObj: Freed 0b from 0 cluster array pools.
[2017.08.09-13.28.51:575][183]LogExit: Object subsystem successfully closed.
[2017.08.09-13.28.51:586][183]LogD3D11RHI: Shutdown
[2017.08.09-13.28.51:586][183]LogD3D11RHI: CleanupD3DDevice
[2017.08.09-13.28.51:636][183]LogD3D11RHI: ~FD3D11DynamicRHI
[2017.08.09-13.28.51:646][183]LogModuleManager: Shutting down and abandoning module MovieSceneCapture (532)
[2017.08.09-13.28.51:646][183]LogModuleManager: Shutting down and abandoning module BlueprintGraph (530)
[2017.08.09-13.28.51:646][183]LogModuleManager: Shutting down and abandoning module BlueprintProfiler (528)
[2017.08.09-13.28.51:646][183]LogModuleManager: Shutting down and abandoning module ExternalImagePicker (526)
[2017.08.09-13.28.51:646][183]LogModuleManager: Shutting down and abandoning module HierarchicalLODOutliner (524)
[2017.08.09-13.28.51:646][183]LogModuleManager: Shutting down and abandoning module CrashTracker (522)
[2017.08.09-13.28.51:646][183]LogModuleManager: Shutting down and abandoning module SceneOutliner (520)
[2017.08.09-13.28.51:646][183]LogModuleManager: Shutting down and abandoning module AddContentDialog (518)
[2017.08.09-13.28.51:646][183]LogDirectoryWatcher: A directory notification for 'C:/Program Files/Epic Games/UE_4.16/FeaturePacks/' was aborted.
[2017.08.09-13.28.51:647][183]LogModuleManager: Shutting down and abandoning module WidgetCarousel (517)
[2017.08.09-13.28.51:647][183]LogModuleManager: Shutting down and abandoning module EditorWidgets (514)
[2017.08.09-13.28.51:647][183]LogModuleManager: Shutting down and abandoning module CollectionManager (512)
[2017.08.09-13.28.51:647][183]LogDirectoryWatcher: A directory notification for 'C:/Users/Bendick/Documents/GitHub/SR_Prototype_V2/SR_Prototype_V2/Content/Collections/' was aborted.
[2017.08.09-13.28.51:647][183]LogDirectoryWatcher: A directory notification for 'C:/Users/Bendick/Documents/GitHub/SR_Prototype_V2/SR_Prototype_V2/Content/Developers/Bendick/Collections/' was aborted.
[2017.08.09-13.28.51:647][183]LogDirectoryWatcher: A directory notification for 'C:/Users/Bendick/Documents/GitHub/SR_Prototype_V2/SR_Prototype_V2/Saved/Collections/' was aborted.
[2017.08.09-13.28.51:647][183]LogModuleManager: Shutting down and abandoning module StatsViewer (510)
[2017.08.09-13.28.51:647][183]LogModuleManager: Shutting down and abandoning module FoliageEdit (508)
[2017.08.09-13.28.51:647][183]LogModuleManager: Shutting down and abandoning module LandscapeEditor (506)
[2017.08.09-13.28.51:658][183]LogModuleManager: Shutting down and abandoning module MeshPaintMode (504)
[2017.08.09-13.28.51:658][183]LogModuleManager: Shutting down and abandoning module SceneDepthPickerMode (502)
[2017.08.09-13.28.51:658][183]LogModuleManager: Shutting down and abandoning module ActorPickerMode (500)
[2017.08.09-13.28.51:658][183]LogModuleManager: Shutting down and abandoning module GeometryMode (498)
[2017.08.09-13.28.51:658][183]LogModuleManager: Shutting down and abandoning module TextureAlignMode (496)
[2017.08.09-13.28.51:658][183]LogModuleManager: Shutting down and abandoning module BspMode (494)
[2017.08.09-13.28.51:658][183]LogModuleManager: Shutting down and abandoning module HardwareSurvey (492)
[2017.08.09-13.28.51:658][183]LogModuleManager: Shutting down and abandoning module SequenceRecorderSections (490)
[2017.08.09-13.28.51:658][183]LogModuleManager: Shutting down and abandoning module AutomationWorker (488)
[2017.08.09-13.28.51:658][183]LogModuleManager: Shutting down and abandoning module MatineeToLevelSequence (486)
[2017.08.09-13.28.51:658][183]LogModuleManager: Shutting down and abandoning module LevelSequenceEditor (484)
[2017.08.09-13.28.51:658][183]LogModuleManager: Shutting down and abandoning module PlacementMode (483)
[2017.08.09-13.28.51:658][183]LogModuleManager: Shutting down and abandoning module WmfMediaFactory (480)
[2017.08.09-13.28.51:658][183]LogModuleManager: Shutting down and abandoning module WmfMediaEditor (478)
[2017.08.09-13.28.51:658][183]LogModuleManager: Shutting down and abandoning module AvfMediaFactory (476)
[2017.08.09-13.28.51:658][183]LogModuleManager: Shutting down and abandoning module AvfMediaEditor (474)
[2017.08.09-13.28.51:658][183]LogModuleManager: Shutting down and abandoning module AndroidMediaFactory (472)
[2017.08.09-13.28.51:658][183]LogModuleManager: Shutting down and abandoning module Media (471)
[2017.08.09-13.28.51:658][183]LogModuleManager: Shutting down and abandoning module AndroidMediaEditor (468)
[2017.08.09-13.28.51:658][183]LogModuleManager: Shutting down and abandoning module CharacterAI (466)
[2017.08.09-13.28.51:658][183]LogModuleManager: Shutting down and abandoning module AudioCapture (464)
[2017.08.09-13.28.51:658][183]LogModuleManager: Shutting down and abandoning module SequenceRecorder (463)
[2017.08.09-13.28.51:658][183]LogModuleManager: Shutting down and abandoning module SmartSnapping (460)
[2017.08.09-13.28.51:658][183]LogModuleManager: Shutting down and abandoning module SessionServices (458)
[2017.08.09-13.28.51:658][183]LogModuleManager: Shutting down and abandoning module ViewportSnapping (456)
[2017.08.09-13.28.51:658][183]LogModuleManager: Shutting down and abandoning module ViewportInteraction (454)
[2017.08.09-13.28.51:658][183]LogModuleManager: Shutting down and abandoning module ClothPainter (452)
[2017.08.09-13.28.51:658][183]LogModuleManager: Shutting down and abandoning module LogVisualizer (450)
[2017.08.09-13.28.51:659][183]LogModuleManager: Shutting down and abandoning module IntroTutorials (448)
[2017.08.09-13.28.51:659][183]LogModuleManager: Shutting down and abandoning module GameProjectGeneration (447)
[2017.08.09-13.28.51:659][183]LogModuleManager: Shutting down and abandoning module EditorLiveStreaming (444)
[2017.08.09-13.28.51:659][183]LogModuleManager: Shutting down and abandoning module IOSPlatformEditor (442)
[2017.08.09-13.28.51:659][183]LogModuleManager: Shutting down and abandoning module HTML5PlatformEditor (440)
[2017.08.09-13.28.51:659][183]LogModuleManager: Shutting down and abandoning module AndroidPlatformEditor (438)
[2017.08.09-13.28.51:659][183]LogModuleManager: Shutting down and abandoning module AndroidDeviceDetection (437)
[2017.08.09-13.28.52:403][183]LogModuleManager: Shutting down and abandoning module IOSRuntimeSettings (434)
[2017.08.09-13.28.52:403][183]LogModuleManager: Shutting down and abandoning module AndroidRuntimeSettings (432)
[2017.08.09-13.28.52:403][183]LogModuleManager: Shutting down and abandoning module InputBindingEditor (430)
[2017.08.09-13.28.52:403][183]LogModuleManager: Shutting down and abandoning module MergeActors (428)
[2017.08.09-13.28.52:403][183]LogModuleManager: Shutting down and abandoning module SizeMap (426)
[2017.08.09-13.28.52:403][183]LogModuleManager: Shutting down and abandoning module TreeMap (424)
[2017.08.09-13.28.52:403][183]LogModuleManager: Shutting down and abandoning module ReferenceViewer (422)
[2017.08.09-13.28.52:403][183]LogModuleManager: Shutting down and abandoning module LocalizationDashboard (420)
[2017.08.09-13.28.52:403][183]LogModuleManager: Shutting down and abandoning module LocalizationService (419)
[2017.08.09-13.28.52:403][183]LogModuleManager: Shutting down and abandoning module HardwareTargeting (416)
[2017.08.09-13.28.52:403][183]LogModuleManager: Shutting down and abandoning module DeviceProfileEditor (414)
[2017.08.09-13.28.52:403][183]LogModuleManager: Shutting down and abandoning module UndoHistory (412)
[2017.08.09-13.28.52:403][183]LogModuleManager: Shutting down and abandoning module UserFeedback (410)
[2017.08.09-13.28.52:403][183]LogModuleManager: Shutting down and abandoning module XmlParser (408)
[2017.08.09-13.28.52:404][183]LogModuleManager: Shutting down and abandoning module Blutility (406)
[2017.08.09-13.28.52:404][183]LogModuleManager: Shutting down and abandoning module ProjectSettingsViewer (404)
[2017.08.09-13.28.52:404][183]LogModuleManager: Shutting down and abandoning module ProjectTargetPlatformEditor (403)
[2017.08.09-13.28.52:404][183]LogModuleManager: Shutting down and abandoning module EditorSettingsViewer (400)
[2017.08.09-13.28.52:404][183]LogModuleManager: Shutting down and abandoning module SettingsEditor (398)
[2017.08.09-13.28.52:404][183]LogModuleManager: Shutting down and abandoning module ProjectLauncher (396)
[2017.08.09-13.28.52:404][183]LogModuleManager: Shutting down and abandoning module SessionFrontend (394)
[2017.08.09-13.28.52:404][183]LogModuleManager: Shutting down and abandoning module ProfilerClient (392)
[2017.08.09-13.28.52:404][183]LogModuleManager: Shutting down and abandoning module DeviceManager (390)
[2017.08.09-13.28.52:404][183]LogModuleManager: Shutting down and abandoning module TargetDeviceServices (389)
[2017.08.09-13.28.52:454][183]LogModuleManager: Shutting down and abandoning module AutomationController (386)
[2017.08.09-13.28.52:454][183]LogModuleManager: Shutting down and abandoning module AutomationWindow (384)
[2017.08.09-13.28.52:454][183]LogModuleManager: Shutting down and abandoning module Layers (382)
[2017.08.09-13.28.52:466][183]LogModuleManager: Shutting down and abandoning module ComponentVisualizers (380)
[2017.08.09-13.28.52:466][183]LogModuleManager: Shutting down and abandoning module DetailCustomizations (378)
[2017.08.09-13.28.52:466][183]LogModuleManager: Shutting down and abandoning module PackagesDialog (376)
[2017.08.09-13.28.52:466][183]LogModuleManager: Shutting down and abandoning module Persona (374)
[2017.08.09-13.28.52:466][183]LogModuleManager: Shutting down and abandoning module AdvancedPreviewScene (373)
[2017.08.09-13.28.52:466][183]LogModuleManager: Shutting down and abandoning module AnimGraph (371)
[2017.08.09-13.28.52:466][183]LogModuleManager: Shutting down and abandoning module Kismet (368)
[2017.08.09-13.28.52:469][183]LogModuleManager: Shutting down and abandoning module ClassViewer (366)
[2017.08.09-13.28.52:470][183]LogModuleManager: Shutting down and abandoning module Toolbox (364)
[2017.08.09-13.28.52:470][183]LogModuleManager: Shutting down and abandoning module ModuleUI (362)
[2017.08.09-13.28.52:470][183]LogModuleManager: Shutting down and abandoning module MovieSceneTools (360)
[2017.08.09-13.28.52:470][183]LogModuleManager: Shutting down and abandoning module OutputLog (358)
[2017.08.09-13.28.52:470][183]LogModuleManager: Shutting down and abandoning module GammaUI (356)
[2017.08.09-13.28.52:470][183]LogModuleManager: Shutting down and abandoning module Documentation (354)
[2017.08.09-13.28.52:470][183]LogModuleManager: Shutting down and abandoning module MovieSceneTracks (352)
[2017.08.09-13.28.52:470][183]LogModuleManager: Shutting down and abandoning module MovieScene (350)
[2017.08.09-13.28.52:470][183]LogModuleManager: Shutting down and abandoning module Niagara (348)
[2017.08.09-13.28.52:470][183]LogModuleManager: Shutting down and abandoning module NiagaraEditor (347)
[2017.08.09-13.28.52:470][183]LogModuleManager: Shutting down and abandoning module StreamingPauseRendering (344)
[2017.08.09-13.28.52:470][183]LogModuleManager: Shutting down and abandoning module AnalyticsET (342)
[2017.08.09-13.28.52:470][183]LogModuleManager: Shutting down and abandoning module PortalServices (340)
[2017.08.09-13.28.52:470][183]LogModuleManager: Shutting down and abandoning module PortalRpc (338)
[2017.08.09-13.28.52:470][183]LogModuleManager: Shutting down and abandoning module MessagingRpc (336)
[2017.08.09-13.28.52:470][183]LogModuleManager: Shutting down and abandoning module AIModule (334)
[2017.08.09-13.28.52:470][183]LogModuleManager: Shutting down and abandoning module GameplayDebugger (333)
[2017.08.09-13.28.52:470][183]LogModuleManager: Shutting down and abandoning module AITestSuite (331)
[2017.08.09-13.28.52:470][183]LogModuleManager: Shutting down and abandoning module ProfilerService (328)
[2017.08.09-13.28.52:635][183]LogModuleManager: Shutting down and abandoning module TaskGraph (326)
[2017.08.09-13.28.52:635][183]LogModuleManager: Shutting down and abandoning module SteamVRController (324)
[2017.08.09-13.28.52:635][183]LogModuleManager: Shutting down and abandoning module SteamVR (322)
[2017.08.09-13.28.52:635][183]LogModuleManager: Shutting down and abandoning module ProceduralMeshComponentEditor (320)
[2017.08.09-13.28.52:635][183]LogModuleManager: Shutting down and abandoning module ProceduralMeshComponent (318)
[2017.08.09-13.28.52:635][183]LogModuleManager: Shutting down and abandoning module OculusLibrary (316)
[2017.08.09-13.28.52:635][183]LogModuleManager: Shutting down and abandoning module OculusInput (314)
[2017.08.09-13.28.52:635][183]LogModuleManager: Shutting down and abandoning module MobilePatchingUtils (312)
[2017.08.09-13.28.52:635][183]LogModuleManager: Shutting down and abandoning module CustomMeshComponent (310)
[2017.08.09-13.28.52:635][183]LogModuleManager: Shutting down and abandoning module CableComponent (308)
[2017.08.09-13.28.52:635][183]LogModuleManager: Shutting down and abandoning module ArchVisCharacter (306)
[2017.08.09-13.28.52:635][183]LogModuleManager: Shutting down and abandoning module AndroidPermission (304)
[2017.08.09-13.28.52:635][183]LogModuleManager: Shutting down and abandoning module MediaPlayerEditor (300)
[2017.08.09-13.28.52:635][183]LogModuleManager: Shutting down and abandoning module HTML5Networking (298)
[2017.08.09-13.28.52:635][183]LogModuleManager: Shutting down and abandoning module AlembicImporter (296)
[2017.08.09-13.28.52:635][183]LogModuleManager: Shutting down and abandoning module AlembicLibrary (295)
[2017.08.09-13.28.52:635][183]LogModuleManager: Shutting down and abandoning module GeometryCache (294)
[2017.08.09-13.28.52:635][183]LogModuleManager: Shutting down and abandoning module GeometryCacheEd (293)
[2017.08.09-13.28.52:635][183]LogModuleManager: Shutting down and abandoning module SuperSearchEditor (288)
[2017.08.09-13.28.52:635][183]LogModuleManager: Shutting down and abandoning module SuperSearch (287)
[2017.08.09-13.28.52:635][183]LogModuleManager: Shutting down and abandoning module SpeedTreeImporter (284)
[2017.08.09-13.28.52:635][183]LogModuleManager: Shutting down and abandoning module PluginBrowser (282)
[2017.08.09-13.28.52:635][183]LogModuleManager: Shutting down and abandoning module MobileLauncherProfileWizard (280)
[2017.08.09-13.28.52:635][183]LogModuleManager: Shutting down and abandoning module VisualStudioSourceCodeAccess (278)
[2017.08.09-13.28.52:635][183]LogModuleManager: Shutting down and abandoning module DesktopPlatform (277)
[2017.08.09-13.28.52:635][183]LogModuleManager: Shutting down and abandoning module UObjectPlugin (274)
[2017.08.09-13.28.52:635][183]LogModuleManager: Shutting down and abandoning module SubversionSourceControl (272)
[2017.08.09-13.28.52:635][183]LogModuleManager: Shutting down and abandoning module PerforceSourceControl (270)
[2017.08.09-13.28.52:635][183]LogModuleManager: Shutting down and abandoning module GitSourceControl (268)
[2017.08.09-13.28.52:635][183]LogModuleManager: Shutting down and abandoning module SourceControl (267)
[2017.08.09-13.28.52:635][183]LogModuleManager: Shutting down and abandoning module LightPropagationVolumeEditor (264)
[2017.08.09-13.28.52:635][183]LogModuleManager: Shutting down and abandoning module PaperTiledImporter (262)
[2017.08.09-13.28.52:635][183]LogModuleManager: Shutting down and abandoning module PaperSpriteSheetImporter (260)
[2017.08.09-13.28.52:635][183]LogModuleManager: Shutting down and abandoning module Paper2DEditor (258)
[2017.08.09-13.28.52:635][183]LogModuleManager: Shutting down and abandoning module MeshPaint (257)
[2017.08.09-13.28.52:635][183]LogModuleManager: Shutting down and abandoning module LevelEditor (255)
[2017.08.09-13.28.52:636][183]LogModuleManager: Shutting down and abandoning module PixelInspectorModule (254)
[2017.08.09-13.28.52:636][183]LogModuleManager: Shutting down and abandoning module MainFrame (252)
[2017.08.09-13.28.52:636][183]LogModuleManager: Shutting down and abandoning module HotReload (251)
[2017.08.09-13.28.52:636][183]LogModuleManager: Shutting down and abandoning module PhysXVehiclesEditor (246)
[2017.08.09-13.28.52:636][183]LogModuleManager: Shutting down and abandoning module PhysXVehicles (244)
[2017.08.09-13.28.52:636][183]LogModuleManager: Shutting down and abandoning module LocationServicesBPLibrary (242)
[2017.08.09-13.28.52:636][183]LogModuleManager: Shutting down and abandoning module ImmediatePhysicsEditor (240)
[2017.08.09-13.28.52:636][183]LogModuleManager: Shutting down and abandoning module ImmediatePhysics (238)
[2017.08.09-13.28.52:636][183]LogModuleManager: Shutting down and abandoning module UdpMessaging (236)
[2017.08.09-13.28.52:737][183]LogModuleManager: Shutting down and abandoning module TcpMessaging (234)
[2017.08.09-13.28.52:837][183]LogModuleManager: Shutting down and abandoning module GameplayTagsEditor (232)
[2017.08.09-13.28.52:837][183]LogModuleManager: Shutting down and abandoning module FacialAnimationEditor (230)
[2017.08.09-13.28.52:837][183]LogModuleManager: Shutting down and abandoning module FacialAnimation (228)
[2017.08.09-13.28.52:837][183]LogModuleManager: Shutting down and abandoning module AssetManagerEditor (226)
[2017.08.09-13.28.52:837][183]LogModuleManager: Shutting down and abandoning module GraphEditor (225)
[2017.08.09-13.28.52:837][183]LogModuleManager: Shutting down and abandoning module ContentBrowser (223)
[2017.08.09-13.28.52:837][183]LogModuleManager: Shutting down and abandoning module LightPropagationVolumeRuntime (220)
[2017.08.09-13.28.52:837][183]LogModuleManager: Shutting down and abandoning module Paper2D (218)
[2017.08.09-13.28.52:837][183]LogModuleManager: Shutting down and abandoning module WindowsMoviePlayer (216)
[2017.08.09-13.28.52:837][183]LogModuleManager: Shutting down and abandoning module WmfMedia (214)
[2017.08.09-13.28.52:837][183]LogModuleManager: Shutting down and abandoning module ClothingSystemEditor (212)
[2017.08.09-13.28.52:837][183]LogModuleManager: Shutting down and abandoning module ClothingSystemRuntime (210)
[2017.08.09-13.28.52:837][183]LogModuleManager: Shutting down and abandoning module MediaAssets (208)
[2017.08.09-13.28.52:837][183]LogModuleManager: Shutting down and abandoning module GameLiveStreaming (206)
[2017.08.09-13.28.52:837][183]LogModuleManager: Shutting down and abandoning module VREditor (204)
[2017.08.09-13.28.52:837][183]LogModuleManager: Shutting down and abandoning module StringTableEditor (202)
[2017.08.09-13.28.52:837][183]LogModuleManager: Shutting down and abandoning module GameplayTasksEditor (200)
[2017.08.09-13.28.52:837][183]LogModuleManager: Shutting down and abandoning module BehaviorTreeEditor (198)
[2017.08.09-13.28.52:837][183]LogModuleManager: Shutting down and abandoning module FunctionalTesting (196)
[2017.08.09-13.28.52:837][183]LogModuleManager: Shutting down and abandoning module CollisionAnalyzer (194)
[2017.08.09-13.28.52:837][183]LogModuleManager: Shutting down and abandoning module UMG (192)
[2017.08.09-13.28.52:837][183]LogModuleManager: Shutting down and abandoning module UMGEditor (191)
[2017.08.09-13.28.52:837][183]LogModuleManager: Shutting down and abandoning module Sequencer (190)
[2017.08.09-13.28.52:838][183]LogModuleManager: Shutting down and abandoning module AssetTools (188)
[2017.08.09-13.28.52:838][183]LogModuleManager: Shutting down and abandoning module MessageLog (187)
[2017.08.09-13.28.52:838][183]LogModuleManager: Shutting down and abandoning module WorkspaceMenuStructure (186)
[2017.08.09-13.28.52:838][183]LogModuleManager: Shutting down and abandoning module SlateReflector (180)
[2017.08.09-13.28.52:838][183]LogModuleManager: Shutting down and abandoning module Slate (178)
[2017.08.09-13.28.52:838][183]LogModuleManager: Shutting down and abandoning module EditorStyle (176)
[2017.08.09-13.28.52:839][183]LogModuleManager: Shutting down and abandoning module SourceCodeAccess (174)
[2017.08.09-13.28.52:839][183]LogModuleManager: Shutting down and abandoning module HeadMountedDisplay (172)
[2017.08.09-13.28.52:839][183]LogModuleManager: Shutting down and abandoning module XAudio2 (170)
[2017.08.09-13.28.52:839][183]LogModuleManager: Shutting down and abandoning module Networking (168)
[2017.08.09-13.28.52:839][183]LogModuleManager: Shutting down and abandoning module Core (164)
[2017.08.09-13.28.52:839][183]LogModuleManager: Shutting down and abandoning module AssetRegistry (162)
[2017.08.09-13.28.52:913][183]LogDirectoryWatcher: A directory notification for '../../../Engine/Content/' was aborted.
[2017.08.09-13.28.52:913][183]LogDirectoryWatcher: A directory notification for '../../../../../../Users/Bendick/Documents/GitHub/SR_Prototype_V2/SR_Prototype_V2/Content/' was aborted.
[2017.08.09-13.28.52:913][183]LogDirectoryWatcher: A directory notification for '../../../Engine/Plugins/2D/Paper2D/Content/' was aborted.
[2017.08.09-13.28.52:913][183]LogDirectoryWatcher: A directory notification for '../../../Engine/Plugins/Runtime/GearVR/Content/' was aborted.
[2017.08.09-13.28.52:915][183]LogModuleManager: Shutting down and abandoning module DirectoryWatcher (161)
[2017.08.09-13.28.52:915][183]LogModuleManager: Shutting down and abandoning module KismetCompiler (158)
[2017.08.09-13.28.52:915][183]LogModuleManager: Shutting down and abandoning module LevelSequence (156)
[2017.08.09-13.28.52:915][183]LogModuleManager: Shutting down and abandoning module PhysXFormats (154)
[2017.08.09-13.28.52:915][183]LogModuleManager: Shutting down and abandoning module MeshUtilities (152)
[2017.08.09-13.28.52:915][183]LogModuleManager: Shutting down and abandoning module SimplygonSwarm (151)
[2017.08.09-13.28.52:915][183]LogModuleManager: Shutting down and abandoning module SimplygonMeshReduction (149)
[2017.08.09-13.28.52:915][183]LogModuleManager: Shutting down and abandoning module QuadricMeshReduction (147)
[2017.08.09-13.28.52:915][183]LogModuleManager: Shutting down and abandoning module DerivedDataCache (144)
[2017.08.09-13.28.52:921][183]LogDerivedDataCache: Shutdown
[2017.08.09-13.28.52:921][183]LogModuleManager: Shutting down and abandoning module TargetPlatform (142)
[2017.08.09-13.28.52:921][183]LogModuleManager: Shutting down and abandoning module VulkanShaderFormat (141)
[2017.08.09-13.28.52:921][183]LogModuleManager: Shutting down and abandoning module ShaderFormatVectorVM (139)
[2017.08.09-13.28.52:921][183]LogModuleManager: Shutting down and abandoning module ShaderFormatOpenGL (137)
[2017.08.09-13.28.52:921][183]LogModuleManager: Shutting down and abandoning module ShaderFormatD3D (135)
[2017.08.09-13.28.52:921][183]LogModuleManager: Shutting down and abandoning module MetalShaderFormat (133)
[2017.08.09-13.28.52:921][183]LogModuleManager: Shutting down and abandoning module TextureFormatUncompressed (131)
[2017.08.09-13.28.52:921][183]LogModuleManager: Shutting down and abandoning module TextureFormatPVR (129)
[2017.08.09-13.28.52:921][183]LogModuleManager: Shutting down and abandoning module TextureFormatDXT (127)
[2017.08.09-13.28.52:921][183]LogModuleManager: Shutting down and abandoning module TextureFormatIntelISPCTexComp (125)
[2017.08.09-13.28.52:921][183]LogModuleManager: Shutting down and abandoning module TextureFormatASTC (123)
[2017.08.09-13.28.52:921][183]LogModuleManager: Shutting down and abandoning module ImageWrapper (122)
[2017.08.09-13.28.52:922][183]LogModuleManager: Shutting down and abandoning module TextureFormatAndroid (119)
[2017.08.09-13.28.52:922][183]LogModuleManager: Shutting down and abandoning module AudioFormatOpus (117)
[2017.08.09-13.28.52:922][183]LogModuleManager: Shutting down and abandoning module AudioFormatOgg (115)
[2017.08.09-13.28.52:922][183]LogModuleManager: Shutting down and abandoning module AudioFormatADPCM (113)
[2017.08.09-13.28.52:922][183]LogModuleManager: Shutting down and abandoning module LinuxTargetPlatform (111)
[2017.08.09-13.28.52:922][183]LogModuleManager: Shutting down and abandoning module LinuxServerTargetPlatform (109)
[2017.08.09-13.28.52:922][183]LogModuleManager: Shutting down and abandoning module LinuxNoEditorTargetPlatform (107)
[2017.08.09-13.28.52:922][183]LogModuleManager: Shutting down and abandoning module LinuxClientTargetPlatform (105)
[2017.08.09-13.28.52:922][183]LogModuleManager: Shutting down and abandoning module TVOSTargetPlatform (103)
[2017.08.09-13.28.52:922][183]LogModuleManager: Shutting down and abandoning module Messaging (101)
[2017.08.09-13.28.52:922][183]LogModuleManager: Shutting down and abandoning module IOSTargetPlatform (99)
[2017.08.09-13.28.52:922][183]LogModuleManager: Shutting down and abandoning module HTML5TargetPlatform (97)
[2017.08.09-13.28.52:922][183]LogModuleManager: Shutting down and abandoning module Android_PVRTCTargetPlatform (95)
[2017.08.09-13.28.52:922][183]LogModuleManager: Shutting down and abandoning module Android_MultiTargetPlatform (93)
[2017.08.09-13.28.52:922][183]LogModuleManager: Shutting down and abandoning module Android_ETC2TargetPlatform (91)
[2017.08.09-13.28.52:922][183]LogModuleManager: Shutting down and abandoning module Android_ETC1TargetPlatform (89)
[2017.08.09-13.28.52:922][183]LogModuleManager: Shutting down and abandoning module Android_DXTTargetPlatform (87)
[2017.08.09-13.28.52:922][183]LogModuleManager: Shutting down and abandoning module Android_ATCTargetPlatform (85)
[2017.08.09-13.28.52:922][183]LogModuleManager: Shutting down and abandoning module Android_ASTCTargetPlatform (83)
[2017.08.09-13.28.52:922][183]LogModuleManager: Shutting down and abandoning module AndroidTargetPlatform (81)
[2017.08.09-13.28.52:922][183]LogModuleManager: Shutting down and abandoning module WindowsTargetPlatform (79)
[2017.08.09-13.28.52:922][183]LogModuleManager: Shutting down and abandoning module WindowsServerTargetPlatform (77)
[2017.08.09-13.28.52:922][183]LogModuleManager: Shutting down and abandoning module WindowsNoEditorTargetPlatform (75)
[2017.08.09-13.28.52:922][183]LogModuleManager: Shutting down and abandoning module WindowsClientTargetPlatform (73)
[2017.08.09-13.28.52:922][183]LogModuleManager: Shutting down and abandoning module MacTargetPlatform (71)
[2017.08.09-13.28.52:922][183]LogModuleManager: Shutting down and abandoning module MacServerTargetPlatform (69)
[2017.08.09-13.28.52:922][183]LogModuleManager: Shutting down and abandoning module MacNoEditorTargetPlatform (67)
[2017.08.09-13.28.52:922][183]LogModuleManager: Shutting down and abandoning module MacClientTargetPlatform (65)
[2017.08.09-13.28.52:922][183]LogModuleManager: Shutting down and abandoning module AllDesktopTargetPlatform (63)
[2017.08.09-13.28.52:922][183]LogModuleManager: Shutting down and abandoning module InputCore (60)
[2017.08.09-13.28.52:922][183]LogModuleManager: Shutting down and abandoning module Settings (58)
[2017.08.09-13.28.52:922][183]LogModuleManager: Shutting down and abandoning module OculusRift (56)
[2017.08.09-13.28.52:922][183]LogModuleManager: Shutting down and abandoning module GearVRController (54)
[2017.08.09-13.28.52:922][183]LogModuleManager: Shutting down and abandoning module GearVR (52)
[2017.08.09-13.28.52:922][183]LogModuleManager: Shutting down and abandoning module ExampleDeviceProfileSelector (50)
[2017.08.09-13.28.52:922][183]LogModuleManager: Shutting down and abandoning module OnlineBlueprintSupport (48)
[2017.08.09-13.28.52:922][183]LogModuleManager: Shutting down and abandoning module OnlineSubsystem (44)
[2017.08.09-13.28.52:922][183]LogOnline:Display: Unloading online subsystem: NULL
[2017.08.09-13.28.52:922][183]LogModuleManager: Shutting down and abandoning module XMPP (43)
[2017.08.09-13.28.52:922][183]LogModuleManager: Shutting down and abandoning module HTTP (41)
[2017.08.09-13.28.52:922][183]LogHttp:Display: Http module shutting down, but needs to wait on 1 outstanding Http requests:
[2017.08.09-13.28.52:922][183]LogHttp:Display: 	verb=[POST] url=[https://datarouter.ol.epicgames.com/datarouter/api/v1/public/data?SessionID=%7BD1166DC0-4505-BC25-0884-F791C9704733%7D&AppID=UEEditor.Rocket.Release&AppVersion=4.16.3-3561208%2B%2B%2BUE4%2BRelease-4.16&UserID=0c75b627499df609a8813c9ced46962c%7Cfebaf0232e0e4e628b45a2bec753bbbc%7C408adb04-e8c0-4c29-a1fb-4d7ed05dedd7&AppEnvironment=datacollector-binary&UploadType=eteventstream] status=Processing
[2017.08.09-13.28.52:954][183]LogModuleManager: Shutting down and abandoning module SSL (40)
[2017.08.09-13.28.52:955][183]LogModuleManager: Shutting down and abandoning module HTTPChunkInstaller (36)
[2017.08.09-13.28.52:955][183]LogModuleManager: Shutting down and abandoning module AnimationModifiers (34)
[2017.08.09-13.28.52:955][183]LogModuleManager: Shutting down and abandoning module PropertyEditor (33)
[2017.08.09-13.28.52:955][183]LogModuleManager: Shutting down and abandoning module AudioEditor (30)
[2017.08.09-13.28.52:955][183]LogModuleManager: Shutting down and abandoning module TextureCompressor (28)
[2017.08.09-13.28.52:955][183]LogModuleManager: Shutting down and abandoning module ShaderCore (26)
[2017.08.09-13.28.52:955][183]LogModuleManager: Shutting down and abandoning module Landscape (24)
[2017.08.09-13.28.52:955][183]LogModuleManager: Shutting down and abandoning module SlateRHIRenderer (22)
[2017.08.09-13.28.52:956][183]LogModuleManager: Shutting down and abandoning module OpenGLDrv (20)
[2017.08.09-13.28.52:956][183]LogModuleManager: Shutting down and abandoning module D3D11RHI (18)
[2017.08.09-13.28.52:956][183]LogModuleManager: Shutting down and abandoning module AnimGraphRuntime (16)
[2017.08.09-13.28.52:956][183]LogModuleManager: Shutting down and abandoning module Renderer (14)
[2017.08.09-13.28.52:956][183]LogModuleManager: Shutting down and abandoning module Engine (12)
[2017.08.09-13.28.52:956][183]LogModuleManager: Shutting down and abandoning module CoreUObject (10)
[2017.08.09-13.28.52:956][183]LogModuleManager: Shutting down and abandoning module NetworkFile (8)
[2017.08.09-13.28.52:956][183]LogModuleManager: Shutting down and abandoning module StreamingFile (6)
[2017.08.09-13.28.52:956][183]LogModuleManager: Shutting down and abandoning module SandboxFile (4)
[2017.08.09-13.28.52:956][183]LogModuleManager: Shutting down and abandoning module PakFile (2)
[2017.08.09-13.28.52:956][183]LogExit: Exiting.
[2017.08.09-13.28.52:971][183]Log file closed, 08/09/17 15:28:52
