Log file open, 08/26/17 15:00:34
LogInit:Display: Running engine for game: SR_Prototype_V2
LogPlatformFile: Not using cached read wrapper
LogInit:Display: RandInit(-1088073940) SRandInit(-1088073940).
LogTaskGraph: Started task graph with 5 named threads and 8 total threads with 1 sets of task threads.
LogStats: Stats thread started at 0.092965
LogInit: Using libcurl 7.47.1
LogInit:  - built for x86_64-pc-win32
LogInit:  - supports SSL with OpenSSL/1.0.2g
LogInit:  - supports HTTP deflate (compression) using libz 1.2.8
LogInit:  - other features:
LogInit:      CURL_VERSION_SSL
LogInit:      CURL_VERSION_LIBZ
LogInit:      CURL_VERSION_IPV6
LogInit:      CURL_VERSION_ASYNCHDNS
LogInit:      CURL_VERSION_LARGEFILE
LogInit:      CURL_VERSION_IDN
LogInit:  CurlRequestOptions (configurable via config and command line):
LogInit:  - bVerifyPeer = false  - Libcurl will NOT verify peer certificate
LogInit:  - bUseHttpProxy = false  - Libcurl will NOT use HTTP proxy
LogInit:  - bDontReuseConnections = false  - Libcurl will reuse connections
LogInit:  - CertBundlePath = nullptr  - Libcurl will use whatever was configured at build time.
LogInit: Build: ++UE4+Release-4.16-CL-3561208
LogInit: Engine Version: 4.16.3-3561208+++UE4+Release-4.16
LogInit: Compatible Engine Version: 4.16.0-3452394+++UE4+Release-4.16
LogInit: Net CL: 3452394
LogDevObjectVersion: Number of dev versions registered: 16
LogDevObjectVersion:   Dev-Blueprints (B0D832E4-1F89-4F0D-ACCF-7EB736FD4AA2): 9
LogDevObjectVersion:   Dev-Build (E1C64328-A22C-4D53-A36C-8E866417BD8C): 0
LogDevObjectVersion:   Dev-Core (375EC13C-06E4-48FB-B500-84F0262A717E): 2
LogDevObjectVersion:   Dev-Editor (E4B068ED-F494-42E9-A231-DA0B2E46BB41): 17
LogDevObjectVersion:   Dev-Framework (CFFC743F-43B0-4480-9391-14DF171D2073): 23
LogDevObjectVersion:   Dev-Mobile (B02B49B5-BB20-44E9-A304-32B752E40360): 0
LogDevObjectVersion:   Dev-Networking (A4E4105C-59A1-49B5-A7C5-40C4547EDFEE): 0
LogDevObjectVersion:   Dev-Online (39C831C9-5AE6-47DC-9A44-9C173E1C8E7C): 0
LogDevObjectVersion:   Dev-Physics (78F01B33-EBEA-4F98-B9B4-84EACCB95AA2): 0
LogDevObjectVersion:   Dev-Platform (6631380F-2D4D-43E0-8009-CF276956A95A): 0
LogDevObjectVersion:   Dev-Rendering (12F88B9F-8875-4AFC-A67C-D90C383ABD29): 15
LogDevObjectVersion:   Dev-Sequencer (7B5AE74C-D270-4C10-A958-57980B212A5A): 4
LogDevObjectVersion:   Dev-VR (D7296918-1DD6-4BDD-9DE2-64A83CC13884): 0
LogDevObjectVersion:   Dev-LoadTimes (C2A15278-BFE7-4AFE-6C17-90FF531DF755): 1
LogDevObjectVersion:   Private-Geometry (6EACA3D4-40EC-4CC1-B786-8BED09428FC5): 1
LogDevObjectVersion:   Dev-AnimPhys (29E575DD-E0A3-4627-9D10-D276232CDCEA): 3
LogInit: Compiled (64-bit): Jul 28 2017 11:49:47
LogInit: Compiled with Visual C++: 19.00.24215.01
LogInit: Build Configuration: Development
LogInit: Branch Name: ++UE4+Release-4.16
LogInit: Command line:  /Temp/Autosaves/Game/Scenes/UEDPCScanReach_Map -game -PIEVIACONSOLE -ResX=1280 -ResY=720  -Multiprocess -messaging -SessionName="Play in Standalone Game" -windowed 
LogInit: Base directory: D:/UE_4.16/Engine/Binaries/Win64/
LogInit: Installed Engine Build: 1
LogInit: Presizing for max 8388607 objects, including 0 objects not considered by GC, pre-allocating 0 bytes for permanent pool.
LogInit: Object subsystem initialized
[2017.08.26-13.00.35:274][  0]LogInit: Selected Device Profile: [Windows]
[2017.08.26-13.00.35:274][  0]LogInit: Applying CVar settings loaded from the selected device profile: [Windows]
[2017.08.26-13.00.35:278][  0]LogInit: Computer: MAGNUS-PC
[2017.08.26-13.00.35:278][  0]LogInit: User: Magnus
[2017.08.26-13.00.35:278][  0]LogInit: CPU Page size=4096, Cores=4
[2017.08.26-13.00.35:278][  0]LogInit: High frequency timer resolution =3.117187 MHz
[2017.08.26-13.00.35:278][  0]LogMemory: Memory total: Physical=16.0GB (16GB approx)
[2017.08.26-13.00.35:278][  0]LogMemory: Platform Memory Stats for Windows
[2017.08.26-13.00.35:278][  0]LogMemory: Process Physical Memory: 272.95 MB used, 272.95 MB peak
[2017.08.26-13.00.35:278][  0]LogMemory: Process Virtual Memory: 266.59 MB used, 266.59 MB peak
[2017.08.26-13.00.35:278][  0]LogMemory: Physical Memory: 7944.57 MB used,  8392.28 MB free, 16336.84 MB total
[2017.08.26-13.00.35:278][  0]LogMemory: Virtual Memory: 643.56 MB used,  8392.28 MB free, 134217728.00 MB total
[2017.08.26-13.00.35:332][  0]LogInit: Using OS detected language (nb-NO).
[2017.08.26-13.00.35:332][  0]LogInit: Using OS detected locale (nb-NO).
[2017.08.26-13.00.35:335][  0]LogTextLocalizationManager: No localization for 'nb-NO' exists, so 'en' will be used for the language.
[2017.08.26-13.00.35:335][  0]LogTextLocalizationManager: No localization for 'nb-NO' exists, so 'en' will be used for the locale.
[2017.08.26-13.00.36:130][  0]LogD3D11RHI: D3D11 adapters:
[2017.08.26-13.00.36:701][  0]LogD3D11RHI:    0. 'NVIDIA GeForce GTX 1070' (Feature Level 11_0)
[2017.08.26-13.00.36:701][  0]LogD3D11RHI:       8119/0/8168 MB DedicatedVideo/DedicatedSystem/SharedSystem, Outputs:3, VendorId:0x10de
[2017.08.26-13.00.36:702][  0]LogD3D11RHI:    1. 'Microsoft Basic Render Driver' (Feature Level 11_0)
[2017.08.26-13.00.36:702][  0]LogD3D11RHI:       0/0/8168 MB DedicatedVideo/DedicatedSystem/SharedSystem, Outputs:0, VendorId:0x1414
[2017.08.26-13.00.36:702][  0]LogD3D11RHI: Chosen D3D11 Adapter: 0
[2017.08.26-13.00.36:707][  0]LogD3D11RHI: Creating new Direct3DDevice
[2017.08.26-13.00.36:707][  0]LogD3D11RHI:     GPU DeviceId: 0x1b81 (for the marketing name, search the web for "GPU Device Id")
[2017.08.26-13.00.36:707][  0]LogWindows: EnumDisplayDevices:
[2017.08.26-13.00.36:707][  0]LogWindows:    0. 'NVIDIA GeForce GTX 1070' (P:1 D:1)
[2017.08.26-13.00.36:707][  0]LogWindows:    1. 'NVIDIA GeForce GTX 1070' (P:0 D:1)
[2017.08.26-13.00.36:707][  0]LogWindows:    2. 'NVIDIA GeForce GTX 1070' (P:0 D:1)
[2017.08.26-13.00.36:707][  0]LogWindows:    3. 'NVIDIA GeForce GTX 1070' (P:0 D:0)
[2017.08.26-13.00.36:708][  0]LogWindows: DebugString: FoundDriverCount:4 
[2017.08.26-13.00.36:708][  0]LogD3D11RHI:     Adapter Name: NVIDIA GeForce GTX 1070
[2017.08.26-13.00.36:708][  0]LogD3D11RHI:   Driver Version: 382.05 (internal:22.21.13.8205, unified:382.05)
[2017.08.26-13.00.36:708][  0]LogD3D11RHI:      Driver Date: 5-1-2017
[2017.08.26-13.00.36:708][  0]LogRHI: Texture pool is 1361 MB (70% of 1945 MB)
[2017.08.26-13.00.37:259][  0]LogD3D11RHI: Async texture creation enabled
[2017.08.26-13.00.37:373][  0]LogD3D11RHI: GPU Timing Frequency: 1000.000000 (Debug: 2 1)
[2017.08.26-13.00.37:417][  0]LogShaderCompilers: Guid format shader working directory is -16 characters bigger than the processId version (C:/Users/Magnus/Documents/GitHub/SR_Prototype_V2/SR_Prototype_V2/Intermediate/Shaders/WorkingDirectory/784/).
[2017.08.26-13.00.37:417][  0]LogShaderCompilers: Cleaned the shader compiler working directory 'C:/Users/Magnus/AppData/Local/Temp/UnrealShaderWorkingDir/8B221A404D16F2B6DB28AA94423406F7/'.
[2017.08.26-13.00.37:417][  0]LogShaderCompilers:Display: Using Local Shader Compiler.
[2017.08.26-13.00.38:301][  0]LogTemp:Display: Loaded TP WindowsClientTargetPlatform
[2017.08.26-13.00.38:335][  0]LogTemp:Display: Loaded TP WindowsNoEditorTargetPlatform
[2017.08.26-13.00.38:369][  0]LogTemp:Display: Loaded TP WindowsServerTargetPlatform
[2017.08.26-13.00.38:397][  0]LogTemp:Display: Loaded TP WindowsTargetPlatform
[2017.08.26-13.00.38:397][  0]LogTargetPlatformManager:Display: Building Assets For Windows
[2017.08.26-13.00.38:697][  0]LogDerivedDataCache:Display: Max Cache Size: 512 MB
[2017.08.26-13.00.38:796][  0]LogDerivedDataCache: Loaded boot cache 0.10s 111MB C:/Users/Magnus/AppData/Local/UnrealEngine/4.16/DerivedDataCache/Boot.ddc.
[2017.08.26-13.00.38:796][  0]LogDerivedDataCache:Display: Loaded Boot cache: C:/Users/Magnus/AppData/Local/UnrealEngine/4.16/DerivedDataCache/Boot.ddc
[2017.08.26-13.00.38:797][  0]LogDerivedDataCache: FDerivedDataBackendGraph:  Pak pak cache file C:/Users/Magnus/Documents/GitHub/SR_Prototype_V2/SR_Prototype_V2/DerivedDataCache/DDC.ddp not found, will not use a pak cache.
[2017.08.26-13.00.38:797][  0]LogDerivedDataCache: Unable to find inner node Pak for hierarchical cache Hierarchy.
[2017.08.26-13.00.38:797][  0]LogDerivedDataCache: FDerivedDataBackendGraph:  CompressedPak pak cache file C:/Users/Magnus/Documents/GitHub/SR_Prototype_V2/SR_Prototype_V2/DerivedDataCache/Compressed.ddp not found, will not use a pak cache.
[2017.08.26-13.00.38:797][  0]LogDerivedDataCache: Unable to find inner node CompressedPak for hierarchical cache Hierarchy.
[2017.08.26-13.00.38:811][  0]LogDerivedDataCache:Display: Pak cache opened for reading ../../../Engine/DerivedDataCache/Compressed.ddp.
[2017.08.26-13.00.38:823][  0]LogDerivedDataCache: Using Local data cache path C:/Users/Magnus/AppData/Local/UnrealEngine/Common/DerivedDataCache: Writable
[2017.08.26-13.00.38:832][  0]LogMaterial: Verifying Global Shaders for PCD3D_SM5
[2017.08.26-13.00.38:832][  0]LogSlate: Using Freetype 2.6.0
[2017.08.26-13.00.38:832][  0]LogSlate: SlateFontCache - WITH_FREETYPE: 1, WITH_HARFBUZZ: 1
[2017.08.26-13.00.38:832][  0]LogSlate: SlateFontCache - WITH_FREETYPE: 1, WITH_HARFBUZZ: 1
[2017.08.26-13.00.39:052][  0]LogAssetRegistry: FAssetRegistry took 0.0037 seconds to start up
[2017.08.26-13.00.39:056][  0]LogPackageLocalizationCache: Processed 4 localized package path(s) for 1 prioritized culture(s) in 0.004025 seconds
[2017.08.26-13.00.39:126][  0]LogInit: Selected Device Profile: [Windows]
[2017.08.26-13.00.39:314][  0]LogMeshUtilities: Using QuadricMeshReduction for automatic static mesh reduction
[2017.08.26-13.00.39:342][  0]LogSimplygon: Simplygon DLL not present - disabling.
[2017.08.26-13.00.39:371][  0]LogMeshUtilities: Using SimplygonSwarm for distributed automatic mesh merging
[2017.08.26-13.00.39:371][  0]LogMeshUtilities: No automatic skeletal mesh reduction module available
[2017.08.26-13.00.39:371][  0]LogMeshUtilities: No automatic mesh merging module available
[2017.08.26-13.00.39:800][  0]LogNetVersion: SR_Prototype_V2 , NetCL: 3452394, EngineNetVer: 2, GameNetVer: 0 (Checksum: 2634772556)
[2017.08.26-13.00.39:854][  0]LogInit: WinSock: version 1.1 (2.2), MaxSocks=32767, MaxUdp=65467
[2017.08.26-13.00.40:548][  0]LogMoviePlayer: Initializing movie player
[2017.08.26-13.00.40:803][  0]LogCollectionManager: Loaded 0 collections in 0.000751 seconds
[2017.08.26-13.00.40:848][  0]LogFileCache: Scanning file cache for directory 'C:/Users/Magnus/Documents/GitHub/SR_Prototype_V2/SR_Prototype_V2/Saved/Collections/' took 0.01s
[2017.08.26-13.00.40:848][  0]LogFileCache: Scanning file cache for directory 'C:/Users/Magnus/Documents/GitHub/SR_Prototype_V2/SR_Prototype_V2/Content/Developers/Magnus/Collections/' took 0.01s
[2017.08.26-13.00.40:848][  0]LogFileCache: Scanning file cache for directory 'C:/Users/Magnus/Documents/GitHub/SR_Prototype_V2/SR_Prototype_V2/Content/Collections/' took 0.01s
[2017.08.26-13.00.40:848][  0]LogCollectionManager: Rebuilt the object cache for 0 collections in 0.000001 seconds (found 0 objects)
[2017.08.26-13.00.40:848][  0]LogCollectionManager: Fixed up redirectors for 0 collections in 0.000028 seconds (updated 0 objects)
[2017.08.26-13.00.40:952][  0]LogTcpMessaging: Initializing TcpMessaging bridge
[2017.08.26-13.00.40:980][  0]LogUdpMessaging: Initializing bridge on interface 0.0.0.0:0 to multicast group 230.0.0.1:6666.
[2017.08.26-13.00.41:248][  0]SourceControl: Info Source control is disabled
[2017.08.26-13.00.41:248][  0]SourceControl: Info Source control is disabled
[2017.08.26-13.00.41:279][  0]SourceControl: Info Source control is disabled
[2017.08.26-13.00.41:441][  0]LogAndroidPermission: UAndroidPermissionCallbackProxy::GetInstance
[2017.08.26-13.00.41:714][  0]LogUObjectArray: 37220 objects as part of root set at end of initial load.
[2017.08.26-13.00.41:714][  0]LogUObjectAllocator: 8398848 out of 0 bytes used by permanent object pool.
[2017.08.26-13.00.41:714][  0]LogUObjectArray: CloseDisregardForGC: 0/0 objects in disregard for GC pool
[2017.08.26-13.00.41:793][  0]LogEngine: Initializing Engine...
[2017.08.26-13.00.41:793][  0]LogHMD: Failed to initialize OpenVR with code 110
[2017.08.26-13.00.41:966][  0]LogStats: UGameplayTagsManager::ConstructGameplayTagTree: Construct from data asset -  0.000 s
[2017.08.26-13.00.41:966][  0]LogStats: UGameplayTagsManager::ConstructGameplayTagTree: GameplayTagTreeChangedEvent.Broadcast -  0.000 s
[2017.08.26-13.00.41:977][  0]LogInit: XAudio2 using 'Øretelefon (HyperX 7.1 Audio)' : 2 channels at 44.1 kHz using 16 bits per sample (channel mask 0x3)
[2017.08.26-13.00.41:989][  0]LogInit: FAudioDevice initialized.
[2017.08.26-13.00.42:014][  0]LogInit: Texture streaming: Disabled
[2017.08.26-13.00.42:031][  0]LogMaterial: Uniform references updated for custom material expression Custom.
[2017.08.26-13.00.42:207][  0]LogSlateStyle:Warning: Unable to find Slate Widget Style 'NormalText'. Using FTextBlockStyle defaults instead.
[2017.08.26-13.00.42:207][  0]LogSlateStyle:Warning: Unable to find Slate Widget Style 'SpinBox'. Using FSpinBoxStyle defaults instead.
[2017.08.26-13.00.42:342][  0]LogInit:Display: Game Engine Initialized.
[2017.08.26-13.00.42:435][  0]LogInit:Display: Starting Game.
[2017.08.26-13.00.42:435][  0]LogNet: Browse: /Temp/Autosaves/Game/Scenes/UEDPCScanReach_Map?Name=Player
[2017.08.26-13.00.42:435][  0]LogLoad: LoadMap: /Temp/Autosaves/Game/Scenes/UEDPCScanReach_Map?Name=Player
[2017.08.26-13.00.42:453][  0]LogMemory: Platform Memory Stats for Windows
[2017.08.26-13.00.42:453][  0]LogMemory: Process Physical Memory: 803.60 MB used, 940.71 MB peak
[2017.08.26-13.00.42:453][  0]LogMemory: Process Virtual Memory: 930.29 MB used, 1020.62 MB peak
[2017.08.26-13.00.42:453][  0]LogMemory: Physical Memory: 8405.93 MB used,  7930.92 MB free, 16336.84 MB total
[2017.08.26-13.00.42:453][  0]LogMemory: Virtual Memory: 1592.01 MB used,  7930.92 MB free, 134217728.00 MB total
[2017.08.26-13.00.42:453][  0]LogMemory: 
[2017.08.26-13.00.42:453][  0]Allocator Stats for TBB: (not implemented)
[2017.08.26-13.00.43:393][  0]LogAIModule: Creating AISystem for world ScanReach_Map
[2017.08.26-13.00.43:393][  0]LogLoad: Game class is 'ScanReach_GM_C'
[2017.08.26-13.00.43:408][  0]LogWorld: Bringing World /Temp/Autosaves/Game/Scenes/UEDPCScanReach_Map.ScanReach_Map up for play (max tick rate 0) at 2017.08.26-15.00.43
[2017.08.26-13.00.43:409][  0]LogWorld: Bringing up level for play took: 0.013656
[2017.08.26-13.00.43:411][  0]LogBlueprintUserMessages: [BP_Floor_C_262872] X=28.567 Y=-0.030 Z=0.000
[2017.08.26-13.00.43:412][  0]LogBlueprintUserMessages: [BP_Floor_C_262873] X=19.904 Y=0.000 Z=0.000
[2017.08.26-13.00.43:414][  0]LogBlueprintUserMessages: [BP_Floor_C_262874] X=0.000 Y=-0.830 Z=0.000
[2017.08.26-13.00.43:415][  0]LogBlueprintUserMessages: [BP_Floor_C_262875] X=-2.078 Y=-1.183 Z=0.000
[2017.08.26-13.00.43:416][  0]LogBlueprintUserMessages: [BP_Floor_C_262876] X=-0.663 Y=-1.948 Z=0.000
[2017.08.26-13.00.43:417][  0]LogBlueprintUserMessages: [BP_Floor_C_262877] X=5.674 Y=7.987 Z=0.000
[2017.08.26-13.00.43:420][  0]LogLoad: Took 0.984844 seconds to LoadMap(/Temp/Autosaves/Game/Scenes/UEDPCScanReach_Map)
[2017.08.26-13.00.43:653][  0]LogRenderer: Reallocating scene render targets to support 1920x1080 NumSamples 1 (Frame:1).
[2017.08.26-13.00.43:653][  0]LogLoad: (Engine Initialization) Total time: 9.55 seconds
[2017.08.26-13.00.43:653][  0]LogLoad: (Engine Initialization) Total Blueprint compile time: 0.45 seconds
[2017.08.26-13.00.43:653][  0]LogExternalProfiler: Found external profiler: VSPerf
[2017.08.26-13.00.43:653][  0]LogExternalProfiler: Using external profiler: VSPerf
[2017.08.26-13.00.43:669][  0]LogOcInput: OculusInput pre-init called
[2017.08.26-13.00.43:669][  0]LogHMD: Starting GearVRController plugin
[2017.08.26-13.00.43:682][  1]LogRenderer: Reallocating scene render targets to support 1280x720 NumSamples 1 (Frame:2).
[2017.08.26-13.00.43:702][  2]LogRenderer: Reallocating scene render targets to support 1920x1080 NumSamples 1 (Frame:3).
[2017.08.26-13.00.43:702][  2]LogScriptCore:Warning: Script Msg: Divide by zero
Script call stack:
	Function /Game/Blueprints/ZoomCam/bp_ZoomCam.bp_ZoomCam_C:OutsideTick
	Function /Game/Blueprints/ZoomCam/bp_ZoomCam.bp_ZoomCam_C:ExecuteUbergraph_bp_ZoomCam

[2017.08.26-13.00.43:732][  3]LogScriptCore:Warning: Script Msg: Divide by zero
Script call stack:
	Function /Game/Blueprints/ZoomCam/bp_ZoomCam.bp_ZoomCam_C:OutsideTick
	Function /Game/Blueprints/ZoomCam/bp_ZoomCam.bp_ZoomCam_C:ExecuteUbergraph_bp_ZoomCam

[2017.08.26-13.00.43:732][  3]LogScriptCore:Warning: Script Msg: Divide by zero
Script call stack:
	Function /Game/Blueprints/ZoomCam/bp_ZoomCam.bp_ZoomCam_C:OutsideTick
	Function /Game/Blueprints/ZoomCam/bp_ZoomCam.bp_ZoomCam_C:ExecuteUbergraph_bp_ZoomCam

[2017.08.26-13.00.43:764][  5]LogScriptCore:Warning: Script Msg: Divide by zero
Script call stack:
	Function /Game/Blueprints/ZoomCam/bp_ZoomCam.bp_ZoomCam_C:OutsideTick
	Function /Game/Blueprints/ZoomCam/bp_ZoomCam.bp_ZoomCam_C:ExecuteUbergraph_bp_ZoomCam

[2017.08.26-13.00.43:845][  6]LogScriptCore:Warning: Script Msg: Divide by zero
Script call stack:
	Function /Game/Blueprints/ZoomCam/bp_ZoomCam.bp_ZoomCam_C:OutsideTick
	Function /Game/Blueprints/ZoomCam/bp_ZoomCam.bp_ZoomCam_C:ExecuteUbergraph_bp_ZoomCam

[2017.08.26-13.00.43:845][  6]LogScriptCore:Warning: Script Msg: Divide by zero
Script call stack:
	Function /Game/Blueprints/ZoomCam/bp_ZoomCam.bp_ZoomCam_C:OutsideTick
	Function /Game/Blueprints/ZoomCam/bp_ZoomCam.bp_ZoomCam_C:ExecuteUbergraph_bp_ZoomCam

[2017.08.26-13.00.43:845][  6]LogScriptCore:Warning: Script Msg: Divide by zero
Script call stack:
	Function /Game/Blueprints/ZoomCam/bp_ZoomCam.bp_ZoomCam_C:OutsideTick
	Function /Game/Blueprints/ZoomCam/bp_ZoomCam.bp_ZoomCam_C:ExecuteUbergraph_bp_ZoomCam

[2017.08.26-13.00.43:845][  6]LogScriptCore:Warning: Script Msg: Divide by zero
Script call stack:
	Function /Game/Blueprints/ZoomCam/bp_ZoomCam.bp_ZoomCam_C:OutsideTick
	Function /Game/Blueprints/ZoomCam/bp_ZoomCam.bp_ZoomCam_C:ExecuteUbergraph_bp_ZoomCam

[2017.08.26-13.00.43:864][  7]LogScriptCore:Warning: Script Msg: Divide by zero
Script call stack:
	Function /Game/Blueprints/ZoomCam/bp_ZoomCam.bp_ZoomCam_C:OutsideTick
	Function /Game/Blueprints/ZoomCam/bp_ZoomCam.bp_ZoomCam_C:ExecuteUbergraph_bp_ZoomCam

[2017.08.26-13.00.43:877][  8]LogScriptCore:Warning: Script Msg: Divide by zero
Script call stack:
	Function /Game/Blueprints/ZoomCam/bp_ZoomCam.bp_ZoomCam_C:OutsideTick
	Function /Game/Blueprints/ZoomCam/bp_ZoomCam.bp_ZoomCam_C:ExecuteUbergraph_bp_ZoomCam

[2017.08.26-13.00.43:893][  9]LogScriptCore:Warning: Script Msg: Divide by zero
Script call stack:
	Function /Game/Blueprints/ZoomCam/bp_ZoomCam.bp_ZoomCam_C:OutsideTick
	Function /Game/Blueprints/ZoomCam/bp_ZoomCam.bp_ZoomCam_C:ExecuteUbergraph_bp_ZoomCam

[2017.08.26-13.00.43:925][ 11]LogScriptCore:Warning: Script Msg: Divide by zero
Script call stack:
	Function /Game/Blueprints/ZoomCam/bp_ZoomCam.bp_ZoomCam_C:OutsideTick
	Function /Game/Blueprints/ZoomCam/bp_ZoomCam.bp_ZoomCam_C:ExecuteUbergraph_bp_ZoomCam

[2017.08.26-13.00.43:941][ 12]LogScriptCore:Warning: Script Msg: Divide by zero
Script call stack:
	Function /Game/Blueprints/ZoomCam/bp_ZoomCam.bp_ZoomCam_C:OutsideTick
	Function /Game/Blueprints/ZoomCam/bp_ZoomCam.bp_ZoomCam_C:ExecuteUbergraph_bp_ZoomCam

[2017.08.26-13.00.43:957][ 13]LogScriptCore:Warning: Script Msg: Divide by zero
Script call stack:
	Function /Game/Blueprints/ZoomCam/bp_ZoomCam.bp_ZoomCam_C:OutsideTick
	Function /Game/Blueprints/ZoomCam/bp_ZoomCam.bp_ZoomCam_C:ExecuteUbergraph_bp_ZoomCam

[2017.08.26-13.00.43:974][ 14]LogScriptCore:Warning: Script Msg: Divide by zero
Script call stack:
	Function /Game/Blueprints/ZoomCam/bp_ZoomCam.bp_ZoomCam_C:OutsideTick
	Function /Game/Blueprints/ZoomCam/bp_ZoomCam.bp_ZoomCam_C:ExecuteUbergraph_bp_ZoomCam

[2017.08.26-13.00.43:990][ 15]LogScriptCore:Warning: Script Msg: Divide by zero
Script call stack:
	Function /Game/Blueprints/ZoomCam/bp_ZoomCam.bp_ZoomCam_C:OutsideTick
	Function /Game/Blueprints/ZoomCam/bp_ZoomCam.bp_ZoomCam_C:ExecuteUbergraph_bp_ZoomCam

[2017.08.26-13.00.44:022][ 17]LogScriptCore:Warning: Script Msg: Divide by zero
Script call stack:
	Function /Game/Blueprints/ZoomCam/bp_ZoomCam.bp_ZoomCam_C:OutsideTick
	Function /Game/Blueprints/ZoomCam/bp_ZoomCam.bp_ZoomCam_C:ExecuteUbergraph_bp_ZoomCam

[2017.08.26-13.00.44:038][ 18]LogScriptCore:Warning: Script Msg: Divide by zero
Script call stack:
	Function /Game/Blueprints/ZoomCam/bp_ZoomCam.bp_ZoomCam_C:OutsideTick
	Function /Game/Blueprints/ZoomCam/bp_ZoomCam.bp_ZoomCam_C:ExecuteUbergraph_bp_ZoomCam

[2017.08.26-13.00.44:054][ 19]LogScriptCore:Warning: Script Msg: Divide by zero
Script call stack:
	Function /Game/Blueprints/ZoomCam/bp_ZoomCam.bp_ZoomCam_C:OutsideTick
	Function /Game/Blueprints/ZoomCam/bp_ZoomCam.bp_ZoomCam_C:ExecuteUbergraph_bp_ZoomCam

[2017.08.26-13.00.44:070][ 20]LogScriptCore:Warning: Script Msg: Divide by zero
Script call stack:
	Function /Game/Blueprints/ZoomCam/bp_ZoomCam.bp_ZoomCam_C:OutsideTick
	Function /Game/Blueprints/ZoomCam/bp_ZoomCam.bp_ZoomCam_C:ExecuteUbergraph_bp_ZoomCam

[2017.08.26-13.00.44:103][ 22]LogScriptCore:Warning: Script Msg: Divide by zero
Script call stack:
	Function /Game/Blueprints/ZoomCam/bp_ZoomCam.bp_ZoomCam_C:OutsideTick
	Function /Game/Blueprints/ZoomCam/bp_ZoomCam.bp_ZoomCam_C:ExecuteUbergraph_bp_ZoomCam

[2017.08.26-13.00.44:119][ 23]LogScriptCore:Warning: Script Msg: Divide by zero
Script call stack:
	Function /Game/Blueprints/ZoomCam/bp_ZoomCam.bp_ZoomCam_C:OutsideTick
	Function /Game/Blueprints/ZoomCam/bp_ZoomCam.bp_ZoomCam_C:ExecuteUbergraph_bp_ZoomCam

[2017.08.26-13.00.44:135][ 24]LogScriptCore:Warning: Script Msg: Divide by zero
Script call stack:
	Function /Game/Blueprints/ZoomCam/bp_ZoomCam.bp_ZoomCam_C:OutsideTick
	Function /Game/Blueprints/ZoomCam/bp_ZoomCam.bp_ZoomCam_C:ExecuteUbergraph_bp_ZoomCam

[2017.08.26-13.00.44:151][ 25]LogScriptCore:Warning: Script Msg: Divide by zero
Script call stack:
	Function /Game/Blueprints/ZoomCam/bp_ZoomCam.bp_ZoomCam_C:OutsideTick
	Function /Game/Blueprints/ZoomCam/bp_ZoomCam.bp_ZoomCam_C:ExecuteUbergraph_bp_ZoomCam

[2017.08.26-13.00.44:184][ 27]LogScriptCore:Warning: Script Msg: Divide by zero
Script call stack:
	Function /Game/Blueprints/ZoomCam/bp_ZoomCam.bp_ZoomCam_C:OutsideTick
	Function /Game/Blueprints/ZoomCam/bp_ZoomCam.bp_ZoomCam_C:ExecuteUbergraph_bp_ZoomCam

[2017.08.26-13.00.44:199][ 28]LogScriptCore:Warning: Script Msg: Divide by zero
Script call stack:
	Function /Game/Blueprints/ZoomCam/bp_ZoomCam.bp_ZoomCam_C:OutsideTick
	Function /Game/Blueprints/ZoomCam/bp_ZoomCam.bp_ZoomCam_C:ExecuteUbergraph_bp_ZoomCam

[2017.08.26-13.00.44:216][ 29]LogScriptCore:Warning: Script Msg: Divide by zero
Script call stack:
	Function /Game/Blueprints/ZoomCam/bp_ZoomCam.bp_ZoomCam_C:OutsideTick
	Function /Game/Blueprints/ZoomCam/bp_ZoomCam.bp_ZoomCam_C:ExecuteUbergraph_bp_ZoomCam

[2017.08.26-13.00.44:232][ 30]LogScriptCore:Warning: Script Msg: Divide by zero
Script call stack:
	Function /Game/Blueprints/ZoomCam/bp_ZoomCam.bp_ZoomCam_C:OutsideTick
	Function /Game/Blueprints/ZoomCam/bp_ZoomCam.bp_ZoomCam_C:ExecuteUbergraph_bp_ZoomCam

[2017.08.26-13.00.44:264][ 32]LogScriptCore:Warning: Script Msg: Divide by zero
Script call stack:
	Function /Game/Blueprints/ZoomCam/bp_ZoomCam.bp_ZoomCam_C:OutsideTick
	Function /Game/Blueprints/ZoomCam/bp_ZoomCam.bp_ZoomCam_C:ExecuteUbergraph_bp_ZoomCam

[2017.08.26-13.00.44:287][ 33]LogScriptCore:Warning: Script Msg: Divide by zero
Script call stack:
	Function /Game/Blueprints/ZoomCam/bp_ZoomCam.bp_ZoomCam_C:OutsideTick
	Function /Game/Blueprints/ZoomCam/bp_ZoomCam.bp_ZoomCam_C:ExecuteUbergraph_bp_ZoomCam

[2017.08.26-13.00.44:297][ 34]LogScriptCore:Warning: Script Msg: Divide by zero
Script call stack:
	Function /Game/Blueprints/ZoomCam/bp_ZoomCam.bp_ZoomCam_C:OutsideTick
	Function /Game/Blueprints/ZoomCam/bp_ZoomCam.bp_ZoomCam_C:ExecuteUbergraph_bp_ZoomCam

[2017.08.26-13.00.44:313][ 35]LogScriptCore:Warning: Script Msg: Divide by zero
Script call stack:
	Function /Game/Blueprints/ZoomCam/bp_ZoomCam.bp_ZoomCam_C:OutsideTick
	Function /Game/Blueprints/ZoomCam/bp_ZoomCam.bp_ZoomCam_C:ExecuteUbergraph_bp_ZoomCam

[2017.08.26-13.00.44:345][ 37]LogScriptCore:Warning: Script Msg: Divide by zero
Script call stack:
	Function /Game/Blueprints/ZoomCam/bp_ZoomCam.bp_ZoomCam_C:OutsideTick
	Function /Game/Blueprints/ZoomCam/bp_ZoomCam.bp_ZoomCam_C:ExecuteUbergraph_bp_ZoomCam

[2017.08.26-13.00.44:361][ 38]LogScriptCore:Warning: Script Msg: Divide by zero
Script call stack:
	Function /Game/Blueprints/ZoomCam/bp_ZoomCam.bp_ZoomCam_C:OutsideTick
	Function /Game/Blueprints/ZoomCam/bp_ZoomCam.bp_ZoomCam_C:ExecuteUbergraph_bp_ZoomCam

[2017.08.26-13.00.44:377][ 39]LogScriptCore:Warning: Script Msg: Divide by zero
Script call stack:
	Function /Game/Blueprints/ZoomCam/bp_ZoomCam.bp_ZoomCam_C:OutsideTick
	Function /Game/Blueprints/ZoomCam/bp_ZoomCam.bp_ZoomCam_C:ExecuteUbergraph_bp_ZoomCam

[2017.08.26-13.00.44:394][ 40]LogScriptCore:Warning: Script Msg: Divide by zero
Script call stack:
	Function /Game/Blueprints/ZoomCam/bp_ZoomCam.bp_ZoomCam_C:OutsideTick
	Function /Game/Blueprints/ZoomCam/bp_ZoomCam.bp_ZoomCam_C:ExecuteUbergraph_bp_ZoomCam

[2017.08.26-13.00.44:426][ 42]LogScriptCore:Warning: Script Msg: Divide by zero
Script call stack:
	Function /Game/Blueprints/ZoomCam/bp_ZoomCam.bp_ZoomCam_C:OutsideTick
	Function /Game/Blueprints/ZoomCam/bp_ZoomCam.bp_ZoomCam_C:ExecuteUbergraph_bp_ZoomCam

[2017.08.26-13.00.44:442][ 43]LogScriptCore:Warning: Script Msg: Divide by zero
Script call stack:
	Function /Game/Blueprints/ZoomCam/bp_ZoomCam.bp_ZoomCam_C:OutsideTick
	Function /Game/Blueprints/ZoomCam/bp_ZoomCam.bp_ZoomCam_C:ExecuteUbergraph_bp_ZoomCam

[2017.08.26-13.00.44:458][ 44]LogScriptCore:Warning: Script Msg: Divide by zero
Script call stack:
	Function /Game/Blueprints/ZoomCam/bp_ZoomCam.bp_ZoomCam_C:OutsideTick
	Function /Game/Blueprints/ZoomCam/bp_ZoomCam.bp_ZoomCam_C:ExecuteUbergraph_bp_ZoomCam

[2017.08.26-13.00.44:474][ 45]LogScriptCore:Warning: Script Msg: Divide by zero
Script call stack:
	Function /Game/Blueprints/ZoomCam/bp_ZoomCam.bp_ZoomCam_C:OutsideTick
	Function /Game/Blueprints/ZoomCam/bp_ZoomCam.bp_ZoomCam_C:ExecuteUbergraph_bp_ZoomCam

[2017.08.26-13.00.44:490][ 46]LogScriptCore:Warning: Script Msg: Divide by zero
Script call stack:
	Function /Game/Blueprints/ZoomCam/bp_ZoomCam.bp_ZoomCam_C:OutsideTick
	Function /Game/Blueprints/ZoomCam/bp_ZoomCam.bp_ZoomCam_C:ExecuteUbergraph_bp_ZoomCam

[2017.08.26-13.00.44:523][ 48]LogScriptCore:Warning: Script Msg: Divide by zero
Script call stack:
	Function /Game/Blueprints/ZoomCam/bp_ZoomCam.bp_ZoomCam_C:OutsideTick
	Function /Game/Blueprints/ZoomCam/bp_ZoomCam.bp_ZoomCam_C:ExecuteUbergraph_bp_ZoomCam

[2017.08.26-13.00.44:539][ 49]LogScriptCore:Warning: Script Msg: Divide by zero
Script call stack:
	Function /Game/Blueprints/ZoomCam/bp_ZoomCam.bp_ZoomCam_C:OutsideTick
	Function /Game/Blueprints/ZoomCam/bp_ZoomCam.bp_ZoomCam_C:ExecuteUbergraph_bp_ZoomCam

[2017.08.26-13.00.44:556][ 50]LogScriptCore:Warning: Script Msg: Divide by zero
Script call stack:
	Function /Game/Blueprints/ZoomCam/bp_ZoomCam.bp_ZoomCam_C:OutsideTick
	Function /Game/Blueprints/ZoomCam/bp_ZoomCam.bp_ZoomCam_C:ExecuteUbergraph_bp_ZoomCam

[2017.08.26-13.00.44:571][ 51]LogScriptCore:Warning: Script Msg: Divide by zero
Script call stack:
	Function /Game/Blueprints/ZoomCam/bp_ZoomCam.bp_ZoomCam_C:OutsideTick
	Function /Game/Blueprints/ZoomCam/bp_ZoomCam.bp_ZoomCam_C:ExecuteUbergraph_bp_ZoomCam

[2017.08.26-13.00.44:603][ 53]LogScriptCore:Warning: Script Msg: Divide by zero
Script call stack:
	Function /Game/Blueprints/ZoomCam/bp_ZoomCam.bp_ZoomCam_C:OutsideTick
	Function /Game/Blueprints/ZoomCam/bp_ZoomCam.bp_ZoomCam_C:ExecuteUbergraph_bp_ZoomCam

[2017.08.26-13.00.44:619][ 54]LogScriptCore:Warning: Script Msg: Divide by zero
Script call stack:
	Function /Game/Blueprints/ZoomCam/bp_ZoomCam.bp_ZoomCam_C:OutsideTick
	Function /Game/Blueprints/ZoomCam/bp_ZoomCam.bp_ZoomCam_C:ExecuteUbergraph_bp_ZoomCam

[2017.08.26-13.00.44:635][ 55]LogScriptCore:Warning: Script Msg: Divide by zero
Script call stack:
	Function /Game/Blueprints/ZoomCam/bp_ZoomCam.bp_ZoomCam_C:OutsideTick
	Function /Game/Blueprints/ZoomCam/bp_ZoomCam.bp_ZoomCam_C:ExecuteUbergraph_bp_ZoomCam

[2017.08.26-13.00.44:651][ 56]LogScriptCore:Warning: Script Msg: Divide by zero
Script call stack:
	Function /Game/Blueprints/ZoomCam/bp_ZoomCam.bp_ZoomCam_C:OutsideTick
	Function /Game/Blueprints/ZoomCam/bp_ZoomCam.bp_ZoomCam_C:ExecuteUbergraph_bp_ZoomCam

[2017.08.26-13.00.44:684][ 58]LogScriptCore:Warning: Script Msg: Divide by zero
Script call stack:
	Function /Game/Blueprints/ZoomCam/bp_ZoomCam.bp_ZoomCam_C:OutsideTick
	Function /Game/Blueprints/ZoomCam/bp_ZoomCam.bp_ZoomCam_C:ExecuteUbergraph_bp_ZoomCam

[2017.08.26-13.00.44:700][ 59]LogScriptCore:Warning: Script Msg: Divide by zero
Script call stack:
	Function /Game/Blueprints/ZoomCam/bp_ZoomCam.bp_ZoomCam_C:OutsideTick
	Function /Game/Blueprints/ZoomCam/bp_ZoomCam.bp_ZoomCam_C:ExecuteUbergraph_bp_ZoomCam

[2017.08.26-13.00.44:716][ 60]LogScriptCore:Warning: Script Msg: Divide by zero
Script call stack:
	Function /Game/Blueprints/ZoomCam/bp_ZoomCam.bp_ZoomCam_C:OutsideTick
	Function /Game/Blueprints/ZoomCam/bp_ZoomCam.bp_ZoomCam_C:ExecuteUbergraph_bp_ZoomCam

[2017.08.26-13.00.44:732][ 61]LogScriptCore:Warning: Script Msg: Divide by zero
Script call stack:
	Function /Game/Blueprints/ZoomCam/bp_ZoomCam.bp_ZoomCam_C:OutsideTick
	Function /Game/Blueprints/ZoomCam/bp_ZoomCam.bp_ZoomCam_C:ExecuteUbergraph_bp_ZoomCam

[2017.08.26-13.00.44:765][ 63]LogScriptCore:Warning: Script Msg: Divide by zero
Script call stack:
	Function /Game/Blueprints/ZoomCam/bp_ZoomCam.bp_ZoomCam_C:OutsideTick
	Function /Game/Blueprints/ZoomCam/bp_ZoomCam.bp_ZoomCam_C:ExecuteUbergraph_bp_ZoomCam

[2017.08.26-13.00.44:781][ 64]LogScriptCore:Warning: Script Msg: Divide by zero
Script call stack:
	Function /Game/Blueprints/ZoomCam/bp_ZoomCam.bp_ZoomCam_C:OutsideTick
	Function /Game/Blueprints/ZoomCam/bp_ZoomCam.bp_ZoomCam_C:ExecuteUbergraph_bp_ZoomCam

[2017.08.26-13.00.44:797][ 65]LogScriptCore:Warning: Script Msg: Divide by zero
Script call stack:
	Function /Game/Blueprints/ZoomCam/bp_ZoomCam.bp_ZoomCam_C:OutsideTick
	Function /Game/Blueprints/ZoomCam/bp_ZoomCam.bp_ZoomCam_C:ExecuteUbergraph_bp_ZoomCam

[2017.08.26-13.00.44:813][ 66]LogScriptCore:Warning: Script Msg: Divide by zero
Script call stack:
	Function /Game/Blueprints/ZoomCam/bp_ZoomCam.bp_ZoomCam_C:OutsideTick
	Function /Game/Blueprints/ZoomCam/bp_ZoomCam.bp_ZoomCam_C:ExecuteUbergraph_bp_ZoomCam

[2017.08.26-13.00.44:845][ 68]LogScriptCore:Warning: Script Msg: Divide by zero
Script call stack:
	Function /Game/Blueprints/ZoomCam/bp_ZoomCam.bp_ZoomCam_C:OutsideTick
	Function /Game/Blueprints/ZoomCam/bp_ZoomCam.bp_ZoomCam_C:ExecuteUbergraph_bp_ZoomCam

[2017.08.26-13.00.44:861][ 69]LogScriptCore:Warning: Script Msg: Divide by zero
Script call stack:
	Function /Game/Blueprints/ZoomCam/bp_ZoomCam.bp_ZoomCam_C:OutsideTick
	Function /Game/Blueprints/ZoomCam/bp_ZoomCam.bp_ZoomCam_C:ExecuteUbergraph_bp_ZoomCam

[2017.08.26-13.00.44:877][ 70]LogScriptCore:Warning: Script Msg: Divide by zero
Script call stack:
	Function /Game/Blueprints/ZoomCam/bp_ZoomCam.bp_ZoomCam_C:OutsideTick
	Function /Game/Blueprints/ZoomCam/bp_ZoomCam.bp_ZoomCam_C:ExecuteUbergraph_bp_ZoomCam

[2017.08.26-13.00.44:893][ 71]LogScriptCore:Warning: Script Msg: Divide by zero
Script call stack:
	Function /Game/Blueprints/ZoomCam/bp_ZoomCam.bp_ZoomCam_C:OutsideTick
	Function /Game/Blueprints/ZoomCam/bp_ZoomCam.bp_ZoomCam_C:ExecuteUbergraph_bp_ZoomCam

[2017.08.26-13.00.44:926][ 73]LogScriptCore:Warning: Script Msg: Divide by zero
Script call stack:
	Function /Game/Blueprints/ZoomCam/bp_ZoomCam.bp_ZoomCam_C:OutsideTick
	Function /Game/Blueprints/ZoomCam/bp_ZoomCam.bp_ZoomCam_C:ExecuteUbergraph_bp_ZoomCam

[2017.08.26-13.00.44:942][ 74]LogScriptCore:Warning: Script Msg: Divide by zero
Script call stack:
	Function /Game/Blueprints/ZoomCam/bp_ZoomCam.bp_ZoomCam_C:OutsideTick
	Function /Game/Blueprints/ZoomCam/bp_ZoomCam.bp_ZoomCam_C:ExecuteUbergraph_bp_ZoomCam

[2017.08.26-13.00.44:958][ 75]LogScriptCore:Warning: Script Msg: Divide by zero
Script call stack:
	Function /Game/Blueprints/ZoomCam/bp_ZoomCam.bp_ZoomCam_C:OutsideTick
	Function /Game/Blueprints/ZoomCam/bp_ZoomCam.bp_ZoomCam_C:ExecuteUbergraph_bp_ZoomCam

[2017.08.26-13.00.44:974][ 76]LogScriptCore:Warning: Script Msg: Divide by zero
Script call stack:
	Function /Game/Blueprints/ZoomCam/bp_ZoomCam.bp_ZoomCam_C:OutsideTick
	Function /Game/Blueprints/ZoomCam/bp_ZoomCam.bp_ZoomCam_C:ExecuteUbergraph_bp_ZoomCam

[2017.08.26-13.00.44:990][ 77]LogScriptCore:Warning: Script Msg: Divide by zero
Script call stack:
	Function /Game/Blueprints/ZoomCam/bp_ZoomCam.bp_ZoomCam_C:OutsideTick
	Function /Game/Blueprints/ZoomCam/bp_ZoomCam.bp_ZoomCam_C:ExecuteUbergraph_bp_ZoomCam

[2017.08.26-13.00.45:023][ 79]LogScriptCore:Warning: Script Msg: Divide by zero
Script call stack:
	Function /Game/Blueprints/ZoomCam/bp_ZoomCam.bp_ZoomCam_C:OutsideTick
	Function /Game/Blueprints/ZoomCam/bp_ZoomCam.bp_ZoomCam_C:ExecuteUbergraph_bp_ZoomCam

[2017.08.26-13.00.45:039][ 80]LogScriptCore:Warning: Script Msg: Divide by zero
Script call stack:
	Function /Game/Blueprints/ZoomCam/bp_ZoomCam.bp_ZoomCam_C:OutsideTick
	Function /Game/Blueprints/ZoomCam/bp_ZoomCam.bp_ZoomCam_C:ExecuteUbergraph_bp_ZoomCam

[2017.08.26-13.00.45:055][ 81]LogScriptCore:Warning: Script Msg: Divide by zero
Script call stack:
	Function /Game/Blueprints/ZoomCam/bp_ZoomCam.bp_ZoomCam_C:OutsideTick
	Function /Game/Blueprints/ZoomCam/bp_ZoomCam.bp_ZoomCam_C:ExecuteUbergraph_bp_ZoomCam

[2017.08.26-13.00.45:071][ 82]LogScriptCore:Warning: Script Msg: Divide by zero
Script call stack:
	Function /Game/Blueprints/ZoomCam/bp_ZoomCam.bp_ZoomCam_C:OutsideTick
	Function /Game/Blueprints/ZoomCam/bp_ZoomCam.bp_ZoomCam_C:ExecuteUbergraph_bp_ZoomCam

[2017.08.26-13.00.45:103][ 84]LogScriptCore:Warning: Script Msg: Divide by zero
Script call stack:
	Function /Game/Blueprints/ZoomCam/bp_ZoomCam.bp_ZoomCam_C:OutsideTick
	Function /Game/Blueprints/ZoomCam/bp_ZoomCam.bp_ZoomCam_C:ExecuteUbergraph_bp_ZoomCam

[2017.08.26-13.00.45:119][ 85]LogScriptCore:Warning: Script Msg: Divide by zero
Script call stack:
	Function /Game/Blueprints/ZoomCam/bp_ZoomCam.bp_ZoomCam_C:OutsideTick
	Function /Game/Blueprints/ZoomCam/bp_ZoomCam.bp_ZoomCam_C:ExecuteUbergraph_bp_ZoomCam

[2017.08.26-13.00.45:136][ 86]LogScriptCore:Warning: Script Msg: Divide by zero
Script call stack:
	Function /Game/Blueprints/ZoomCam/bp_ZoomCam.bp_ZoomCam_C:OutsideTick
	Function /Game/Blueprints/ZoomCam/bp_ZoomCam.bp_ZoomCam_C:ExecuteUbergraph_bp_ZoomCam

[2017.08.26-13.00.45:152][ 87]LogScriptCore:Warning: Script Msg: Divide by zero
Script call stack:
	Function /Game/Blueprints/ZoomCam/bp_ZoomCam.bp_ZoomCam_C:OutsideTick
	Function /Game/Blueprints/ZoomCam/bp_ZoomCam.bp_ZoomCam_C:ExecuteUbergraph_bp_ZoomCam

[2017.08.26-13.00.45:184][ 89]LogScriptCore:Warning: Script Msg: Divide by zero
Script call stack:
	Function /Game/Blueprints/ZoomCam/bp_ZoomCam.bp_ZoomCam_C:OutsideTick
	Function /Game/Blueprints/ZoomCam/bp_ZoomCam.bp_ZoomCam_C:ExecuteUbergraph_bp_ZoomCam

[2017.08.26-13.00.45:200][ 90]LogScriptCore:Warning: Script Msg: Divide by zero
Script call stack:
	Function /Game/Blueprints/ZoomCam/bp_ZoomCam.bp_ZoomCam_C:OutsideTick
	Function /Game/Blueprints/ZoomCam/bp_ZoomCam.bp_ZoomCam_C:ExecuteUbergraph_bp_ZoomCam

[2017.08.26-13.00.45:216][ 91]LogScriptCore:Warning: Script Msg: Divide by zero
Script call stack:
	Function /Game/Blueprints/ZoomCam/bp_ZoomCam.bp_ZoomCam_C:OutsideTick
	Function /Game/Blueprints/ZoomCam/bp_ZoomCam.bp_ZoomCam_C:ExecuteUbergraph_bp_ZoomCam

[2017.08.26-13.00.45:232][ 92]LogScriptCore:Warning: Script Msg: Divide by zero
Script call stack:
	Function /Game/Blueprints/ZoomCam/bp_ZoomCam.bp_ZoomCam_C:OutsideTick
	Function /Game/Blueprints/ZoomCam/bp_ZoomCam.bp_ZoomCam_C:ExecuteUbergraph_bp_ZoomCam

[2017.08.26-13.00.45:264][ 94]LogScriptCore:Warning: Script Msg: Divide by zero
Script call stack:
	Function /Game/Blueprints/ZoomCam/bp_ZoomCam.bp_ZoomCam_C:OutsideTick
	Function /Game/Blueprints/ZoomCam/bp_ZoomCam.bp_ZoomCam_C:ExecuteUbergraph_bp_ZoomCam

[2017.08.26-13.00.45:280][ 95]LogScriptCore:Warning: Script Msg: Divide by zero
Script call stack:
	Function /Game/Blueprints/ZoomCam/bp_ZoomCam.bp_ZoomCam_C:OutsideTick
	Function /Game/Blueprints/ZoomCam/bp_ZoomCam.bp_ZoomCam_C:ExecuteUbergraph_bp_ZoomCam

[2017.08.26-13.00.45:297][ 96]LogScriptCore:Warning: Script Msg: Divide by zero
Script call stack:
	Function /Game/Blueprints/ZoomCam/bp_ZoomCam.bp_ZoomCam_C:OutsideTick
	Function /Game/Blueprints/ZoomCam/bp_ZoomCam.bp_ZoomCam_C:ExecuteUbergraph_bp_ZoomCam

[2017.08.26-13.00.45:313][ 97]LogScriptCore:Warning: Script Msg: Divide by zero
Script call stack:
	Function /Game/Blueprints/ZoomCam/bp_ZoomCam.bp_ZoomCam_C:OutsideTick
	Function /Game/Blueprints/ZoomCam/bp_ZoomCam.bp_ZoomCam_C:ExecuteUbergraph_bp_ZoomCam

[2017.08.26-13.00.45:345][ 99]LogScriptCore:Warning: Script Msg: Divide by zero
Script call stack:
	Function /Game/Blueprints/ZoomCam/bp_ZoomCam.bp_ZoomCam_C:OutsideTick
	Function /Game/Blueprints/ZoomCam/bp_ZoomCam.bp_ZoomCam_C:ExecuteUbergraph_bp_ZoomCam

[2017.08.26-13.00.45:361][100]LogScriptCore:Warning: Script Msg: Divide by zero
Script call stack:
	Function /Game/Blueprints/ZoomCam/bp_ZoomCam.bp_ZoomCam_C:OutsideTick
	Function /Game/Blueprints/ZoomCam/bp_ZoomCam.bp_ZoomCam_C:ExecuteUbergraph_bp_ZoomCam

[2017.08.26-13.00.45:377][101]LogScriptCore:Warning: Script Msg: Divide by zero
Script call stack:
	Function /Game/Blueprints/ZoomCam/bp_ZoomCam.bp_ZoomCam_C:OutsideTick
	Function /Game/Blueprints/ZoomCam/bp_ZoomCam.bp_ZoomCam_C:ExecuteUbergraph_bp_ZoomCam

[2017.08.26-13.00.45:394][102]LogScriptCore:Warning: Script Msg: Divide by zero
Script call stack:
	Function /Game/Blueprints/ZoomCam/bp_ZoomCam.bp_ZoomCam_C:OutsideTick
	Function /Game/Blueprints/ZoomCam/bp_ZoomCam.bp_ZoomCam_C:ExecuteUbergraph_bp_ZoomCam

[2017.08.26-13.00.45:426][104]LogScriptCore:Warning: Script Msg: Divide by zero
Script call stack:
	Function /Game/Blueprints/ZoomCam/bp_ZoomCam.bp_ZoomCam_C:OutsideTick
	Function /Game/Blueprints/ZoomCam/bp_ZoomCam.bp_ZoomCam_C:ExecuteUbergraph_bp_ZoomCam

[2017.08.26-13.00.45:441][105]LogScriptCore:Warning: Script Msg: Divide by zero
Script call stack:
	Function /Game/Blueprints/ZoomCam/bp_ZoomCam.bp_ZoomCam_C:OutsideTick
	Function /Game/Blueprints/ZoomCam/bp_ZoomCam.bp_ZoomCam_C:ExecuteUbergraph_bp_ZoomCam

[2017.08.26-13.00.45:458][106]LogScriptCore:Warning: Script Msg: Divide by zero
Script call stack:
	Function /Game/Blueprints/ZoomCam/bp_ZoomCam.bp_ZoomCam_C:OutsideTick
	Function /Game/Blueprints/ZoomCam/bp_ZoomCam.bp_ZoomCam_C:ExecuteUbergraph_bp_ZoomCam

[2017.08.26-13.00.45:477][107]LogScriptCore:Warning: Script Msg: Divide by zero
Script call stack:
	Function /Game/Blueprints/ZoomCam/bp_ZoomCam.bp_ZoomCam_C:OutsideTick
	Function /Game/Blueprints/ZoomCam/bp_ZoomCam.bp_ZoomCam_C:ExecuteUbergraph_bp_ZoomCam

[2017.08.26-13.00.45:492][108]LogScriptCore:Warning: Script Msg: Divide by zero
Script call stack:
	Function /Game/Blueprints/ZoomCam/bp_ZoomCam.bp_ZoomCam_C:OutsideTick
	Function /Game/Blueprints/ZoomCam/bp_ZoomCam.bp_ZoomCam_C:ExecuteUbergraph_bp_ZoomCam

[2017.08.26-13.00.45:523][110]LogScriptCore:Warning: Script Msg: Divide by zero
Script call stack:
	Function /Game/Blueprints/ZoomCam/bp_ZoomCam.bp_ZoomCam_C:OutsideTick
	Function /Game/Blueprints/ZoomCam/bp_ZoomCam.bp_ZoomCam_C:ExecuteUbergraph_bp_ZoomCam

[2017.08.26-13.00.45:539][111]LogScriptCore:Warning: Script Msg: Divide by zero
Script call stack:
	Function /Game/Blueprints/ZoomCam/bp_ZoomCam.bp_ZoomCam_C:OutsideTick
	Function /Game/Blueprints/ZoomCam/bp_ZoomCam.bp_ZoomCam_C:ExecuteUbergraph_bp_ZoomCam

[2017.08.26-13.00.45:555][112]LogScriptCore:Warning: Script Msg: Divide by zero
Script call stack:
	Function /Game/Blueprints/ZoomCam/bp_ZoomCam.bp_ZoomCam_C:OutsideTick
	Function /Game/Blueprints/ZoomCam/bp_ZoomCam.bp_ZoomCam_C:ExecuteUbergraph_bp_ZoomCam

[2017.08.26-13.00.45:571][113]LogScriptCore:Warning: Script Msg: Divide by zero
Script call stack:
	Function /Game/Blueprints/ZoomCam/bp_ZoomCam.bp_ZoomCam_C:OutsideTick
	Function /Game/Blueprints/ZoomCam/bp_ZoomCam.bp_ZoomCam_C:ExecuteUbergraph_bp_ZoomCam

[2017.08.26-13.00.45:603][115]LogScriptCore:Warning: Script Msg: Divide by zero
Script call stack:
	Function /Game/Blueprints/ZoomCam/bp_ZoomCam.bp_ZoomCam_C:OutsideTick
	Function /Game/Blueprints/ZoomCam/bp_ZoomCam.bp_ZoomCam_C:ExecuteUbergraph_bp_ZoomCam

[2017.08.26-13.00.45:619][116]LogScriptCore:Warning: Script Msg: Divide by zero
Script call stack:
	Function /Game/Blueprints/ZoomCam/bp_ZoomCam.bp_ZoomCam_C:OutsideTick
	Function /Game/Blueprints/ZoomCam/bp_ZoomCam.bp_ZoomCam_C:ExecuteUbergraph_bp_ZoomCam

[2017.08.26-13.00.45:636][117]LogScriptCore:Warning: Script Msg: Divide by zero
Script call stack:
	Function /Game/Blueprints/ZoomCam/bp_ZoomCam.bp_ZoomCam_C:OutsideTick
	Function /Game/Blueprints/ZoomCam/bp_ZoomCam.bp_ZoomCam_C:ExecuteUbergraph_bp_ZoomCam

[2017.08.26-13.00.45:652][118]LogScriptCore:Warning: Script Msg: Divide by zero
Script call stack:
	Function /Game/Blueprints/ZoomCam/bp_ZoomCam.bp_ZoomCam_C:OutsideTick
	Function /Game/Blueprints/ZoomCam/bp_ZoomCam.bp_ZoomCam_C:ExecuteUbergraph_bp_ZoomCam

[2017.08.26-13.00.45:684][120]LogScriptCore:Warning: Script Msg: Divide by zero
Script call stack:
	Function /Game/Blueprints/ZoomCam/bp_ZoomCam.bp_ZoomCam_C:OutsideTick
	Function /Game/Blueprints/ZoomCam/bp_ZoomCam.bp_ZoomCam_C:ExecuteUbergraph_bp_ZoomCam

[2017.08.26-13.00.45:700][121]LogScriptCore:Warning: Script Msg: Divide by zero
Script call stack:
	Function /Game/Blueprints/ZoomCam/bp_ZoomCam.bp_ZoomCam_C:OutsideTick
	Function /Game/Blueprints/ZoomCam/bp_ZoomCam.bp_ZoomCam_C:ExecuteUbergraph_bp_ZoomCam

[2017.08.26-13.00.45:716][122]LogScriptCore:Warning: Script Msg: Divide by zero
Script call stack:
	Function /Game/Blueprints/ZoomCam/bp_ZoomCam.bp_ZoomCam_C:OutsideTick
	Function /Game/Blueprints/ZoomCam/bp_ZoomCam.bp_ZoomCam_C:ExecuteUbergraph_bp_ZoomCam

[2017.08.26-13.00.45:732][123]LogScriptCore:Warning: Script Msg: Divide by zero
Script call stack:
	Function /Game/Blueprints/ZoomCam/bp_ZoomCam.bp_ZoomCam_C:OutsideTick
	Function /Game/Blueprints/ZoomCam/bp_ZoomCam.bp_ZoomCam_C:ExecuteUbergraph_bp_ZoomCam

[2017.08.26-13.00.45:764][125]LogScriptCore:Warning: Script Msg: Divide by zero
Script call stack:
	Function /Game/Blueprints/ZoomCam/bp_ZoomCam.bp_ZoomCam_C:OutsideTick
	Function /Game/Blueprints/ZoomCam/bp_ZoomCam.bp_ZoomCam_C:ExecuteUbergraph_bp_ZoomCam

[2017.08.26-13.00.45:781][126]LogScriptCore:Warning: Script Msg: Divide by zero
Script call stack:
	Function /Game/Blueprints/ZoomCam/bp_ZoomCam.bp_ZoomCam_C:OutsideTick
	Function /Game/Blueprints/ZoomCam/bp_ZoomCam.bp_ZoomCam_C:ExecuteUbergraph_bp_ZoomCam

[2017.08.26-13.00.45:797][127]LogScriptCore:Warning: Script Msg: Divide by zero
Script call stack:
	Function /Game/Blueprints/ZoomCam/bp_ZoomCam.bp_ZoomCam_C:OutsideTick
	Function /Game/Blueprints/ZoomCam/bp_ZoomCam.bp_ZoomCam_C:ExecuteUbergraph_bp_ZoomCam

[2017.08.26-13.00.45:813][128]LogScriptCore:Warning: Script Msg: Divide by zero
Script call stack:
	Function /Game/Blueprints/ZoomCam/bp_ZoomCam.bp_ZoomCam_C:OutsideTick
	Function /Game/Blueprints/ZoomCam/bp_ZoomCam.bp_ZoomCam_C:ExecuteUbergraph_bp_ZoomCam

[2017.08.26-13.00.45:845][130]LogScriptCore:Warning: Script Msg: Divide by zero
Script call stack:
	Function /Game/Blueprints/ZoomCam/bp_ZoomCam.bp_ZoomCam_C:OutsideTick
	Function /Game/Blueprints/ZoomCam/bp_ZoomCam.bp_ZoomCam_C:ExecuteUbergraph_bp_ZoomCam

[2017.08.26-13.00.45:861][131]LogScriptCore:Warning: Script Msg: Divide by zero
Script call stack:
	Function /Game/Blueprints/ZoomCam/bp_ZoomCam.bp_ZoomCam_C:OutsideTick
	Function /Game/Blueprints/ZoomCam/bp_ZoomCam.bp_ZoomCam_C:ExecuteUbergraph_bp_ZoomCam

[2017.08.26-13.00.45:877][132]LogScriptCore:Warning: Script Msg: Divide by zero
Script call stack:
	Function /Game/Blueprints/ZoomCam/bp_ZoomCam.bp_ZoomCam_C:OutsideTick
	Function /Game/Blueprints/ZoomCam/bp_ZoomCam.bp_ZoomCam_C:ExecuteUbergraph_bp_ZoomCam

[2017.08.26-13.00.45:893][133]LogScriptCore:Warning: Script Msg: Divide by zero
Script call stack:
	Function /Game/Blueprints/ZoomCam/bp_ZoomCam.bp_ZoomCam_C:OutsideTick
	Function /Game/Blueprints/ZoomCam/bp_ZoomCam.bp_ZoomCam_C:ExecuteUbergraph_bp_ZoomCam

[2017.08.26-13.00.45:925][135]LogScriptCore:Warning: Script Msg: Divide by zero
Script call stack:
	Function /Game/Blueprints/ZoomCam/bp_ZoomCam.bp_ZoomCam_C:OutsideTick
	Function /Game/Blueprints/ZoomCam/bp_ZoomCam.bp_ZoomCam_C:ExecuteUbergraph_bp_ZoomCam

[2017.08.26-13.00.45:942][136]LogScriptCore:Warning: Script Msg: Divide by zero
Script call stack:
	Function /Game/Blueprints/ZoomCam/bp_ZoomCam.bp_ZoomCam_C:OutsideTick
	Function /Game/Blueprints/ZoomCam/bp_ZoomCam.bp_ZoomCam_C:ExecuteUbergraph_bp_ZoomCam

[2017.08.26-13.00.45:958][137]LogScriptCore:Warning: Script Msg: Divide by zero
Script call stack:
	Function /Game/Blueprints/ZoomCam/bp_ZoomCam.bp_ZoomCam_C:OutsideTick
	Function /Game/Blueprints/ZoomCam/bp_ZoomCam.bp_ZoomCam_C:ExecuteUbergraph_bp_ZoomCam

[2017.08.26-13.00.45:974][138]LogScriptCore:Warning: Script Msg: Divide by zero
Script call stack:
	Function /Game/Blueprints/ZoomCam/bp_ZoomCam.bp_ZoomCam_C:OutsideTick
	Function /Game/Blueprints/ZoomCam/bp_ZoomCam.bp_ZoomCam_C:ExecuteUbergraph_bp_ZoomCam

[2017.08.26-13.00.45:990][139]LogScriptCore:Warning: Script Msg: Divide by zero
Script call stack:
	Function /Game/Blueprints/ZoomCam/bp_ZoomCam.bp_ZoomCam_C:OutsideTick
	Function /Game/Blueprints/ZoomCam/bp_ZoomCam.bp_ZoomCam_C:ExecuteUbergraph_bp_ZoomCam

[2017.08.26-13.00.46:023][141]LogScriptCore:Warning: Script Msg: Divide by zero
Script call stack:
	Function /Game/Blueprints/ZoomCam/bp_ZoomCam.bp_ZoomCam_C:OutsideTick
	Function /Game/Blueprints/ZoomCam/bp_ZoomCam.bp_ZoomCam_C:ExecuteUbergraph_bp_ZoomCam

[2017.08.26-13.00.46:039][142]LogScriptCore:Warning: Script Msg: Divide by zero
Script call stack:
	Function /Game/Blueprints/ZoomCam/bp_ZoomCam.bp_ZoomCam_C:OutsideTick
	Function /Game/Blueprints/ZoomCam/bp_ZoomCam.bp_ZoomCam_C:ExecuteUbergraph_bp_ZoomCam

[2017.08.26-13.00.46:055][143]LogScriptCore:Warning: Script Msg: Divide by zero
Script call stack:
	Function /Game/Blueprints/ZoomCam/bp_ZoomCam.bp_ZoomCam_C:OutsideTick
	Function /Game/Blueprints/ZoomCam/bp_ZoomCam.bp_ZoomCam_C:ExecuteUbergraph_bp_ZoomCam

[2017.08.26-13.00.46:071][144]LogScriptCore:Warning: Script Msg: Divide by zero
Script call stack:
	Function /Game/Blueprints/ZoomCam/bp_ZoomCam.bp_ZoomCam_C:OutsideTick
	Function /Game/Blueprints/ZoomCam/bp_ZoomCam.bp_ZoomCam_C:ExecuteUbergraph_bp_ZoomCam

[2017.08.26-13.00.46:104][146]LogScriptCore:Warning: Script Msg: Divide by zero
Script call stack:
	Function /Game/Blueprints/ZoomCam/bp_ZoomCam.bp_ZoomCam_C:OutsideTick
	Function /Game/Blueprints/ZoomCam/bp_ZoomCam.bp_ZoomCam_C:ExecuteUbergraph_bp_ZoomCam

[2017.08.26-13.00.46:120][147]LogScriptCore:Warning: Script Msg: Divide by zero
Script call stack:
	Function /Game/Blueprints/ZoomCam/bp_ZoomCam.bp_ZoomCam_C:OutsideTick
	Function /Game/Blueprints/ZoomCam/bp_ZoomCam.bp_ZoomCam_C:ExecuteUbergraph_bp_ZoomCam

[2017.08.26-13.00.46:135][148]LogScriptCore:Warning: Script Msg: Divide by zero
Script call stack:
	Function /Game/Blueprints/ZoomCam/bp_ZoomCam.bp_ZoomCam_C:OutsideTick
	Function /Game/Blueprints/ZoomCam/bp_ZoomCam.bp_ZoomCam_C:ExecuteUbergraph_bp_ZoomCam

[2017.08.26-13.00.46:151][149]LogScriptCore:Warning: Script Msg: Divide by zero
Script call stack:
	Function /Game/Blueprints/ZoomCam/bp_ZoomCam.bp_ZoomCam_C:OutsideTick
	Function /Game/Blueprints/ZoomCam/bp_ZoomCam.bp_ZoomCam_C:ExecuteUbergraph_bp_ZoomCam

[2017.08.26-13.00.46:184][151]LogScriptCore:Warning: Script Msg: Divide by zero
Script call stack:
	Function /Game/Blueprints/ZoomCam/bp_ZoomCam.bp_ZoomCam_C:OutsideTick
	Function /Game/Blueprints/ZoomCam/bp_ZoomCam.bp_ZoomCam_C:ExecuteUbergraph_bp_ZoomCam

[2017.08.26-13.00.46:200][152]LogScriptCore:Warning: Script Msg: Divide by zero
Script call stack:
	Function /Game/Blueprints/ZoomCam/bp_ZoomCam.bp_ZoomCam_C:OutsideTick
	Function /Game/Blueprints/ZoomCam/bp_ZoomCam.bp_ZoomCam_C:ExecuteUbergraph_bp_ZoomCam

[2017.08.26-13.00.46:216][153]LogScriptCore:Warning: Script Msg: Divide by zero
Script call stack:
	Function /Game/Blueprints/ZoomCam/bp_ZoomCam.bp_ZoomCam_C:OutsideTick
	Function /Game/Blueprints/ZoomCam/bp_ZoomCam.bp_ZoomCam_C:ExecuteUbergraph_bp_ZoomCam

[2017.08.26-13.00.46:232][154]LogScriptCore:Warning: Script Msg: Divide by zero
Script call stack:
	Function /Game/Blueprints/ZoomCam/bp_ZoomCam.bp_ZoomCam_C:OutsideTick
	Function /Game/Blueprints/ZoomCam/bp_ZoomCam.bp_ZoomCam_C:ExecuteUbergraph_bp_ZoomCam

[2017.08.26-13.00.46:265][156]LogScriptCore:Warning: Script Msg: Divide by zero
Script call stack:
	Function /Game/Blueprints/ZoomCam/bp_ZoomCam.bp_ZoomCam_C:OutsideTick
	Function /Game/Blueprints/ZoomCam/bp_ZoomCam.bp_ZoomCam_C:ExecuteUbergraph_bp_ZoomCam

[2017.08.26-13.00.46:281][157]LogScriptCore:Warning: Script Msg: Divide by zero
Script call stack:
	Function /Game/Blueprints/ZoomCam/bp_ZoomCam.bp_ZoomCam_C:OutsideTick
	Function /Game/Blueprints/ZoomCam/bp_ZoomCam.bp_ZoomCam_C:ExecuteUbergraph_bp_ZoomCam

[2017.08.26-13.00.46:297][158]LogScriptCore:Warning: Script Msg: Divide by zero
Script call stack:
	Function /Game/Blueprints/ZoomCam/bp_ZoomCam.bp_ZoomCam_C:OutsideTick
	Function /Game/Blueprints/ZoomCam/bp_ZoomCam.bp_ZoomCam_C:ExecuteUbergraph_bp_ZoomCam

[2017.08.26-13.00.46:313][159]LogScriptCore:Warning: Script Msg: Divide by zero
Script call stack:
	Function /Game/Blueprints/ZoomCam/bp_ZoomCam.bp_ZoomCam_C:OutsideTick
	Function /Game/Blueprints/ZoomCam/bp_ZoomCam.bp_ZoomCam_C:ExecuteUbergraph_bp_ZoomCam

[2017.08.26-13.00.46:345][161]LogScriptCore:Warning: Script Msg: Divide by zero
Script call stack:
	Function /Game/Blueprints/ZoomCam/bp_ZoomCam.bp_ZoomCam_C:OutsideTick
	Function /Game/Blueprints/ZoomCam/bp_ZoomCam.bp_ZoomCam_C:ExecuteUbergraph_bp_ZoomCam

[2017.08.26-13.00.46:361][162]LogScriptCore:Warning: Script Msg: Divide by zero
Script call stack:
	Function /Game/Blueprints/ZoomCam/bp_ZoomCam.bp_ZoomCam_C:OutsideTick
	Function /Game/Blueprints/ZoomCam/bp_ZoomCam.bp_ZoomCam_C:ExecuteUbergraph_bp_ZoomCam

[2017.08.26-13.00.46:377][163]LogScriptCore:Warning: Script Msg: Divide by zero
Script call stack:
	Function /Game/Blueprints/ZoomCam/bp_ZoomCam.bp_ZoomCam_C:OutsideTick
	Function /Game/Blueprints/ZoomCam/bp_ZoomCam.bp_ZoomCam_C:ExecuteUbergraph_bp_ZoomCam

[2017.08.26-13.00.46:393][164]LogScriptCore:Warning: Script Msg: Divide by zero
Script call stack:
	Function /Game/Blueprints/ZoomCam/bp_ZoomCam.bp_ZoomCam_C:OutsideTick
	Function /Game/Blueprints/ZoomCam/bp_ZoomCam.bp_ZoomCam_C:ExecuteUbergraph_bp_ZoomCam

[2017.08.26-13.00.46:426][166]LogScriptCore:Warning: Script Msg: Divide by zero
Script call stack:
	Function /Game/Blueprints/ZoomCam/bp_ZoomCam.bp_ZoomCam_C:OutsideTick
	Function /Game/Blueprints/ZoomCam/bp_ZoomCam.bp_ZoomCam_C:ExecuteUbergraph_bp_ZoomCam

[2017.08.26-13.00.46:442][167]LogScriptCore:Warning: Script Msg: Divide by zero
Script call stack:
	Function /Game/Blueprints/ZoomCam/bp_ZoomCam.bp_ZoomCam_C:OutsideTick
	Function /Game/Blueprints/ZoomCam/bp_ZoomCam.bp_ZoomCam_C:ExecuteUbergraph_bp_ZoomCam

[2017.08.26-13.00.46:458][168]LogScriptCore:Warning: Script Msg: Divide by zero
Script call stack:
	Function /Game/Blueprints/ZoomCam/bp_ZoomCam.bp_ZoomCam_C:OutsideTick
	Function /Game/Blueprints/ZoomCam/bp_ZoomCam.bp_ZoomCam_C:ExecuteUbergraph_bp_ZoomCam

[2017.08.26-13.00.46:474][169]LogScriptCore:Warning: Script Msg: Divide by zero
Script call stack:
	Function /Game/Blueprints/ZoomCam/bp_ZoomCam.bp_ZoomCam_C:OutsideTick
	Function /Game/Blueprints/ZoomCam/bp_ZoomCam.bp_ZoomCam_C:ExecuteUbergraph_bp_ZoomCam

[2017.08.26-13.00.46:490][170]LogScriptCore:Warning: Script Msg: Divide by zero
Script call stack:
	Function /Game/Blueprints/ZoomCam/bp_ZoomCam.bp_ZoomCam_C:OutsideTick
	Function /Game/Blueprints/ZoomCam/bp_ZoomCam.bp_ZoomCam_C:ExecuteUbergraph_bp_ZoomCam

[2017.08.26-13.00.46:523][172]LogScriptCore:Warning: Script Msg: Divide by zero
Script call stack:
	Function /Game/Blueprints/ZoomCam/bp_ZoomCam.bp_ZoomCam_C:OutsideTick
	Function /Game/Blueprints/ZoomCam/bp_ZoomCam.bp_ZoomCam_C:ExecuteUbergraph_bp_ZoomCam

[2017.08.26-13.00.46:539][173]LogScriptCore:Warning: Script Msg: Divide by zero
Script call stack:
	Function /Game/Blueprints/ZoomCam/bp_ZoomCam.bp_ZoomCam_C:OutsideTick
	Function /Game/Blueprints/ZoomCam/bp_ZoomCam.bp_ZoomCam_C:ExecuteUbergraph_bp_ZoomCam

[2017.08.26-13.00.46:555][174]LogScriptCore:Warning: Script Msg: Divide by zero
Script call stack:
	Function /Game/Blueprints/ZoomCam/bp_ZoomCam.bp_ZoomCam_C:OutsideTick
	Function /Game/Blueprints/ZoomCam/bp_ZoomCam.bp_ZoomCam_C:ExecuteUbergraph_bp_ZoomCam

[2017.08.26-13.00.46:571][175]LogScriptCore:Warning: Script Msg: Divide by zero
Script call stack:
	Function /Game/Blueprints/ZoomCam/bp_ZoomCam.bp_ZoomCam_C:OutsideTick
	Function /Game/Blueprints/ZoomCam/bp_ZoomCam.bp_ZoomCam_C:ExecuteUbergraph_bp_ZoomCam

[2017.08.26-13.00.46:604][177]LogScriptCore:Warning: Script Msg: Divide by zero
Script call stack:
	Function /Game/Blueprints/ZoomCam/bp_ZoomCam.bp_ZoomCam_C:OutsideTick
	Function /Game/Blueprints/ZoomCam/bp_ZoomCam.bp_ZoomCam_C:ExecuteUbergraph_bp_ZoomCam

[2017.08.26-13.00.46:619][178]LogScriptCore:Warning: Script Msg: Divide by zero
Script call stack:
	Function /Game/Blueprints/ZoomCam/bp_ZoomCam.bp_ZoomCam_C:OutsideTick
	Function /Game/Blueprints/ZoomCam/bp_ZoomCam.bp_ZoomCam_C:ExecuteUbergraph_bp_ZoomCam

[2017.08.26-13.00.46:636][179]LogScriptCore:Warning: Script Msg: Divide by zero
Script call stack:
	Function /Game/Blueprints/ZoomCam/bp_ZoomCam.bp_ZoomCam_C:OutsideTick
	Function /Game/Blueprints/ZoomCam/bp_ZoomCam.bp_ZoomCam_C:ExecuteUbergraph_bp_ZoomCam

[2017.08.26-13.00.46:652][180]LogScriptCore:Warning: Script Msg: Divide by zero
Script call stack:
	Function /Game/Blueprints/ZoomCam/bp_ZoomCam.bp_ZoomCam_C:OutsideTick
	Function /Game/Blueprints/ZoomCam/bp_ZoomCam.bp_ZoomCam_C:ExecuteUbergraph_bp_ZoomCam

[2017.08.26-13.00.46:684][182]LogScriptCore:Warning: Script Msg: Divide by zero
Script call stack:
	Function /Game/Blueprints/ZoomCam/bp_ZoomCam.bp_ZoomCam_C:OutsideTick
	Function /Game/Blueprints/ZoomCam/bp_ZoomCam.bp_ZoomCam_C:ExecuteUbergraph_bp_ZoomCam

[2017.08.26-13.00.46:700][183]LogScriptCore:Warning: Script Msg: Divide by zero
Script call stack:
	Function /Game/Blueprints/ZoomCam/bp_ZoomCam.bp_ZoomCam_C:OutsideTick
	Function /Game/Blueprints/ZoomCam/bp_ZoomCam.bp_ZoomCam_C:ExecuteUbergraph_bp_ZoomCam

[2017.08.26-13.00.46:716][184]LogScriptCore:Warning: Script Msg: Divide by zero
Script call stack:
	Function /Game/Blueprints/ZoomCam/bp_ZoomCam.bp_ZoomCam_C:OutsideTick
	Function /Game/Blueprints/ZoomCam/bp_ZoomCam.bp_ZoomCam_C:ExecuteUbergraph_bp_ZoomCam

[2017.08.26-13.00.46:732][185]LogScriptCore:Warning: Script Msg: Divide by zero
Script call stack:
	Function /Game/Blueprints/ZoomCam/bp_ZoomCam.bp_ZoomCam_C:OutsideTick
	Function /Game/Blueprints/ZoomCam/bp_ZoomCam.bp_ZoomCam_C:ExecuteUbergraph_bp_ZoomCam

[2017.08.26-13.00.46:765][187]LogScriptCore:Warning: Script Msg: Divide by zero
Script call stack:
	Function /Game/Blueprints/ZoomCam/bp_ZoomCam.bp_ZoomCam_C:OutsideTick
	Function /Game/Blueprints/ZoomCam/bp_ZoomCam.bp_ZoomCam_C:ExecuteUbergraph_bp_ZoomCam

[2017.08.26-13.00.46:780][188]LogScriptCore:Warning: Script Msg: Divide by zero
Script call stack:
	Function /Game/Blueprints/ZoomCam/bp_ZoomCam.bp_ZoomCam_C:OutsideTick
	Function /Game/Blueprints/ZoomCam/bp_ZoomCam.bp_ZoomCam_C:ExecuteUbergraph_bp_ZoomCam

[2017.08.26-13.00.46:796][189]LogScriptCore:Warning: Script Msg: Divide by zero
Script call stack:
	Function /Game/Blueprints/ZoomCam/bp_ZoomCam.bp_ZoomCam_C:OutsideTick
	Function /Game/Blueprints/ZoomCam/bp_ZoomCam.bp_ZoomCam_C:ExecuteUbergraph_bp_ZoomCam

[2017.08.26-13.00.46:813][190]LogScriptCore:Warning: Script Msg: Divide by zero
Script call stack:
	Function /Game/Blueprints/ZoomCam/bp_ZoomCam.bp_ZoomCam_C:OutsideTick
	Function /Game/Blueprints/ZoomCam/bp_ZoomCam.bp_ZoomCam_C:ExecuteUbergraph_bp_ZoomCam

[2017.08.26-13.00.46:845][192]LogScriptCore:Warning: Script Msg: Divide by zero
Script call stack:
	Function /Game/Blueprints/ZoomCam/bp_ZoomCam.bp_ZoomCam_C:OutsideTick
	Function /Game/Blueprints/ZoomCam/bp_ZoomCam.bp_ZoomCam_C:ExecuteUbergraph_bp_ZoomCam

[2017.08.26-13.00.46:861][193]LogScriptCore:Warning: Script Msg: Divide by zero
Script call stack:
	Function /Game/Blueprints/ZoomCam/bp_ZoomCam.bp_ZoomCam_C:OutsideTick
	Function /Game/Blueprints/ZoomCam/bp_ZoomCam.bp_ZoomCam_C:ExecuteUbergraph_bp_ZoomCam

[2017.08.26-13.00.46:878][194]LogScriptCore:Warning: Script Msg: Divide by zero
Script call stack:
	Function /Game/Blueprints/ZoomCam/bp_ZoomCam.bp_ZoomCam_C:OutsideTick
	Function /Game/Blueprints/ZoomCam/bp_ZoomCam.bp_ZoomCam_C:ExecuteUbergraph_bp_ZoomCam

[2017.08.26-13.00.46:894][195]LogScriptCore:Warning: Script Msg: Divide by zero
Script call stack:
	Function /Game/Blueprints/ZoomCam/bp_ZoomCam.bp_ZoomCam_C:OutsideTick
	Function /Game/Blueprints/ZoomCam/bp_ZoomCam.bp_ZoomCam_C:ExecuteUbergraph_bp_ZoomCam

[2017.08.26-13.00.46:926][197]LogScriptCore:Warning: Script Msg: Divide by zero
Script call stack:
	Function /Game/Blueprints/ZoomCam/bp_ZoomCam.bp_ZoomCam_C:OutsideTick
	Function /Game/Blueprints/ZoomCam/bp_ZoomCam.bp_ZoomCam_C:ExecuteUbergraph_bp_ZoomCam

[2017.08.26-13.00.46:942][198]LogScriptCore:Warning: Script Msg: Divide by zero
Script call stack:
	Function /Game/Blueprints/ZoomCam/bp_ZoomCam.bp_ZoomCam_C:OutsideTick
	Function /Game/Blueprints/ZoomCam/bp_ZoomCam.bp_ZoomCam_C:ExecuteUbergraph_bp_ZoomCam

[2017.08.26-13.00.46:958][199]LogScriptCore:Warning: Script Msg: Divide by zero
Script call stack:
	Function /Game/Blueprints/ZoomCam/bp_ZoomCam.bp_ZoomCam_C:OutsideTick
	Function /Game/Blueprints/ZoomCam/bp_ZoomCam.bp_ZoomCam_C:ExecuteUbergraph_bp_ZoomCam

[2017.08.26-13.00.46:974][200]LogScriptCore:Warning: Script Msg: Divide by zero
Script call stack:
	Function /Game/Blueprints/ZoomCam/bp_ZoomCam.bp_ZoomCam_C:OutsideTick
	Function /Game/Blueprints/ZoomCam/bp_ZoomCam.bp_ZoomCam_C:ExecuteUbergraph_bp_ZoomCam

[2017.08.26-13.00.46:991][201]LogScriptCore:Warning: Script Msg: Divide by zero
Script call stack:
	Function /Game/Blueprints/ZoomCam/bp_ZoomCam.bp_ZoomCam_C:OutsideTick
	Function /Game/Blueprints/ZoomCam/bp_ZoomCam.bp_ZoomCam_C:ExecuteUbergraph_bp_ZoomCam

[2017.08.26-13.00.47:023][203]LogScriptCore:Warning: Script Msg: Divide by zero
Script call stack:
	Function /Game/Blueprints/ZoomCam/bp_ZoomCam.bp_ZoomCam_C:OutsideTick
	Function /Game/Blueprints/ZoomCam/bp_ZoomCam.bp_ZoomCam_C:ExecuteUbergraph_bp_ZoomCam

[2017.08.26-13.00.47:039][204]LogScriptCore:Warning: Script Msg: Divide by zero
Script call stack:
	Function /Game/Blueprints/ZoomCam/bp_ZoomCam.bp_ZoomCam_C:OutsideTick
	Function /Game/Blueprints/ZoomCam/bp_ZoomCam.bp_ZoomCam_C:ExecuteUbergraph_bp_ZoomCam

[2017.08.26-13.00.47:055][205]LogScriptCore:Warning: Script Msg: Divide by zero
Script call stack:
	Function /Game/Blueprints/ZoomCam/bp_ZoomCam.bp_ZoomCam_C:OutsideTick
	Function /Game/Blueprints/ZoomCam/bp_ZoomCam.bp_ZoomCam_C:ExecuteUbergraph_bp_ZoomCam

[2017.08.26-13.00.47:071][206]LogScriptCore:Warning: Script Msg: Divide by zero
Script call stack:
	Function /Game/Blueprints/ZoomCam/bp_ZoomCam.bp_ZoomCam_C:OutsideTick
	Function /Game/Blueprints/ZoomCam/bp_ZoomCam.bp_ZoomCam_C:ExecuteUbergraph_bp_ZoomCam

[2017.08.26-13.00.47:103][208]LogScriptCore:Warning: Script Msg: Divide by zero
Script call stack:
	Function /Game/Blueprints/ZoomCam/bp_ZoomCam.bp_ZoomCam_C:OutsideTick
	Function /Game/Blueprints/ZoomCam/bp_ZoomCam.bp_ZoomCam_C:ExecuteUbergraph_bp_ZoomCam

[2017.08.26-13.00.47:120][209]LogScriptCore:Warning: Script Msg: Divide by zero
Script call stack:
	Function /Game/Blueprints/ZoomCam/bp_ZoomCam.bp_ZoomCam_C:OutsideTick
	Function /Game/Blueprints/ZoomCam/bp_ZoomCam.bp_ZoomCam_C:ExecuteUbergraph_bp_ZoomCam

[2017.08.26-13.00.47:136][210]LogScriptCore:Warning: Script Msg: Divide by zero
Script call stack:
	Function /Game/Blueprints/ZoomCam/bp_ZoomCam.bp_ZoomCam_C:OutsideTick
	Function /Game/Blueprints/ZoomCam/bp_ZoomCam.bp_ZoomCam_C:ExecuteUbergraph_bp_ZoomCam

[2017.08.26-13.00.47:152][211]LogScriptCore:Warning: Script Msg: Divide by zero
Script call stack:
	Function /Game/Blueprints/ZoomCam/bp_ZoomCam.bp_ZoomCam_C:OutsideTick
	Function /Game/Blueprints/ZoomCam/bp_ZoomCam.bp_ZoomCam_C:ExecuteUbergraph_bp_ZoomCam

[2017.08.26-13.00.47:184][213]LogScriptCore:Warning: Script Msg: Divide by zero
Script call stack:
	Function /Game/Blueprints/ZoomCam/bp_ZoomCam.bp_ZoomCam_C:OutsideTick
	Function /Game/Blueprints/ZoomCam/bp_ZoomCam.bp_ZoomCam_C:ExecuteUbergraph_bp_ZoomCam

[2017.08.26-13.00.47:200][214]LogScriptCore:Warning: Script Msg: Divide by zero
Script call stack:
	Function /Game/Blueprints/ZoomCam/bp_ZoomCam.bp_ZoomCam_C:OutsideTick
	Function /Game/Blueprints/ZoomCam/bp_ZoomCam.bp_ZoomCam_C:ExecuteUbergraph_bp_ZoomCam

[2017.08.26-13.00.47:216][215]LogScriptCore:Warning: Script Msg: Divide by zero
Script call stack:
	Function /Game/Blueprints/ZoomCam/bp_ZoomCam.bp_ZoomCam_C:OutsideTick
	Function /Game/Blueprints/ZoomCam/bp_ZoomCam.bp_ZoomCam_C:ExecuteUbergraph_bp_ZoomCam

[2017.08.26-13.00.47:232][216]LogScriptCore:Warning: Script Msg: Divide by zero
Script call stack:
	Function /Game/Blueprints/ZoomCam/bp_ZoomCam.bp_ZoomCam_C:OutsideTick
	Function /Game/Blueprints/ZoomCam/bp_ZoomCam.bp_ZoomCam_C:ExecuteUbergraph_bp_ZoomCam

[2017.08.26-13.00.47:264][218]LogScriptCore:Warning: Script Msg: Divide by zero
Script call stack:
	Function /Game/Blueprints/ZoomCam/bp_ZoomCam.bp_ZoomCam_C:OutsideTick
	Function /Game/Blueprints/ZoomCam/bp_ZoomCam.bp_ZoomCam_C:ExecuteUbergraph_bp_ZoomCam

[2017.08.26-13.00.47:281][219]LogScriptCore:Warning: Script Msg: Divide by zero
Script call stack:
	Function /Game/Blueprints/ZoomCam/bp_ZoomCam.bp_ZoomCam_C:OutsideTick
	Function /Game/Blueprints/ZoomCam/bp_ZoomCam.bp_ZoomCam_C:ExecuteUbergraph_bp_ZoomCam

[2017.08.26-13.00.47:297][220]LogScriptCore:Warning: Script Msg: Divide by zero
Script call stack:
	Function /Game/Blueprints/ZoomCam/bp_ZoomCam.bp_ZoomCam_C:OutsideTick
	Function /Game/Blueprints/ZoomCam/bp_ZoomCam.bp_ZoomCam_C:ExecuteUbergraph_bp_ZoomCam

[2017.08.26-13.00.47:313][221]LogScriptCore:Warning: Script Msg: Divide by zero
Script call stack:
	Function /Game/Blueprints/ZoomCam/bp_ZoomCam.bp_ZoomCam_C:OutsideTick
	Function /Game/Blueprints/ZoomCam/bp_ZoomCam.bp_ZoomCam_C:ExecuteUbergraph_bp_ZoomCam

[2017.08.26-13.00.47:345][223]LogScriptCore:Warning: Script Msg: Divide by zero
Script call stack:
	Function /Game/Blueprints/ZoomCam/bp_ZoomCam.bp_ZoomCam_C:OutsideTick
	Function /Game/Blueprints/ZoomCam/bp_ZoomCam.bp_ZoomCam_C:ExecuteUbergraph_bp_ZoomCam

[2017.08.26-13.00.47:361][224]LogScriptCore:Warning: Script Msg: Divide by zero
Script call stack:
	Function /Game/Blueprints/ZoomCam/bp_ZoomCam.bp_ZoomCam_C:OutsideTick
	Function /Game/Blueprints/ZoomCam/bp_ZoomCam.bp_ZoomCam_C:ExecuteUbergraph_bp_ZoomCam

[2017.08.26-13.00.47:377][225]LogScriptCore:Warning: Script Msg: Divide by zero
Script call stack:
	Function /Game/Blueprints/ZoomCam/bp_ZoomCam.bp_ZoomCam_C:OutsideTick
	Function /Game/Blueprints/ZoomCam/bp_ZoomCam.bp_ZoomCam_C:ExecuteUbergraph_bp_ZoomCam

[2017.08.26-13.00.47:394][226]LogScriptCore:Warning: Script Msg: Divide by zero
Script call stack:
	Function /Game/Blueprints/ZoomCam/bp_ZoomCam.bp_ZoomCam_C:OutsideTick
	Function /Game/Blueprints/ZoomCam/bp_ZoomCam.bp_ZoomCam_C:ExecuteUbergraph_bp_ZoomCam

[2017.08.26-13.00.47:426][228]LogScriptCore:Warning: Script Msg: Divide by zero
Script call stack:
	Function /Game/Blueprints/ZoomCam/bp_ZoomCam.bp_ZoomCam_C:OutsideTick
	Function /Game/Blueprints/ZoomCam/bp_ZoomCam.bp_ZoomCam_C:ExecuteUbergraph_bp_ZoomCam

[2017.08.26-13.00.47:442][229]LogScriptCore:Warning: Script Msg: Divide by zero
Script call stack:
	Function /Game/Blueprints/ZoomCam/bp_ZoomCam.bp_ZoomCam_C:OutsideTick
	Function /Game/Blueprints/ZoomCam/bp_ZoomCam.bp_ZoomCam_C:ExecuteUbergraph_bp_ZoomCam

[2017.08.26-13.00.47:459][230]LogScriptCore:Warning: Script Msg: Divide by zero
Script call stack:
	Function /Game/Blueprints/ZoomCam/bp_ZoomCam.bp_ZoomCam_C:OutsideTick
	Function /Game/Blueprints/ZoomCam/bp_ZoomCam.bp_ZoomCam_C:ExecuteUbergraph_bp_ZoomCam

[2017.08.26-13.00.47:474][231]LogScriptCore:Warning: Script Msg: Divide by zero
Script call stack:
	Function /Game/Blueprints/ZoomCam/bp_ZoomCam.bp_ZoomCam_C:OutsideTick
	Function /Game/Blueprints/ZoomCam/bp_ZoomCam.bp_ZoomCam_C:ExecuteUbergraph_bp_ZoomCam

[2017.08.26-13.00.47:490][232]LogScriptCore:Warning: Script Msg: Divide by zero
Script call stack:
	Function /Game/Blueprints/ZoomCam/bp_ZoomCam.bp_ZoomCam_C:OutsideTick
	Function /Game/Blueprints/ZoomCam/bp_ZoomCam.bp_ZoomCam_C:ExecuteUbergraph_bp_ZoomCam

[2017.08.26-13.00.47:522][234]LogScriptCore:Warning: Script Msg: Divide by zero
Script call stack:
	Function /Game/Blueprints/ZoomCam/bp_ZoomCam.bp_ZoomCam_C:OutsideTick
	Function /Game/Blueprints/ZoomCam/bp_ZoomCam.bp_ZoomCam_C:ExecuteUbergraph_bp_ZoomCam

[2017.08.26-13.00.47:542][235]LogScriptCore:Warning: Script Msg: Divide by zero
Script call stack:
	Function /Game/Blueprints/ZoomCam/bp_ZoomCam.bp_ZoomCam_C:OutsideTick
	Function /Game/Blueprints/ZoomCam/bp_ZoomCam.bp_ZoomCam_C:ExecuteUbergraph_bp_ZoomCam

[2017.08.26-13.00.47:557][236]LogScriptCore:Warning: Script Msg: Divide by zero
Script call stack:
	Function /Game/Blueprints/ZoomCam/bp_ZoomCam.bp_ZoomCam_C:OutsideTick
	Function /Game/Blueprints/ZoomCam/bp_ZoomCam.bp_ZoomCam_C:ExecuteUbergraph_bp_ZoomCam

[2017.08.26-13.00.47:571][237]LogScriptCore:Warning: Script Msg: Divide by zero
Script call stack:
	Function /Game/Blueprints/ZoomCam/bp_ZoomCam.bp_ZoomCam_C:OutsideTick
	Function /Game/Blueprints/ZoomCam/bp_ZoomCam.bp_ZoomCam_C:ExecuteUbergraph_bp_ZoomCam

[2017.08.26-13.00.47:603][239]LogScriptCore:Warning: Script Msg: Divide by zero
Script call stack:
	Function /Game/Blueprints/ZoomCam/bp_ZoomCam.bp_ZoomCam_C:OutsideTick
	Function /Game/Blueprints/ZoomCam/bp_ZoomCam.bp_ZoomCam_C:ExecuteUbergraph_bp_ZoomCam

[2017.08.26-13.00.47:619][240]LogScriptCore:Warning: Script Msg: Divide by zero
Script call stack:
	Function /Game/Blueprints/ZoomCam/bp_ZoomCam.bp_ZoomCam_C:OutsideTick
	Function /Game/Blueprints/ZoomCam/bp_ZoomCam.bp_ZoomCam_C:ExecuteUbergraph_bp_ZoomCam

[2017.08.26-13.00.47:635][241]LogScriptCore:Warning: Script Msg: Divide by zero
Script call stack:
	Function /Game/Blueprints/ZoomCam/bp_ZoomCam.bp_ZoomCam_C:OutsideTick
	Function /Game/Blueprints/ZoomCam/bp_ZoomCam.bp_ZoomCam_C:ExecuteUbergraph_bp_ZoomCam

[2017.08.26-13.00.47:652][242]LogScriptCore:Warning: Script Msg: Divide by zero
Script call stack:
	Function /Game/Blueprints/ZoomCam/bp_ZoomCam.bp_ZoomCam_C:OutsideTick
	Function /Game/Blueprints/ZoomCam/bp_ZoomCam.bp_ZoomCam_C:ExecuteUbergraph_bp_ZoomCam

[2017.08.26-13.00.47:684][244]LogScriptCore:Warning: Script Msg: Divide by zero
Script call stack:
	Function /Game/Blueprints/ZoomCam/bp_ZoomCam.bp_ZoomCam_C:OutsideTick
	Function /Game/Blueprints/ZoomCam/bp_ZoomCam.bp_ZoomCam_C:ExecuteUbergraph_bp_ZoomCam

[2017.08.26-13.00.47:700][245]LogScriptCore:Warning: Script Msg: Divide by zero
Script call stack:
	Function /Game/Blueprints/ZoomCam/bp_ZoomCam.bp_ZoomCam_C:OutsideTick
	Function /Game/Blueprints/ZoomCam/bp_ZoomCam.bp_ZoomCam_C:ExecuteUbergraph_bp_ZoomCam

[2017.08.26-13.00.47:716][246]LogScriptCore:Warning: Script Msg: Divide by zero
Script call stack:
	Function /Game/Blueprints/ZoomCam/bp_ZoomCam.bp_ZoomCam_C:OutsideTick
	Function /Game/Blueprints/ZoomCam/bp_ZoomCam.bp_ZoomCam_C:ExecuteUbergraph_bp_ZoomCam

[2017.08.26-13.00.47:732][247]LogScriptCore:Warning: Script Msg: Divide by zero
Script call stack:
	Function /Game/Blueprints/ZoomCam/bp_ZoomCam.bp_ZoomCam_C:OutsideTick
	Function /Game/Blueprints/ZoomCam/bp_ZoomCam.bp_ZoomCam_C:ExecuteUbergraph_bp_ZoomCam

[2017.08.26-13.00.47:764][249]LogScriptCore:Warning: Script Msg: Divide by zero
Script call stack:
	Function /Game/Blueprints/ZoomCam/bp_ZoomCam.bp_ZoomCam_C:OutsideTick
	Function /Game/Blueprints/ZoomCam/bp_ZoomCam.bp_ZoomCam_C:ExecuteUbergraph_bp_ZoomCam

[2017.08.26-13.00.47:781][250]LogScriptCore:Warning: Script Msg: Divide by zero
Script call stack:
	Function /Game/Blueprints/ZoomCam/bp_ZoomCam.bp_ZoomCam_C:OutsideTick
	Function /Game/Blueprints/ZoomCam/bp_ZoomCam.bp_ZoomCam_C:ExecuteUbergraph_bp_ZoomCam

[2017.08.26-13.00.47:797][251]LogScriptCore:Warning: Script Msg: Divide by zero
Script call stack:
	Function /Game/Blueprints/ZoomCam/bp_ZoomCam.bp_ZoomCam_C:OutsideTick
	Function /Game/Blueprints/ZoomCam/bp_ZoomCam.bp_ZoomCam_C:ExecuteUbergraph_bp_ZoomCam

[2017.08.26-13.00.47:813][252]LogScriptCore:Warning: Script Msg: Divide by zero
Script call stack:
	Function /Game/Blueprints/ZoomCam/bp_ZoomCam.bp_ZoomCam_C:OutsideTick
	Function /Game/Blueprints/ZoomCam/bp_ZoomCam.bp_ZoomCam_C:ExecuteUbergraph_bp_ZoomCam

[2017.08.26-13.00.47:845][254]LogScriptCore:Warning: Script Msg: Divide by zero
Script call stack:
	Function /Game/Blueprints/ZoomCam/bp_ZoomCam.bp_ZoomCam_C:OutsideTick
	Function /Game/Blueprints/ZoomCam/bp_ZoomCam.bp_ZoomCam_C:ExecuteUbergraph_bp_ZoomCam

[2017.08.26-13.00.47:861][255]LogScriptCore:Warning: Script Msg: Divide by zero
Script call stack:
	Function /Game/Blueprints/ZoomCam/bp_ZoomCam.bp_ZoomCam_C:OutsideTick
	Function /Game/Blueprints/ZoomCam/bp_ZoomCam.bp_ZoomCam_C:ExecuteUbergraph_bp_ZoomCam

[2017.08.26-13.00.47:877][256]LogScriptCore:Warning: Script Msg: Divide by zero
Script call stack:
	Function /Game/Blueprints/ZoomCam/bp_ZoomCam.bp_ZoomCam_C:OutsideTick
	Function /Game/Blueprints/ZoomCam/bp_ZoomCam.bp_ZoomCam_C:ExecuteUbergraph_bp_ZoomCam

[2017.08.26-13.00.47:893][257]LogScriptCore:Warning: Script Msg: Divide by zero
Script call stack:
	Function /Game/Blueprints/ZoomCam/bp_ZoomCam.bp_ZoomCam_C:OutsideTick
	Function /Game/Blueprints/ZoomCam/bp_ZoomCam.bp_ZoomCam_C:ExecuteUbergraph_bp_ZoomCam

[2017.08.26-13.00.47:910][258]LogScriptCore:Warning: Script Msg: Divide by zero
Script call stack:
	Function /Game/Blueprints/ZoomCam/bp_ZoomCam.bp_ZoomCam_C:OutsideTick
	Function /Game/Blueprints/ZoomCam/bp_ZoomCam.bp_ZoomCam_C:ExecuteUbergraph_bp_ZoomCam

[2017.08.26-13.00.47:943][260]LogScriptCore:Warning: Script Msg: Divide by zero
Script call stack:
	Function /Game/Blueprints/ZoomCam/bp_ZoomCam.bp_ZoomCam_C:OutsideTick
	Function /Game/Blueprints/ZoomCam/bp_ZoomCam.bp_ZoomCam_C:ExecuteUbergraph_bp_ZoomCam

[2017.08.26-13.00.47:958][261]LogScriptCore:Warning: Script Msg: Divide by zero
Script call stack:
	Function /Game/Blueprints/ZoomCam/bp_ZoomCam.bp_ZoomCam_C:OutsideTick
	Function /Game/Blueprints/ZoomCam/bp_ZoomCam.bp_ZoomCam_C:ExecuteUbergraph_bp_ZoomCam

[2017.08.26-13.00.47:974][262]LogScriptCore:Warning: Script Msg: Divide by zero
Script call stack:
	Function /Game/Blueprints/ZoomCam/bp_ZoomCam.bp_ZoomCam_C:OutsideTick
	Function /Game/Blueprints/ZoomCam/bp_ZoomCam.bp_ZoomCam_C:ExecuteUbergraph_bp_ZoomCam

[2017.08.26-13.00.47:991][263]LogScriptCore:Warning: Script Msg: Divide by zero
Script call stack:
	Function /Game/Blueprints/ZoomCam/bp_ZoomCam.bp_ZoomCam_C:OutsideTick
	Function /Game/Blueprints/ZoomCam/bp_ZoomCam.bp_ZoomCam_C:ExecuteUbergraph_bp_ZoomCam

[2017.08.26-13.00.48:023][265]LogScriptCore:Warning: Script Msg: Divide by zero
Script call stack:
	Function /Game/Blueprints/ZoomCam/bp_ZoomCam.bp_ZoomCam_C:OutsideTick
	Function /Game/Blueprints/ZoomCam/bp_ZoomCam.bp_ZoomCam_C:ExecuteUbergraph_bp_ZoomCam

[2017.08.26-13.00.48:039][266]LogScriptCore:Warning: Script Msg: Divide by zero
Script call stack:
	Function /Game/Blueprints/ZoomCam/bp_ZoomCam.bp_ZoomCam_C:OutsideTick
	Function /Game/Blueprints/ZoomCam/bp_ZoomCam.bp_ZoomCam_C:ExecuteUbergraph_bp_ZoomCam

[2017.08.26-13.00.48:055][267]LogScriptCore:Warning: Script Msg: Divide by zero
Script call stack:
	Function /Game/Blueprints/ZoomCam/bp_ZoomCam.bp_ZoomCam_C:OutsideTick
	Function /Game/Blueprints/ZoomCam/bp_ZoomCam.bp_ZoomCam_C:ExecuteUbergraph_bp_ZoomCam

[2017.08.26-13.00.48:071][268]LogScriptCore:Warning: Script Msg: Divide by zero
Script call stack:
	Function /Game/Blueprints/ZoomCam/bp_ZoomCam.bp_ZoomCam_C:OutsideTick
	Function /Game/Blueprints/ZoomCam/bp_ZoomCam.bp_ZoomCam_C:ExecuteUbergraph_bp_ZoomCam

[2017.08.26-13.00.48:104][270]LogScriptCore:Warning: Script Msg: Divide by zero
Script call stack:
	Function /Game/Blueprints/ZoomCam/bp_ZoomCam.bp_ZoomCam_C:OutsideTick
	Function /Game/Blueprints/ZoomCam/bp_ZoomCam.bp_ZoomCam_C:ExecuteUbergraph_bp_ZoomCam

[2017.08.26-13.00.48:120][271]LogScriptCore:Warning: Script Msg: Divide by zero
Script call stack:
	Function /Game/Blueprints/ZoomCam/bp_ZoomCam.bp_ZoomCam_C:OutsideTick
	Function /Game/Blueprints/ZoomCam/bp_ZoomCam.bp_ZoomCam_C:ExecuteUbergraph_bp_ZoomCam

[2017.08.26-13.00.48:135][272]LogScriptCore:Warning: Script Msg: Divide by zero
Script call stack:
	Function /Game/Blueprints/ZoomCam/bp_ZoomCam.bp_ZoomCam_C:OutsideTick
	Function /Game/Blueprints/ZoomCam/bp_ZoomCam.bp_ZoomCam_C:ExecuteUbergraph_bp_ZoomCam

[2017.08.26-13.00.48:151][273]LogScriptCore:Warning: Script Msg: Divide by zero
Script call stack:
	Function /Game/Blueprints/ZoomCam/bp_ZoomCam.bp_ZoomCam_C:OutsideTick
	Function /Game/Blueprints/ZoomCam/bp_ZoomCam.bp_ZoomCam_C:ExecuteUbergraph_bp_ZoomCam

[2017.08.26-13.00.48:184][275]LogScriptCore:Warning: Script Msg: Divide by zero
Script call stack:
	Function /Game/Blueprints/ZoomCam/bp_ZoomCam.bp_ZoomCam_C:OutsideTick
	Function /Game/Blueprints/ZoomCam/bp_ZoomCam.bp_ZoomCam_C:ExecuteUbergraph_bp_ZoomCam

[2017.08.26-13.00.48:200][276]LogScriptCore:Warning: Script Msg: Divide by zero
Script call stack:
	Function /Game/Blueprints/ZoomCam/bp_ZoomCam.bp_ZoomCam_C:OutsideTick
	Function /Game/Blueprints/ZoomCam/bp_ZoomCam.bp_ZoomCam_C:ExecuteUbergraph_bp_ZoomCam

[2017.08.26-13.00.48:216][277]LogScriptCore:Warning: Script Msg: Divide by zero
Script call stack:
	Function /Game/Blueprints/ZoomCam/bp_ZoomCam.bp_ZoomCam_C:OutsideTick
	Function /Game/Blueprints/ZoomCam/bp_ZoomCam.bp_ZoomCam_C:ExecuteUbergraph_bp_ZoomCam

[2017.08.26-13.00.48:232][278]LogScriptCore:Warning: Script Msg: Divide by zero
Script call stack:
	Function /Game/Blueprints/ZoomCam/bp_ZoomCam.bp_ZoomCam_C:OutsideTick
	Function /Game/Blueprints/ZoomCam/bp_ZoomCam.bp_ZoomCam_C:ExecuteUbergraph_bp_ZoomCam

[2017.08.26-13.00.48:265][280]LogScriptCore:Warning: Script Msg: Divide by zero
Script call stack:
	Function /Game/Blueprints/ZoomCam/bp_ZoomCam.bp_ZoomCam_C:OutsideTick
	Function /Game/Blueprints/ZoomCam/bp_ZoomCam.bp_ZoomCam_C:ExecuteUbergraph_bp_ZoomCam

[2017.08.26-13.00.48:281][281]LogScriptCore:Warning: Script Msg: Divide by zero
Script call stack:
	Function /Game/Blueprints/ZoomCam/bp_ZoomCam.bp_ZoomCam_C:OutsideTick
	Function /Game/Blueprints/ZoomCam/bp_ZoomCam.bp_ZoomCam_C:ExecuteUbergraph_bp_ZoomCam

[2017.08.26-13.00.48:297][282]LogScriptCore:Warning: Script Msg: Divide by zero
Script call stack:
	Function /Game/Blueprints/ZoomCam/bp_ZoomCam.bp_ZoomCam_C:OutsideTick
	Function /Game/Blueprints/ZoomCam/bp_ZoomCam.bp_ZoomCam_C:ExecuteUbergraph_bp_ZoomCam

[2017.08.26-13.00.48:314][283]LogScriptCore:Warning: Script Msg: Divide by zero
Script call stack:
	Function /Game/Blueprints/ZoomCam/bp_ZoomCam.bp_ZoomCam_C:OutsideTick
	Function /Game/Blueprints/ZoomCam/bp_ZoomCam.bp_ZoomCam_C:ExecuteUbergraph_bp_ZoomCam

[2017.08.26-13.00.48:346][285]LogScriptCore:Warning: Script Msg: Divide by zero
Script call stack:
	Function /Game/Blueprints/ZoomCam/bp_ZoomCam.bp_ZoomCam_C:OutsideTick
	Function /Game/Blueprints/ZoomCam/bp_ZoomCam.bp_ZoomCam_C:ExecuteUbergraph_bp_ZoomCam

[2017.08.26-13.00.48:361][286]LogScriptCore:Warning: Script Msg: Divide by zero
Script call stack:
	Function /Game/Blueprints/ZoomCam/bp_ZoomCam.bp_ZoomCam_C:OutsideTick
	Function /Game/Blueprints/ZoomCam/bp_ZoomCam.bp_ZoomCam_C:ExecuteUbergraph_bp_ZoomCam

[2017.08.26-13.00.48:377][287]LogScriptCore:Warning: Script Msg: Divide by zero
Script call stack:
	Function /Game/Blueprints/ZoomCam/bp_ZoomCam.bp_ZoomCam_C:OutsideTick
	Function /Game/Blueprints/ZoomCam/bp_ZoomCam.bp_ZoomCam_C:ExecuteUbergraph_bp_ZoomCam

[2017.08.26-13.00.48:394][288]LogScriptCore:Warning: Script Msg: Divide by zero
Script call stack:
	Function /Game/Blueprints/ZoomCam/bp_ZoomCam.bp_ZoomCam_C:OutsideTick
	Function /Game/Blueprints/ZoomCam/bp_ZoomCam.bp_ZoomCam_C:ExecuteUbergraph_bp_ZoomCam

[2017.08.26-13.00.48:410][289]LogScriptCore:Warning: Script Msg: Divide by zero
Script call stack:
	Function /Game/Blueprints/ZoomCam/bp_ZoomCam.bp_ZoomCam_C:OutsideTick
	Function /Game/Blueprints/ZoomCam/bp_ZoomCam.bp_ZoomCam_C:ExecuteUbergraph_bp_ZoomCam

[2017.08.26-13.01.10:265][644]LogBlueprintUserMessages: [w_Options] BP_PawnPassenger
[2017.08.26-13.01.10:265][644]LogBlueprintUserMessages: [w_Options] BP_PawnPassenger1
[2017.08.26-13.01.10:265][644]LogBlueprintUserMessages: [w_Options] BP_PawnPassenger2
[2017.08.26-13.01.10:265][644]LogBlueprintUserMessages: [w_Options] BP_PawnPassenger3
[2017.08.26-13.01.10:265][644]LogBlueprintUserMessages: [w_Options] BP_PawnPassenger4
[2017.08.26-13.01.10:265][644]LogBlueprintUserMessages: [w_Options] BP_PawnPassenger5
[2017.08.26-13.01.23:040][436]Closing by request
[2017.08.26-13.01.23:040][436]LogWindows: FPlatformMisc::RequestExit(0)
[2017.08.26-13.01.23:838][437]LogWindowsTextInputMethodSystem:Display: IME system now deactivated.
[2017.08.26-13.01.23:844][437]LogExit: Preparing to exit.
[2017.08.26-13.01.23:844][437]LogMoviePlayer: Shutting down movie player
[2017.08.26-13.01.25:143][437]LogExit: Game engine shut down
[2017.08.26-13.01.25:210][437]LogObj: Freed 0b from 0 cluster array pools.
[2017.08.26-13.01.25:210][437]LogExit: Object subsystem successfully closed.
[2017.08.26-13.01.25:220][437]LogD3D11RHI: Shutdown
[2017.08.26-13.01.25:220][437]LogD3D11RHI: CleanupD3DDevice
[2017.08.26-13.01.25:276][437]LogD3D11RHI: ~FD3D11DynamicRHI
[2017.08.26-13.01.25:283][437]LogModuleManager: Shutting down and abandoning module SequenceRecorderSections (296)
[2017.08.26-13.01.25:283][437]LogModuleManager: Shutting down and abandoning module SequenceRecorder (294)
[2017.08.26-13.01.25:283][437]LogModuleManager: Shutting down and abandoning module AutomationController (292)
[2017.08.26-13.01.25:283][437]LogModuleManager: Shutting down and abandoning module AutomationWorker (290)
[2017.08.26-13.01.25:283][437]LogModuleManager: Shutting down and abandoning module AIModule (288)
[2017.08.26-13.01.25:283][437]LogModuleManager: Shutting down and abandoning module GameplayDebugger (287)
[2017.08.26-13.01.25:283][437]LogModuleManager: Shutting down and abandoning module AITestSuite (285)
[2017.08.26-13.01.25:283][437]LogModuleManager: Shutting down and abandoning module WmfMediaFactory (282)
[2017.08.26-13.01.25:283][437]LogModuleManager: Shutting down and abandoning module AvfMediaFactory (280)
[2017.08.26-13.01.25:283][437]LogModuleManager: Shutting down and abandoning module AndroidMediaFactory (278)
[2017.08.26-13.01.25:283][437]LogModuleManager: Shutting down and abandoning module Media (277)
[2017.08.26-13.01.25:283][437]LogModuleManager: Shutting down and abandoning module CharacterAI (274)
[2017.08.26-13.01.25:283][437]LogModuleManager: Shutting down and abandoning module SessionServices (272)
[2017.08.26-13.01.25:283][437]LogModuleManager: Shutting down and abandoning module MovieSceneCapture (270)
[2017.08.26-13.01.25:283][437]LogModuleManager: Shutting down and abandoning module MovieSceneTracks (268)
[2017.08.26-13.01.25:283][437]LogModuleManager: Shutting down and abandoning module MovieScene (266)
[2017.08.26-13.01.25:283][437]LogModuleManager: Shutting down and abandoning module GeometryCache (264)
[2017.08.26-13.01.25:283][437]LogModuleManager: Shutting down and abandoning module GeometryCacheEd (263)
[2017.08.26-13.01.25:283][437]LogModuleManager: Shutting down and abandoning module Niagara (260)
[2017.08.26-13.01.25:283][437]LogModuleManager: Shutting down and abandoning module NiagaraEditor (259)
[2017.08.26-13.01.25:283][437]LogModuleManager: Shutting down and abandoning module StreamingPauseRendering (256)
[2017.08.26-13.01.25:283][437]LogModuleManager: Shutting down and abandoning module PortalServices (254)
[2017.08.26-13.01.25:283][437]LogModuleManager: Shutting down and abandoning module PortalRpc (252)
[2017.08.26-13.01.25:283][437]LogModuleManager: Shutting down and abandoning module MessagingRpc (250)
[2017.08.26-13.01.25:283][437]LogModuleManager: Shutting down and abandoning module ProfilerService (248)
[2017.08.26-13.01.25:311][437]LogModuleManager: Shutting down and abandoning module TaskGraph (246)
[2017.08.26-13.01.25:311][437]LogModuleManager: Shutting down and abandoning module SteamVRController (244)
[2017.08.26-13.01.25:311][437]LogModuleManager: Shutting down and abandoning module SteamVR (242)
[2017.08.26-13.01.25:311][437]LogModuleManager: Shutting down and abandoning module ProceduralMeshComponent (240)
[2017.08.26-13.01.25:311][437]LogModuleManager: Shutting down and abandoning module OculusLibrary (238)
[2017.08.26-13.01.25:311][437]LogModuleManager: Shutting down and abandoning module OculusInput (236)
[2017.08.26-13.01.25:311][437]LogModuleManager: Shutting down and abandoning module MobilePatchingUtils (234)
[2017.08.26-13.01.25:311][437]LogModuleManager: Shutting down and abandoning module CustomMeshComponent (232)
[2017.08.26-13.01.25:311][437]LogModuleManager: Shutting down and abandoning module CableComponent (230)
[2017.08.26-13.01.25:311][437]LogModuleManager: Shutting down and abandoning module ArchVisCharacter (228)
[2017.08.26-13.01.25:311][437]LogModuleManager: Shutting down and abandoning module AndroidPermission (226)
[2017.08.26-13.01.25:311][437]LogModuleManager: Shutting down and abandoning module HTML5Networking (222)
[2017.08.26-13.01.25:311][437]LogModuleManager: Shutting down and abandoning module VisualStudioSourceCodeAccess (220)
[2017.08.26-13.01.25:311][437]LogModuleManager: Shutting down and abandoning module DesktopPlatform (219)
[2017.08.26-13.01.25:311][437]LogModuleManager: Shutting down and abandoning module HotReload (217)
[2017.08.26-13.01.25:311][437]LogModuleManager: Shutting down and abandoning module UObjectPlugin (214)
[2017.08.26-13.01.25:311][437]LogModuleManager: Shutting down and abandoning module SubversionSourceControl (212)
[2017.08.26-13.01.25:311][437]LogModuleManager: Shutting down and abandoning module PerforceSourceControl (210)
[2017.08.26-13.01.25:311][437]LogModuleManager: Shutting down and abandoning module SourceControl (209)
[2017.08.26-13.01.25:311][437]LogModuleManager: Shutting down and abandoning module PhysXVehiclesEditor (206)
[2017.08.26-13.01.25:311][437]LogModuleManager: Shutting down and abandoning module PhysXVehicles (204)
[2017.08.26-13.01.25:311][437]LogModuleManager: Shutting down and abandoning module LocationServicesBPLibrary (202)
[2017.08.26-13.01.25:311][437]LogModuleManager: Shutting down and abandoning module ImmediatePhysicsEditor (200)
[2017.08.26-13.01.25:311][437]LogModuleManager: Shutting down and abandoning module ImmediatePhysics (198)
[2017.08.26-13.01.25:311][437]LogModuleManager: Shutting down and abandoning module UdpMessaging (196)
[2017.08.26-13.01.25:412][437]LogModuleManager: Shutting down and abandoning module TcpMessaging (194)
[2017.08.26-13.01.25:969][437]LogModuleManager: Shutting down and abandoning module GameplayTagsEditor (192)
[2017.08.26-13.01.25:969][437]LogModuleManager: Shutting down and abandoning module FacialAnimation (190)
[2017.08.26-13.01.25:969][437]LogModuleManager: Shutting down and abandoning module AssetManagerEditor (188)
[2017.08.26-13.01.25:970][437]LogModuleManager: Shutting down and abandoning module GraphEditor (187)
[2017.08.26-13.01.25:970][437]LogModuleManager: Shutting down and abandoning module ContentBrowser (185)
[2017.08.26-13.01.25:970][437]LogModuleManager: Shutting down and abandoning module CollectionManager (184)
[2017.08.26-13.01.25:970][437]LogDirectoryWatcher: A directory notification for 'C:/Users/Magnus/Documents/GitHub/SR_Prototype_V2/SR_Prototype_V2/Content/Collections/' was aborted.
[2017.08.26-13.01.25:970][437]LogDirectoryWatcher: A directory notification for 'C:/Users/Magnus/Documents/GitHub/SR_Prototype_V2/SR_Prototype_V2/Content/Developers/Magnus/Collections/' was aborted.
[2017.08.26-13.01.25:970][437]LogDirectoryWatcher: A directory notification for 'C:/Users/Magnus/Documents/GitHub/SR_Prototype_V2/SR_Prototype_V2/Saved/Collections/' was aborted.
[2017.08.26-13.01.25:970][437]LogModuleManager: Shutting down and abandoning module DirectoryWatcher (183)
[2017.08.26-13.01.25:970][437]LogModuleManager: Shutting down and abandoning module LightPropagationVolumeRuntime (178)
[2017.08.26-13.01.25:970][437]LogModuleManager: Shutting down and abandoning module Paper2D (176)
[2017.08.26-13.01.25:970][437]LogModuleManager: Shutting down and abandoning module WindowsMoviePlayer (174)
[2017.08.26-13.01.25:970][437]LogModuleManager: Shutting down and abandoning module WmfMedia (172)
[2017.08.26-13.01.25:970][437]LogModuleManager: Shutting down and abandoning module ClothingSystemEditor (170)
[2017.08.26-13.01.25:970][437]LogModuleManager: Shutting down and abandoning module ClothingSystemRuntime (168)
[2017.08.26-13.01.25:970][437]LogModuleManager: Shutting down and abandoning module MediaAssets (166)
[2017.08.26-13.01.25:970][437]LogModuleManager: Shutting down and abandoning module GameLiveStreaming (164)
[2017.08.26-13.01.25:970][437]LogModuleManager: Shutting down and abandoning module VREditor (162)
[2017.08.26-13.01.25:970][437]LogModuleManager: Shutting down and abandoning module StringTableEditor (160)
[2017.08.26-13.01.25:970][437]LogModuleManager: Shutting down and abandoning module GameplayTasksEditor (158)
[2017.08.26-13.01.25:970][437]LogModuleManager: Shutting down and abandoning module BehaviorTreeEditor (156)
[2017.08.26-13.01.25:970][437]LogModuleManager: Shutting down and abandoning module FunctionalTesting (154)
[2017.08.26-13.01.25:970][437]LogModuleManager: Shutting down and abandoning module CollisionAnalyzer (152)
[2017.08.26-13.01.25:970][437]LogModuleManager: Shutting down and abandoning module UMG (150)
[2017.08.26-13.01.25:970][437]LogModuleManager: Shutting down and abandoning module UMGEditor (149)
[2017.08.26-13.01.25:970][437]LogModuleManager: Shutting down and abandoning module Sequencer (148)
[2017.08.26-13.01.25:970][437]LogModuleManager: Shutting down and abandoning module AssetTools (146)
[2017.08.26-13.01.25:970][437]LogModuleManager: Shutting down and abandoning module MessageLog (145)
[2017.08.26-13.01.25:970][437]LogModuleManager: Shutting down and abandoning module WorkspaceMenuStructure (144)
[2017.08.26-13.01.25:970][437]LogModuleManager: Shutting down and abandoning module SlateReflector (138)
[2017.08.26-13.01.25:970][437]LogModuleManager: Shutting down and abandoning module Slate (136)
[2017.08.26-13.01.25:970][437]LogModuleManager: Shutting down and abandoning module EditorStyle (134)
[2017.08.26-13.01.25:972][437]LogModuleManager: Shutting down and abandoning module Messaging (132)
[2017.08.26-13.01.25:972][437]LogModuleManager: Shutting down and abandoning module SourceCodeAccess (130)
[2017.08.26-13.01.25:972][437]LogModuleManager: Shutting down and abandoning module HeadMountedDisplay (128)
[2017.08.26-13.01.25:972][437]LogModuleManager: Shutting down and abandoning module XAudio2 (126)
[2017.08.26-13.01.25:972][437]LogModuleManager: Shutting down and abandoning module Networking (124)
[2017.08.26-13.01.25:972][437]LogModuleManager: Shutting down and abandoning module Core (120)
[2017.08.26-13.01.25:972][437]LogModuleManager: Shutting down and abandoning module KismetCompiler (118)
[2017.08.26-13.01.25:972][437]LogModuleManager: Shutting down and abandoning module LevelSequence (116)
[2017.08.26-13.01.25:972][437]LogModuleManager: Shutting down and abandoning module PhysXFormats (114)
[2017.08.26-13.01.25:972][437]LogModuleManager: Shutting down and abandoning module MeshUtilities (112)
[2017.08.26-13.01.25:972][437]LogModuleManager: Shutting down and abandoning module SimplygonSwarm (111)
[2017.08.26-13.01.25:972][437]LogModuleManager: Shutting down and abandoning module SimplygonMeshReduction (109)
[2017.08.26-13.01.25:972][437]LogModuleManager: Shutting down and abandoning module QuadricMeshReduction (107)
[2017.08.26-13.01.25:972][437]LogModuleManager: Shutting down and abandoning module AssetRegistry (104)
[2017.08.26-13.01.25:972][437]LogModuleManager: Shutting down and abandoning module DerivedDataCache (102)
[2017.08.26-13.01.26:347][437]LogDerivedDataCache: Shutdown
[2017.08.26-13.01.26:347][437]LogModuleManager: Shutting down and abandoning module TargetPlatform (100)
[2017.08.26-13.01.26:347][437]LogModuleManager: Shutting down and abandoning module VulkanShaderFormat (99)
[2017.08.26-13.01.26:347][437]LogModuleManager: Shutting down and abandoning module ShaderFormatVectorVM (97)
[2017.08.26-13.01.26:347][437]LogModuleManager: Shutting down and abandoning module ShaderFormatOpenGL (95)
[2017.08.26-13.01.26:347][437]LogModuleManager: Shutting down and abandoning module ShaderFormatD3D (93)
[2017.08.26-13.01.26:347][437]LogModuleManager: Shutting down and abandoning module MetalShaderFormat (91)
[2017.08.26-13.01.26:347][437]LogModuleManager: Shutting down and abandoning module TextureFormatUncompressed (89)
[2017.08.26-13.01.26:347][437]LogModuleManager: Shutting down and abandoning module TextureFormatPVR (87)
[2017.08.26-13.01.26:347][437]LogModuleManager: Shutting down and abandoning module TextureFormatDXT (85)
[2017.08.26-13.01.26:347][437]LogModuleManager: Shutting down and abandoning module TextureFormatIntelISPCTexComp (83)
[2017.08.26-13.01.26:347][437]LogModuleManager: Shutting down and abandoning module TextureFormatASTC (81)
[2017.08.26-13.01.26:347][437]LogModuleManager: Shutting down and abandoning module ImageWrapper (80)
[2017.08.26-13.01.26:347][437]LogModuleManager: Shutting down and abandoning module TextureFormatAndroid (77)
[2017.08.26-13.01.26:347][437]LogModuleManager: Shutting down and abandoning module AudioFormatOpus (75)
[2017.08.26-13.01.26:347][437]LogModuleManager: Shutting down and abandoning module AudioFormatOgg (73)
[2017.08.26-13.01.26:347][437]LogModuleManager: Shutting down and abandoning module AudioFormatADPCM (71)
[2017.08.26-13.01.26:347][437]LogModuleManager: Shutting down and abandoning module WindowsTargetPlatform (69)
[2017.08.26-13.01.26:347][437]LogModuleManager: Shutting down and abandoning module WindowsServerTargetPlatform (67)
[2017.08.26-13.01.26:347][437]LogModuleManager: Shutting down and abandoning module WindowsNoEditorTargetPlatform (65)
[2017.08.26-13.01.26:347][437]LogModuleManager: Shutting down and abandoning module WindowsClientTargetPlatform (63)
[2017.08.26-13.01.26:347][437]LogModuleManager: Shutting down and abandoning module InputCore (60)
[2017.08.26-13.01.26:347][437]LogModuleManager: Shutting down and abandoning module Settings (58)
[2017.08.26-13.01.26:347][437]LogModuleManager: Shutting down and abandoning module OculusRift (56)
[2017.08.26-13.01.26:347][437]LogModuleManager: Shutting down and abandoning module GearVRController (54)
[2017.08.26-13.01.26:347][437]LogModuleManager: Shutting down and abandoning module GearVR (52)
[2017.08.26-13.01.26:347][437]LogModuleManager: Shutting down and abandoning module ExampleDeviceProfileSelector (50)
[2017.08.26-13.01.26:347][437]LogModuleManager: Shutting down and abandoning module OnlineBlueprintSupport (48)
[2017.08.26-13.01.26:347][437]LogModuleManager: Shutting down and abandoning module OnlineSubsystem (44)
[2017.08.26-13.01.26:347][437]LogOnline:Display: Unloading online subsystem: NULL
[2017.08.26-13.01.26:348][437]LogModuleManager: Shutting down and abandoning module XMPP (43)
[2017.08.26-13.01.26:348][437]LogModuleManager: Shutting down and abandoning module HTTP (41)
[2017.08.26-13.01.26:367][437]LogModuleManager: Shutting down and abandoning module SSL (40)
[2017.08.26-13.01.26:368][437]LogModuleManager: Shutting down and abandoning module HTTPChunkInstaller (36)
[2017.08.26-13.01.26:368][437]LogModuleManager: Shutting down and abandoning module AnimationModifiers (34)
[2017.08.26-13.01.26:368][437]LogModuleManager: Shutting down and abandoning module PropertyEditor (33)
[2017.08.26-13.01.26:368][437]LogModuleManager: Shutting down and abandoning module AudioEditor (30)
[2017.08.26-13.01.26:368][437]LogModuleManager: Shutting down and abandoning module TextureCompressor (28)
[2017.08.26-13.01.26:368][437]LogModuleManager: Shutting down and abandoning module ShaderCore (26)
[2017.08.26-13.01.26:368][437]LogModuleManager: Shutting down and abandoning module Landscape (24)
[2017.08.26-13.01.26:368][437]LogModuleManager: Shutting down and abandoning module SlateRHIRenderer (22)
[2017.08.26-13.01.26:368][437]LogModuleManager: Shutting down and abandoning module OpenGLDrv (20)
[2017.08.26-13.01.26:368][437]LogModuleManager: Shutting down and abandoning module D3D11RHI (18)
[2017.08.26-13.01.26:368][437]LogModuleManager: Shutting down and abandoning module AnimGraphRuntime (16)
[2017.08.26-13.01.26:368][437]LogModuleManager: Shutting down and abandoning module Renderer (14)
[2017.08.26-13.01.26:368][437]LogModuleManager: Shutting down and abandoning module Engine (12)
[2017.08.26-13.01.26:368][437]LogModuleManager: Shutting down and abandoning module CoreUObject (10)
[2017.08.26-13.01.26:368][437]LogModuleManager: Shutting down and abandoning module NetworkFile (8)
[2017.08.26-13.01.26:368][437]LogModuleManager: Shutting down and abandoning module StreamingFile (6)
[2017.08.26-13.01.26:368][437]LogModuleManager: Shutting down and abandoning module SandboxFile (4)
[2017.08.26-13.01.26:368][437]LogModuleManager: Shutting down and abandoning module PakFile (2)
[2017.08.26-13.01.26:369][437]LogExit: Exiting.
[2017.08.26-13.01.26:370][437]Log file closed, 08/26/17 15:01:26
