Log file open, 08/24/17 13:43:01
LogInit:Display: Running engine for game: SR_Prototype_V2
LogPlatformFile: Not using cached read wrapper
LogInit:Display: RandInit(-206864955) SRandInit(-206864955).
LogTaskGraph: Started task graph with 5 named threads and 8 total threads with 1 sets of task threads.
LogStats: Stats thread started at 0.081298
LogInit: Using libcurl 7.47.1
LogInit:  - built for x86_64-pc-win32
LogInit:  - supports SSL with OpenSSL/1.0.2g
LogInit:  - supports HTTP deflate (compression) using libz 1.2.8
LogInit:  - other features:
LogInit:      CURL_VERSION_SSL
LogInit:      CURL_VERSION_LIBZ
LogInit:      CURL_VERSION_IPV6
LogInit:      CURL_VERSION_ASYNCHDNS
LogInit:      CURL_VERSION_LARGEFILE
LogInit:      CURL_VERSION_IDN
LogInit:  CurlRequestOptions (configurable via config and command line):
LogInit:  - bVerifyPeer = false  - Libcurl will NOT verify peer certificate
LogInit:  - bUseHttpProxy = false  - Libcurl will NOT use HTTP proxy
LogInit:  - bDontReuseConnections = false  - Libcurl will reuse connections
LogInit:  - CertBundlePath = nullptr  - Libcurl will use whatever was configured at build time.
LogInit: Build: ++UE4+Release-4.16-CL-3561208
LogInit: Engine Version: 4.16.3-3561208+++UE4+Release-4.16
LogInit: Compatible Engine Version: 4.16.0-3452394+++UE4+Release-4.16
LogInit: Net CL: 3452394
LogDevObjectVersion: Number of dev versions registered: 16
LogDevObjectVersion:   Dev-Blueprints (B0D832E4-1F89-4F0D-ACCF-7EB736FD4AA2): 9
LogDevObjectVersion:   Dev-Build (E1C64328-A22C-4D53-A36C-8E866417BD8C): 0
LogDevObjectVersion:   Dev-Core (375EC13C-06E4-48FB-B500-84F0262A717E): 2
LogDevObjectVersion:   Dev-Editor (E4B068ED-F494-42E9-A231-DA0B2E46BB41): 17
LogDevObjectVersion:   Dev-Framework (CFFC743F-43B0-4480-9391-14DF171D2073): 23
LogDevObjectVersion:   Dev-Mobile (B02B49B5-BB20-44E9-A304-32B752E40360): 0
LogDevObjectVersion:   Dev-Networking (A4E4105C-59A1-49B5-A7C5-40C4547EDFEE): 0
LogDevObjectVersion:   Dev-Online (39C831C9-5AE6-47DC-9A44-9C173E1C8E7C): 0
LogDevObjectVersion:   Dev-Physics (78F01B33-EBEA-4F98-B9B4-84EACCB95AA2): 0
LogDevObjectVersion:   Dev-Platform (6631380F-2D4D-43E0-8009-CF276956A95A): 0
LogDevObjectVersion:   Dev-Rendering (12F88B9F-8875-4AFC-A67C-D90C383ABD29): 15
LogDevObjectVersion:   Dev-Sequencer (7B5AE74C-D270-4C10-A958-57980B212A5A): 4
LogDevObjectVersion:   Dev-VR (D7296918-1DD6-4BDD-9DE2-64A83CC13884): 0
LogDevObjectVersion:   Dev-LoadTimes (C2A15278-BFE7-4AFE-6C17-90FF531DF755): 1
LogDevObjectVersion:   Private-Geometry (6EACA3D4-40EC-4CC1-B786-8BED09428FC5): 1
LogDevObjectVersion:   Dev-AnimPhys (29E575DD-E0A3-4627-9D10-D276232CDCEA): 3
LogInit: Compiled (64-bit): Jul 28 2017 11:49:47
LogInit: Compiled with Visual C++: 19.00.24215.01
LogInit: Build Configuration: Development
LogInit: Branch Name: ++UE4+Release-4.16
LogInit: Command line:  
LogInit: Base directory: D:/UE_4.16/Engine/Binaries/Win64/
LogInit: Installed Engine Build: 1
LogInit: Presizing for max 8388607 objects, including 0 objects not considered by GC, pre-allocating 0 bytes for permanent pool.
LogInit: Object subsystem initialized
[2017.08.24-11.43.01:864][  0]LogInit: Selected Device Profile: [Windows]
[2017.08.24-11.43.01:864][  0]LogInit: Applying CVar settings loaded from the selected device profile: [Windows]
[2017.08.24-11.43.01:873][  0]LogInit: Computer: MAGNUS-PC
[2017.08.24-11.43.01:873][  0]LogInit: User: Magnus
[2017.08.24-11.43.01:873][  0]LogInit: CPU Page size=4096, Cores=4
[2017.08.24-11.43.01:873][  0]LogInit: High frequency timer resolution =3.117187 MHz
[2017.08.24-11.43.01:874][  0]LogMemory: Memory total: Physical=16.0GB (16GB approx)
[2017.08.24-11.43.01:874][  0]LogMemory: Platform Memory Stats for Windows
[2017.08.24-11.43.01:874][  0]LogMemory: Process Physical Memory: 272.70 MB used, 272.70 MB peak
[2017.08.24-11.43.01:874][  0]LogMemory: Process Virtual Memory: 258.66 MB used, 258.66 MB peak
[2017.08.24-11.43.01:874][  0]LogMemory: Physical Memory: 8064.10 MB used,  8272.74 MB free, 16336.84 MB total
[2017.08.24-11.43.01:874][  0]LogMemory: Virtual Memory: 635.56 MB used,  8272.74 MB free, 134217728.00 MB total
[2017.08.24-11.43.01:920][  0]LogInit: Using OS detected language (nb-NO).
[2017.08.24-11.43.01:921][  0]LogInit: Using OS detected locale (nb-NO).
[2017.08.24-11.43.01:923][  0]LogTextLocalizationManager: No localization for 'nb-NO' exists, so 'en' will be used for the language.
[2017.08.24-11.43.01:923][  0]LogTextLocalizationManager: No localization for 'nb-NO' exists, so 'en' will be used for the locale.
[2017.08.24-11.43.02:773][  0]LogD3D11RHI: D3D11 adapters:
[2017.08.24-11.43.03:342][  0]LogD3D11RHI:    0. 'NVIDIA GeForce GTX 1070' (Feature Level 11_0)
[2017.08.24-11.43.03:342][  0]LogD3D11RHI:       8119/0/8168 MB DedicatedVideo/DedicatedSystem/SharedSystem, Outputs:3, VendorId:0x10de
[2017.08.24-11.43.03:344][  0]LogD3D11RHI:    1. 'Microsoft Basic Render Driver' (Feature Level 11_0)
[2017.08.24-11.43.03:344][  0]LogD3D11RHI:       0/0/8168 MB DedicatedVideo/DedicatedSystem/SharedSystem, Outputs:0, VendorId:0x1414
[2017.08.24-11.43.03:344][  0]LogD3D11RHI: Chosen D3D11 Adapter: 0
[2017.08.24-11.43.03:350][  0]LogD3D11RHI: Creating new Direct3DDevice
[2017.08.24-11.43.03:350][  0]LogD3D11RHI:     GPU DeviceId: 0x1b81 (for the marketing name, search the web for "GPU Device Id")
[2017.08.24-11.43.03:350][  0]LogWindows: EnumDisplayDevices:
[2017.08.24-11.43.03:350][  0]LogWindows:    0. 'NVIDIA GeForce GTX 1070' (P:1 D:1)
[2017.08.24-11.43.03:350][  0]LogWindows:    1. 'NVIDIA GeForce GTX 1070' (P:0 D:1)
[2017.08.24-11.43.03:350][  0]LogWindows:    2. 'NVIDIA GeForce GTX 1070' (P:0 D:1)
[2017.08.24-11.43.03:350][  0]LogWindows:    3. 'NVIDIA GeForce GTX 1070' (P:0 D:0)
[2017.08.24-11.43.03:350][  0]LogWindows: DebugString: FoundDriverCount:4 
[2017.08.24-11.43.03:350][  0]LogD3D11RHI:     Adapter Name: NVIDIA GeForce GTX 1070
[2017.08.24-11.43.03:350][  0]LogD3D11RHI:   Driver Version: 382.05 (internal:22.21.13.8205, unified:382.05)
[2017.08.24-11.43.03:350][  0]LogD3D11RHI:      Driver Date: 5-1-2017
[2017.08.24-11.43.03:350][  0]LogRHI: Texture pool is 1361 MB (70% of 1945 MB)
[2017.08.24-11.43.03:908][  0]LogD3D11RHI: Async texture creation enabled
[2017.08.24-11.43.04:024][  0]LogD3D11RHI: GPU Timing Frequency: 1000.000000 (Debug: 2 1)
[2017.08.24-11.43.04:069][  0]LogShaderCompilers: Guid format shader working directory is -18 characters bigger than the processId version (C:/Users/Magnus/Documents/GitHub/SR_Prototype_V2/SR_Prototype_V2/Intermediate/Shaders/WorkingDirectory/10572/).
[2017.08.24-11.43.04:069][  0]LogShaderCompilers: Cleaned the shader compiler working directory 'C:/Users/Magnus/AppData/Local/Temp/UnrealShaderWorkingDir/C7277E8645787D10CBF63EB8B9D5BB49/'.
[2017.08.24-11.43.04:069][  0]LogShaderCompilers:Display: Using Local Shader Compiler.
[2017.08.24-11.43.04:934][  0]LogTemp:Display: Loaded TP AllDesktopTargetPlatform
[2017.08.24-11.43.04:968][  0]LogTemp:Display: Loaded TP MacClientTargetPlatform
[2017.08.24-11.43.05:002][  0]LogTemp:Display: Loaded TP MacNoEditorTargetPlatform
[2017.08.24-11.43.05:038][  0]LogTemp:Display: Loaded TP MacServerTargetPlatform
[2017.08.24-11.43.05:073][  0]LogTemp:Display: Loaded TP MacTargetPlatform
[2017.08.24-11.43.05:106][  0]LogTemp:Display: Loaded TP WindowsClientTargetPlatform
[2017.08.24-11.43.05:139][  0]LogTemp:Display: Loaded TP WindowsNoEditorTargetPlatform
[2017.08.24-11.43.05:172][  0]LogTemp:Display: Loaded TP WindowsServerTargetPlatform
[2017.08.24-11.43.05:200][  0]LogTemp:Display: Loaded TP WindowsTargetPlatform
[2017.08.24-11.43.05:234][  0]LogTemp:Display: Loaded TP AndroidTargetPlatform
[2017.08.24-11.43.05:267][  0]LogTemp:Display: Loaded TP Android_ASTCTargetPlatform
[2017.08.24-11.43.05:300][  0]LogTemp:Display: Loaded TP Android_ATCTargetPlatform
[2017.08.24-11.43.05:334][  0]LogTemp:Display: Loaded TP Android_DXTTargetPlatform
[2017.08.24-11.43.05:366][  0]LogTemp:Display: Loaded TP Android_ETC1TargetPlatform
[2017.08.24-11.43.05:401][  0]LogTemp:Display: Loaded TP Android_ETC2TargetPlatform
[2017.08.24-11.43.05:467][  0]LogTemp:Display: Loaded TP Android_MultiTargetPlatform
[2017.08.24-11.43.05:467][  0]LogTemp:Display: Loaded TP Android_PVRTCTargetPlatform
[2017.08.24-11.43.05:491][  0]LogTemp:Display: Loaded TP HTML5TargetPlatform
[2017.08.24-11.43.05:560][  0]LogTemp:Display: Loaded TP IOSTargetPlatform
[2017.08.24-11.43.05:581][  0]LogTemp:Display: Loaded TP TVOSTargetPlatform
[2017.08.24-11.43.05:614][  0]LogTemp:Display: Loaded TP LinuxClientTargetPlatform
[2017.08.24-11.43.05:649][  0]LogTemp:Display: Loaded TP LinuxNoEditorTargetPlatform
[2017.08.24-11.43.05:682][  0]LogTemp:Display: Loaded TP LinuxServerTargetPlatform
[2017.08.24-11.43.05:716][  0]LogTemp:Display: Loaded TP LinuxTargetPlatform
[2017.08.24-11.43.05:716][  0]LogTargetPlatformManager:Display: Building Assets For Windows
[2017.08.24-11.43.06:017][  0]LogDerivedDataCache:Display: Max Cache Size: 512 MB
[2017.08.24-11.43.06:117][  0]LogDerivedDataCache: Loaded boot cache 0.10s 111MB C:/Users/Magnus/AppData/Local/UnrealEngine/4.16/DerivedDataCache/Boot.ddc.
[2017.08.24-11.43.06:117][  0]LogDerivedDataCache:Display: Loaded Boot cache: C:/Users/Magnus/AppData/Local/UnrealEngine/4.16/DerivedDataCache/Boot.ddc
[2017.08.24-11.43.06:117][  0]LogDerivedDataCache: FDerivedDataBackendGraph:  Pak pak cache file C:/Users/Magnus/Documents/GitHub/SR_Prototype_V2/SR_Prototype_V2/DerivedDataCache/DDC.ddp not found, will not use a pak cache.
[2017.08.24-11.43.06:117][  0]LogDerivedDataCache: Unable to find inner node Pak for hierarchical cache Hierarchy.
[2017.08.24-11.43.06:117][  0]LogDerivedDataCache: FDerivedDataBackendGraph:  CompressedPak pak cache file C:/Users/Magnus/Documents/GitHub/SR_Prototype_V2/SR_Prototype_V2/DerivedDataCache/Compressed.ddp not found, will not use a pak cache.
[2017.08.24-11.43.06:117][  0]LogDerivedDataCache: Unable to find inner node CompressedPak for hierarchical cache Hierarchy.
[2017.08.24-11.43.06:131][  0]LogDerivedDataCache:Display: Pak cache opened for reading ../../../Engine/DerivedDataCache/Compressed.ddp.
[2017.08.24-11.43.06:143][  0]LogDerivedDataCache: Using Local data cache path C:/Users/Magnus/AppData/Local/UnrealEngine/Common/DerivedDataCache: Writable
[2017.08.24-11.43.06:151][  0]LogMaterial: Verifying Global Shaders for PCD3D_SM5
[2017.08.24-11.43.06:152][  0]LogSlate: Using Freetype 2.6.0
[2017.08.24-11.43.06:152][  0]LogSlate: SlateFontCache - WITH_FREETYPE: 1, WITH_HARFBUZZ: 1
[2017.08.24-11.43.06:152][  0]LogSlate: SlateFontCache - WITH_FREETYPE: 1, WITH_HARFBUZZ: 1
[2017.08.24-11.43.06:426][  0]LogInit: Selected Device Profile: [Windows]
[2017.08.24-11.43.06:616][  0]LogMeshUtilities: Using QuadricMeshReduction for automatic static mesh reduction
[2017.08.24-11.43.06:643][  0]LogSimplygon: Simplygon DLL not present - disabling.
[2017.08.24-11.43.06:672][  0]LogMeshUtilities: Using SimplygonSwarm for distributed automatic mesh merging
[2017.08.24-11.43.06:672][  0]LogMeshUtilities: No automatic skeletal mesh reduction module available
[2017.08.24-11.43.06:672][  0]LogMeshUtilities: No automatic mesh merging module available
[2017.08.24-11.43.07:162][  0]LogNetVersion: SR_Prototype_V2 , NetCL: 3452394, EngineNetVer: 2, GameNetVer: 0 (Checksum: 2634772556)
[2017.08.24-11.43.07:216][  0]LogAssetRegistry: FAssetRegistry took 0.0251 seconds to start up
[2017.08.24-11.43.07:245][  0]LogPackageLocalizationCache: Processed 4 localized package path(s) for 1 prioritized culture(s) in 0.014825 seconds
[2017.08.24-11.43.07:250][  0]LogUObjectArray: 34194 objects as part of root set at end of initial load.
[2017.08.24-11.43.07:250][  0]LogUObjectAllocator: 7260416 out of 0 bytes used by permanent object pool.
[2017.08.24-11.43.07:250][  0]LogUObjectArray: CloseDisregardForGC: 0/0 objects in disregard for GC pool
[2017.08.24-11.43.07:297][  0]LogInit: WinSock: version 1.1 (2.2), MaxSocks=32767, MaxUdp=65467
[2017.08.24-11.43.09:067][  0]LogTcpMessaging: Initializing TcpMessaging bridge
[2017.08.24-11.43.09:095][  0]LogUdpMessaging: Initializing bridge on interface 0.0.0.0:0 to multicast group 230.0.0.1:6666.
[2017.08.24-11.43.09:464][  0]LogMaterial: Uniform references updated for custom material expression Custom.
[2017.08.24-11.43.09:757][  0]SourceControl: Info Source control is disabled
[2017.08.24-11.43.09:787][  0]SourceControl: Info Source control is disabled
[2017.08.24-11.43.09:818][  0]SourceControl: Info Source control is disabled
[2017.08.24-11.43.09:848][  0]SourceControl: Info Source control is disabled
[2017.08.24-11.43.10:269][  0]LogAndroidPermission: UAndroidPermissionCallbackProxy::GetInstance
[2017.08.24-11.43.10:693][  0]LogEngine: Initializing Engine...
[2017.08.24-11.43.10:694][  0]LogHMD: Failed to initialize OpenVR with code 110
[2017.08.24-11.43.10:911][  0]LogStats: UGameplayTagsManager::ConstructGameplayTagTree: Construct from data asset -  0.000 s
[2017.08.24-11.43.10:911][  0]LogStats: UGameplayTagsManager::ConstructGameplayTagTree: GameplayTagTreeChangedEvent.Broadcast -  0.000 s
[2017.08.24-11.43.11:009][  0]LogAIModule: Creating AISystem for world Untitled
[2017.08.24-11.43.11:019][  0]LogInit: XAudio2 using 'Øretelefon (HyperX 7.1 Audio)' : 2 channels at 44.1 kHz using 16 bits per sample (channel mask 0x3)
[2017.08.24-11.43.11:030][  0]LogInit: FAudioDevice initialized.
[2017.08.24-11.43.11:078][  0]LogDerivedDataCache: Saved boot cache 0.05s 111MB C:/Users/Magnus/AppData/Local/UnrealEngine/4.16/DerivedDataCache/Boot.ddc.
[2017.08.24-11.43.11:091][  0]LogInit: Texture streaming: Disabled
[2017.08.24-11.43.11:148][  0]LogEngineSessionManager: EngineSessionManager initialized
[2017.08.24-11.43.11:284][  0]LogInit: Transaction tracking system initialized
[2017.08.24-11.43.11:495][  0]BlueprintLog: New page: Editor Load
[2017.08.24-11.43.12:135][  0]LocalizationService: Info Localization service is disabled
[2017.08.24-11.43.12:791][  0]LogConsoleResponse:Display: 
[2017.08.24-11.43.12:929][  0]LogCook:Display: Max memory allowance for cook 16384mb min free memory 0mb
[2017.08.24-11.43.12:929][  0]LogCook:Display: Mobile HDR setting 1
[2017.08.24-11.43.13:626][  0]LogFileCache: Scanning file cache for directory 'C:/Users/Magnus/Documents/GitHub/SR_Prototype_V2/SR_Prototype_V2/Content/' took 0.01s
[2017.08.24-11.43.13:626][  0]SourceControl: Info Source control is disabled
[2017.08.24-11.43.13:626][  0]Cmd: MAP LOAD FILE="C:/Users/Magnus/Documents/GitHub/SR_Prototype_V2/SR_Prototype_V2/Content/Scenes/ScanReach_Map.umap" TEMPLATE=0 SHOWPROGRESS=1 FEATURELEVEL=3
[2017.08.24-11.43.13:627][  0]LightingResults: New page: Lighting Build
[2017.08.24-11.43.13:654][  0]MapCheck: New page: Map Check
[2017.08.24-11.43.13:654][  0]LightingResults: New page: Lighting Build
[2017.08.24-11.43.14:850][  0]LogAIModule: Creating AISystem for world ScanReach_Map
[2017.08.24-11.43.14:875][  0]LogEditorServer: Finished looking for orphan Actors (0.000 secs)
[2017.08.24-11.43.14:901][  0]Cmd: MAP CHECKDEP NOCLEARLOG
[2017.08.24-11.43.14:938][  0]MapCheck: Info Map check complete: 0 Error(s), 0 Warning(s), took 37.029ms to complete.
[2017.08.24-11.43.14:938][  0]LogFileHelpers: Loading map 'ScanReach_Map' took 1.312
[2017.08.24-11.43.15:127][  0]LogCollectionManager: Loaded 0 collections in 0.000840 seconds
[2017.08.24-11.43.15:213][  0]LogFileCache: Scanning file cache for directory 'C:/Users/Magnus/Documents/GitHub/SR_Prototype_V2/SR_Prototype_V2/Saved/Collections/' took 0.01s
[2017.08.24-11.43.15:214][  0]LogFileCache: Scanning file cache for directory 'C:/Users/Magnus/Documents/GitHub/SR_Prototype_V2/SR_Prototype_V2/Content/Developers/Magnus/Collections/' took 0.01s
[2017.08.24-11.43.15:214][  0]LogFileCache: Scanning file cache for directory 'C:/Users/Magnus/Documents/GitHub/SR_Prototype_V2/SR_Prototype_V2/Content/Collections/' took 0.01s
[2017.08.24-11.43.15:214][  0]LogCollectionManager: Rebuilt the GUID cache for 0 collections in 0.000001 seconds
[2017.08.24-11.43.15:223][  0]LogContentBrowser: Native class hierarchy populated in 0.0093 seconds. Added 2329 classes and 491 folders.
[2017.08.24-11.43.15:271][  0]LogContentBrowser: Native class hierarchy updated for 'WidgetCarousel' in 0.0006 seconds. Added 0 classes and 0 folders.
[2017.08.24-11.43.15:301][  0]LogContentBrowser: Native class hierarchy updated for 'AddContentDialog' in 0.0005 seconds. Added 0 classes and 0 folders.
[2017.08.24-11.43.15:332][  0]LogContentBrowser: Native class hierarchy updated for 'SceneOutliner' in 0.0016 seconds. Added 1 classes and 2 folders.
[2017.08.24-11.43.15:413][  0]LogCrashTracker: Crashtracker disabled due to settings.
[2017.08.24-11.43.15:418][  0]LogSlate: Took 0.000251 seconds to synchronously load lazily loaded font '../../../Engine/Content/Slate/Fonts/Roboto-Regular.ttf' (155K)
[2017.08.24-11.43.15:421][  0]LogSlate: Took 0.000162 seconds to synchronously load lazily loaded font '../../../Engine/Content/Slate/Fonts/Roboto-Bold.ttf' (160K)
[2017.08.24-11.43.15:426][  0]LogSlate: Took 0.000182 seconds to synchronously load lazily loaded font '../../../Engine/Content/Editor/Slate/Fonts/FontAwesome.ttf' (139K)
[2017.08.24-11.43.15:505][  0]LogRenderer: Reallocating scene render targets to support 1920x1080 NumSamples 1 (Frame:1).
[2017.08.24-11.43.15:617][  0]LogUObjectGlobals:Warning: Failed to find object 'Class None.'
[2017.08.24-11.43.15:667][  0]LogContentBrowser: Native class hierarchy updated for 'HierarchicalLODOutliner' in 0.0011 seconds. Added 1 classes and 2 folders.
[2017.08.24-11.43.15:667][  0]LogLoad: (Engine Initialization) Total time: 15.00 seconds
[2017.08.24-11.43.15:667][  0]LogLoad: (Engine Initialization) Total Blueprint compile time: 0.44 seconds
[2017.08.24-11.43.15:667][  0]LogExternalProfiler: Found external profiler: VSPerf
[2017.08.24-11.43.15:667][  0]LogExternalProfiler: Using external profiler: VSPerf
[2017.08.24-11.43.16:007][  0]LogOcInput: OculusInput pre-init called
[2017.08.24-11.43.16:007][  0]LogHMD: Starting GearVRController plugin
[2017.08.24-11.43.16:026][  0]LogAssetRegistry: Asset discovery search completed in 8.8308 seconds
[2017.08.24-11.43.16:027][  0]LogCollectionManager: Rebuilt the object cache for 0 collections in 0.000000 seconds (found 0 objects)
[2017.08.24-11.43.16:027][  0]LogCollectionManager: Fixed up redirectors for 0 collections in 0.000022 seconds (updated 0 objects)
[2017.08.24-11.43.16:080][  0]LogSlate: Took 0.000129 seconds to synchronously load lazily loaded font '../../../Engine/Content/Slate/Fonts/Roboto-Light.ttf' (159K)
[2017.08.24-11.53.36:875][246]LogSlate: Took 0.000149 seconds to synchronously load lazily loaded font '../../../Engine/Content/Slate/Fonts/Roboto-Light.ttf' (159K)
[2017.08.24-11.53.37:027][246]LogSavePackage: Save=11.04ms
[2017.08.24-11.53.37:027][246]LogSavePackage: Moving 'C:/Users/Magnus/Documents/GitHub/SR_Prototype_V2/SR_Prototype_V2/Saved/T_Overview_NameBackground9AC535BD4B7229762F932BAFABDDDF75.tmp' to 'C:/Users/Magnus/Documents/GitHub/SR_Prototype_V2/SR_Prototype_V2/Content/Textures/UI/NamePlates/T_Overview_NameBackground.uasset'
[2017.08.24-11.53.37:032][246]LogSavePackage:Display: Finished SavePackage C:/Users/Magnus/Documents/GitHub/SR_Prototype_V2/SR_Prototype_V2/Content/Textures/UI/NamePlates/T_Overview_NameBackground.uasset
[2017.08.24-11.53.37:045][246]LogSavePackage: Save=5.37ms
[2017.08.24-11.53.37:045][246]LogSavePackage: Moving 'C:/Users/Magnus/Documents/GitHub/SR_Prototype_V2/SR_Prototype_V2/Saved/T_Overview_NameBorderEE2A214C4E477BB3BB9CCDBD892C5A38.tmp' to 'C:/Users/Magnus/Documents/GitHub/SR_Prototype_V2/SR_Prototype_V2/Content/Textures/UI/NamePlates/T_Overview_NameBorder.uasset'
[2017.08.24-11.53.37:047][246]LogSavePackage:Display: Finished SavePackage C:/Users/Magnus/Documents/GitHub/SR_Prototype_V2/SR_Prototype_V2/Content/Textures/UI/NamePlates/T_Overview_NameBorder.uasset
[2017.08.24-11.53.37:245][246]Cmd: OBJ SAVEPACKAGE PACKAGE="/Game/Blueprints/Widgets/w_FloorButton" FILE="C:/Users/Magnus/Documents/GitHub/SR_Prototype_V2/SR_Prototype_V2/Content/Blueprints/Widgets/w_FloorButton.uasset" SILENT=true
[2017.08.24-11.53.37:316][246]LogSavePackage: Save=32.12ms
[2017.08.24-11.53.37:316][246]LogSavePackage: Moving 'C:/Users/Magnus/Documents/GitHub/SR_Prototype_V2/SR_Prototype_V2/Saved/w_FloorButtonCBF8BC214C9B6ABF200C3BAC89157A57.tmp' to 'C:/Users/Magnus/Documents/GitHub/SR_Prototype_V2/SR_Prototype_V2/Content/Blueprints/Widgets/w_FloorButton.uasset'
[2017.08.24-11.53.37:319][246]LogSavePackage:Display: Finished SavePackage C:/Users/Magnus/Documents/GitHub/SR_Prototype_V2/SR_Prototype_V2/Content/Blueprints/Widgets/w_FloorButton.uasset
[2017.08.24-11.53.37:321][246]Cmd: OBJ SAVEPACKAGE PACKAGE="/Game/Blueprints/Widgets/w_FloorButton" FILE="C:/Users/Magnus/Documents/GitHub/SR_Prototype_V2/SR_Prototype_V2/Content/Blueprints/Widgets/w_FloorButton.uasset" SILENT=true
[2017.08.24-11.53.37:385][246]LogSavePackage: Save=31.93ms
[2017.08.24-11.53.37:385][246]LogSavePackage: Moving 'C:/Users/Magnus/Documents/GitHub/SR_Prototype_V2/SR_Prototype_V2/Saved/w_FloorButton1004CB7747DABF23C0BCC3BCF400B87A.tmp' to 'C:/Users/Magnus/Documents/GitHub/SR_Prototype_V2/SR_Prototype_V2/Content/Blueprints/Widgets/w_FloorButton.uasset'
[2017.08.24-11.53.37:386][246]LogSavePackage:Display: Finished SavePackage C:/Users/Magnus/Documents/GitHub/SR_Prototype_V2/SR_Prototype_V2/Content/Blueprints/Widgets/w_FloorButton.uasset
[2017.08.24-11.54.10:644][204]LogSavePackage: Save=4.74ms
[2017.08.24-11.54.10:644][204]LogSavePackage: Moving 'C:/Users/Magnus/Documents/GitHub/SR_Prototype_V2/SR_Prototype_V2/Saved/T_Overview_NameBackground541FC60746C80DCCD1001C8313B8815D.tmp' to 'C:/Users/Magnus/Documents/GitHub/SR_Prototype_V2/SR_Prototype_V2/Content/Textures/UI/Name_Plates/T_Overview_NameBackground.uasset'
[2017.08.24-11.54.10:646][204]LogSavePackage:Display: Finished SavePackage C:/Users/Magnus/Documents/GitHub/SR_Prototype_V2/SR_Prototype_V2/Content/Textures/UI/Name_Plates/T_Overview_NameBackground.uasset
[2017.08.24-11.54.10:657][204]LogSavePackage: Save=5.69ms
[2017.08.24-11.54.10:657][204]LogSavePackage: Moving 'C:/Users/Magnus/Documents/GitHub/SR_Prototype_V2/SR_Prototype_V2/Saved/T_Overview_NameBorder3536E3E14ABD786F565F83BE6C0CF5BC.tmp' to 'C:/Users/Magnus/Documents/GitHub/SR_Prototype_V2/SR_Prototype_V2/Content/Textures/UI/Name_Plates/T_Overview_NameBorder.uasset'
[2017.08.24-11.54.10:660][204]LogSavePackage:Display: Finished SavePackage C:/Users/Magnus/Documents/GitHub/SR_Prototype_V2/SR_Prototype_V2/Content/Textures/UI/Name_Plates/T_Overview_NameBorder.uasset
[2017.08.24-11.54.10:859][204]Cmd: OBJ SAVEPACKAGE PACKAGE="/Game/Blueprints/Widgets/w_FloorButton" FILE="C:/Users/Magnus/Documents/GitHub/SR_Prototype_V2/SR_Prototype_V2/Content/Blueprints/Widgets/w_FloorButton.uasset" SILENT=true
[2017.08.24-11.54.10:924][204]LogSavePackage: Save=30.60ms
[2017.08.24-11.54.10:924][204]LogSavePackage: Moving 'C:/Users/Magnus/Documents/GitHub/SR_Prototype_V2/SR_Prototype_V2/Saved/w_FloorButtonFE9321774560FF579747ACA51AFFECE5.tmp' to 'C:/Users/Magnus/Documents/GitHub/SR_Prototype_V2/SR_Prototype_V2/Content/Blueprints/Widgets/w_FloorButton.uasset'
[2017.08.24-11.54.10:927][204]LogSavePackage:Display: Finished SavePackage C:/Users/Magnus/Documents/GitHub/SR_Prototype_V2/SR_Prototype_V2/Content/Blueprints/Widgets/w_FloorButton.uasset
[2017.08.24-11.54.10:930][204]Cmd: OBJ SAVEPACKAGE PACKAGE="/Game/Blueprints/Widgets/w_FloorButton" FILE="C:/Users/Magnus/Documents/GitHub/SR_Prototype_V2/SR_Prototype_V2/Content/Blueprints/Widgets/w_FloorButton.uasset" SILENT=true
[2017.08.24-11.54.10:994][204]LogSavePackage: Save=31.17ms
[2017.08.24-11.54.10:994][204]LogSavePackage: Moving 'C:/Users/Magnus/Documents/GitHub/SR_Prototype_V2/SR_Prototype_V2/Saved/w_FloorButton329908214B49AF827A982BA404ADB0E0.tmp' to 'C:/Users/Magnus/Documents/GitHub/SR_Prototype_V2/SR_Prototype_V2/Content/Blueprints/Widgets/w_FloorButton.uasset'
[2017.08.24-11.54.10:996][204]LogSavePackage:Display: Finished SavePackage C:/Users/Magnus/Documents/GitHub/SR_Prototype_V2/SR_Prototype_V2/Content/Blueprints/Widgets/w_FloorButton.uasset
[2017.08.24-11.54.18:981][125]LogSavePackage: Save=5.32ms
[2017.08.24-11.54.18:981][125]LogSavePackage: Moving 'C:/Users/Magnus/Documents/GitHub/SR_Prototype_V2/SR_Prototype_V2/Saved/T_Deck_NamePlate918598374008C75E51B3F78998E6451C.tmp' to 'C:/Users/Magnus/Documents/GitHub/SR_Prototype_V2/SR_Prototype_V2/Content/Textures/UI/Name_Plates/T_Deck_NamePlate.uasset'
[2017.08.24-11.54.18:983][125]LogSavePackage:Display: Finished SavePackage C:/Users/Magnus/Documents/GitHub/SR_Prototype_V2/SR_Prototype_V2/Content/Textures/UI/Name_Plates/T_Deck_NamePlate.uasset
[2017.08.24-11.54.19:153][125]Cmd: OBJ SAVEPACKAGE PACKAGE="/Game/Blueprints/Widgets/w_Checkbox" FILE="C:/Users/Magnus/Documents/GitHub/SR_Prototype_V2/SR_Prototype_V2/Content/Blueprints/Widgets/w_Checkbox.uasset" SILENT=true
[2017.08.24-11.54.19:241][125]LogSavePackage: Save=45.70ms
[2017.08.24-11.54.19:241][125]LogSavePackage: Moving 'C:/Users/Magnus/Documents/GitHub/SR_Prototype_V2/SR_Prototype_V2/Saved/w_Checkbox6F2142D84DBB90F1B5D051A5FFBCD257.tmp' to 'C:/Users/Magnus/Documents/GitHub/SR_Prototype_V2/SR_Prototype_V2/Content/Blueprints/Widgets/w_Checkbox.uasset'
[2017.08.24-11.54.19:243][125]LogSavePackage:Display: Finished SavePackage C:/Users/Magnus/Documents/GitHub/SR_Prototype_V2/SR_Prototype_V2/Content/Blueprints/Widgets/w_Checkbox.uasset
[2017.08.24-11.54.19:301][125]LogSavePackage: Save=15.28ms
[2017.08.24-11.54.19:301][125]LogSavePackage: Moving 'C:/Users/Magnus/Documents/GitHub/SR_Prototype_V2/SR_Prototype_V2/Saved/w_DeckNamePlate0315042F4EDC670875020DBB791D2F55.tmp' to 'C:/Users/Magnus/Documents/GitHub/SR_Prototype_V2/SR_Prototype_V2/Content/Blueprints/Widgets/w_DeckNamePlate.uasset'
[2017.08.24-11.54.19:304][125]LogSavePackage:Display: Finished SavePackage C:/Users/Magnus/Documents/GitHub/SR_Prototype_V2/SR_Prototype_V2/Content/Blueprints/Widgets/w_DeckNamePlate.uasset
[2017.08.24-11.54.21:778][398]LogContentBrowser: Native class hierarchy updated for 'TextureEditor' in 0.0005 seconds. Added 1 classes and 2 folders.
[2017.08.24-11.54.58:223][797]LogFactory: FactoryCreateFile: Texture with ReimportTextureFactory (0 0 C:\Users\Magnus\Desktop\Scan_Reach\UE_UI\UI_V2\T_MapOverview_NamePlateBorder.png)
[2017.08.24-11.54.58:461][797]LogTexture:Display: Building textures: T_MapOverview_NamePlateBorder (BGRA8, 203X46)
[2017.08.24-11.54.58:479][797]LogFactory: FactoryCreateFile: Texture with ReimportTextureFactory (0 0 C:\Users\Magnus\Desktop\Scan_Reach\UE_UI\UI_V2\T_MapOverview_Nameplate.png)
[2017.08.24-11.54.58:482][797]LogTexture:Display: Building textures: T_MapOverview_Nameplate (BGRA8, 201X44)
[2017.08.24-11.55.00:961][960]LogSavePackage: Save=5.29ms
[2017.08.24-11.55.00:961][960]LogSavePackage: Moving 'C:/Users/Magnus/Documents/GitHub/SR_Prototype_V2/SR_Prototype_V2/Saved/T_MapOverview_NamePlateBorder664787544A6A8F27A840D4BD528AAB70.tmp' to 'C:/Users/Magnus/Documents/GitHub/SR_Prototype_V2/SR_Prototype_V2/Content/Textures/UI/Name_Plates/T_MapOverview_NamePlateBorder.uasset'
[2017.08.24-11.55.00:963][960]LogSavePackage:Display: Finished SavePackage C:/Users/Magnus/Documents/GitHub/SR_Prototype_V2/SR_Prototype_V2/Content/Textures/UI/Name_Plates/T_MapOverview_NamePlateBorder.uasset
[2017.08.24-11.55.00:976][960]LogSavePackage: Save=6.16ms
[2017.08.24-11.55.00:976][960]LogSavePackage: Moving 'C:/Users/Magnus/Documents/GitHub/SR_Prototype_V2/SR_Prototype_V2/Saved/T_MapOverview_NameplateDE4ACD624885E0290341A1A4570E6546.tmp' to 'C:/Users/Magnus/Documents/GitHub/SR_Prototype_V2/SR_Prototype_V2/Content/Textures/UI/Name_Plates/T_MapOverview_Nameplate.uasset'
[2017.08.24-11.55.00:979][960]LogSavePackage:Display: Finished SavePackage C:/Users/Magnus/Documents/GitHub/SR_Prototype_V2/SR_Prototype_V2/Content/Textures/UI/Name_Plates/T_MapOverview_Nameplate.uasset
[2017.08.24-12.02.47:201][773]LogEditorViewport: Clicking on Actor (LMB): StaticMeshActor (Test_Plane)
[2017.08.24-12.02.48:616][845]LogSavePackage: Save=210.88ms
[2017.08.24-12.02.48:616][845]LogSavePackage: Moving 'C:/Users/Magnus/Documents/GitHub/SR_Prototype_V2/SR_Prototype_V2/Saved/ScanReach_MapB68C19E2499E4D48B3D44AB4CF904D47.tmp' to 'C:/Users/Magnus/Documents/GitHub/SR_Prototype_V2/SR_Prototype_V2/Content/Scenes/ScanReach_Map.umap'
[2017.08.24-12.02.48:619][845]LogSavePackage:Display: Finished SavePackage C:/Users/Magnus/Documents/GitHub/SR_Prototype_V2/SR_Prototype_V2/Content/Scenes/ScanReach_Map.umap
[2017.08.24-12.02.48:656][845]Cmd: OBJ SAVEPACKAGE PACKAGE="/Game/Scenes/ScanReach_Map_BuiltData" FILE="C:/Users/Magnus/Documents/GitHub/SR_Prototype_V2/SR_Prototype_V2/Content/Scenes/ScanReach_Map_BuiltData.uasset" SILENT=true
[2017.08.24-12.02.48:710][845]LogSavePackage: Save=12.92ms
[2017.08.24-12.02.48:710][845]LogSavePackage: Moving 'C:/Users/Magnus/Documents/GitHub/SR_Prototype_V2/SR_Prototype_V2/Saved/ScanReach_Map_BuiltData5F123C69421D7EB205B6F7ABED9D37BA.tmp' to 'C:/Users/Magnus/Documents/GitHub/SR_Prototype_V2/SR_Prototype_V2/Content/Scenes/ScanReach_Map_BuiltData.uasset'
[2017.08.24-12.02.48:711][845]LogSavePackage:Display: Finished SavePackage C:/Users/Magnus/Documents/GitHub/SR_Prototype_V2/SR_Prototype_V2/Content/Scenes/ScanReach_Map_BuiltData.uasset
[2017.08.24-12.02.50:067][  5]Cmd: SELECT NONE
[2017.08.24-12.02.51:168][100]LogSavePackage: Save=220.51ms
[2017.08.24-12.02.51:168][100]LogSavePackage: Moving 'C:/Users/Magnus/Documents/GitHub/SR_Prototype_V2/SR_Prototype_V2/Saved/ScanReach_MapF3F62EE14AE2A54FEAEA689C6A531070.tmp' to 'C:/Users/Magnus/Documents/GitHub/SR_Prototype_V2/SR_Prototype_V2/Content/Scenes/ScanReach_Map.umap'
[2017.08.24-12.02.51:170][100]LogSavePackage:Display: Finished SavePackage C:/Users/Magnus/Documents/GitHub/SR_Prototype_V2/SR_Prototype_V2/Content/Scenes/ScanReach_Map.umap
[2017.08.24-12.02.51:202][100]Cmd: OBJ SAVEPACKAGE PACKAGE="/Game/Scenes/ScanReach_Map_BuiltData" FILE="C:/Users/Magnus/Documents/GitHub/SR_Prototype_V2/SR_Prototype_V2/Content/Scenes/ScanReach_Map_BuiltData.uasset" SILENT=true
[2017.08.24-12.02.51:249][100]LogSavePackage: Save=10.29ms
[2017.08.24-12.02.51:249][100]LogSavePackage: Moving 'C:/Users/Magnus/Documents/GitHub/SR_Prototype_V2/SR_Prototype_V2/Saved/ScanReach_Map_BuiltData9213C3334FC249A6B2CF8F8CC2EE7117.tmp' to 'C:/Users/Magnus/Documents/GitHub/SR_Prototype_V2/SR_Prototype_V2/Content/Scenes/ScanReach_Map_BuiltData.uasset'
[2017.08.24-12.02.51:250][100]LogSavePackage:Display: Finished SavePackage C:/Users/Magnus/Documents/GitHub/SR_Prototype_V2/SR_Prototype_V2/Content/Scenes/ScanReach_Map_BuiltData.uasset
