Log file open, 08/14/17 12:36:43
LogInit:Display: Running engine for game: SR_Prototype_V2
LogPlatformFile: Not using cached read wrapper
LogInit:Display: RandInit(-178398334) SRandInit(-178398333).
LogTaskGraph: Started task graph with 5 named threads and 8 total threads with 1 sets of task threads.
LogStats: Stats thread started at 9.802636
LogInit: Using libcurl 7.47.1
LogInit:  - built for x86_64-pc-win32
LogInit:  - supports SSL with OpenSSL/1.0.2g
LogInit:  - supports HTTP deflate (compression) using libz 1.2.8
LogInit:  - other features:
LogInit:      CURL_VERSION_SSL
LogInit:      CURL_VERSION_LIBZ
LogInit:      CURL_VERSION_IPV6
LogInit:      CURL_VERSION_ASYNCHDNS
LogInit:      CURL_VERSION_LARGEFILE
LogInit:      CURL_VERSION_IDN
LogInit:  CurlRequestOptions (configurable via config and command line):
LogInit:  - bVerifyPeer = false  - Libcurl will NOT verify peer certificate
LogInit:  - bUseHttpProxy = false  - Libcurl will NOT use HTTP proxy
LogInit:  - bDontReuseConnections = false  - Libcurl will reuse connections
LogInit:  - CertBundlePath = nullptr  - Libcurl will use whatever was configured at build time.
LogInit: Build: ++UE4+Release-4.16-CL-3561208
LogInit: Engine Version: 4.16.3-3561208+++UE4+Release-4.16
LogInit: Compatible Engine Version: 4.16.0-3452394+++UE4+Release-4.16
LogInit: Net CL: 3452394
LogDevObjectVersion: Number of dev versions registered: 16
LogDevObjectVersion:   Dev-Blueprints (B0D832E4-1F89-4F0D-ACCF-7EB736FD4AA2): 9
LogDevObjectVersion:   Dev-Build (E1C64328-A22C-4D53-A36C-8E866417BD8C): 0
LogDevObjectVersion:   Dev-Core (375EC13C-06E4-48FB-B500-84F0262A717E): 2
LogDevObjectVersion:   Dev-Editor (E4B068ED-F494-42E9-A231-DA0B2E46BB41): 17
LogDevObjectVersion:   Dev-Framework (CFFC743F-43B0-4480-9391-14DF171D2073): 23
LogDevObjectVersion:   Dev-Mobile (B02B49B5-BB20-44E9-A304-32B752E40360): 0
LogDevObjectVersion:   Dev-Networking (A4E4105C-59A1-49B5-A7C5-40C4547EDFEE): 0
LogDevObjectVersion:   Dev-Online (39C831C9-5AE6-47DC-9A44-9C173E1C8E7C): 0
LogDevObjectVersion:   Dev-Physics (78F01B33-EBEA-4F98-B9B4-84EACCB95AA2): 0
LogDevObjectVersion:   Dev-Platform (6631380F-2D4D-43E0-8009-CF276956A95A): 0
LogDevObjectVersion:   Dev-Rendering (12F88B9F-8875-4AFC-A67C-D90C383ABD29): 15
LogDevObjectVersion:   Dev-Sequencer (7B5AE74C-D270-4C10-A958-57980B212A5A): 4
LogDevObjectVersion:   Dev-VR (D7296918-1DD6-4BDD-9DE2-64A83CC13884): 0
LogDevObjectVersion:   Dev-LoadTimes (C2A15278-BFE7-4AFE-6C17-90FF531DF755): 1
LogDevObjectVersion:   Private-Geometry (6EACA3D4-40EC-4CC1-B786-8BED09428FC5): 1
LogDevObjectVersion:   Dev-AnimPhys (29E575DD-E0A3-4627-9D10-D276232CDCEA): 3
LogInit: Compiled (64-bit): Jul 28 2017 11:49:47
LogInit: Compiled with Visual C++: 19.00.24215.01
LogInit: Build Configuration: Development
LogInit: Branch Name: ++UE4+Release-4.16
LogInit: Command line:  
LogInit: Base directory: D:/UE_4.16/Engine/Binaries/Win64/
LogInit: Installed Engine Build: 1
LogInit: Presizing for max 8388607 objects, including 0 objects not considered by GC, pre-allocating 0 bytes for permanent pool.
LogInit: Object subsystem initialized
[2017.08.14-10.36.45:007][  0]LogInit: Selected Device Profile: [Windows]
[2017.08.14-10.36.45:007][  0]LogInit: Applying CVar settings loaded from the selected device profile: [Windows]
[2017.08.14-10.36.45:125][  0]LogInit: Computer: MAGNUS-PC
[2017.08.14-10.36.45:125][  0]LogInit: User: Magnus
[2017.08.14-10.36.45:125][  0]LogInit: CPU Page size=4096, Cores=4
[2017.08.14-10.36.45:125][  0]LogInit: High frequency timer resolution =3.117187 MHz
[2017.08.14-10.36.45:129][  0]LogMemory: Memory total: Physical=16.0GB (16GB approx)
[2017.08.14-10.36.45:129][  0]LogMemory: Platform Memory Stats for Windows
[2017.08.14-10.36.45:129][  0]LogMemory: Process Physical Memory: 272.30 MB used, 272.30 MB peak
[2017.08.14-10.36.45:129][  0]LogMemory: Process Virtual Memory: 258.64 MB used, 258.64 MB peak
[2017.08.14-10.36.45:129][  0]LogMemory: Physical Memory: 6427.27 MB used,  9909.57 MB free, 16336.84 MB total
[2017.08.14-10.36.45:129][  0]LogMemory: Virtual Memory: 635.56 MB used,  9909.57 MB free, 134217728.00 MB total
[2017.08.14-10.36.45:951][  0]LogInit: Using OS detected language (nb-NO).
[2017.08.14-10.36.45:951][  0]LogInit: Using OS detected locale (nb-NO).
[2017.08.14-10.36.46:093][  0]LogTextLocalizationManager: No localization for 'nb-NO' exists, so 'en' will be used for the language.
[2017.08.14-10.36.46:094][  0]LogTextLocalizationManager: No localization for 'nb-NO' exists, so 'en' will be used for the locale.
[2017.08.14-10.36.50:192][  0]LogD3D11RHI: D3D11 adapters:
[2017.08.14-10.36.50:808][  0]LogD3D11RHI:    0. 'NVIDIA GeForce GTX 1070' (Feature Level 11_0)
[2017.08.14-10.36.50:808][  0]LogD3D11RHI:       8119/0/8168 MB DedicatedVideo/DedicatedSystem/SharedSystem, Outputs:3, VendorId:0x10de
[2017.08.14-10.36.50:809][  0]LogD3D11RHI:    1. 'Microsoft Basic Render Driver' (Feature Level 11_0)
[2017.08.14-10.36.50:809][  0]LogD3D11RHI:       0/0/8168 MB DedicatedVideo/DedicatedSystem/SharedSystem, Outputs:0, VendorId:0x1414
[2017.08.14-10.36.50:809][  0]LogD3D11RHI: Chosen D3D11 Adapter: 0
[2017.08.14-10.36.50:837][  0]LogD3D11RHI: Creating new Direct3DDevice
[2017.08.14-10.36.50:837][  0]LogD3D11RHI:     GPU DeviceId: 0x1b81 (for the marketing name, search the web for "GPU Device Id")
[2017.08.14-10.36.50:837][  0]LogWindows: EnumDisplayDevices:
[2017.08.14-10.36.50:837][  0]LogWindows:    0. 'NVIDIA GeForce GTX 1070' (P:1 D:1)
[2017.08.14-10.36.50:837][  0]LogWindows:    1. 'NVIDIA GeForce GTX 1070' (P:0 D:1)
[2017.08.14-10.36.50:837][  0]LogWindows:    2. 'NVIDIA GeForce GTX 1070' (P:0 D:1)
[2017.08.14-10.36.50:837][  0]LogWindows:    3. 'NVIDIA GeForce GTX 1070' (P:0 D:0)
[2017.08.14-10.36.50:837][  0]LogWindows: DebugString: FoundDriverCount:4 
[2017.08.14-10.36.50:837][  0]LogD3D11RHI:     Adapter Name: NVIDIA GeForce GTX 1070
[2017.08.14-10.36.50:838][  0]LogD3D11RHI:   Driver Version: 382.05 (internal:22.21.13.8205, unified:382.05)
[2017.08.14-10.36.50:838][  0]LogD3D11RHI:      Driver Date: 5-1-2017
[2017.08.14-10.36.50:838][  0]LogRHI: Texture pool is 1361 MB (70% of 1945 MB)
[2017.08.14-10.36.51:451][  0]LogD3D11RHI: Async texture creation enabled
[2017.08.14-10.36.51:805][  0]LogD3D11RHI: GPU Timing Frequency: 1000.000000 (Debug: 2 1)
[2017.08.14-10.36.51:950][  0]LogShaderCompilers: Guid format shader working directory is -18 characters bigger than the processId version (C:/Users/Magnus/Documents/GitHub/SR_Prototype_V2/SR_Prototype_V2/Intermediate/Shaders/WorkingDirectory/12084/).
[2017.08.14-10.36.51:950][  0]LogShaderCompilers: Cleaned the shader compiler working directory 'C:/Users/Magnus/AppData/Local/Temp/UnrealShaderWorkingDir/904B70C8405009CA3883A291682C5231/'.
[2017.08.14-10.36.51:961][  0]LogShaderCompilers:Display: Using Local Shader Compiler.
[2017.08.14-10.36.55:542][  0]LogTemp:Display: Loaded TP AllDesktopTargetPlatform
[2017.08.14-10.36.55:578][  0]LogTemp:Display: Loaded TP MacClientTargetPlatform
[2017.08.14-10.36.55:618][  0]LogTemp:Display: Loaded TP MacNoEditorTargetPlatform
[2017.08.14-10.36.55:655][  0]LogTemp:Display: Loaded TP MacServerTargetPlatform
[2017.08.14-10.36.55:719][  0]LogTemp:Display: Loaded TP MacTargetPlatform
[2017.08.14-10.36.55:757][  0]LogTemp:Display: Loaded TP WindowsClientTargetPlatform
[2017.08.14-10.36.55:798][  0]LogTemp:Display: Loaded TP WindowsNoEditorTargetPlatform
[2017.08.14-10.36.55:836][  0]LogTemp:Display: Loaded TP WindowsServerTargetPlatform
[2017.08.14-10.36.55:884][  0]LogTemp:Display: Loaded TP WindowsTargetPlatform
[2017.08.14-10.36.55:923][  0]LogTemp:Display: Loaded TP AndroidTargetPlatform
[2017.08.14-10.36.55:960][  0]LogTemp:Display: Loaded TP Android_ASTCTargetPlatform
[2017.08.14-10.36.55:999][  0]LogTemp:Display: Loaded TP Android_ATCTargetPlatform
[2017.08.14-10.36.56:035][  0]LogTemp:Display: Loaded TP Android_DXTTargetPlatform
[2017.08.14-10.36.56:071][  0]LogTemp:Display: Loaded TP Android_ETC1TargetPlatform
[2017.08.14-10.36.56:108][  0]LogTemp:Display: Loaded TP Android_ETC2TargetPlatform
[2017.08.14-10.36.56:181][  0]LogTemp:Display: Loaded TP Android_MultiTargetPlatform
[2017.08.14-10.36.56:181][  0]LogTemp:Display: Loaded TP Android_PVRTCTargetPlatform
[2017.08.14-10.36.56:210][  0]LogTemp:Display: Loaded TP HTML5TargetPlatform
[2017.08.14-10.36.56:387][  0]LogTemp:Display: Loaded TP IOSTargetPlatform
[2017.08.14-10.36.56:415][  0]LogTemp:Display: Loaded TP TVOSTargetPlatform
[2017.08.14-10.36.56:454][  0]LogTemp:Display: Loaded TP LinuxClientTargetPlatform
[2017.08.14-10.36.56:494][  0]LogTemp:Display: Loaded TP LinuxNoEditorTargetPlatform
[2017.08.14-10.36.56:538][  0]LogTemp:Display: Loaded TP LinuxServerTargetPlatform
[2017.08.14-10.36.56:579][  0]LogTemp:Display: Loaded TP LinuxTargetPlatform
[2017.08.14-10.36.56:579][  0]LogTargetPlatformManager:Display: Building Assets For Windows
[2017.08.14-10.36.57:818][  0]LogDerivedDataCache:Display: Max Cache Size: 512 MB
[2017.08.14-10.36.58:265][  0]LogDerivedDataCache: Loaded boot cache 0.45s 111MB C:/Users/Magnus/AppData/Local/UnrealEngine/4.16/DerivedDataCache/Boot.ddc.
[2017.08.14-10.36.58:265][  0]LogDerivedDataCache:Display: Loaded Boot cache: C:/Users/Magnus/AppData/Local/UnrealEngine/4.16/DerivedDataCache/Boot.ddc
[2017.08.14-10.36.58:265][  0]LogDerivedDataCache: FDerivedDataBackendGraph:  Pak pak cache file C:/Users/Magnus/Documents/GitHub/SR_Prototype_V2/SR_Prototype_V2/DerivedDataCache/DDC.ddp not found, will not use a pak cache.
[2017.08.14-10.36.58:265][  0]LogDerivedDataCache: Unable to find inner node Pak for hierarchical cache Hierarchy.
[2017.08.14-10.36.58:265][  0]LogDerivedDataCache: FDerivedDataBackendGraph:  CompressedPak pak cache file C:/Users/Magnus/Documents/GitHub/SR_Prototype_V2/SR_Prototype_V2/DerivedDataCache/Compressed.ddp not found, will not use a pak cache.
[2017.08.14-10.36.58:265][  0]LogDerivedDataCache: Unable to find inner node CompressedPak for hierarchical cache Hierarchy.
[2017.08.14-10.36.58:341][  0]LogDerivedDataCache:Display: Pak cache opened for reading ../../../Engine/DerivedDataCache/Compressed.ddp.
[2017.08.14-10.36.58:353][  0]LogDerivedDataCache: Using Local data cache path C:/Users/Magnus/AppData/Local/UnrealEngine/Common/DerivedDataCache: Writable
[2017.08.14-10.36.58:406][  0]LogMaterial: Verifying Global Shaders for PCD3D_SM5
[2017.08.14-10.36.58:458][  0]LogSlate: Using Freetype 2.6.0
[2017.08.14-10.36.58:534][  0]LogSlate: SlateFontCache - WITH_FREETYPE: 1, WITH_HARFBUZZ: 1
[2017.08.14-10.36.58:534][  0]LogSlate: SlateFontCache - WITH_FREETYPE: 1, WITH_HARFBUZZ: 1
[2017.08.14-10.37.05:808][  0]LogInit: Selected Device Profile: [Windows]
[2017.08.14-10.37.07:083][  0]LogMeshUtilities: Using QuadricMeshReduction for automatic static mesh reduction
[2017.08.14-10.37.07:197][  0]LogSimplygon: Simplygon DLL not present - disabling.
[2017.08.14-10.37.07:245][  0]LogMeshUtilities: Using SimplygonSwarm for distributed automatic mesh merging
[2017.08.14-10.37.07:245][  0]LogMeshUtilities: No automatic skeletal mesh reduction module available
[2017.08.14-10.37.07:245][  0]LogMeshUtilities: No automatic mesh merging module available
[2017.08.14-10.37.11:392][  0]LogNetVersion: SR_Prototype_V2 , NetCL: 3452394, EngineNetVer: 2, GameNetVer: 0 (Checksum: 2634772556)
[2017.08.14-10.37.11:673][  0]LogAssetRegistry: FAssetRegistry took 0.0430 seconds to start up
[2017.08.14-10.37.11:801][  0]LogPackageLocalizationCache: Processed 4 localized package path(s) for 1 prioritized culture(s) in 0.064720 seconds
[2017.08.14-10.37.11:807][  0]LogUObjectArray: 34194 objects as part of root set at end of initial load.
[2017.08.14-10.37.11:807][  0]LogUObjectAllocator: 7260424 out of 0 bytes used by permanent object pool.
[2017.08.14-10.37.11:807][  0]LogUObjectArray: CloseDisregardForGC: 0/0 objects in disregard for GC pool
[2017.08.14-10.37.11:880][  0]LogInit: WinSock: version 1.1 (2.2), MaxSocks=32767, MaxUdp=65467
[2017.08.14-10.37.26:117][  0]LogTcpMessaging: Initializing TcpMessaging bridge
[2017.08.14-10.37.26:168][  0]LogUdpMessaging: Initializing bridge on interface 0.0.0.0:0 to multicast group 230.0.0.1:6666.
[2017.08.14-10.37.27:435][  0]LogMaterial: Uniform references updated for custom material expression Custom.
[2017.08.14-10.37.28:193][  0]SourceControl: Info Source control is disabled
[2017.08.14-10.37.28:255][  0]SourceControl: Info Source control is disabled
[2017.08.14-10.37.28:337][  0]SourceControl: Info Source control is disabled
[2017.08.14-10.37.28:374][  0]SourceControl: Info Source control is disabled
[2017.08.14-10.37.29:218][  0]LogAndroidPermission: UAndroidPermissionCallbackProxy::GetInstance
[2017.08.14-10.37.29:952][  0]LogEngine: Initializing Engine...
[2017.08.14-10.37.29:975][  0]LogHMD: Failed to initialize OpenVR with code 110
[2017.08.14-10.37.30:230][  0]LogStats: UGameplayTagsManager::ConstructGameplayTagTree: Construct from data asset -  0.000 s
[2017.08.14-10.37.30:231][  0]LogStats: UGameplayTagsManager::ConstructGameplayTagTree: GameplayTagTreeChangedEvent.Broadcast -  0.000 s
[2017.08.14-10.37.30:606][  0]LogAIModule: Creating AISystem for world Untitled
[2017.08.14-10.37.30:746][  0]LogInit: XAudio2 using 'Øretelefon (HyperX 7.1 Audio)' : 2 channels at 44.1 kHz using 16 bits per sample (channel mask 0x3)
[2017.08.14-10.37.30:758][  0]LogInit: FAudioDevice initialized.
[2017.08.14-10.37.30:809][  0]LogDerivedDataCache: Saved boot cache 0.05s 111MB C:/Users/Magnus/AppData/Local/UnrealEngine/4.16/DerivedDataCache/Boot.ddc.
[2017.08.14-10.37.30:822][  0]LogInit: Texture streaming: Disabled
[2017.08.14-10.37.30:943][  0]LogEngineSessionManager: EngineSessionManager initialized
[2017.08.14-10.37.31:367][  0]LogInit: Transaction tracking system initialized
[2017.08.14-10.37.31:781][  0]BlueprintLog: New page: Editor Load
[2017.08.14-10.37.33:118][  0]LocalizationService: Info Localization service is disabled
[2017.08.14-10.37.33:928][  0]LogConsoleResponse:Display: 
[2017.08.14-10.37.35:568][  0]LogFileCache: Scanning file cache for directory 'C:/Users/Magnus/Documents/GitHub/SR_Prototype_V2/SR_Prototype_V2/Content/' took 0.02s
[2017.08.14-10.37.35:568][  0]LogCook:Display: Max memory allowance for cook 16384mb min free memory 0mb
[2017.08.14-10.37.35:568][  0]LogCook:Display: Mobile HDR setting 1
[2017.08.14-10.37.38:441][  0]SourceControl: Info Source control is disabled
[2017.08.14-10.37.38:520][  0]Cmd: MAP LOAD FILE="C:/Users/Magnus/Documents/GitHub/SR_Prototype_V2/SR_Prototype_V2/Content/Scenes/ScanReach_Map.umap" TEMPLATE=0 SHOWPROGRESS=1 FEATURELEVEL=3
[2017.08.14-10.37.38:526][  0]LightingResults: New page: Lighting Build
[2017.08.14-10.37.38:726][  0]MapCheck: New page: Map Check
[2017.08.14-10.37.38:726][  0]LightingResults: New page: Lighting Build
[2017.08.14-10.37.40:604][  0]LogAIModule: Creating AISystem for world ScanReach_Map
[2017.08.14-10.37.40:998][  0]LogEditorServer: Finished looking for orphan Actors (0.000 secs)
[2017.08.14-10.37.41:053][  0]Cmd: MAP CHECKDEP NOCLEARLOG
[2017.08.14-10.37.41:102][  0]MapCheck: Info Map check complete: 0 Error(s), 0 Warning(s), took 48.284ms to complete.
[2017.08.14-10.37.41:102][  0]LogFileHelpers: Loading map 'ScanReach_Map' took 2.613
[2017.08.14-10.37.42:181][  0]LogCollectionManager: Loaded 0 collections in 0.000750 seconds
[2017.08.14-10.37.42:357][  0]LogFileCache: Scanning file cache for directory 'C:/Users/Magnus/Documents/GitHub/SR_Prototype_V2/SR_Prototype_V2/Saved/Collections/' took 0.01s
[2017.08.14-10.37.42:357][  0]LogFileCache: Scanning file cache for directory 'C:/Users/Magnus/Documents/GitHub/SR_Prototype_V2/SR_Prototype_V2/Content/Developers/Magnus/Collections/' took 0.01s
[2017.08.14-10.37.42:357][  0]LogFileCache: Scanning file cache for directory 'C:/Users/Magnus/Documents/GitHub/SR_Prototype_V2/SR_Prototype_V2/Content/Collections/' took 0.01s
[2017.08.14-10.37.42:357][  0]LogCollectionManager: Rebuilt the GUID cache for 0 collections in 0.000019 seconds
[2017.08.14-10.37.42:370][  0]LogContentBrowser: Native class hierarchy populated in 0.0091 seconds. Added 2329 classes and 491 folders.
[2017.08.14-10.37.42:449][  0]LogContentBrowser: Native class hierarchy updated for 'WidgetCarousel' in 0.0005 seconds. Added 0 classes and 0 folders.
[2017.08.14-10.37.43:617][  0]LogContentBrowser: Native class hierarchy updated for 'AddContentDialog' in 0.0006 seconds. Added 0 classes and 0 folders.
[2017.08.14-10.37.43:709][  0]LogContentBrowser: Native class hierarchy updated for 'SceneOutliner' in 0.0005 seconds. Added 1 classes and 2 folders.
[2017.08.14-10.37.44:291][  0]LogCrashTracker: Crashtracker disabled due to settings.
[2017.08.14-10.37.44:415][  0]LogSlate: Took 0.010239 seconds to synchronously load lazily loaded font '../../../Engine/Content/Slate/Fonts/Roboto-Regular.ttf' (155K)
[2017.08.14-10.37.44:435][  0]LogSlate: Took 0.017316 seconds to synchronously load lazily loaded font '../../../Engine/Content/Slate/Fonts/Roboto-Bold.ttf' (160K)
[2017.08.14-10.37.44:484][  0]LogSlate: Took 0.017861 seconds to synchronously load lazily loaded font '../../../Engine/Content/Editor/Slate/Fonts/FontAwesome.ttf' (139K)
[2017.08.14-10.37.44:711][  0]LogRenderer: Reallocating scene render targets to support 1176x604 NumSamples 1 (Frame:1).
[2017.08.14-10.37.45:070][  0]LogUObjectGlobals:Warning: Failed to find object 'Class None.'
[2017.08.14-10.37.45:159][  0]LogContentBrowser: Native class hierarchy updated for 'HierarchicalLODOutliner' in 0.0005 seconds. Added 1 classes and 2 folders.
[2017.08.14-10.37.45:159][  0]LogLoad: (Engine Initialization) Total time: 81.62 seconds
[2017.08.14-10.37.45:159][  0]LogLoad: (Engine Initialization) Total Blueprint compile time: 0.79 seconds
[2017.08.14-10.37.45:159][  0]LogExternalProfiler: Found external profiler: VSPerf
[2017.08.14-10.37.45:159][  0]LogExternalProfiler: Using external profiler: VSPerf
[2017.08.14-10.37.45:498][  0]LogOcInput: OculusInput pre-init called
[2017.08.14-10.37.45:498][  0]LogHMD: Starting GearVRController plugin
[2017.08.14-10.37.45:694][  0]LogSlate: Took 0.013732 seconds to synchronously load lazily loaded font '../../../Engine/Content/Slate/Fonts/Roboto-Light.ttf' (159K)
[2017.08.14-10.37.45:866][  1]LogAssetRegistry: Asset discovery search completed in 34.2154 seconds
[2017.08.14-10.37.45:867][  1]LogCollectionManager: Rebuilt the object cache for 0 collections in 0.000000 seconds (found 0 objects)
[2017.08.14-10.37.45:867][  1]LogCollectionManager: Fixed up redirectors for 0 collections in 0.000033 seconds (updated 0 objects)
[2017.08.14-10.40.19:679][426]LogSlate: Took 0.000143 seconds to synchronously load lazily loaded font '../../../Engine/Content/Slate/Fonts/Roboto-Light.ttf' (159K)
[2017.08.14-10.40.19:935][426]Cmd: OBJ SAVEPACKAGE PACKAGE="/Game/Textures/Ships/ACCDECK01_2048" FILE="C:/Users/Magnus/Documents/GitHub/SR_Prototype_V2/SR_Prototype_V2/Content/Textures/Ships/ACCDECK01_2048.uasset" SILENT=true
[2017.08.14-10.40.19:966][426]LogSavePackage: Save=16.95ms
[2017.08.14-10.40.19:966][426]LogSavePackage: Moving 'C:/Users/Magnus/Documents/GitHub/SR_Prototype_V2/SR_Prototype_V2/Saved/ACCDECK01_2048F45D0FA04CBD02B41D0F76BA9B3FAF0E.tmp' to 'C:/Users/Magnus/Documents/GitHub/SR_Prototype_V2/SR_Prototype_V2/Content/Textures/Ships/ACCDECK01_2048.uasset'
[2017.08.14-10.40.19:972][426]LogSavePackage:Display: Finished SavePackage C:/Users/Magnus/Documents/GitHub/SR_Prototype_V2/SR_Prototype_V2/Content/Textures/Ships/ACCDECK01_2048.uasset
[2017.08.14-10.40.19:976][426]Cmd: OBJ SAVEPACKAGE PACKAGE="/Game/Textures/ACCDECK01_2048" FILE="C:/Users/Magnus/Documents/GitHub/SR_Prototype_V2/SR_Prototype_V2/Content/Textures/ACCDECK01_2048.uasset" SILENT=true
[2017.08.14-10.40.19:996][426]LogSavePackage: Save=3.68ms
[2017.08.14-10.40.19:996][426]LogSavePackage: Moving 'C:/Users/Magnus/Documents/GitHub/SR_Prototype_V2/SR_Prototype_V2/Saved/ACCDECK01_2048D3177C5D4B879597EE0C05A72BFA622A.tmp' to 'C:/Users/Magnus/Documents/GitHub/SR_Prototype_V2/SR_Prototype_V2/Content/Textures/ACCDECK01_2048.uasset'
[2017.08.14-10.40.19:998][426]LogSavePackage:Display: Finished SavePackage C:/Users/Magnus/Documents/GitHub/SR_Prototype_V2/SR_Prototype_V2/Content/Textures/ACCDECK01_2048.uasset
[2017.08.14-10.40.20:005][426]Cmd: OBJ SAVEPACKAGE PACKAGE="/Game/Textures/Ships/ACCDECK02_2048" FILE="C:/Users/Magnus/Documents/GitHub/SR_Prototype_V2/SR_Prototype_V2/Content/Textures/Ships/ACCDECK02_2048.uasset" SILENT=true
[2017.08.14-10.40.20:017][426]LogSavePackage: Save=11.08ms
[2017.08.14-10.40.20:017][426]LogSavePackage: Moving 'C:/Users/Magnus/Documents/GitHub/SR_Prototype_V2/SR_Prototype_V2/Saved/ACCDECK02_20482A4649C848925D8E47DF0B903A7BC702.tmp' to 'C:/Users/Magnus/Documents/GitHub/SR_Prototype_V2/SR_Prototype_V2/Content/Textures/Ships/ACCDECK02_2048.uasset'
[2017.08.14-10.40.20:020][426]LogSavePackage:Display: Finished SavePackage C:/Users/Magnus/Documents/GitHub/SR_Prototype_V2/SR_Prototype_V2/Content/Textures/Ships/ACCDECK02_2048.uasset
[2017.08.14-10.40.20:024][426]Cmd: OBJ SAVEPACKAGE PACKAGE="/Game/Textures/ACCDECK02_2048" FILE="C:/Users/Magnus/Documents/GitHub/SR_Prototype_V2/SR_Prototype_V2/Content/Textures/ACCDECK02_2048.uasset" SILENT=true
[2017.08.14-10.40.20:043][426]LogSavePackage: Save=4.45ms
[2017.08.14-10.40.20:043][426]LogSavePackage: Moving 'C:/Users/Magnus/Documents/GitHub/SR_Prototype_V2/SR_Prototype_V2/Saved/ACCDECK02_2048778316D3438AC6AB7C5749BB40021EB7.tmp' to 'C:/Users/Magnus/Documents/GitHub/SR_Prototype_V2/SR_Prototype_V2/Content/Textures/ACCDECK02_2048.uasset'
[2017.08.14-10.40.20:045][426]LogSavePackage:Display: Finished SavePackage C:/Users/Magnus/Documents/GitHub/SR_Prototype_V2/SR_Prototype_V2/Content/Textures/ACCDECK02_2048.uasset
[2017.08.14-10.40.20:055][426]Cmd: OBJ SAVEPACKAGE PACKAGE="/Game/Textures/Ships/ACCDECK03_2048" FILE="C:/Users/Magnus/Documents/GitHub/SR_Prototype_V2/SR_Prototype_V2/Content/Textures/Ships/ACCDECK03_2048.uasset" SILENT=true
[2017.08.14-10.40.20:067][426]LogSavePackage: Save=10.33ms
[2017.08.14-10.40.20:067][426]LogSavePackage: Moving 'C:/Users/Magnus/Documents/GitHub/SR_Prototype_V2/SR_Prototype_V2/Saved/ACCDECK03_2048B9793879481B5637DACF9CAAB4184DE4.tmp' to 'C:/Users/Magnus/Documents/GitHub/SR_Prototype_V2/SR_Prototype_V2/Content/Textures/Ships/ACCDECK03_2048.uasset'
[2017.08.14-10.40.20:069][426]LogSavePackage:Display: Finished SavePackage C:/Users/Magnus/Documents/GitHub/SR_Prototype_V2/SR_Prototype_V2/Content/Textures/Ships/ACCDECK03_2048.uasset
[2017.08.14-10.40.20:071][426]Cmd: OBJ SAVEPACKAGE PACKAGE="/Game/Textures/ACCDECK03_2048" FILE="C:/Users/Magnus/Documents/GitHub/SR_Prototype_V2/SR_Prototype_V2/Content/Textures/ACCDECK03_2048.uasset" SILENT=true
[2017.08.14-10.40.20:088][426]LogSavePackage: Save=3.85ms
[2017.08.14-10.40.20:088][426]LogSavePackage: Moving 'C:/Users/Magnus/Documents/GitHub/SR_Prototype_V2/SR_Prototype_V2/Saved/ACCDECK03_20488BC89C624CB99BA8141A86B7B31FFA9E.tmp' to 'C:/Users/Magnus/Documents/GitHub/SR_Prototype_V2/SR_Prototype_V2/Content/Textures/ACCDECK03_2048.uasset'
[2017.08.14-10.40.20:090][426]LogSavePackage:Display: Finished SavePackage C:/Users/Magnus/Documents/GitHub/SR_Prototype_V2/SR_Prototype_V2/Content/Textures/ACCDECK03_2048.uasset
[2017.08.14-10.40.20:097][426]Cmd: OBJ SAVEPACKAGE PACKAGE="/Game/Textures/Ships/ACCDECK04_2048" FILE="C:/Users/Magnus/Documents/GitHub/SR_Prototype_V2/SR_Prototype_V2/Content/Textures/Ships/ACCDECK04_2048.uasset" SILENT=true
[2017.08.14-10.40.20:108][426]LogSavePackage: Save=10.16ms
[2017.08.14-10.40.20:108][426]LogSavePackage: Moving 'C:/Users/Magnus/Documents/GitHub/SR_Prototype_V2/SR_Prototype_V2/Saved/ACCDECK04_204874A3007E46112E22D128BF97395690CF.tmp' to 'C:/Users/Magnus/Documents/GitHub/SR_Prototype_V2/SR_Prototype_V2/Content/Textures/Ships/ACCDECK04_2048.uasset'
[2017.08.14-10.40.20:111][426]LogSavePackage:Display: Finished SavePackage C:/Users/Magnus/Documents/GitHub/SR_Prototype_V2/SR_Prototype_V2/Content/Textures/Ships/ACCDECK04_2048.uasset
[2017.08.14-10.40.20:113][426]Cmd: OBJ SAVEPACKAGE PACKAGE="/Game/Textures/ACCDECK04_2048" FILE="C:/Users/Magnus/Documents/GitHub/SR_Prototype_V2/SR_Prototype_V2/Content/Textures/ACCDECK04_2048.uasset" SILENT=true
[2017.08.14-10.40.20:131][426]LogSavePackage: Save=4.03ms
[2017.08.14-10.40.20:131][426]LogSavePackage: Moving 'C:/Users/Magnus/Documents/GitHub/SR_Prototype_V2/SR_Prototype_V2/Saved/ACCDECK04_204846C5DA864F5A8C62C07A0C91B4A74CD4.tmp' to 'C:/Users/Magnus/Documents/GitHub/SR_Prototype_V2/SR_Prototype_V2/Content/Textures/ACCDECK04_2048.uasset'
[2017.08.14-10.40.20:133][426]LogSavePackage:Display: Finished SavePackage C:/Users/Magnus/Documents/GitHub/SR_Prototype_V2/SR_Prototype_V2/Content/Textures/ACCDECK04_2048.uasset
[2017.08.14-10.40.20:140][426]Cmd: OBJ SAVEPACKAGE PACKAGE="/Game/Textures/Ships/ACCDECK05_2048" FILE="C:/Users/Magnus/Documents/GitHub/SR_Prototype_V2/SR_Prototype_V2/Content/Textures/Ships/ACCDECK05_2048.uasset" SILENT=true
[2017.08.14-10.40.20:153][426]LogSavePackage: Save=11.32ms
[2017.08.14-10.40.20:153][426]LogSavePackage: Moving 'C:/Users/Magnus/Documents/GitHub/SR_Prototype_V2/SR_Prototype_V2/Saved/ACCDECK05_2048D3E0504D4D7D9F5050D54F8BBE8DABDD.tmp' to 'C:/Users/Magnus/Documents/GitHub/SR_Prototype_V2/SR_Prototype_V2/Content/Textures/Ships/ACCDECK05_2048.uasset'
[2017.08.14-10.40.20:155][426]LogSavePackage:Display: Finished SavePackage C:/Users/Magnus/Documents/GitHub/SR_Prototype_V2/SR_Prototype_V2/Content/Textures/Ships/ACCDECK05_2048.uasset
[2017.08.14-10.40.20:158][426]Cmd: OBJ SAVEPACKAGE PACKAGE="/Game/Textures/ACCDECK05_2048" FILE="C:/Users/Magnus/Documents/GitHub/SR_Prototype_V2/SR_Prototype_V2/Content/Textures/ACCDECK05_2048.uasset" SILENT=true
[2017.08.14-10.40.20:175][426]LogSavePackage: Save=3.97ms
[2017.08.14-10.40.20:175][426]LogSavePackage: Moving 'C:/Users/Magnus/Documents/GitHub/SR_Prototype_V2/SR_Prototype_V2/Saved/ACCDECK05_20489A9119494065D454604AC4863268636E.tmp' to 'C:/Users/Magnus/Documents/GitHub/SR_Prototype_V2/SR_Prototype_V2/Content/Textures/ACCDECK05_2048.uasset'
[2017.08.14-10.40.20:177][426]LogSavePackage:Display: Finished SavePackage C:/Users/Magnus/Documents/GitHub/SR_Prototype_V2/SR_Prototype_V2/Content/Textures/ACCDECK05_2048.uasset
[2017.08.14-10.40.20:185][426]Cmd: OBJ SAVEPACKAGE PACKAGE="/Game/Textures/Ships/ACCDECK06_2048" FILE="C:/Users/Magnus/Documents/GitHub/SR_Prototype_V2/SR_Prototype_V2/Content/Textures/Ships/ACCDECK06_2048.uasset" SILENT=true
[2017.08.14-10.40.20:198][426]LogSavePackage: Save=11.05ms
[2017.08.14-10.40.20:198][426]LogSavePackage: Moving 'C:/Users/Magnus/Documents/GitHub/SR_Prototype_V2/SR_Prototype_V2/Saved/ACCDECK06_204838F980CB4808179576369899C6AC220D.tmp' to 'C:/Users/Magnus/Documents/GitHub/SR_Prototype_V2/SR_Prototype_V2/Content/Textures/Ships/ACCDECK06_2048.uasset'
[2017.08.14-10.40.20:200][426]LogSavePackage:Display: Finished SavePackage C:/Users/Magnus/Documents/GitHub/SR_Prototype_V2/SR_Prototype_V2/Content/Textures/Ships/ACCDECK06_2048.uasset
[2017.08.14-10.40.20:202][426]Cmd: OBJ SAVEPACKAGE PACKAGE="/Game/Textures/ACCDECK06_2048" FILE="C:/Users/Magnus/Documents/GitHub/SR_Prototype_V2/SR_Prototype_V2/Content/Textures/ACCDECK06_2048.uasset" SILENT=true
[2017.08.14-10.40.20:220][426]LogSavePackage: Save=4.14ms
[2017.08.14-10.40.20:220][426]LogSavePackage: Moving 'C:/Users/Magnus/Documents/GitHub/SR_Prototype_V2/SR_Prototype_V2/Saved/ACCDECK06_20481F49C97148D1D690B19B1EB86F635883.tmp' to 'C:/Users/Magnus/Documents/GitHub/SR_Prototype_V2/SR_Prototype_V2/Content/Textures/ACCDECK06_2048.uasset'
[2017.08.14-10.40.20:222][426]LogSavePackage:Display: Finished SavePackage C:/Users/Magnus/Documents/GitHub/SR_Prototype_V2/SR_Prototype_V2/Content/Textures/ACCDECK06_2048.uasset
[2017.08.14-10.40.20:231][426]Cmd: OBJ SAVEPACKAGE PACKAGE="/Game/Textures/Ships/MainDeck_2048" FILE="C:/Users/Magnus/Documents/GitHub/SR_Prototype_V2/SR_Prototype_V2/Content/Textures/Ships/MainDeck_2048.uasset" SILENT=true
[2017.08.14-10.40.20:244][426]LogSavePackage: Save=11.19ms
[2017.08.14-10.40.20:244][426]LogSavePackage: Moving 'C:/Users/Magnus/Documents/GitHub/SR_Prototype_V2/SR_Prototype_V2/Saved/MainDeck_2048CB19DDD34672CD056C3D5090968601A9.tmp' to 'C:/Users/Magnus/Documents/GitHub/SR_Prototype_V2/SR_Prototype_V2/Content/Textures/Ships/MainDeck_2048.uasset'
[2017.08.14-10.40.20:246][426]LogSavePackage:Display: Finished SavePackage C:/Users/Magnus/Documents/GitHub/SR_Prototype_V2/SR_Prototype_V2/Content/Textures/Ships/MainDeck_2048.uasset
[2017.08.14-10.40.20:249][426]Cmd: OBJ SAVEPACKAGE PACKAGE="/Game/Textures/MainDeck_2048" FILE="C:/Users/Magnus/Documents/GitHub/SR_Prototype_V2/SR_Prototype_V2/Content/Textures/MainDeck_2048.uasset" SILENT=true
[2017.08.14-10.40.20:266][426]LogSavePackage: Save=3.79ms
[2017.08.14-10.40.20:266][426]LogSavePackage: Moving 'C:/Users/Magnus/Documents/GitHub/SR_Prototype_V2/SR_Prototype_V2/Saved/MainDeck_20483E9152DA497B18EBBC3209827F6D16FF.tmp' to 'C:/Users/Magnus/Documents/GitHub/SR_Prototype_V2/SR_Prototype_V2/Content/Textures/MainDeck_2048.uasset'
[2017.08.14-10.40.20:268][426]LogSavePackage:Display: Finished SavePackage C:/Users/Magnus/Documents/GitHub/SR_Prototype_V2/SR_Prototype_V2/Content/Textures/MainDeck_2048.uasset
[2017.08.14-10.40.20:277][426]Cmd: OBJ SAVEPACKAGE PACKAGE="/Game/Textures/Ships/TankTop_2048" FILE="C:/Users/Magnus/Documents/GitHub/SR_Prototype_V2/SR_Prototype_V2/Content/Textures/Ships/TankTop_2048.uasset" SILENT=true
[2017.08.14-10.40.20:290][426]LogSavePackage: Save=11.82ms
[2017.08.14-10.40.20:290][426]LogSavePackage: Moving 'C:/Users/Magnus/Documents/GitHub/SR_Prototype_V2/SR_Prototype_V2/Saved/TankTop_2048C87F99294C2FC034F7EDE69AFAACDC53.tmp' to 'C:/Users/Magnus/Documents/GitHub/SR_Prototype_V2/SR_Prototype_V2/Content/Textures/Ships/TankTop_2048.uasset'
[2017.08.14-10.40.20:293][426]LogSavePackage:Display: Finished SavePackage C:/Users/Magnus/Documents/GitHub/SR_Prototype_V2/SR_Prototype_V2/Content/Textures/Ships/TankTop_2048.uasset
[2017.08.14-10.40.20:295][426]Cmd: OBJ SAVEPACKAGE PACKAGE="/Game/Textures/TankTop_2048" FILE="C:/Users/Magnus/Documents/GitHub/SR_Prototype_V2/SR_Prototype_V2/Content/Textures/TankTop_2048.uasset" SILENT=true
[2017.08.14-10.40.20:313][426]LogSavePackage: Save=4.13ms
[2017.08.14-10.40.20:313][426]LogSavePackage: Moving 'C:/Users/Magnus/Documents/GitHub/SR_Prototype_V2/SR_Prototype_V2/Saved/TankTop_2048EDB807D54818AF59DCBDB6B8C8215EF9.tmp' to 'C:/Users/Magnus/Documents/GitHub/SR_Prototype_V2/SR_Prototype_V2/Content/Textures/TankTop_2048.uasset'
[2017.08.14-10.40.20:315][426]LogSavePackage:Display: Finished SavePackage C:/Users/Magnus/Documents/GitHub/SR_Prototype_V2/SR_Prototype_V2/Content/Textures/TankTop_2048.uasset
[2017.08.14-10.40.20:323][426]Cmd: OBJ SAVEPACKAGE PACKAGE="/Game/Textures/Ships/TweenDeck_2048" FILE="C:/Users/Magnus/Documents/GitHub/SR_Prototype_V2/SR_Prototype_V2/Content/Textures/Ships/TweenDeck_2048.uasset" SILENT=true
[2017.08.14-10.40.20:337][426]LogSavePackage: Save=12.02ms
[2017.08.14-10.40.20:337][426]LogSavePackage: Moving 'C:/Users/Magnus/Documents/GitHub/SR_Prototype_V2/SR_Prototype_V2/Saved/TweenDeck_20486E6568C94A3C21B538F405B4B6C4E05F.tmp' to 'C:/Users/Magnus/Documents/GitHub/SR_Prototype_V2/SR_Prototype_V2/Content/Textures/Ships/TweenDeck_2048.uasset'
[2017.08.14-10.40.20:339][426]LogSavePackage:Display: Finished SavePackage C:/Users/Magnus/Documents/GitHub/SR_Prototype_V2/SR_Prototype_V2/Content/Textures/Ships/TweenDeck_2048.uasset
[2017.08.14-10.40.20:342][426]Cmd: OBJ SAVEPACKAGE PACKAGE="/Game/Textures/TweenDeck_2048" FILE="C:/Users/Magnus/Documents/GitHub/SR_Prototype_V2/SR_Prototype_V2/Content/Textures/TweenDeck_2048.uasset" SILENT=true
[2017.08.14-10.40.20:359][426]LogSavePackage: Save=3.84ms
[2017.08.14-10.40.20:359][426]LogSavePackage: Moving 'C:/Users/Magnus/Documents/GitHub/SR_Prototype_V2/SR_Prototype_V2/Saved/TweenDeck_20485D2D3DB242192FDFF169A09FB16F248E.tmp' to 'C:/Users/Magnus/Documents/GitHub/SR_Prototype_V2/SR_Prototype_V2/Content/Textures/TweenDeck_2048.uasset'
[2017.08.14-10.40.20:361][426]LogSavePackage:Display: Finished SavePackage C:/Users/Magnus/Documents/GitHub/SR_Prototype_V2/SR_Prototype_V2/Content/Textures/TweenDeck_2048.uasset
[2017.08.14-10.42.26:194][ 81]LogFactory: FactoryCreateFile: Texture with ReimportTextureFactory (0 0 C:\Users\Magnus\Desktop\Scan_Reach\UE_UI\UI_V2\T_Background_DarkBlue.png)
[2017.08.14-10.42.26:379][ 81]LogTexture:Display: Building textures: T_Background_DarkBlue (BGRA8, 2050X2050)
[2017.08.14-10.42.26:800][ 81]LogFactory: FactoryCreateFile: Texture with ReimportTextureFactory (0 0 C:\Users\Magnus\Desktop\Scan_Reach\UE_UI\UI_V2\T_Background_Grey.png)
[2017.08.14-10.42.26:905][ 81]LogTexture:Display: Building textures: T_Background_Grey (BGRA8, 2050X2050)
[2017.08.14-10.42.27:266][ 81]LogFactory: FactoryCreateFile: Texture with ReimportTextureFactory (0 0 C:\Users\Magnus\Desktop\Scan_Reach\UE_UI\UI_V2\T_Background_Light.png)
[2017.08.14-10.42.27:370][ 81]LogTexture:Display: Building textures: T_Background_Light (BGRA8, 2050X2050)
[2017.08.14-10.42.27:805][ 81]LogFactory: FactoryCreateFile: Texture with ReimportTextureFactory (0 0 C:\Users\Magnus\Desktop\Scan_Reach\UE_UI\UI_V2\T_CogWheel_Hover.png)
[2017.08.14-10.42.27:809][ 81]LogTexture:Display: Building textures: T_CogWheel_Hover (BGRA8, 41X41)
[2017.08.14-10.42.27:817][ 81]LogFactory: FactoryCreateFile: Texture with ReimportTextureFactory (0 0 C:\Users\Magnus\Desktop\Scan_Reach\UE_UI\UI_V2\T_CogWheel_Idle.png)
[2017.08.14-10.42.27:820][ 81]LogTexture:Display: Building textures: T_CogWheel_Idle (BGRA8, 42X42)
[2017.08.14-10.42.27:826][ 81]LogFactory: FactoryCreateFile: Texture with ReimportTextureFactory (0 0 C:\Users\Magnus\Desktop\Scan_Reach\UE_UI\UI_V2\T_CogWheel_Press.png)
[2017.08.14-10.42.27:829][ 81]LogTexture:Display: Building textures: T_CogWheel_Press (BGRA8, 42X42)
[2017.08.14-10.42.27:835][ 81]LogFactory: FactoryCreateFile: Texture with ReimportTextureFactory (0 0 C:\Users\Magnus\Desktop\Scan_Reach\UE_UI\UI_V2\T_Deck_NamePlate.png)
[2017.08.14-10.42.27:838][ 81]LogTexture:Display: Building textures: T_Deck_NamePlate (BGRA8, 202X45)
[2017.08.14-10.42.27:846][ 81]LogFactory: FactoryCreateFile: Texture with ReimportTextureFactory (0 0 C:\Users\Magnus\Desktop\Scan_Reach\UE_UI\UI_V2\T_ExitHover.png)
[2017.08.14-10.42.27:848][ 81]LogTexture:Display: Building textures: T_ExitHover (BGRA8, 56X37)
[2017.08.14-10.42.27:854][ 81]LogFactory: FactoryCreateFile: Texture with ReimportTextureFactory (0 0 C:\Users\Magnus\Desktop\Scan_Reach\UE_UI\UI_V2\T_ExitIdle.png)
[2017.08.14-10.42.27:856][ 81]LogTexture:Display: Building textures: T_ExitIdle (BGRA8, 56X37)
[2017.08.14-10.42.27:861][ 81]LogFactory: FactoryCreateFile: Texture with ReimportTextureFactory (0 0 C:\Users\Magnus\Desktop\Scan_Reach\UE_UI\UI_V2\T_ExitPress.png)
[2017.08.14-10.42.27:864][ 81]LogTexture:Display: Building textures: T_ExitPress (BGRA8, 56X37)
[2017.08.14-10.42.27:870][ 81]LogFactory: FactoryCreateFile: Texture with ReimportTextureFactory (0 0 C:\Users\Magnus\Desktop\Scan_Reach\UE_UI\UI_V2\T_Info_Background.png)
[2017.08.14-10.42.27:881][ 81]LogTexture:Display: Building textures: T_Info_Background (BGRA8, 445X1082)
[2017.08.14-10.42.27:935][ 81]LogFactory: FactoryCreateFile: Texture with ReimportTextureFactory (0 0 C:\Users\Magnus\Desktop\Scan_Reach\UE_UI\UI_V2\T_Info_StatusBackground.png)
[2017.08.14-10.42.27:938][ 81]LogTexture:Display: Building textures: T_Info_StatusBackground (BGRA8, 445X61)
[2017.08.14-10.42.27:946][ 81]LogFactory: FactoryCreateFile: Texture with ReimportTextureFactory (0 0 C:\Users\Magnus\Desktop\Scan_Reach\UE_UI\UI_V2\T_Info_TextHighlight.png)
[2017.08.14-10.42.27:949][ 81]LogTexture:Display: Building textures: T_Info_TextHighlight (BGRA8, 445X39)
[2017.08.14-10.42.27:956][ 81]LogFactory: FactoryCreateFile: Texture with ReimportTextureFactory (0 0 C:\Users\Magnus\Desktop\Scan_Reach\UE_UI\UI_V2\T_List_ViewButton.png)
[2017.08.14-10.42.27:961][ 81]LogTexture:Display: Building textures: T_List_ViewButton (BGRA8, 71X71)
[2017.08.14-10.42.27:967][ 81]LogFactory: FactoryCreateFile: Texture with ReimportTextureFactory (0 0 C:\Users\Magnus\Desktop\Scan_Reach\UE_UI\UI_V2\T_Map_ViewButton.png)
[2017.08.14-10.42.27:970][ 81]LogTexture:Display: Building textures: T_Map_ViewButton (BGRA8, 71X71)
[2017.08.14-10.42.27:976][ 81]LogFactory: FactoryCreateFile: Texture with ReimportTextureFactory (0 0 C:\Users\Magnus\Desktop\Scan_Reach\UE_UI\UI_V2\T_ScrollBar.png)
[2017.08.14-10.42.27:978][ 81]LogTexture:Display: Building textures: T_ScrollBar (BGRA8, 21X213)
[2017.08.14-10.42.27:985][ 81]LogFactory: FactoryCreateFile: Texture with ReimportTextureFactory (0 0 C:\Users\Magnus\Desktop\Scan_Reach\UE_UI\UI_V2\T_ScrollBar_Background.png)
[2017.08.14-10.42.27:988][ 81]LogTexture:Display: Building textures: T_ScrollBar_Background (BGRA8, 31X986)
[2017.08.14-10.42.27:997][ 81]LogFactory: FactoryCreateFile: Texture with ReimportTextureFactory (0 0 C:\Users\Magnus\Desktop\Scan_Reach\UE_UI\UI_V2\T_TopBar.png)
[2017.08.14-10.42.28:000][ 81]LogTexture:Display: Building textures: T_TopBar (BGRA8, 1922X62)
[2017.08.14-10.42.28:014][ 81]LogFactory: FactoryCreateFile: Texture with ReimportTextureFactory (0 0 C:\Users\Magnus\Desktop\Scan_Reach\UE_UI\UI_V2\T_ZoomCam_Border.png)
[2017.08.14-10.42.28:019][ 81]LogTexture:Display: Building textures: T_ZoomCam_Border (BGRA8, 445X320)
[2017.08.14-10.42.35:303][351]Cmd: OBJ SAVEPACKAGE PACKAGE="/Game/Textures/UI/T_ZoomCam_Border" FILE="C:/Users/Magnus/Documents/GitHub/SR_Prototype_V2/SR_Prototype_V2/Content/Textures/UI/T_ZoomCam_Border.uasset" SILENT=true
[2017.08.14-10.42.35:317][351]LogSavePackage: Save=11.47ms
[2017.08.14-10.42.35:317][351]LogSavePackage: Moving 'C:/Users/Magnus/Documents/GitHub/SR_Prototype_V2/SR_Prototype_V2/Saved/T_ZoomCam_Border0454E7584F756B1C6A8F15AC8FA4EFF8.tmp' to 'C:/Users/Magnus/Documents/GitHub/SR_Prototype_V2/SR_Prototype_V2/Content/Textures/UI/T_ZoomCam_Border.uasset'
[2017.08.14-10.42.35:319][351]LogSavePackage:Display: Finished SavePackage C:/Users/Magnus/Documents/GitHub/SR_Prototype_V2/SR_Prototype_V2/Content/Textures/UI/T_ZoomCam_Border.uasset
[2017.08.14-10.42.35:330][351]Cmd: OBJ SAVEPACKAGE PACKAGE="/Game/Textures/UI/T_Background_DarkBlue" FILE="C:/Users/Magnus/Documents/GitHub/SR_Prototype_V2/SR_Prototype_V2/Content/Textures/UI/T_Background_DarkBlue.uasset" SILENT=true
[2017.08.14-10.42.35:485][351]LogSavePackage: Save=153.23ms
[2017.08.14-10.42.35:485][351]LogSavePackage: Moving 'C:/Users/Magnus/Documents/GitHub/SR_Prototype_V2/SR_Prototype_V2/Saved/T_Background_DarkBlue18D418174709B1D3E22B05AE9966715B.tmp' to 'C:/Users/Magnus/Documents/GitHub/SR_Prototype_V2/SR_Prototype_V2/Content/Textures/UI/T_Background_DarkBlue.uasset'
[2017.08.14-10.42.35:487][351]LogSavePackage:Display: Finished SavePackage C:/Users/Magnus/Documents/GitHub/SR_Prototype_V2/SR_Prototype_V2/Content/Textures/UI/T_Background_DarkBlue.uasset
[2017.08.14-10.42.35:498][351]Cmd: OBJ SAVEPACKAGE PACKAGE="/Game/Textures/UI/T_Background_Grey" FILE="C:/Users/Magnus/Documents/GitHub/SR_Prototype_V2/SR_Prototype_V2/Content/Textures/UI/T_Background_Grey.uasset" SILENT=true
[2017.08.14-10.42.35:647][351]LogSavePackage: Save=146.40ms
[2017.08.14-10.42.35:647][351]LogSavePackage: Moving 'C:/Users/Magnus/Documents/GitHub/SR_Prototype_V2/SR_Prototype_V2/Saved/T_Background_GreyF13AED1547AC4170AEC321BE4A50BBEA.tmp' to 'C:/Users/Magnus/Documents/GitHub/SR_Prototype_V2/SR_Prototype_V2/Content/Textures/UI/T_Background_Grey.uasset'
[2017.08.14-10.42.35:649][351]LogSavePackage:Display: Finished SavePackage C:/Users/Magnus/Documents/GitHub/SR_Prototype_V2/SR_Prototype_V2/Content/Textures/UI/T_Background_Grey.uasset
[2017.08.14-10.42.35:661][351]Cmd: OBJ SAVEPACKAGE PACKAGE="/Game/Textures/UI/T_Background_Light" FILE="C:/Users/Magnus/Documents/GitHub/SR_Prototype_V2/SR_Prototype_V2/Content/Textures/UI/T_Background_Light.uasset" SILENT=true
[2017.08.14-10.42.35:805][351]LogSavePackage: Save=142.21ms
[2017.08.14-10.42.35:805][351]LogSavePackage: Moving 'C:/Users/Magnus/Documents/GitHub/SR_Prototype_V2/SR_Prototype_V2/Saved/T_Background_Light2D91BBF74D4CFCCE87FBE5AC1262D509.tmp' to 'C:/Users/Magnus/Documents/GitHub/SR_Prototype_V2/SR_Prototype_V2/Content/Textures/UI/T_Background_Light.uasset'
[2017.08.14-10.42.35:807][351]LogSavePackage:Display: Finished SavePackage C:/Users/Magnus/Documents/GitHub/SR_Prototype_V2/SR_Prototype_V2/Content/Textures/UI/T_Background_Light.uasset
[2017.08.14-10.42.35:811][351]Cmd: OBJ SAVEPACKAGE PACKAGE="/Game/Textures/UI/T_CogWheel_Hover" FILE="C:/Users/Magnus/Documents/GitHub/SR_Prototype_V2/SR_Prototype_V2/Content/Textures/UI/T_CogWheel_Hover.uasset" SILENT=true
[2017.08.14-10.42.35:817][351]LogSavePackage: Save=4.56ms
[2017.08.14-10.42.35:817][351]LogSavePackage: Moving 'C:/Users/Magnus/Documents/GitHub/SR_Prototype_V2/SR_Prototype_V2/Saved/T_CogWheel_Hover26B4C3C44395268C357039B7F427A30D.tmp' to 'C:/Users/Magnus/Documents/GitHub/SR_Prototype_V2/SR_Prototype_V2/Content/Textures/UI/T_CogWheel_Hover.uasset'
[2017.08.14-10.42.35:819][351]LogSavePackage:Display: Finished SavePackage C:/Users/Magnus/Documents/GitHub/SR_Prototype_V2/SR_Prototype_V2/Content/Textures/UI/T_CogWheel_Hover.uasset
[2017.08.14-10.42.35:821][351]Cmd: OBJ SAVEPACKAGE PACKAGE="/Game/Textures/UI/T_CogWheel_Idle" FILE="C:/Users/Magnus/Documents/GitHub/SR_Prototype_V2/SR_Prototype_V2/Content/Textures/UI/T_CogWheel_Idle.uasset" SILENT=true
[2017.08.14-10.42.35:828][351]LogSavePackage: Save=4.51ms
[2017.08.14-10.42.35:828][351]LogSavePackage: Moving 'C:/Users/Magnus/Documents/GitHub/SR_Prototype_V2/SR_Prototype_V2/Saved/T_CogWheel_Idle16CBE5564C291706508985A5775445CD.tmp' to 'C:/Users/Magnus/Documents/GitHub/SR_Prototype_V2/SR_Prototype_V2/Content/Textures/UI/T_CogWheel_Idle.uasset'
[2017.08.14-10.42.35:831][351]LogSavePackage:Display: Finished SavePackage C:/Users/Magnus/Documents/GitHub/SR_Prototype_V2/SR_Prototype_V2/Content/Textures/UI/T_CogWheel_Idle.uasset
[2017.08.14-10.42.35:834][351]Cmd: OBJ SAVEPACKAGE PACKAGE="/Game/Textures/UI/T_CogWheel_Press" FILE="C:/Users/Magnus/Documents/GitHub/SR_Prototype_V2/SR_Prototype_V2/Content/Textures/UI/T_CogWheel_Press.uasset" SILENT=true
[2017.08.14-10.42.35:840][351]LogSavePackage: Save=4.72ms
[2017.08.14-10.42.35:840][351]LogSavePackage: Moving 'C:/Users/Magnus/Documents/GitHub/SR_Prototype_V2/SR_Prototype_V2/Saved/T_CogWheel_PressAD6C6F9E4D8019CFD034CDAE1AC24265.tmp' to 'C:/Users/Magnus/Documents/GitHub/SR_Prototype_V2/SR_Prototype_V2/Content/Textures/UI/T_CogWheel_Press.uasset'
[2017.08.14-10.42.35:842][351]LogSavePackage:Display: Finished SavePackage C:/Users/Magnus/Documents/GitHub/SR_Prototype_V2/SR_Prototype_V2/Content/Textures/UI/T_CogWheel_Press.uasset
[2017.08.14-10.42.35:847][351]Cmd: OBJ SAVEPACKAGE PACKAGE="/Game/Textures/UI/T_Deck_NamePlate" FILE="C:/Users/Magnus/Documents/GitHub/SR_Prototype_V2/SR_Prototype_V2/Content/Textures/UI/T_Deck_NamePlate.uasset" SILENT=true
[2017.08.14-10.42.35:853][351]LogSavePackage: Save=4.99ms
[2017.08.14-10.42.35:853][351]LogSavePackage: Moving 'C:/Users/Magnus/Documents/GitHub/SR_Prototype_V2/SR_Prototype_V2/Saved/T_Deck_NamePlate69D1356A467AF0C62A02E1BFF9A7026C.tmp' to 'C:/Users/Magnus/Documents/GitHub/SR_Prototype_V2/SR_Prototype_V2/Content/Textures/UI/T_Deck_NamePlate.uasset'
[2017.08.14-10.42.35:856][351]LogSavePackage:Display: Finished SavePackage C:/Users/Magnus/Documents/GitHub/SR_Prototype_V2/SR_Prototype_V2/Content/Textures/UI/T_Deck_NamePlate.uasset
[2017.08.14-10.42.35:859][351]Cmd: OBJ SAVEPACKAGE PACKAGE="/Game/Textures/UI/T_ExitHover" FILE="C:/Users/Magnus/Documents/GitHub/SR_Prototype_V2/SR_Prototype_V2/Content/Textures/UI/T_ExitHover.uasset" SILENT=true
[2017.08.14-10.42.35:867][351]LogSavePackage: Save=5.22ms
[2017.08.14-10.42.35:867][351]LogSavePackage: Moving 'C:/Users/Magnus/Documents/GitHub/SR_Prototype_V2/SR_Prototype_V2/Saved/T_ExitHoverD945A4304407E966C8282197988D21D3.tmp' to 'C:/Users/Magnus/Documents/GitHub/SR_Prototype_V2/SR_Prototype_V2/Content/Textures/UI/T_ExitHover.uasset'
[2017.08.14-10.42.35:870][351]LogSavePackage:Display: Finished SavePackage C:/Users/Magnus/Documents/GitHub/SR_Prototype_V2/SR_Prototype_V2/Content/Textures/UI/T_ExitHover.uasset
[2017.08.14-10.42.35:874][351]Cmd: OBJ SAVEPACKAGE PACKAGE="/Game/Textures/UI/T_ExitIdle" FILE="C:/Users/Magnus/Documents/GitHub/SR_Prototype_V2/SR_Prototype_V2/Content/Textures/UI/T_ExitIdle.uasset" SILENT=true
[2017.08.14-10.42.35:880][351]LogSavePackage: Save=4.92ms
[2017.08.14-10.42.35:881][351]LogSavePackage: Moving 'C:/Users/Magnus/Documents/GitHub/SR_Prototype_V2/SR_Prototype_V2/Saved/T_ExitIdleEAE3A2444C24F0D9A29F5DB88C3CF808.tmp' to 'C:/Users/Magnus/Documents/GitHub/SR_Prototype_V2/SR_Prototype_V2/Content/Textures/UI/T_ExitIdle.uasset'
[2017.08.14-10.42.35:883][351]LogSavePackage:Display: Finished SavePackage C:/Users/Magnus/Documents/GitHub/SR_Prototype_V2/SR_Prototype_V2/Content/Textures/UI/T_ExitIdle.uasset
[2017.08.14-10.42.35:886][351]Cmd: OBJ SAVEPACKAGE PACKAGE="/Game/Textures/UI/T_ExitPress" FILE="C:/Users/Magnus/Documents/GitHub/SR_Prototype_V2/SR_Prototype_V2/Content/Textures/UI/T_ExitPress.uasset" SILENT=true
[2017.08.14-10.42.35:892][351]LogSavePackage: Save=4.62ms
[2017.08.14-10.42.35:892][351]LogSavePackage: Moving 'C:/Users/Magnus/Documents/GitHub/SR_Prototype_V2/SR_Prototype_V2/Saved/T_ExitPressA77E94854D7BDCC739EFE6B597B89B24.tmp' to 'C:/Users/Magnus/Documents/GitHub/SR_Prototype_V2/SR_Prototype_V2/Content/Textures/UI/T_ExitPress.uasset'
[2017.08.14-10.42.35:894][351]LogSavePackage:Display: Finished SavePackage C:/Users/Magnus/Documents/GitHub/SR_Prototype_V2/SR_Prototype_V2/Content/Textures/UI/T_ExitPress.uasset
[2017.08.14-10.42.35:900][351]Cmd: OBJ SAVEPACKAGE PACKAGE="/Game/Textures/UI/T_Info_Background" FILE="C:/Users/Magnus/Documents/GitHub/SR_Prototype_V2/SR_Prototype_V2/Content/Textures/UI/T_Info_Background.uasset" SILENT=true
[2017.08.14-10.42.35:923][351]LogSavePackage: Save=21.39ms
[2017.08.14-10.42.35:923][351]LogSavePackage: Moving 'C:/Users/Magnus/Documents/GitHub/SR_Prototype_V2/SR_Prototype_V2/Saved/T_Info_BackgroundAD32BCBB4ECB1074182FE38D71AAFFBF.tmp' to 'C:/Users/Magnus/Documents/GitHub/SR_Prototype_V2/SR_Prototype_V2/Content/Textures/UI/T_Info_Background.uasset'
[2017.08.14-10.42.35:925][351]LogSavePackage:Display: Finished SavePackage C:/Users/Magnus/Documents/GitHub/SR_Prototype_V2/SR_Prototype_V2/Content/Textures/UI/T_Info_Background.uasset
[2017.08.14-10.42.35:936][351]LogSavePackage: Save=5.66ms
[2017.08.14-10.42.35:936][351]LogSavePackage: Moving 'C:/Users/Magnus/Documents/GitHub/SR_Prototype_V2/SR_Prototype_V2/Saved/T_Info_StatusBackground859D57F0461E84C64DFCACA36B8665AB.tmp' to 'C:/Users/Magnus/Documents/GitHub/SR_Prototype_V2/SR_Prototype_V2/Content/Textures/UI/T_Info_StatusBackground.uasset'
[2017.08.14-10.42.35:938][351]LogSavePackage:Display: Finished SavePackage C:/Users/Magnus/Documents/GitHub/SR_Prototype_V2/SR_Prototype_V2/Content/Textures/UI/T_Info_StatusBackground.uasset
[2017.08.14-10.42.35:941][351]Cmd: OBJ SAVEPACKAGE PACKAGE="/Game/Textures/UI/T_Info_TextHighlight" FILE="C:/Users/Magnus/Documents/GitHub/SR_Prototype_V2/SR_Prototype_V2/Content/Textures/UI/T_Info_TextHighlight.uasset" SILENT=true
[2017.08.14-10.42.35:949][351]LogSavePackage: Save=5.40ms
[2017.08.14-10.42.35:949][351]LogSavePackage: Moving 'C:/Users/Magnus/Documents/GitHub/SR_Prototype_V2/SR_Prototype_V2/Saved/T_Info_TextHighlightE0C30EB64EB01343501451A5C2284CCE.tmp' to 'C:/Users/Magnus/Documents/GitHub/SR_Prototype_V2/SR_Prototype_V2/Content/Textures/UI/T_Info_TextHighlight.uasset'
[2017.08.14-10.42.35:951][351]LogSavePackage:Display: Finished SavePackage C:/Users/Magnus/Documents/GitHub/SR_Prototype_V2/SR_Prototype_V2/Content/Textures/UI/T_Info_TextHighlight.uasset
[2017.08.14-10.42.35:954][351]Cmd: OBJ SAVEPACKAGE PACKAGE="/Game/Textures/UI/T_List_ViewButton" FILE="C:/Users/Magnus/Documents/GitHub/SR_Prototype_V2/SR_Prototype_V2/Content/Textures/UI/T_List_ViewButton.uasset" SILENT=true
[2017.08.14-10.42.35:961][351]LogSavePackage: Save=4.83ms
[2017.08.14-10.42.35:961][351]LogSavePackage: Moving 'C:/Users/Magnus/Documents/GitHub/SR_Prototype_V2/SR_Prototype_V2/Saved/T_List_ViewButtonF041EA194D6ECA22ABDFCEB0BA7955CC.tmp' to 'C:/Users/Magnus/Documents/GitHub/SR_Prototype_V2/SR_Prototype_V2/Content/Textures/UI/T_List_ViewButton.uasset'
[2017.08.14-10.42.35:963][351]LogSavePackage:Display: Finished SavePackage C:/Users/Magnus/Documents/GitHub/SR_Prototype_V2/SR_Prototype_V2/Content/Textures/UI/T_List_ViewButton.uasset
[2017.08.14-10.42.35:966][351]Cmd: OBJ SAVEPACKAGE PACKAGE="/Game/Textures/UI/T_Map_ViewButton" FILE="C:/Users/Magnus/Documents/GitHub/SR_Prototype_V2/SR_Prototype_V2/Content/Textures/UI/T_Map_ViewButton.uasset" SILENT=true
[2017.08.14-10.42.35:973][351]LogSavePackage: Save=5.10ms
[2017.08.14-10.42.35:973][351]LogSavePackage: Moving 'C:/Users/Magnus/Documents/GitHub/SR_Prototype_V2/SR_Prototype_V2/Saved/T_Map_ViewButtonED96F2504C2DE24A40E3B2A4D5E0E947.tmp' to 'C:/Users/Magnus/Documents/GitHub/SR_Prototype_V2/SR_Prototype_V2/Content/Textures/UI/T_Map_ViewButton.uasset'
[2017.08.14-10.42.35:975][351]LogSavePackage:Display: Finished SavePackage C:/Users/Magnus/Documents/GitHub/SR_Prototype_V2/SR_Prototype_V2/Content/Textures/UI/T_Map_ViewButton.uasset
[2017.08.14-10.42.35:979][351]Cmd: OBJ SAVEPACKAGE PACKAGE="/Game/Textures/UI/T_ScrollBar" FILE="C:/Users/Magnus/Documents/GitHub/SR_Prototype_V2/SR_Prototype_V2/Content/Textures/UI/T_ScrollBar.uasset" SILENT=true
[2017.08.14-10.42.35:985][351]LogSavePackage: Save=4.72ms
[2017.08.14-10.42.35:985][351]LogSavePackage: Moving 'C:/Users/Magnus/Documents/GitHub/SR_Prototype_V2/SR_Prototype_V2/Saved/T_ScrollBarCE4FABF44204BCAD971ACBBE6F84858F.tmp' to 'C:/Users/Magnus/Documents/GitHub/SR_Prototype_V2/SR_Prototype_V2/Content/Textures/UI/T_ScrollBar.uasset'
[2017.08.14-10.42.35:987][351]LogSavePackage:Display: Finished SavePackage C:/Users/Magnus/Documents/GitHub/SR_Prototype_V2/SR_Prototype_V2/Content/Textures/UI/T_ScrollBar.uasset
[2017.08.14-10.42.35:998][351]LogSavePackage: Save=5.63ms
[2017.08.14-10.42.35:998][351]LogSavePackage: Moving 'C:/Users/Magnus/Documents/GitHub/SR_Prototype_V2/SR_Prototype_V2/Saved/T_ScrollBar_Background28D8D1694019A072DBC8149D11614D18.tmp' to 'C:/Users/Magnus/Documents/GitHub/SR_Prototype_V2/SR_Prototype_V2/Content/Textures/UI/T_ScrollBar_Background.uasset'
[2017.08.14-10.42.36:001][351]LogSavePackage:Display: Finished SavePackage C:/Users/Magnus/Documents/GitHub/SR_Prototype_V2/SR_Prototype_V2/Content/Textures/UI/T_ScrollBar_Background.uasset
[2017.08.14-10.42.36:004][351]Cmd: OBJ SAVEPACKAGE PACKAGE="/Game/Textures/UI/T_TopBar" FILE="C:/Users/Magnus/Documents/GitHub/SR_Prototype_V2/SR_Prototype_V2/Content/Textures/UI/T_TopBar.uasset" SILENT=true
[2017.08.14-10.42.36:014][351]LogSavePackage: Save=8.67ms
[2017.08.14-10.42.36:014][351]LogSavePackage: Moving 'C:/Users/Magnus/Documents/GitHub/SR_Prototype_V2/SR_Prototype_V2/Saved/T_TopBar9DB8C91D4B45DE61E66B0696B8EA644F.tmp' to 'C:/Users/Magnus/Documents/GitHub/SR_Prototype_V2/SR_Prototype_V2/Content/Textures/UI/T_TopBar.uasset'
[2017.08.14-10.42.36:016][351]LogSavePackage:Display: Finished SavePackage C:/Users/Magnus/Documents/GitHub/SR_Prototype_V2/SR_Prototype_V2/Content/Textures/UI/T_TopBar.uasset
[2017.08.14-10.42.51:162][ 73]LogContentBrowser: Native class hierarchy updated for 'BlueprintGraph' in 0.0009 seconds. Added 112 classes and 0 folders.
[2017.08.14-10.42.52:312][ 73]LogSlate: Took 0.000255 seconds to synchronously load lazily loaded font '../../../Engine/Content/Slate/Fonts/Roboto-Light.ttf' (159K)
[2017.08.14-10.42.52:340][ 73]LogSlate: Took 0.016180 seconds to synchronously load lazily loaded font '../../../Engine/Content/Editor/Slate/Fonts/Roboto-BoldCondensed.ttf' (158K)
[2017.08.14-10.43.23:446][701]LogSavePackage: Save=197.53ms
[2017.08.14-10.43.23:446][701]LogSavePackage: Moving 'C:/Users/Magnus/Documents/GitHub/SR_Prototype_V2/SR_Prototype_V2/Saved/ScanReach_Map26A507B54CF3708CB4F951B3078C0ED5.tmp' to 'C:/Users/Magnus/Documents/GitHub/SR_Prototype_V2/SR_Prototype_V2/Content/Scenes/ScanReach_Map.umap'
[2017.08.14-10.43.23:449][701]LogSavePackage:Display: Finished SavePackage C:/Users/Magnus/Documents/GitHub/SR_Prototype_V2/SR_Prototype_V2/Content/Scenes/ScanReach_Map.umap
[2017.08.14-10.43.23:473][701]Cmd: OBJ SAVEPACKAGE PACKAGE="/Game/Scenes/ScanReach_Map_BuiltData" FILE="C:/Users/Magnus/Documents/GitHub/SR_Prototype_V2/SR_Prototype_V2/Content/Scenes/ScanReach_Map_BuiltData.uasset" SILENT=true
[2017.08.14-10.43.23:502][701]LogSavePackage: Save=15.98ms
[2017.08.14-10.43.23:503][701]LogSavePackage: Moving 'C:/Users/Magnus/Documents/GitHub/SR_Prototype_V2/SR_Prototype_V2/Saved/ScanReach_Map_BuiltData9EDED5DE465404A19E8C42BC2E98651D.tmp' to 'C:/Users/Magnus/Documents/GitHub/SR_Prototype_V2/SR_Prototype_V2/Content/Scenes/ScanReach_Map_BuiltData.uasset'
[2017.08.14-10.43.23:503][701]LogSavePackage:Display: Finished SavePackage C:/Users/Magnus/Documents/GitHub/SR_Prototype_V2/SR_Prototype_V2/Content/Scenes/ScanReach_Map_BuiltData.uasset
[2017.08.14-10.43.40:599][526]Cmd: OBJ SAVEPACKAGE PACKAGE="/Game/Blueprints/Ship/BP_Ship" FILE="C:/Users/Magnus/Documents/GitHub/SR_Prototype_V2/SR_Prototype_V2/Content/Blueprints/Ship/BP_Ship.uasset" SILENT=true
[2017.08.14-10.43.41:038][526]LogSavePackage: Save=423.90ms
[2017.08.14-10.43.41:038][526]LogSavePackage: Moving 'C:/Users/Magnus/Documents/GitHub/SR_Prototype_V2/SR_Prototype_V2/Saved/BP_ShipABB2C44B4C6F36E92C6B0EB772D4ED8A.tmp' to 'C:/Users/Magnus/Documents/GitHub/SR_Prototype_V2/SR_Prototype_V2/Content/Blueprints/Ship/BP_Ship.uasset'
[2017.08.14-10.43.41:040][526]LogSavePackage:Display: Finished SavePackage C:/Users/Magnus/Documents/GitHub/SR_Prototype_V2/SR_Prototype_V2/Content/Blueprints/Ship/BP_Ship.uasset
[2017.08.14-10.43.41:182][526]LogWindowsTextInputMethodSystem:Display: IME system now deactivated.
[2017.08.14-10.43.41:416][527]Cmd: QUIT_EDITOR
[2017.08.14-10.43.41:485][527]LogExit: Preparing to exit.
[2017.08.14-10.43.42:504][527]LogExit: Editor shut down
[2017.08.14-10.43.42:505][527]LogExit: Transaction tracking system shut down
[2017.08.14-10.43.42:749][527]LogObj: Freed 0b from 0 cluster array pools.
[2017.08.14-10.43.42:749][527]LogExit: Object subsystem successfully closed.
[2017.08.14-10.43.42:796][527]LogD3D11RHI: Shutdown
[2017.08.14-10.43.42:796][527]LogD3D11RHI: CleanupD3DDevice
[2017.08.14-10.43.42:861][527]LogD3D11RHI: ~FD3D11DynamicRHI
[2017.08.14-10.43.43:018][527]LogModuleManager: Shutting down and abandoning module SequencerWidgets (530)
[2017.08.14-10.43.43:018][527]LogModuleManager: Shutting down and abandoning module BlueprintGraph (528)
[2017.08.14-10.43.43:018][527]LogModuleManager: Shutting down and abandoning module BlueprintProfiler (526)
[2017.08.14-10.43.43:019][527]LogModuleManager: Shutting down and abandoning module HierarchicalLODOutliner (524)
[2017.08.14-10.43.43:019][527]LogModuleManager: Shutting down and abandoning module CrashTracker (522)
[2017.08.14-10.43.43:019][527]LogModuleManager: Shutting down and abandoning module SceneOutliner (520)
[2017.08.14-10.43.43:019][527]LogModuleManager: Shutting down and abandoning module AddContentDialog (518)
[2017.08.14-10.43.43:020][527]LogDirectoryWatcher: A directory notification for 'D:/UE_4.16/FeaturePacks/' was aborted.
[2017.08.14-10.43.43:021][527]LogModuleManager: Shutting down and abandoning module WidgetCarousel (517)
[2017.08.14-10.43.43:022][527]LogModuleManager: Shutting down and abandoning module EditorWidgets (514)
[2017.08.14-10.43.43:022][527]LogModuleManager: Shutting down and abandoning module CollectionManager (512)
[2017.08.14-10.43.43:022][527]LogDirectoryWatcher: A directory notification for 'C:/Users/Magnus/Documents/GitHub/SR_Prototype_V2/SR_Prototype_V2/Content/Collections/' was aborted.
[2017.08.14-10.43.43:022][527]LogDirectoryWatcher: A directory notification for 'C:/Users/Magnus/Documents/GitHub/SR_Prototype_V2/SR_Prototype_V2/Content/Developers/Magnus/Collections/' was aborted.
[2017.08.14-10.43.43:022][527]LogDirectoryWatcher: A directory notification for 'C:/Users/Magnus/Documents/GitHub/SR_Prototype_V2/SR_Prototype_V2/Saved/Collections/' was aborted.
[2017.08.14-10.43.43:022][527]LogModuleManager: Shutting down and abandoning module StatsViewer (510)
[2017.08.14-10.43.43:022][527]LogModuleManager: Shutting down and abandoning module FoliageEdit (508)
[2017.08.14-10.43.43:022][527]LogModuleManager: Shutting down and abandoning module LandscapeEditor (506)
[2017.08.14-10.43.43:023][527]LogModuleManager: Shutting down and abandoning module MeshPaintMode (504)
[2017.08.14-10.43.43:023][527]LogModuleManager: Shutting down and abandoning module SceneDepthPickerMode (502)
[2017.08.14-10.43.43:023][527]LogModuleManager: Shutting down and abandoning module ActorPickerMode (500)
[2017.08.14-10.43.43:023][527]LogModuleManager: Shutting down and abandoning module GeometryMode (498)
[2017.08.14-10.43.43:023][527]LogModuleManager: Shutting down and abandoning module TextureAlignMode (496)
[2017.08.14-10.43.43:023][527]LogModuleManager: Shutting down and abandoning module BspMode (494)
[2017.08.14-10.43.43:023][527]LogModuleManager: Shutting down and abandoning module HardwareSurvey (492)
[2017.08.14-10.43.43:023][527]LogModuleManager: Shutting down and abandoning module SequenceRecorderSections (490)
[2017.08.14-10.43.43:023][527]LogModuleManager: Shutting down and abandoning module AutomationWorker (488)
[2017.08.14-10.43.43:023][527]LogModuleManager: Shutting down and abandoning module MatineeToLevelSequence (486)
[2017.08.14-10.43.43:024][527]LogModuleManager: Shutting down and abandoning module LevelSequenceEditor (484)
[2017.08.14-10.43.43:025][527]LogModuleManager: Shutting down and abandoning module PlacementMode (483)
[2017.08.14-10.43.43:025][527]LogModuleManager: Shutting down and abandoning module WmfMediaFactory (480)
[2017.08.14-10.43.43:025][527]LogModuleManager: Shutting down and abandoning module WmfMediaEditor (478)
[2017.08.14-10.43.43:025][527]LogModuleManager: Shutting down and abandoning module AvfMediaFactory (476)
[2017.08.14-10.43.43:025][527]LogModuleManager: Shutting down and abandoning module AvfMediaEditor (474)
[2017.08.14-10.43.43:025][527]LogModuleManager: Shutting down and abandoning module AndroidMediaFactory (472)
[2017.08.14-10.43.43:025][527]LogModuleManager: Shutting down and abandoning module Media (471)
[2017.08.14-10.43.43:025][527]LogModuleManager: Shutting down and abandoning module AndroidMediaEditor (468)
[2017.08.14-10.43.43:025][527]LogModuleManager: Shutting down and abandoning module CharacterAI (466)
[2017.08.14-10.43.43:025][527]LogModuleManager: Shutting down and abandoning module AudioCapture (464)
[2017.08.14-10.43.43:025][527]LogModuleManager: Shutting down and abandoning module SequenceRecorder (463)
[2017.08.14-10.43.43:025][527]LogModuleManager: Shutting down and abandoning module SmartSnapping (460)
[2017.08.14-10.43.43:025][527]LogModuleManager: Shutting down and abandoning module SessionServices (458)
[2017.08.14-10.43.43:025][527]LogModuleManager: Shutting down and abandoning module ViewportSnapping (456)
[2017.08.14-10.43.43:025][527]LogModuleManager: Shutting down and abandoning module ViewportInteraction (454)
[2017.08.14-10.43.43:025][527]LogModuleManager: Shutting down and abandoning module ClothPainter (452)
[2017.08.14-10.43.43:032][527]LogModuleManager: Shutting down and abandoning module LogVisualizer (450)
[2017.08.14-10.43.43:033][527]LogModuleManager: Shutting down and abandoning module IntroTutorials (448)
[2017.08.14-10.43.43:033][527]LogModuleManager: Shutting down and abandoning module GameProjectGeneration (447)
[2017.08.14-10.43.43:047][527]LogModuleManager: Shutting down and abandoning module EditorLiveStreaming (444)
[2017.08.14-10.43.43:047][527]LogModuleManager: Shutting down and abandoning module IOSPlatformEditor (442)
[2017.08.14-10.43.43:048][527]LogModuleManager: Shutting down and abandoning module HTML5PlatformEditor (440)
[2017.08.14-10.43.43:048][527]LogModuleManager: Shutting down and abandoning module AndroidPlatformEditor (438)
[2017.08.14-10.43.43:048][527]LogModuleManager: Shutting down and abandoning module AndroidDeviceDetection (437)
[2017.08.14-10.43.43:634][527]LogModuleManager: Shutting down and abandoning module IOSRuntimeSettings (434)
[2017.08.14-10.43.43:634][527]LogModuleManager: Shutting down and abandoning module AndroidRuntimeSettings (432)
[2017.08.14-10.43.43:634][527]LogModuleManager: Shutting down and abandoning module InputBindingEditor (430)
[2017.08.14-10.43.43:634][527]LogModuleManager: Shutting down and abandoning module MergeActors (428)
[2017.08.14-10.43.43:635][527]LogModuleManager: Shutting down and abandoning module SizeMap (426)
[2017.08.14-10.43.43:635][527]LogModuleManager: Shutting down and abandoning module TreeMap (424)
[2017.08.14-10.43.43:647][527]LogModuleManager: Shutting down and abandoning module ReferenceViewer (422)
[2017.08.14-10.43.43:647][527]LogModuleManager: Shutting down and abandoning module LocalizationDashboard (420)
[2017.08.14-10.43.43:658][527]LogModuleManager: Shutting down and abandoning module LocalizationService (419)
[2017.08.14-10.43.43:658][527]LogModuleManager: Shutting down and abandoning module HardwareTargeting (416)
[2017.08.14-10.43.43:658][527]LogModuleManager: Shutting down and abandoning module DeviceProfileEditor (414)
[2017.08.14-10.43.43:659][527]LogModuleManager: Shutting down and abandoning module UndoHistory (412)
[2017.08.14-10.43.43:659][527]LogModuleManager: Shutting down and abandoning module UserFeedback (410)
[2017.08.14-10.43.43:659][527]LogModuleManager: Shutting down and abandoning module XmlParser (408)
[2017.08.14-10.43.43:659][527]LogModuleManager: Shutting down and abandoning module Blutility (406)
[2017.08.14-10.43.43:659][527]LogModuleManager: Shutting down and abandoning module ProjectSettingsViewer (404)
[2017.08.14-10.43.43:659][527]LogModuleManager: Shutting down and abandoning module ProjectTargetPlatformEditor (403)
[2017.08.14-10.43.43:659][527]LogModuleManager: Shutting down and abandoning module EditorSettingsViewer (400)
[2017.08.14-10.43.43:659][527]LogModuleManager: Shutting down and abandoning module SettingsEditor (398)
[2017.08.14-10.43.43:659][527]LogModuleManager: Shutting down and abandoning module ProjectLauncher (396)
[2017.08.14-10.43.43:666][527]LogModuleManager: Shutting down and abandoning module SessionFrontend (394)
[2017.08.14-10.43.43:670][527]LogModuleManager: Shutting down and abandoning module ProfilerClient (392)
[2017.08.14-10.43.43:679][527]LogModuleManager: Shutting down and abandoning module DeviceManager (390)
[2017.08.14-10.43.43:684][527]LogModuleManager: Shutting down and abandoning module TargetDeviceServices (389)
[2017.08.14-10.43.43:736][527]LogModuleManager: Shutting down and abandoning module AutomationController (386)
[2017.08.14-10.43.43:736][527]LogModuleManager: Shutting down and abandoning module AutomationWindow (384)
[2017.08.14-10.43.43:757][527]LogModuleManager: Shutting down and abandoning module Layers (382)
[2017.08.14-10.43.43:769][527]LogModuleManager: Shutting down and abandoning module ComponentVisualizers (380)
[2017.08.14-10.43.43:769][527]LogModuleManager: Shutting down and abandoning module DetailCustomizations (378)
[2017.08.14-10.43.43:769][527]LogModuleManager: Shutting down and abandoning module PackagesDialog (376)
[2017.08.14-10.43.43:769][527]LogModuleManager: Shutting down and abandoning module Persona (374)
[2017.08.14-10.43.43:780][527]LogModuleManager: Shutting down and abandoning module AdvancedPreviewScene (373)
[2017.08.14-10.43.43:780][527]LogModuleManager: Shutting down and abandoning module AnimGraph (371)
[2017.08.14-10.43.43:780][527]LogModuleManager: Shutting down and abandoning module Kismet (368)
[2017.08.14-10.43.43:789][527]LogModuleManager: Shutting down and abandoning module ClassViewer (366)
[2017.08.14-10.43.43:789][527]LogModuleManager: Shutting down and abandoning module Toolbox (364)
[2017.08.14-10.43.43:789][527]LogModuleManager: Shutting down and abandoning module ModuleUI (362)
[2017.08.14-10.43.43:811][527]LogModuleManager: Shutting down and abandoning module MovieSceneTools (360)
[2017.08.14-10.43.43:819][527]LogModuleManager: Shutting down and abandoning module OutputLog (358)
[2017.08.14-10.43.43:819][527]LogModuleManager: Shutting down and abandoning module GammaUI (356)
[2017.08.14-10.43.43:823][527]LogModuleManager: Shutting down and abandoning module Documentation (354)
[2017.08.14-10.43.43:823][527]LogModuleManager: Shutting down and abandoning module MovieSceneTracks (352)
[2017.08.14-10.43.43:823][527]LogModuleManager: Shutting down and abandoning module MovieScene (350)
[2017.08.14-10.43.43:823][527]LogModuleManager: Shutting down and abandoning module Niagara (348)
[2017.08.14-10.43.43:823][527]LogModuleManager: Shutting down and abandoning module NiagaraEditor (347)
[2017.08.14-10.43.43:834][527]LogModuleManager: Shutting down and abandoning module StreamingPauseRendering (344)
[2017.08.14-10.43.43:834][527]LogModuleManager: Shutting down and abandoning module AnalyticsET (342)
[2017.08.14-10.43.43:834][527]LogModuleManager: Shutting down and abandoning module PortalServices (340)
[2017.08.14-10.43.43:834][527]LogModuleManager: Shutting down and abandoning module PortalRpc (338)
[2017.08.14-10.43.43:834][527]LogModuleManager: Shutting down and abandoning module MessagingRpc (336)
[2017.08.14-10.43.43:834][527]LogModuleManager: Shutting down and abandoning module AIModule (334)
[2017.08.14-10.43.43:834][527]LogModuleManager: Shutting down and abandoning module GameplayDebugger (333)
[2017.08.14-10.43.43:834][527]LogModuleManager: Shutting down and abandoning module AITestSuite (331)
[2017.08.14-10.43.43:834][527]LogModuleManager: Shutting down and abandoning module ProfilerService (328)
[2017.08.14-10.43.43:964][527]LogModuleManager: Shutting down and abandoning module TaskGraph (326)
[2017.08.14-10.43.43:970][527]LogModuleManager: Shutting down and abandoning module SteamVRController (324)
[2017.08.14-10.43.43:970][527]LogModuleManager: Shutting down and abandoning module SteamVR (322)
[2017.08.14-10.43.43:970][527]LogModuleManager: Shutting down and abandoning module ProceduralMeshComponentEditor (320)
[2017.08.14-10.43.43:970][527]LogModuleManager: Shutting down and abandoning module ProceduralMeshComponent (318)
[2017.08.14-10.43.43:970][527]LogModuleManager: Shutting down and abandoning module OculusLibrary (316)
[2017.08.14-10.43.43:970][527]LogModuleManager: Shutting down and abandoning module OculusInput (314)
[2017.08.14-10.43.43:970][527]LogModuleManager: Shutting down and abandoning module MobilePatchingUtils (312)
[2017.08.14-10.43.43:970][527]LogModuleManager: Shutting down and abandoning module CustomMeshComponent (310)
[2017.08.14-10.43.43:970][527]LogModuleManager: Shutting down and abandoning module CableComponent (308)
[2017.08.14-10.43.43:970][527]LogModuleManager: Shutting down and abandoning module ArchVisCharacter (306)
[2017.08.14-10.43.43:970][527]LogModuleManager: Shutting down and abandoning module AndroidPermission (304)
[2017.08.14-10.43.43:970][527]LogModuleManager: Shutting down and abandoning module MediaPlayerEditor (300)
[2017.08.14-10.43.43:971][527]LogModuleManager: Shutting down and abandoning module HTML5Networking (298)
[2017.08.14-10.43.43:971][527]LogModuleManager: Shutting down and abandoning module AlembicImporter (296)
[2017.08.14-10.43.43:978][527]LogModuleManager: Shutting down and abandoning module AlembicLibrary (295)
[2017.08.14-10.43.43:978][527]LogModuleManager: Shutting down and abandoning module GeometryCache (294)
[2017.08.14-10.43.43:978][527]LogModuleManager: Shutting down and abandoning module GeometryCacheEd (293)
[2017.08.14-10.43.43:978][527]LogModuleManager: Shutting down and abandoning module SuperSearchEditor (288)
[2017.08.14-10.43.43:978][527]LogModuleManager: Shutting down and abandoning module SuperSearch (287)
[2017.08.14-10.43.43:978][527]LogModuleManager: Shutting down and abandoning module SpeedTreeImporter (284)
[2017.08.14-10.43.43:978][527]LogModuleManager: Shutting down and abandoning module PluginBrowser (282)
[2017.08.14-10.43.43:979][527]LogModuleManager: Shutting down and abandoning module MobileLauncherProfileWizard (280)
[2017.08.14-10.43.43:979][527]LogModuleManager: Shutting down and abandoning module VisualStudioSourceCodeAccess (278)
[2017.08.14-10.43.43:979][527]LogModuleManager: Shutting down and abandoning module DesktopPlatform (277)
[2017.08.14-10.43.43:979][527]LogModuleManager: Shutting down and abandoning module UObjectPlugin (274)
[2017.08.14-10.43.43:979][527]LogModuleManager: Shutting down and abandoning module SubversionSourceControl (272)
[2017.08.14-10.43.43:979][527]LogModuleManager: Shutting down and abandoning module PerforceSourceControl (270)
[2017.08.14-10.43.43:979][527]LogModuleManager: Shutting down and abandoning module GitSourceControl (268)
[2017.08.14-10.43.43:979][527]LogModuleManager: Shutting down and abandoning module SourceControl (267)
[2017.08.14-10.43.43:979][527]LogModuleManager: Shutting down and abandoning module LightPropagationVolumeEditor (264)
[2017.08.14-10.43.43:979][527]LogModuleManager: Shutting down and abandoning module PaperTiledImporter (262)
[2017.08.14-10.43.43:979][527]LogModuleManager: Shutting down and abandoning module PaperSpriteSheetImporter (260)
[2017.08.14-10.43.43:979][527]LogModuleManager: Shutting down and abandoning module Paper2DEditor (258)
[2017.08.14-10.43.43:979][527]LogModuleManager: Shutting down and abandoning module MeshPaint (257)
[2017.08.14-10.43.43:979][527]LogModuleManager: Shutting down and abandoning module LevelEditor (255)
[2017.08.14-10.43.43:981][527]LogModuleManager: Shutting down and abandoning module PixelInspectorModule (254)
[2017.08.14-10.43.43:981][527]LogModuleManager: Shutting down and abandoning module MainFrame (252)
[2017.08.14-10.43.43:981][527]LogModuleManager: Shutting down and abandoning module HotReload (251)
[2017.08.14-10.43.43:982][527]LogModuleManager: Shutting down and abandoning module PhysXVehiclesEditor (246)
[2017.08.14-10.43.43:982][527]LogModuleManager: Shutting down and abandoning module PhysXVehicles (244)
[2017.08.14-10.43.43:982][527]LogModuleManager: Shutting down and abandoning module LocationServicesBPLibrary (242)
[2017.08.14-10.43.43:982][527]LogModuleManager: Shutting down and abandoning module ImmediatePhysicsEditor (240)
[2017.08.14-10.43.43:982][527]LogModuleManager: Shutting down and abandoning module ImmediatePhysics (238)
[2017.08.14-10.43.43:982][527]LogModuleManager: Shutting down and abandoning module UdpMessaging (236)
[2017.08.14-10.43.44:082][527]LogModuleManager: Shutting down and abandoning module TcpMessaging (234)
[2017.08.14-10.43.44:183][527]LogModuleManager: Shutting down and abandoning module GameplayTagsEditor (232)
[2017.08.14-10.43.44:197][527]LogModuleManager: Shutting down and abandoning module FacialAnimationEditor (230)
[2017.08.14-10.43.44:197][527]LogModuleManager: Shutting down and abandoning module FacialAnimation (228)
[2017.08.14-10.43.44:197][527]LogModuleManager: Shutting down and abandoning module AssetManagerEditor (226)
[2017.08.14-10.43.44:198][527]LogModuleManager: Shutting down and abandoning module GraphEditor (225)
[2017.08.14-10.43.44:198][527]LogModuleManager: Shutting down and abandoning module ContentBrowser (223)
[2017.08.14-10.43.44:198][527]LogModuleManager: Shutting down and abandoning module LightPropagationVolumeRuntime (220)
[2017.08.14-10.43.44:199][527]LogModuleManager: Shutting down and abandoning module Paper2D (218)
[2017.08.14-10.43.44:199][527]LogModuleManager: Shutting down and abandoning module WindowsMoviePlayer (216)
[2017.08.14-10.43.44:199][527]LogModuleManager: Shutting down and abandoning module WmfMedia (214)
[2017.08.14-10.43.44:199][527]LogModuleManager: Shutting down and abandoning module ClothingSystemEditor (212)
[2017.08.14-10.43.44:199][527]LogModuleManager: Shutting down and abandoning module ClothingSystemRuntime (210)
[2017.08.14-10.43.44:208][527]LogModuleManager: Shutting down and abandoning module MediaAssets (208)
[2017.08.14-10.43.44:208][527]LogModuleManager: Shutting down and abandoning module GameLiveStreaming (206)
[2017.08.14-10.43.44:209][527]LogModuleManager: Shutting down and abandoning module VREditor (204)
[2017.08.14-10.43.44:209][527]LogModuleManager: Shutting down and abandoning module StringTableEditor (202)
[2017.08.14-10.43.44:214][527]LogModuleManager: Shutting down and abandoning module GameplayTasksEditor (200)
[2017.08.14-10.43.44:214][527]LogModuleManager: Shutting down and abandoning module BehaviorTreeEditor (198)
[2017.08.14-10.43.44:224][527]LogModuleManager: Shutting down and abandoning module FunctionalTesting (196)
[2017.08.14-10.43.44:224][527]LogModuleManager: Shutting down and abandoning module CollisionAnalyzer (194)
[2017.08.14-10.43.44:230][527]LogModuleManager: Shutting down and abandoning module UMG (192)
[2017.08.14-10.43.44:230][527]LogModuleManager: Shutting down and abandoning module UMGEditor (191)
[2017.08.14-10.43.44:230][527]LogModuleManager: Shutting down and abandoning module Sequencer (190)
[2017.08.14-10.43.44:230][527]LogModuleManager: Shutting down and abandoning module AssetTools (188)
[2017.08.14-10.43.44:232][527]LogModuleManager: Shutting down and abandoning module MessageLog (187)
[2017.08.14-10.43.44:232][527]LogModuleManager: Shutting down and abandoning module WorkspaceMenuStructure (186)
[2017.08.14-10.43.44:232][527]LogModuleManager: Shutting down and abandoning module SlateReflector (180)
[2017.08.14-10.43.44:245][527]LogModuleManager: Shutting down and abandoning module Slate (178)
[2017.08.14-10.43.44:246][527]LogModuleManager: Shutting down and abandoning module EditorStyle (176)
[2017.08.14-10.43.44:248][527]LogModuleManager: Shutting down and abandoning module SourceCodeAccess (174)
[2017.08.14-10.43.44:248][527]LogModuleManager: Shutting down and abandoning module HeadMountedDisplay (172)
[2017.08.14-10.43.44:248][527]LogModuleManager: Shutting down and abandoning module XAudio2 (170)
[2017.08.14-10.43.44:248][527]LogModuleManager: Shutting down and abandoning module Networking (168)
[2017.08.14-10.43.44:248][527]LogModuleManager: Shutting down and abandoning module Core (164)
[2017.08.14-10.43.44:248][527]LogModuleManager: Shutting down and abandoning module AssetRegistry (162)
[2017.08.14-10.43.44:456][527]LogDirectoryWatcher: A directory notification for '../../../Engine/Content/' was aborted.
[2017.08.14-10.43.44:456][527]LogDirectoryWatcher: A directory notification for 'C:/Users/Magnus/Documents/GitHub/SR_Prototype_V2/SR_Prototype_V2/Content/' was aborted.
[2017.08.14-10.43.44:456][527]LogDirectoryWatcher: A directory notification for '../../../Engine/Plugins/2D/Paper2D/Content/' was aborted.
[2017.08.14-10.43.44:456][527]LogDirectoryWatcher: A directory notification for '../../../Engine/Plugins/Runtime/GearVR/Content/' was aborted.
[2017.08.14-10.43.44:459][527]LogModuleManager: Shutting down and abandoning module DirectoryWatcher (161)
[2017.08.14-10.43.44:459][527]LogModuleManager: Shutting down and abandoning module KismetCompiler (158)
[2017.08.14-10.43.44:459][527]LogModuleManager: Shutting down and abandoning module LevelSequence (156)
[2017.08.14-10.43.44:459][527]LogModuleManager: Shutting down and abandoning module PhysXFormats (154)
[2017.08.14-10.43.44:459][527]LogModuleManager: Shutting down and abandoning module MeshUtilities (152)
[2017.08.14-10.43.44:459][527]LogModuleManager: Shutting down and abandoning module SimplygonSwarm (151)
[2017.08.14-10.43.44:459][527]LogModuleManager: Shutting down and abandoning module SimplygonMeshReduction (149)
[2017.08.14-10.43.44:459][527]LogModuleManager: Shutting down and abandoning module QuadricMeshReduction (147)
[2017.08.14-10.43.44:459][527]LogModuleManager: Shutting down and abandoning module DerivedDataCache (144)
[2017.08.14-10.43.44:525][527]LogDerivedDataCache: Shutdown
[2017.08.14-10.43.44:525][527]LogModuleManager: Shutting down and abandoning module TargetPlatform (142)
[2017.08.14-10.43.44:525][527]LogModuleManager: Shutting down and abandoning module VulkanShaderFormat (141)
[2017.08.14-10.43.44:525][527]LogModuleManager: Shutting down and abandoning module ShaderFormatVectorVM (139)
[2017.08.14-10.43.44:537][527]LogModuleManager: Shutting down and abandoning module ShaderFormatOpenGL (137)
[2017.08.14-10.43.44:547][527]LogModuleManager: Shutting down and abandoning module ShaderFormatD3D (135)
[2017.08.14-10.43.44:547][527]LogModuleManager: Shutting down and abandoning module MetalShaderFormat (133)
[2017.08.14-10.43.44:566][527]LogModuleManager: Shutting down and abandoning module TextureFormatUncompressed (131)
[2017.08.14-10.43.44:566][527]LogModuleManager: Shutting down and abandoning module TextureFormatPVR (129)
[2017.08.14-10.43.44:566][527]LogModuleManager: Shutting down and abandoning module TextureFormatDXT (127)
[2017.08.14-10.43.44:566][527]LogModuleManager: Shutting down and abandoning module TextureFormatIntelISPCTexComp (125)
[2017.08.14-10.43.44:566][527]LogModuleManager: Shutting down and abandoning module TextureFormatASTC (123)
[2017.08.14-10.43.44:566][527]LogModuleManager: Shutting down and abandoning module ImageWrapper (122)
[2017.08.14-10.43.44:566][527]LogModuleManager: Shutting down and abandoning module TextureFormatAndroid (119)
[2017.08.14-10.43.44:566][527]LogModuleManager: Shutting down and abandoning module AudioFormatOpus (117)
[2017.08.14-10.43.44:566][527]LogModuleManager: Shutting down and abandoning module AudioFormatOgg (115)
[2017.08.14-10.43.44:566][527]LogModuleManager: Shutting down and abandoning module AudioFormatADPCM (113)
[2017.08.14-10.43.44:566][527]LogModuleManager: Shutting down and abandoning module LinuxTargetPlatform (111)
[2017.08.14-10.43.44:566][527]LogModuleManager: Shutting down and abandoning module LinuxServerTargetPlatform (109)
[2017.08.14-10.43.44:566][527]LogModuleManager: Shutting down and abandoning module LinuxNoEditorTargetPlatform (107)
[2017.08.14-10.43.44:566][527]LogModuleManager: Shutting down and abandoning module LinuxClientTargetPlatform (105)
[2017.08.14-10.43.44:566][527]LogModuleManager: Shutting down and abandoning module TVOSTargetPlatform (103)
[2017.08.14-10.43.44:566][527]LogModuleManager: Shutting down and abandoning module Messaging (101)
[2017.08.14-10.43.44:566][527]LogModuleManager: Shutting down and abandoning module IOSTargetPlatform (99)
[2017.08.14-10.43.44:566][527]LogModuleManager: Shutting down and abandoning module HTML5TargetPlatform (97)
[2017.08.14-10.43.44:566][527]LogModuleManager: Shutting down and abandoning module Android_PVRTCTargetPlatform (95)
[2017.08.14-10.43.44:566][527]LogModuleManager: Shutting down and abandoning module Android_MultiTargetPlatform (93)
[2017.08.14-10.43.44:566][527]LogModuleManager: Shutting down and abandoning module Android_ETC2TargetPlatform (91)
[2017.08.14-10.43.44:566][527]LogModuleManager: Shutting down and abandoning module Android_ETC1TargetPlatform (89)
[2017.08.14-10.43.44:566][527]LogModuleManager: Shutting down and abandoning module Android_DXTTargetPlatform (87)
[2017.08.14-10.43.44:566][527]LogModuleManager: Shutting down and abandoning module Android_ATCTargetPlatform (85)
[2017.08.14-10.43.44:566][527]LogModuleManager: Shutting down and abandoning module Android_ASTCTargetPlatform (83)
[2017.08.14-10.43.44:566][527]LogModuleManager: Shutting down and abandoning module AndroidTargetPlatform (81)
[2017.08.14-10.43.44:566][527]LogModuleManager: Shutting down and abandoning module WindowsTargetPlatform (79)
[2017.08.14-10.43.44:566][527]LogModuleManager: Shutting down and abandoning module WindowsServerTargetPlatform (77)
[2017.08.14-10.43.44:566][527]LogModuleManager: Shutting down and abandoning module WindowsNoEditorTargetPlatform (75)
[2017.08.14-10.43.44:566][527]LogModuleManager: Shutting down and abandoning module WindowsClientTargetPlatform (73)
[2017.08.14-10.43.44:566][527]LogModuleManager: Shutting down and abandoning module MacTargetPlatform (71)
[2017.08.14-10.43.44:566][527]LogModuleManager: Shutting down and abandoning module MacServerTargetPlatform (69)
[2017.08.14-10.43.44:566][527]LogModuleManager: Shutting down and abandoning module MacNoEditorTargetPlatform (67)
[2017.08.14-10.43.44:566][527]LogModuleManager: Shutting down and abandoning module MacClientTargetPlatform (65)
[2017.08.14-10.43.44:566][527]LogModuleManager: Shutting down and abandoning module AllDesktopTargetPlatform (63)
[2017.08.14-10.43.44:566][527]LogModuleManager: Shutting down and abandoning module InputCore (60)
[2017.08.14-10.43.44:566][527]LogModuleManager: Shutting down and abandoning module Settings (58)
[2017.08.14-10.43.44:566][527]LogModuleManager: Shutting down and abandoning module OculusRift (56)
[2017.08.14-10.43.44:566][527]LogModuleManager: Shutting down and abandoning module GearVRController (54)
[2017.08.14-10.43.44:566][527]LogModuleManager: Shutting down and abandoning module GearVR (52)
[2017.08.14-10.43.44:567][527]LogModuleManager: Shutting down and abandoning module ExampleDeviceProfileSelector (50)
[2017.08.14-10.43.44:567][527]LogModuleManager: Shutting down and abandoning module OnlineBlueprintSupport (48)
[2017.08.14-10.43.44:567][527]LogModuleManager: Shutting down and abandoning module OnlineSubsystem (44)
[2017.08.14-10.43.44:567][527]LogOnline:Display: Unloading online subsystem: NULL
[2017.08.14-10.43.44:575][527]LogModuleManager: Shutting down and abandoning module XMPP (43)
[2017.08.14-10.43.44:581][527]LogModuleManager: Shutting down and abandoning module HTTP (41)
[2017.08.14-10.43.44:581][527]LogHttp:Display: Http module shutting down, but needs to wait on 1 outstanding Http requests:
[2017.08.14-10.43.44:581][527]LogHttp:Display: 	verb=[POST] url=[https://datarouter.ol.epicgames.com/datarouter/api/v1/public/data?SessionID=%7B2DB462E7-4675-58E6-80DA-A7A48BF64657%7D&AppID=UEEditor.Rocket.Release&AppVersion=4.16.3-3561208%2B%2B%2BUE4%2BRelease-4.16&UserID=a1328f8b4b27980f4eb39a8ed1208b4f%7C07c812ce51884e509e41d7ec8613d7db%7C6aef0a9f-b728-4fc9-a3bf-f0a7ec88ec16&AppEnvironment=datacollector-binary&UploadType=eteventstream] status=Processing
[2017.08.14-10.43.44:596][527]LogModuleManager: Shutting down and abandoning module SSL (40)
[2017.08.14-10.43.44:597][527]LogModuleManager: Shutting down and abandoning module HTTPChunkInstaller (36)
[2017.08.14-10.43.44:602][527]LogModuleManager: Shutting down and abandoning module AnimationModifiers (34)
[2017.08.14-10.43.44:602][527]LogModuleManager: Shutting down and abandoning module PropertyEditor (33)
[2017.08.14-10.43.44:602][527]LogModuleManager: Shutting down and abandoning module AudioEditor (30)
[2017.08.14-10.43.44:613][527]LogModuleManager: Shutting down and abandoning module TextureCompressor (28)
[2017.08.14-10.43.44:613][527]LogModuleManager: Shutting down and abandoning module ShaderCore (26)
[2017.08.14-10.43.44:613][527]LogModuleManager: Shutting down and abandoning module Landscape (24)
[2017.08.14-10.43.44:613][527]LogModuleManager: Shutting down and abandoning module SlateRHIRenderer (22)
[2017.08.14-10.43.44:624][527]LogModuleManager: Shutting down and abandoning module OpenGLDrv (20)
[2017.08.14-10.43.44:635][527]LogModuleManager: Shutting down and abandoning module D3D11RHI (18)
[2017.08.14-10.43.44:635][527]LogModuleManager: Shutting down and abandoning module AnimGraphRuntime (16)
[2017.08.14-10.43.44:635][527]LogModuleManager: Shutting down and abandoning module Renderer (14)
[2017.08.14-10.43.44:635][527]LogModuleManager: Shutting down and abandoning module Engine (12)
[2017.08.14-10.43.44:635][527]LogModuleManager: Shutting down and abandoning module CoreUObject (10)
[2017.08.14-10.43.44:635][527]LogModuleManager: Shutting down and abandoning module NetworkFile (8)
[2017.08.14-10.43.44:635][527]LogModuleManager: Shutting down and abandoning module StreamingFile (6)
[2017.08.14-10.43.44:636][527]LogModuleManager: Shutting down and abandoning module SandboxFile (4)
[2017.08.14-10.43.44:636][527]LogModuleManager: Shutting down and abandoning module PakFile (2)
[2017.08.14-10.43.44:639][527]LogExit: Exiting.
[2017.08.14-10.43.44:666][527]Log file closed, 08/14/17 12:43:44
