Log file open, 08/25/17 11:05:17
LogInit:Display: Running engine for game: SR_Prototype_V2
LogPlatformFile: Not using cached read wrapper
LogInit:Display: RandInit(-893777480) SRandInit(-893777480).
LogTaskGraph: Started task graph with 5 named threads and 8 total threads with 1 sets of task threads.
LogStats: Stats thread started at 0.080662
LogInit: Using libcurl 7.47.1
LogInit:  - built for x86_64-pc-win32
LogInit:  - supports SSL with OpenSSL/1.0.2g
LogInit:  - supports HTTP deflate (compression) using libz 1.2.8
LogInit:  - other features:
LogInit:      CURL_VERSION_SSL
LogInit:      CURL_VERSION_LIBZ
LogInit:      CURL_VERSION_IPV6
LogInit:      CURL_VERSION_ASYNCHDNS
LogInit:      CURL_VERSION_LARGEFILE
LogInit:      CURL_VERSION_IDN
LogInit:  CurlRequestOptions (configurable via config and command line):
LogInit:  - bVerifyPeer = false  - Libcurl will NOT verify peer certificate
LogInit:  - bUseHttpProxy = false  - Libcurl will NOT use HTTP proxy
LogInit:  - bDontReuseConnections = false  - Libcurl will reuse connections
LogInit:  - CertBundlePath = nullptr  - Libcurl will use whatever was configured at build time.
LogInit: Build: ++UE4+Release-4.16-CL-3561208
LogInit: Engine Version: 4.16.3-3561208+++UE4+Release-4.16
LogInit: Compatible Engine Version: 4.16.0-3452394+++UE4+Release-4.16
LogInit: Net CL: 3452394
LogDevObjectVersion: Number of dev versions registered: 16
LogDevObjectVersion:   Dev-Blueprints (B0D832E4-1F89-4F0D-ACCF-7EB736FD4AA2): 9
LogDevObjectVersion:   Dev-Build (E1C64328-A22C-4D53-A36C-8E866417BD8C): 0
LogDevObjectVersion:   Dev-Core (375EC13C-06E4-48FB-B500-84F0262A717E): 2
LogDevObjectVersion:   Dev-Editor (E4B068ED-F494-42E9-A231-DA0B2E46BB41): 17
LogDevObjectVersion:   Dev-Framework (CFFC743F-43B0-4480-9391-14DF171D2073): 23
LogDevObjectVersion:   Dev-Mobile (B02B49B5-BB20-44E9-A304-32B752E40360): 0
LogDevObjectVersion:   Dev-Networking (A4E4105C-59A1-49B5-A7C5-40C4547EDFEE): 0
LogDevObjectVersion:   Dev-Online (39C831C9-5AE6-47DC-9A44-9C173E1C8E7C): 0
LogDevObjectVersion:   Dev-Physics (78F01B33-EBEA-4F98-B9B4-84EACCB95AA2): 0
LogDevObjectVersion:   Dev-Platform (6631380F-2D4D-43E0-8009-CF276956A95A): 0
LogDevObjectVersion:   Dev-Rendering (12F88B9F-8875-4AFC-A67C-D90C383ABD29): 15
LogDevObjectVersion:   Dev-Sequencer (7B5AE74C-D270-4C10-A958-57980B212A5A): 4
LogDevObjectVersion:   Dev-VR (D7296918-1DD6-4BDD-9DE2-64A83CC13884): 0
LogDevObjectVersion:   Dev-LoadTimes (C2A15278-BFE7-4AFE-6C17-90FF531DF755): 1
LogDevObjectVersion:   Private-Geometry (6EACA3D4-40EC-4CC1-B786-8BED09428FC5): 1
LogDevObjectVersion:   Dev-AnimPhys (29E575DD-E0A3-4627-9D10-D276232CDCEA): 3
LogInit: Compiled (64-bit): Jul 28 2017 11:49:47
LogInit: Compiled with Visual C++: 19.00.24215.01
LogInit: Build Configuration: Development
LogInit: Branch Name: ++UE4+Release-4.16
LogInit: Command line:  
LogInit: Base directory: D:/UE_4.16/Engine/Binaries/Win64/
LogInit: Installed Engine Build: 1
LogInit: Presizing for max 8388607 objects, including 0 objects not considered by GC, pre-allocating 0 bytes for permanent pool.
LogInit: Object subsystem initialized
[2017.08.25-09.05.17:844][  0]LogInit: Selected Device Profile: [Windows]
[2017.08.25-09.05.17:844][  0]LogInit: Applying CVar settings loaded from the selected device profile: [Windows]
[2017.08.25-09.05.17:854][  0]LogInit: Computer: MAGNUS-PC
[2017.08.25-09.05.17:854][  0]LogInit: User: Magnus
[2017.08.25-09.05.17:854][  0]LogInit: CPU Page size=4096, Cores=4
[2017.08.25-09.05.17:854][  0]LogInit: High frequency timer resolution =3.117187 MHz
[2017.08.25-09.05.17:854][  0]LogMemory: Memory total: Physical=16.0GB (16GB approx)
[2017.08.25-09.05.17:854][  0]LogMemory: Platform Memory Stats for Windows
[2017.08.25-09.05.17:854][  0]LogMemory: Process Physical Memory: 272.82 MB used, 272.82 MB peak
[2017.08.25-09.05.17:854][  0]LogMemory: Process Virtual Memory: 266.75 MB used, 266.75 MB peak
[2017.08.25-09.05.17:854][  0]LogMemory: Physical Memory: 6839.18 MB used,  9497.66 MB free, 16336.84 MB total
[2017.08.25-09.05.17:854][  0]LogMemory: Virtual Memory: 643.56 MB used,  9497.66 MB free, 134217728.00 MB total
[2017.08.25-09.05.17:901][  0]LogInit: Using OS detected language (nb-NO).
[2017.08.25-09.05.17:901][  0]LogInit: Using OS detected locale (nb-NO).
[2017.08.25-09.05.17:904][  0]LogTextLocalizationManager: No localization for 'nb-NO' exists, so 'en' will be used for the language.
[2017.08.25-09.05.17:904][  0]LogTextLocalizationManager: No localization for 'nb-NO' exists, so 'en' will be used for the locale.
[2017.08.25-09.05.19:018][  0]LogD3D11RHI: D3D11 adapters:
[2017.08.25-09.05.19:836][  0]LogD3D11RHI:    0. 'NVIDIA GeForce GTX 1070' (Feature Level 11_0)
[2017.08.25-09.05.19:836][  0]LogD3D11RHI:       8119/0/8168 MB DedicatedVideo/DedicatedSystem/SharedSystem, Outputs:3, VendorId:0x10de
[2017.08.25-09.05.19:838][  0]LogD3D11RHI:    1. 'Microsoft Basic Render Driver' (Feature Level 11_0)
[2017.08.25-09.05.19:838][  0]LogD3D11RHI:       0/0/8168 MB DedicatedVideo/DedicatedSystem/SharedSystem, Outputs:0, VendorId:0x1414
[2017.08.25-09.05.19:838][  0]LogD3D11RHI: Chosen D3D11 Adapter: 0
[2017.08.25-09.05.19:843][  0]LogD3D11RHI: Creating new Direct3DDevice
[2017.08.25-09.05.19:843][  0]LogD3D11RHI:     GPU DeviceId: 0x1b81 (for the marketing name, search the web for "GPU Device Id")
[2017.08.25-09.05.19:843][  0]LogWindows: EnumDisplayDevices:
[2017.08.25-09.05.19:843][  0]LogWindows:    0. 'NVIDIA GeForce GTX 1070' (P:1 D:1)
[2017.08.25-09.05.19:843][  0]LogWindows:    1. 'NVIDIA GeForce GTX 1070' (P:0 D:1)
[2017.08.25-09.05.19:843][  0]LogWindows:    2. 'NVIDIA GeForce GTX 1070' (P:0 D:1)
[2017.08.25-09.05.19:843][  0]LogWindows:    3. 'NVIDIA GeForce GTX 1070' (P:0 D:0)
[2017.08.25-09.05.19:843][  0]LogWindows: DebugString: FoundDriverCount:4 
[2017.08.25-09.05.19:843][  0]LogD3D11RHI:     Adapter Name: NVIDIA GeForce GTX 1070
[2017.08.25-09.05.19:843][  0]LogD3D11RHI:   Driver Version: 382.05 (internal:22.21.13.8205, unified:382.05)
[2017.08.25-09.05.19:843][  0]LogD3D11RHI:      Driver Date: 5-1-2017
[2017.08.25-09.05.19:843][  0]LogRHI: Texture pool is 1361 MB (70% of 1945 MB)
[2017.08.25-09.05.20:492][  0]LogD3D11RHI: Async texture creation enabled
[2017.08.25-09.05.20:601][  0]LogD3D11RHI: GPU Timing Frequency: 1000.000000 (Debug: 2 1)
[2017.08.25-09.05.20:645][  0]LogShaderCompilers: Guid format shader working directory is -18 characters bigger than the processId version (C:/Users/Magnus/Documents/GitHub/SR_Prototype_V2/SR_Prototype_V2/Intermediate/Shaders/WorkingDirectory/12828/).
[2017.08.25-09.05.20:645][  0]LogShaderCompilers: Cleaned the shader compiler working directory 'C:/Users/Magnus/AppData/Local/Temp/UnrealShaderWorkingDir/F8C568D04BCD3AF6FA087B9518008CAC/'.
[2017.08.25-09.05.20:645][  0]LogShaderCompilers:Display: Using Local Shader Compiler.
[2017.08.25-09.05.21:518][  0]LogTemp:Display: Loaded TP AllDesktopTargetPlatform
[2017.08.25-09.05.21:557][  0]LogTemp:Display: Loaded TP MacClientTargetPlatform
[2017.08.25-09.05.21:596][  0]LogTemp:Display: Loaded TP MacNoEditorTargetPlatform
[2017.08.25-09.05.21:633][  0]LogTemp:Display: Loaded TP MacServerTargetPlatform
[2017.08.25-09.05.21:672][  0]LogTemp:Display: Loaded TP MacTargetPlatform
[2017.08.25-09.05.21:710][  0]LogTemp:Display: Loaded TP WindowsClientTargetPlatform
[2017.08.25-09.05.21:745][  0]LogTemp:Display: Loaded TP WindowsNoEditorTargetPlatform
[2017.08.25-09.05.21:779][  0]LogTemp:Display: Loaded TP WindowsServerTargetPlatform
[2017.08.25-09.05.21:807][  0]LogTemp:Display: Loaded TP WindowsTargetPlatform
[2017.08.25-09.05.21:839][  0]LogTemp:Display: Loaded TP AndroidTargetPlatform
[2017.08.25-09.05.21:872][  0]LogTemp:Display: Loaded TP Android_ASTCTargetPlatform
[2017.08.25-09.05.21:905][  0]LogTemp:Display: Loaded TP Android_ATCTargetPlatform
[2017.08.25-09.05.21:938][  0]LogTemp:Display: Loaded TP Android_DXTTargetPlatform
[2017.08.25-09.05.21:972][  0]LogTemp:Display: Loaded TP Android_ETC1TargetPlatform
[2017.08.25-09.05.22:005][  0]LogTemp:Display: Loaded TP Android_ETC2TargetPlatform
[2017.08.25-09.05.22:072][  0]LogTemp:Display: Loaded TP Android_MultiTargetPlatform
[2017.08.25-09.05.22:072][  0]LogTemp:Display: Loaded TP Android_PVRTCTargetPlatform
[2017.08.25-09.05.22:096][  0]LogTemp:Display: Loaded TP HTML5TargetPlatform
[2017.08.25-09.05.22:164][  0]LogTemp:Display: Loaded TP IOSTargetPlatform
[2017.08.25-09.05.22:185][  0]LogTemp:Display: Loaded TP TVOSTargetPlatform
[2017.08.25-09.05.22:218][  0]LogTemp:Display: Loaded TP LinuxClientTargetPlatform
[2017.08.25-09.05.22:251][  0]LogTemp:Display: Loaded TP LinuxNoEditorTargetPlatform
[2017.08.25-09.05.22:283][  0]LogTemp:Display: Loaded TP LinuxServerTargetPlatform
[2017.08.25-09.05.22:316][  0]LogTemp:Display: Loaded TP LinuxTargetPlatform
[2017.08.25-09.05.22:316][  0]LogTargetPlatformManager:Display: Building Assets For Windows
[2017.08.25-09.05.22:621][  0]LogDerivedDataCache:Display: Max Cache Size: 512 MB
[2017.08.25-09.05.22:720][  0]LogDerivedDataCache: Loaded boot cache 0.10s 111MB C:/Users/Magnus/AppData/Local/UnrealEngine/4.16/DerivedDataCache/Boot.ddc.
[2017.08.25-09.05.22:720][  0]LogDerivedDataCache:Display: Loaded Boot cache: C:/Users/Magnus/AppData/Local/UnrealEngine/4.16/DerivedDataCache/Boot.ddc
[2017.08.25-09.05.22:720][  0]LogDerivedDataCache: FDerivedDataBackendGraph:  Pak pak cache file C:/Users/Magnus/Documents/GitHub/SR_Prototype_V2/SR_Prototype_V2/DerivedDataCache/DDC.ddp not found, will not use a pak cache.
[2017.08.25-09.05.22:720][  0]LogDerivedDataCache: Unable to find inner node Pak for hierarchical cache Hierarchy.
[2017.08.25-09.05.22:720][  0]LogDerivedDataCache: FDerivedDataBackendGraph:  CompressedPak pak cache file C:/Users/Magnus/Documents/GitHub/SR_Prototype_V2/SR_Prototype_V2/DerivedDataCache/Compressed.ddp not found, will not use a pak cache.
[2017.08.25-09.05.22:720][  0]LogDerivedDataCache: Unable to find inner node CompressedPak for hierarchical cache Hierarchy.
[2017.08.25-09.05.22:735][  0]LogDerivedDataCache:Display: Pak cache opened for reading ../../../Engine/DerivedDataCache/Compressed.ddp.
[2017.08.25-09.05.22:747][  0]LogDerivedDataCache: Using Local data cache path C:/Users/Magnus/AppData/Local/UnrealEngine/Common/DerivedDataCache: Writable
[2017.08.25-09.05.22:757][  0]LogMaterial: Verifying Global Shaders for PCD3D_SM5
[2017.08.25-09.05.22:757][  0]LogSlate: Using Freetype 2.6.0
[2017.08.25-09.05.22:757][  0]LogSlate: SlateFontCache - WITH_FREETYPE: 1, WITH_HARFBUZZ: 1
[2017.08.25-09.05.22:757][  0]LogSlate: SlateFontCache - WITH_FREETYPE: 1, WITH_HARFBUZZ: 1
[2017.08.25-09.05.23:042][  0]LogInit: Selected Device Profile: [Windows]
[2017.08.25-09.05.23:238][  0]LogMeshUtilities: Using QuadricMeshReduction for automatic static mesh reduction
[2017.08.25-09.05.23:265][  0]LogSimplygon: Simplygon DLL not present - disabling.
[2017.08.25-09.05.23:294][  0]LogMeshUtilities: Using SimplygonSwarm for distributed automatic mesh merging
[2017.08.25-09.05.23:294][  0]LogMeshUtilities: No automatic skeletal mesh reduction module available
[2017.08.25-09.05.23:294][  0]LogMeshUtilities: No automatic mesh merging module available
[2017.08.25-09.05.23:789][  0]LogNetVersion: SR_Prototype_V2 , NetCL: 3452394, EngineNetVer: 2, GameNetVer: 0 (Checksum: 2634772556)
[2017.08.25-09.05.23:841][  0]LogAssetRegistry: FAssetRegistry took 0.0249 seconds to start up
[2017.08.25-09.05.23:871][  0]LogPackageLocalizationCache: Processed 4 localized package path(s) for 1 prioritized culture(s) in 0.016658 seconds
[2017.08.25-09.05.23:876][  0]LogUObjectArray: 34194 objects as part of root set at end of initial load.
[2017.08.25-09.05.23:876][  0]LogUObjectAllocator: 7260416 out of 0 bytes used by permanent object pool.
[2017.08.25-09.05.23:876][  0]LogUObjectArray: CloseDisregardForGC: 0/0 objects in disregard for GC pool
[2017.08.25-09.05.23:916][  0]LogInit: WinSock: version 1.1 (2.2), MaxSocks=32767, MaxUdp=65467
[2017.08.25-09.05.25:649][  0]LogTcpMessaging: Initializing TcpMessaging bridge
[2017.08.25-09.05.25:677][  0]LogUdpMessaging: Initializing bridge on interface 0.0.0.0:0 to multicast group 230.0.0.1:6666.
[2017.08.25-09.05.26:027][  0]LogMaterial: Uniform references updated for custom material expression Custom.
[2017.08.25-09.05.26:297][  0]SourceControl: Info Source control is disabled
[2017.08.25-09.05.26:328][  0]SourceControl: Info Source control is disabled
[2017.08.25-09.05.26:357][  0]SourceControl: Info Source control is disabled
[2017.08.25-09.05.26:385][  0]SourceControl: Info Source control is disabled
[2017.08.25-09.05.26:804][  0]LogAndroidPermission: UAndroidPermissionCallbackProxy::GetInstance
[2017.08.25-09.05.27:174][  0]LogEngine: Initializing Engine...
[2017.08.25-09.05.27:175][  0]LogHMD: Failed to initialize OpenVR with code 110
[2017.08.25-09.05.27:358][  0]LogStats: UGameplayTagsManager::ConstructGameplayTagTree: Construct from data asset -  0.000 s
[2017.08.25-09.05.27:358][  0]LogStats: UGameplayTagsManager::ConstructGameplayTagTree: GameplayTagTreeChangedEvent.Broadcast -  0.000 s
[2017.08.25-09.05.27:437][  0]LogAIModule: Creating AISystem for world Untitled
[2017.08.25-09.05.27:447][  0]LogInit: XAudio2 using 'Øretelefon (HyperX 7.1 Audio)' : 2 channels at 44.1 kHz using 16 bits per sample (channel mask 0x3)
[2017.08.25-09.05.27:458][  0]LogInit: FAudioDevice initialized.
[2017.08.25-09.05.27:506][  0]LogDerivedDataCache: Saved boot cache 0.05s 111MB C:/Users/Magnus/AppData/Local/UnrealEngine/4.16/DerivedDataCache/Boot.ddc.
[2017.08.25-09.05.27:518][  0]LogInit: Texture streaming: Disabled
[2017.08.25-09.05.27:576][  0]LogEngineSessionManager: EngineSessionManager initialized
[2017.08.25-09.05.27:714][  0]LogInit: Transaction tracking system initialized
[2017.08.25-09.05.27:907][  0]BlueprintLog: New page: Editor Load
[2017.08.25-09.05.28:477][  0]LocalizationService: Info Localization service is disabled
[2017.08.25-09.05.28:902][  0]LogConsoleResponse:Display: 
[2017.08.25-09.05.29:035][  0]LogCook:Display: Max memory allowance for cook 16384mb min free memory 0mb
[2017.08.25-09.05.29:035][  0]LogCook:Display: Mobile HDR setting 1
[2017.08.25-09.05.29:241][  0]LogFileCache: Scanning file cache for directory 'C:/Users/Magnus/Documents/GitHub/SR_Prototype_V2/SR_Prototype_V2/Content/' took 0.01s
[2017.08.25-09.05.29:648][  0]SourceControl: Info Source control is disabled
[2017.08.25-09.05.29:649][  0]Cmd: MAP LOAD FILE="C:/Users/Magnus/Documents/GitHub/SR_Prototype_V2/SR_Prototype_V2/Content/Scenes/ScanReach_Map.umap" TEMPLATE=0 SHOWPROGRESS=1 FEATURELEVEL=3
[2017.08.25-09.05.29:649][  0]LightingResults: New page: Lighting Build
[2017.08.25-09.05.29:677][  0]MapCheck: New page: Map Check
[2017.08.25-09.05.29:677][  0]LightingResults: New page: Lighting Build
[2017.08.25-09.05.31:015][  0]LogAIModule: Creating AISystem for world ScanReach_Map
[2017.08.25-09.05.31:031][  0]LogEditorServer: Finished looking for orphan Actors (0.000 secs)
[2017.08.25-09.05.31:051][  0]Cmd: MAP CHECKDEP NOCLEARLOG
[2017.08.25-09.05.31:087][  0]MapCheck: Info Map check complete: 0 Error(s), 0 Warning(s), took 35.1ms to complete.
[2017.08.25-09.05.31:087][  0]LogFileHelpers: Loading map 'ScanReach_Map' took 1.438
[2017.08.25-09.05.31:357][  0]LogCollectionManager: Loaded 0 collections in 0.000715 seconds
[2017.08.25-09.05.31:442][  0]LogFileCache: Scanning file cache for directory 'C:/Users/Magnus/Documents/GitHub/SR_Prototype_V2/SR_Prototype_V2/Saved/Collections/' took 0.01s
[2017.08.25-09.05.31:442][  0]LogFileCache: Scanning file cache for directory 'C:/Users/Magnus/Documents/GitHub/SR_Prototype_V2/SR_Prototype_V2/Content/Developers/Magnus/Collections/' took 0.01s
[2017.08.25-09.05.31:442][  0]LogFileCache: Scanning file cache for directory 'C:/Users/Magnus/Documents/GitHub/SR_Prototype_V2/SR_Prototype_V2/Content/Collections/' took 0.01s
[2017.08.25-09.05.31:442][  0]LogCollectionManager: Rebuilt the GUID cache for 0 collections in 0.000001 seconds
[2017.08.25-09.05.31:451][  0]LogContentBrowser: Native class hierarchy populated in 0.0082 seconds. Added 2330 classes and 493 folders.
[2017.08.25-09.05.31:492][  0]LogContentBrowser: Native class hierarchy updated for 'WidgetCarousel' in 0.0005 seconds. Added 0 classes and 0 folders.
[2017.08.25-09.05.31:520][  0]LogContentBrowser: Native class hierarchy updated for 'AddContentDialog' in 0.0004 seconds. Added 0 classes and 0 folders.
[2017.08.25-09.05.31:535][  0]LogCrashTracker: Crashtracker disabled due to settings.
[2017.08.25-09.05.31:540][  0]LogSlate: Took 0.000218 seconds to synchronously load lazily loaded font '../../../Engine/Content/Slate/Fonts/Roboto-Regular.ttf' (155K)
[2017.08.25-09.05.31:542][  0]LogSlate: Took 0.000133 seconds to synchronously load lazily loaded font '../../../Engine/Content/Slate/Fonts/Roboto-Bold.ttf' (160K)
[2017.08.25-09.05.31:548][  0]LogSlate: Took 0.000181 seconds to synchronously load lazily loaded font '../../../Engine/Content/Editor/Slate/Fonts/FontAwesome.ttf' (139K)
[2017.08.25-09.05.31:639][  0]LogRenderer: Reallocating scene render targets to support 1920x1080 NumSamples 1 (Frame:1).
[2017.08.25-09.05.31:748][  0]LogUObjectGlobals:Warning: Failed to find object 'Class None.'
[2017.08.25-09.05.31:797][  0]LogContentBrowser: Native class hierarchy updated for 'HierarchicalLODOutliner' in 0.0005 seconds. Added 1 classes and 2 folders.
[2017.08.25-09.05.31:797][  0]LogLoad: (Engine Initialization) Total time: 15.11 seconds
[2017.08.25-09.05.31:797][  0]LogLoad: (Engine Initialization) Total Blueprint compile time: 0.50 seconds
[2017.08.25-09.05.31:797][  0]LogExternalProfiler: Found external profiler: VSPerf
[2017.08.25-09.05.31:797][  0]LogExternalProfiler: Using external profiler: VSPerf
[2017.08.25-09.05.31:808][  0]LogOcInput: OculusInput pre-init called
[2017.08.25-09.05.31:808][  0]LogHMD: Starting GearVRController plugin
[2017.08.25-09.05.31:828][  0]LogAssetRegistry: Asset discovery search completed in 8.0081 seconds
[2017.08.25-09.05.31:829][  0]LogCollectionManager: Rebuilt the object cache for 0 collections in 0.000013 seconds (found 0 objects)
[2017.08.25-09.05.31:829][  0]LogCollectionManager: Fixed up redirectors for 0 collections in 0.000038 seconds (updated 0 objects)
[2017.08.25-09.05.31:853][  0]LogSlate: Took 0.000120 seconds to synchronously load lazily loaded font '../../../Engine/Content/Slate/Fonts/Roboto-Light.ttf' (159K)
[2017.08.25-09.05.32:849][110]LogSlate: Took 0.000192 seconds to synchronously load lazily loaded font '../../../Engine/Content/Slate/Fonts/Roboto-Light.ttf' (159K)
[2017.08.25-09.05.53:984][622]LogEditorFactories: Performing atomic reimport of [C:/Users/Magnus/Desktop/Scan_Reach/FiskeBåt/PNG/BelowMain_Deck.png]
[2017.08.25-09.05.53:985][622]LogFactory: FactoryCreateFile: Texture2D with ReimportTextureFactory (0 0 C:/Users/Magnus/Desktop/Scan_Reach/FiskeBåt/PNG/BelowMain_Deck.png)
[2017.08.25-09.05.54:146][622]LogTexture:Display: Building textures: BelowMain_Deck (AutoDXT, 2048X2048)
[2017.08.25-09.05.54:591][622]LogEditorFactories: -- imported successfully
[2017.08.25-09.05.56:708][855]LogEditorFactories: Performing atomic reimport of [C:/Users/Magnus/Desktop/Scan_Reach/FiskeBåt/PNG/Boat_Deck.png]
[2017.08.25-09.05.56:708][855]LogFactory: FactoryCreateFile: Texture2D with ReimportTextureFactory (0 0 C:/Users/Magnus/Desktop/Scan_Reach/FiskeBåt/PNG/Boat_Deck.png)
[2017.08.25-09.05.56:847][855]LogTexture:Display: Building textures: Boat_Deck (AutoDXT, 2048X2048)
[2017.08.25-09.05.57:294][855]LogEditorFactories: -- imported successfully
[2017.08.25-09.05.58:401][967]LogEditorFactories: Performing atomic reimport of [C:/Users/Magnus/Desktop/Scan_Reach/FiskeBåt/PNG/Bridge_Deck.png]
[2017.08.25-09.05.58:401][967]LogFactory: FactoryCreateFile: Texture2D with ReimportTextureFactory (0 0 C:/Users/Magnus/Desktop/Scan_Reach/FiskeBåt/PNG/Bridge_Deck.png)
[2017.08.25-09.05.58:544][967]LogTexture:Display: Building textures: Bridge_Deck (AutoDXT, 2048X2048)
[2017.08.25-09.05.58:976][967]LogEditorFactories: -- imported successfully
[2017.08.25-09.06.16:504][103]LogEditorFactories: Performing atomic reimport of [C:/Users/Magnus/Desktop/Scan_Reach/FiskeBåt/PNG/ForeCastle_Deck.png]
[2017.08.25-09.06.16:505][103]LogFactory: FactoryCreateFile: Texture2D with ReimportTextureFactory (0 0 C:/Users/Magnus/Desktop/Scan_Reach/FiskeBåt/PNG/ForeCastle_Deck.png)
[2017.08.25-09.06.16:665][103]LogTexture:Display: Building textures: Forcastle_Deck (AutoDXT, 2048X2048)
[2017.08.25-09.06.17:115][103]LogEditorFactories: -- imported successfully
[2017.08.25-09.06.19:186][333]LogEditorFactories: Performing atomic reimport of [C:/Users/Magnus/Desktop/Scan_Reach/FiskeBåt/PNG/Main_Deck.png]
[2017.08.25-09.06.19:187][333]LogFactory: FactoryCreateFile: Texture2D with ReimportTextureFactory (0 0 C:/Users/Magnus/Desktop/Scan_Reach/FiskeBåt/PNG/Main_Deck.png)
[2017.08.25-09.06.19:336][333]LogTexture:Display: Building textures: Main_Deck (AutoDXT, 2048X2048)
[2017.08.25-09.06.19:772][333]LogEditorFactories: -- imported successfully
[2017.08.25-09.06.21:486][520]LogEditorFactories: Performing atomic reimport of [C:/Users/Magnus/Desktop/Scan_Reach/FiskeBåt/PNG/Shelter_Deck.png]
[2017.08.25-09.06.21:486][520]LogFactory: FactoryCreateFile: Texture2D with ReimportTextureFactory (0 0 C:/Users/Magnus/Desktop/Scan_Reach/FiskeBåt/PNG/Shelter_Deck.png)
[2017.08.25-09.06.21:640][520]LogTexture:Display: Building textures: Shelter_Deck (AutoDXT, 2048X2048)
[2017.08.25-09.06.22:084][520]LogEditorFactories: -- imported successfully
[2017.08.25-09.06.25:780][949]LogSlate: Took 0.000159 seconds to synchronously load lazily loaded font '../../../Engine/Content/Slate/Fonts/Roboto-Light.ttf' (159K)
[2017.08.25-09.06.26:023][949]LogSavePackage: Save=182.63ms
[2017.08.25-09.06.26:023][949]LogSavePackage: Moving 'C:/Users/Magnus/Documents/GitHub/SR_Prototype_V2/SR_Prototype_V2/Saved/Shelter_DeckDCB2DDC640133949BC643588E8C65907.tmp' to 'C:/Users/Magnus/Documents/GitHub/SR_Prototype_V2/SR_Prototype_V2/Content/Textures/Ships/Atlantic_Star/Shelter_Deck.uasset'
[2017.08.25-09.06.26:028][949]LogSavePackage:Display: Finished SavePackage C:/Users/Magnus/Documents/GitHub/SR_Prototype_V2/SR_Prototype_V2/Content/Textures/Ships/Atlantic_Star/Shelter_Deck.uasset
[2017.08.25-09.06.26:262][949]LogSavePackage: Save=177.74ms
[2017.08.25-09.06.26:262][949]LogSavePackage: Moving 'C:/Users/Magnus/Documents/GitHub/SR_Prototype_V2/SR_Prototype_V2/Saved/BelowMain_DeckD6395C834F72C93A6A8AEEB832763402.tmp' to 'C:/Users/Magnus/Documents/GitHub/SR_Prototype_V2/SR_Prototype_V2/Content/Textures/Ships/Atlantic_Star/BelowMain_Deck.uasset'
[2017.08.25-09.06.26:265][949]LogSavePackage:Display: Finished SavePackage C:/Users/Magnus/Documents/GitHub/SR_Prototype_V2/SR_Prototype_V2/Content/Textures/Ships/Atlantic_Star/BelowMain_Deck.uasset
[2017.08.25-09.06.26:496][949]LogSavePackage: Save=176.09ms
[2017.08.25-09.06.26:496][949]LogSavePackage: Moving 'C:/Users/Magnus/Documents/GitHub/SR_Prototype_V2/SR_Prototype_V2/Saved/Boat_Deck4F5C0AEE47B614BBC903A0B070854A8D.tmp' to 'C:/Users/Magnus/Documents/GitHub/SR_Prototype_V2/SR_Prototype_V2/Content/Textures/Ships/Atlantic_Star/Boat_Deck.uasset'
[2017.08.25-09.06.26:499][949]LogSavePackage:Display: Finished SavePackage C:/Users/Magnus/Documents/GitHub/SR_Prototype_V2/SR_Prototype_V2/Content/Textures/Ships/Atlantic_Star/Boat_Deck.uasset
[2017.08.25-09.06.26:720][949]LogSavePackage: Save=168.22ms
[2017.08.25-09.06.26:720][949]LogSavePackage: Moving 'C:/Users/Magnus/Documents/GitHub/SR_Prototype_V2/SR_Prototype_V2/Saved/Bridge_DeckCA82B60745271404AFEEEDB26BB304F9.tmp' to 'C:/Users/Magnus/Documents/GitHub/SR_Prototype_V2/SR_Prototype_V2/Content/Textures/Ships/Atlantic_Star/Bridge_Deck.uasset'
[2017.08.25-09.06.26:722][949]LogSavePackage:Display: Finished SavePackage C:/Users/Magnus/Documents/GitHub/SR_Prototype_V2/SR_Prototype_V2/Content/Textures/Ships/Atlantic_Star/Bridge_Deck.uasset
[2017.08.25-09.06.26:953][949]LogSavePackage: Save=178.90ms
[2017.08.25-09.06.26:953][949]LogSavePackage: Moving 'C:/Users/Magnus/Documents/GitHub/SR_Prototype_V2/SR_Prototype_V2/Saved/Forcastle_DeckDF93AB7E4B6D858178510F8B4E622C1C.tmp' to 'C:/Users/Magnus/Documents/GitHub/SR_Prototype_V2/SR_Prototype_V2/Content/Textures/Ships/Atlantic_Star/Forcastle_Deck.uasset'
[2017.08.25-09.06.26:956][949]LogSavePackage:Display: Finished SavePackage C:/Users/Magnus/Documents/GitHub/SR_Prototype_V2/SR_Prototype_V2/Content/Textures/Ships/Atlantic_Star/Forcastle_Deck.uasset
[2017.08.25-09.06.27:178][949]LogSavePackage: Save=171.35ms
[2017.08.25-09.06.27:178][949]LogSavePackage: Moving 'C:/Users/Magnus/Documents/GitHub/SR_Prototype_V2/SR_Prototype_V2/Saved/Main_Deck9EF6E97B45DF5A909E12ACB3330F09B8.tmp' to 'C:/Users/Magnus/Documents/GitHub/SR_Prototype_V2/SR_Prototype_V2/Content/Textures/Ships/Atlantic_Star/Main_Deck.uasset'
[2017.08.25-09.06.27:181][949]LogSavePackage:Display: Finished SavePackage C:/Users/Magnus/Documents/GitHub/SR_Prototype_V2/SR_Prototype_V2/Content/Textures/Ships/Atlantic_Star/Main_Deck.uasset
[2017.08.25-09.06.28:369][ 90]Cmd: SELECT NONE
[2017.08.25-09.06.29:146][174]LogEditorViewport: Clicking on Actor (LMB): StaticMeshActor (Plane2)
[2017.08.25-09.06.29:582][221]Cmd: SELECT NONE
[2017.08.25-09.06.53:833][927]LogTemp: Repeting last play command: New Editor Window (PIE)
[2017.08.25-09.06.53:875][927]LogBlueprintUserMessages: Early PlayInEditor Detection: Level '/Game/Scenes/ScanReach_Map.ScanReach_Map:PersistentLevel' has LevelScriptBlueprint '/Game/Scenes/ScanReach_Map.ScanReach_Map:PersistentLevel.ScanReach_Map' with GeneratedClass '/Game/Scenes/ScanReach_Map.ScanReach_Map_C' with ClassGeneratedBy '/Game/Scenes/ScanReach_Map.ScanReach_Map:PersistentLevel.ScanReach_Map'
[2017.08.25-09.06.53:875][927]LogPlayLevel: PlayLevel: No blueprints needed recompiling
[2017.08.25-09.06.53:875][927]PIE: New page: PIE session: ScanReach_Map (Aug 25, 2017, 1:06:53 PM)
[2017.08.25-09.06.53:878][927]LogPlayLevel: Creating play world package: /Game/Scenes/UEDPIE_0_ScanReach_Map
[2017.08.25-09.06.53:886][927]LogPlayLevel: PIE: StaticDuplicateObject took: (0.008049s)
[2017.08.25-09.06.53:886][927]LogAIModule: Creating AISystem for world ScanReach_Map
[2017.08.25-09.06.53:886][927]LogPlayLevel: PIE: World Init took: (0.000580s)
[2017.08.25-09.06.53:886][927]LogPlayLevel: PIE: Created PIE world by copying editor world from /Game/Scenes/ScanReach_Map.ScanReach_Map to /Game/Scenes/UEDPIE_0_ScanReach_Map.ScanReach_Map (0.008796s)
[2017.08.25-09.06.53:899][927]LogInit: XAudio2 using 'Øretelefon (HyperX 7.1 Audio)' : 2 channels at 44.1 kHz using 16 bits per sample (channel mask 0x3)
[2017.08.25-09.06.53:906][927]LogInit: FAudioDevice initialized.
[2017.08.25-09.06.54:058][927]LogLoad: Game class is 'ScanReach_GM_C'
[2017.08.25-09.06.54:066][927]LogWorld: Bringing World /Game/Scenes/UEDPIE_0_ScanReach_Map.ScanReach_Map up for play (max tick rate 0) at 2017.08.25-11.06.54
[2017.08.25-09.06.54:066][927]LogWorld: Bringing up level for play took: 0.005542
[2017.08.25-09.06.54:094][927]LogContentBrowser: Native class hierarchy updated for 'MovieSceneCapture' in 0.0007 seconds. Added 11 classes and 0 folders.
[2017.08.25-09.06.54:111][927]PIE: Info Play in editor start time for /Game/Scenes/UEDPIE_0_ScanReach_Map 0.96
[2017.08.25-09.06.54:111][927]LogBlueprintUserMessages: Late PlayInEditor Detection: Level '/Game/Scenes/ScanReach_Map.ScanReach_Map:PersistentLevel' has LevelScriptBlueprint '/Game/Scenes/ScanReach_Map.ScanReach_Map:PersistentLevel.ScanReach_Map' with GeneratedClass '/Game/Scenes/ScanReach_Map.ScanReach_Map_C' with ClassGeneratedBy '/Game/Scenes/ScanReach_Map.ScanReach_Map:PersistentLevel.ScanReach_Map'
[2017.08.25-09.06.54:181][928]LogScriptCore:Warning: Script Msg: Divide by zero
Script call stack:
	Function /Game/Blueprints/ZoomCam/bp_ZoomCam.bp_ZoomCam_C:OutsideTick
	Function /Game/Blueprints/ZoomCam/bp_ZoomCam.bp_ZoomCam_C:ExecuteUbergraph_bp_ZoomCam

[2017.08.25-09.06.54:181][928]LogScriptCore:Warning: Script Msg: Divide by zero
Script call stack:
	Function /Game/Blueprints/ZoomCam/bp_ZoomCam.bp_ZoomCam_C:OutsideTick
	Function /Game/Blueprints/ZoomCam/bp_ZoomCam.bp_ZoomCam_C:ExecuteUbergraph_bp_ZoomCam

[2017.08.25-09.06.54:181][928]LogScriptCore:Warning: Script Msg: Divide by zero
Script call stack:
	Function /Game/Blueprints/ZoomCam/bp_ZoomCam.bp_ZoomCam_C:OutsideTick
	Function /Game/Blueprints/ZoomCam/bp_ZoomCam.bp_ZoomCam_C:ExecuteUbergraph_bp_ZoomCam

[2017.08.25-09.06.54:181][928]LogScriptCore:Warning: Script Msg: Divide by zero
Script call stack:
	Function /Game/Blueprints/ZoomCam/bp_ZoomCam.bp_ZoomCam_C:OutsideTick
	Function /Game/Blueprints/ZoomCam/bp_ZoomCam.bp_ZoomCam_C:ExecuteUbergraph_bp_ZoomCam

[2017.08.25-09.06.54:181][928]LogScriptCore:Warning: Script Msg: Divide by zero
Script call stack:
	Function /Game/Blueprints/ZoomCam/bp_ZoomCam.bp_ZoomCam_C:OutsideTick
	Function /Game/Blueprints/ZoomCam/bp_ZoomCam.bp_ZoomCam_C:ExecuteUbergraph_bp_ZoomCam

[2017.08.25-09.06.54:181][928]LogScriptCore:Warning: Script Msg: Divide by zero
Script call stack:
	Function /Game/Blueprints/ZoomCam/bp_ZoomCam.bp_ZoomCam_C:OutsideTick
	Function /Game/Blueprints/ZoomCam/bp_ZoomCam.bp_ZoomCam_C:ExecuteUbergraph_bp_ZoomCam

[2017.08.25-09.06.54:181][928]LogScriptCore:Warning: Script Msg: Divide by zero
Script call stack:
	Function /Game/Blueprints/ZoomCam/bp_ZoomCam.bp_ZoomCam_C:OutsideTick
	Function /Game/Blueprints/ZoomCam/bp_ZoomCam.bp_ZoomCam_C:ExecuteUbergraph_bp_ZoomCam

[2017.08.25-09.06.54:181][928]LogScriptCore:Warning: Script Msg: Divide by zero
Script call stack:
	Function /Game/Blueprints/ZoomCam/bp_ZoomCam.bp_ZoomCam_C:OutsideTick
	Function /Game/Blueprints/ZoomCam/bp_ZoomCam.bp_ZoomCam_C:ExecuteUbergraph_bp_ZoomCam

[2017.08.25-09.06.54:181][928]LogScriptCore:Warning: Script Msg: Divide by zero
Script call stack:
	Function /Game/Blueprints/ZoomCam/bp_ZoomCam.bp_ZoomCam_C:OutsideTick
	Function /Game/Blueprints/ZoomCam/bp_ZoomCam.bp_ZoomCam_C:ExecuteUbergraph_bp_ZoomCam

[2017.08.25-09.06.54:181][928]LogScriptCore:Warning: Script Msg: Divide by zero
Script call stack:
	Function /Game/Blueprints/ZoomCam/bp_ZoomCam.bp_ZoomCam_C:OutsideTick
	Function /Game/Blueprints/ZoomCam/bp_ZoomCam.bp_ZoomCam_C:ExecuteUbergraph_bp_ZoomCam

[2017.08.25-09.06.54:181][928]LogScriptCore:Warning: Script Msg: Divide by zero
Script call stack:
	Function /Game/Blueprints/ZoomCam/bp_ZoomCam.bp_ZoomCam_C:OutsideTick
	Function /Game/Blueprints/ZoomCam/bp_ZoomCam.bp_ZoomCam_C:ExecuteUbergraph_bp_ZoomCam

[2017.08.25-09.06.54:181][928]LogScriptCore:Warning: Script Msg: Divide by zero
Script call stack:
	Function /Game/Blueprints/ZoomCam/bp_ZoomCam.bp_ZoomCam_C:OutsideTick
	Function /Game/Blueprints/ZoomCam/bp_ZoomCam.bp_ZoomCam_C:ExecuteUbergraph_bp_ZoomCam

[2017.08.25-09.06.54:181][928]LogScriptCore:Warning: Script Msg: Divide by zero
Script call stack:
	Function /Game/Blueprints/ZoomCam/bp_ZoomCam.bp_ZoomCam_C:OutsideTick
	Function /Game/Blueprints/ZoomCam/bp_ZoomCam.bp_ZoomCam_C:ExecuteUbergraph_bp_ZoomCam

[2017.08.25-09.06.54:181][928]LogScriptCore:Warning: Script Msg: Divide by zero
Script call stack:
	Function /Game/Blueprints/ZoomCam/bp_ZoomCam.bp_ZoomCam_C:OutsideTick
	Function /Game/Blueprints/ZoomCam/bp_ZoomCam.bp_ZoomCam_C:ExecuteUbergraph_bp_ZoomCam

[2017.08.25-09.06.54:181][928]LogScriptCore:Warning: Script Msg: Divide by zero
Script call stack:
	Function /Game/Blueprints/ZoomCam/bp_ZoomCam.bp_ZoomCam_C:OutsideTick
	Function /Game/Blueprints/ZoomCam/bp_ZoomCam.bp_ZoomCam_C:ExecuteUbergraph_bp_ZoomCam

[2017.08.25-09.06.54:181][928]LogScriptCore:Warning: Script Msg: Divide by zero
Script call stack:
	Function /Game/Blueprints/ZoomCam/bp_ZoomCam.bp_ZoomCam_C:OutsideTick
	Function /Game/Blueprints/ZoomCam/bp_ZoomCam.bp_ZoomCam_C:ExecuteUbergraph_bp_ZoomCam

[2017.08.25-09.06.54:201][929]LogScriptCore:Warning: Script Msg: Divide by zero
Script call stack:
	Function /Game/Blueprints/ZoomCam/bp_ZoomCam.bp_ZoomCam_C:OutsideTick
	Function /Game/Blueprints/ZoomCam/bp_ZoomCam.bp_ZoomCam_C:ExecuteUbergraph_bp_ZoomCam

[2017.08.25-09.06.54:201][929]LogScriptCore:Warning: Script Msg: Divide by zero
Script call stack:
	Function /Game/Blueprints/ZoomCam/bp_ZoomCam.bp_ZoomCam_C:OutsideTick
	Function /Game/Blueprints/ZoomCam/bp_ZoomCam.bp_ZoomCam_C:ExecuteUbergraph_bp_ZoomCam

[2017.08.25-09.06.54:217][931]LogScriptCore:Warning: Script Msg: Divide by zero
Script call stack:
	Function /Game/Blueprints/ZoomCam/bp_ZoomCam.bp_ZoomCam_C:OutsideTick
	Function /Game/Blueprints/ZoomCam/bp_ZoomCam.bp_ZoomCam_C:ExecuteUbergraph_bp_ZoomCam

[2017.08.25-09.06.54:233][933]LogScriptCore:Warning: Script Msg: Divide by zero
Script call stack:
	Function /Game/Blueprints/ZoomCam/bp_ZoomCam.bp_ZoomCam_C:OutsideTick
	Function /Game/Blueprints/ZoomCam/bp_ZoomCam.bp_ZoomCam_C:ExecuteUbergraph_bp_ZoomCam

[2017.08.25-09.06.54:259][936]LogScriptCore:Warning: Script Msg: Divide by zero
Script call stack:
	Function /Game/Blueprints/ZoomCam/bp_ZoomCam.bp_ZoomCam_C:OutsideTick
	Function /Game/Blueprints/ZoomCam/bp_ZoomCam.bp_ZoomCam_C:ExecuteUbergraph_bp_ZoomCam

[2017.08.25-09.06.54:275][938]LogScriptCore:Warning: Script Msg: Divide by zero
Script call stack:
	Function /Game/Blueprints/ZoomCam/bp_ZoomCam.bp_ZoomCam_C:OutsideTick
	Function /Game/Blueprints/ZoomCam/bp_ZoomCam.bp_ZoomCam_C:ExecuteUbergraph_bp_ZoomCam

[2017.08.25-09.07.05:935][336]LogBlueprintUserMessages: [w_Options] BP_PawnPassenger
[2017.08.25-09.07.05:936][336]LogBlueprintUserMessages: [w_Options] BP_PawnPassenger1
[2017.08.25-09.07.05:936][336]LogBlueprintUserMessages: [w_Options] BP_PawnPassenger2
[2017.08.25-09.07.05:936][336]LogBlueprintUserMessages: [w_Options] BP_PawnPassenger3
[2017.08.25-09.07.05:936][336]LogBlueprintUserMessages: [w_Options] BP_PawnPassenger4
[2017.08.25-09.07.05:936][336]LogBlueprintUserMessages: [w_Options] BP_PawnPassenger5
[2017.08.25-09.07.11:180][965]LogBlueprintUserMessages: [w_Options] BP_PawnPassenger
[2017.08.25-09.07.11:180][965]LogBlueprintUserMessages: [w_Options] BP_PawnPassenger1
[2017.08.25-09.07.11:180][965]LogBlueprintUserMessages: [w_Options] BP_PawnPassenger2
[2017.08.25-09.07.11:180][965]LogBlueprintUserMessages: [w_Options] BP_PawnPassenger3
[2017.08.25-09.07.11:180][965]LogBlueprintUserMessages: [w_Options] BP_PawnPassenger4
[2017.08.25-09.07.11:180][965]LogBlueprintUserMessages: [w_Options] BP_PawnPassenger5
[2017.08.25-09.08.20:276][252]LogBlueprintUserMessages: Early EndPlayMap Detection: Level '/Game/Scenes/ScanReach_Map.ScanReach_Map:PersistentLevel' has LevelScriptBlueprint '/Game/Scenes/ScanReach_Map.ScanReach_Map:PersistentLevel.ScanReach_Map' with GeneratedClass '/Game/Scenes/ScanReach_Map.ScanReach_Map_C' with ClassGeneratedBy '/Game/Scenes/ScanReach_Map.ScanReach_Map:PersistentLevel.ScanReach_Map'
[2017.08.25-09.08.20:305][252]LogBlueprintUserMessages: Late EndPlayMap Detection: Level '/Game/Scenes/ScanReach_Map.ScanReach_Map:PersistentLevel' has LevelScriptBlueprint '/Game/Scenes/ScanReach_Map.ScanReach_Map:PersistentLevel.ScanReach_Map' with GeneratedClass '/Game/Scenes/ScanReach_Map.ScanReach_Map_C' with ClassGeneratedBy '/Game/Scenes/ScanReach_Map.ScanReach_Map:PersistentLevel.ScanReach_Map'
[2017.08.25-09.08.22:053][428]LogSavePackage: Save=180.69ms
[2017.08.25-09.08.22:053][428]LogSavePackage: Moving 'C:/Users/Magnus/Documents/GitHub/SR_Prototype_V2/SR_Prototype_V2/Saved/ScanReach_MapBA675CA749BE2F446D12E19D6E9A32FF.tmp' to 'C:/Users/Magnus/Documents/GitHub/SR_Prototype_V2/SR_Prototype_V2/Content/Scenes/ScanReach_Map.umap'
[2017.08.25-09.08.22:055][428]LogSavePackage:Display: Finished SavePackage C:/Users/Magnus/Documents/GitHub/SR_Prototype_V2/SR_Prototype_V2/Content/Scenes/ScanReach_Map.umap
[2017.08.25-09.08.22:092][428]Cmd: OBJ SAVEPACKAGE PACKAGE="/Game/Scenes/ScanReach_Map_BuiltData" FILE="C:/Users/Magnus/Documents/GitHub/SR_Prototype_V2/SR_Prototype_V2/Content/Scenes/ScanReach_Map_BuiltData.uasset" SILENT=true
[2017.08.25-09.08.22:149][428]LogSavePackage: Save=14.00ms
[2017.08.25-09.08.22:149][428]LogSavePackage: Moving 'C:/Users/Magnus/Documents/GitHub/SR_Prototype_V2/SR_Prototype_V2/Saved/ScanReach_Map_BuiltData7BAB796F45326C4AA19F1EB317F2B74C.tmp' to 'C:/Users/Magnus/Documents/GitHub/SR_Prototype_V2/SR_Prototype_V2/Content/Scenes/ScanReach_Map_BuiltData.uasset'
[2017.08.25-09.08.22:151][428]LogSavePackage:Display: Finished SavePackage C:/Users/Magnus/Documents/GitHub/SR_Prototype_V2/SR_Prototype_V2/Content/Scenes/ScanReach_Map_BuiltData.uasset
[2017.08.25-09.08.22:468][465]Cmd: SELECT NONE
[2017.08.25-09.08.26:802][974]LogWindowsTextInputMethodSystem:Display: IME system now deactivated.
[2017.08.25-09.08.26:973][975]Cmd: QUIT_EDITOR
[2017.08.25-09.08.27:785][975]LogExit: Preparing to exit.
[2017.08.25-09.08.28:857][975]LogExit: Editor shut down
[2017.08.25-09.08.28:859][975]LogExit: Transaction tracking system shut down
[2017.08.25-09.08.28:905][975]LogObj: Freed 0b from 0 cluster array pools.
[2017.08.25-09.08.28:905][975]LogExit: Object subsystem successfully closed.
[2017.08.25-09.08.28:920][975]LogD3D11RHI: Shutdown
[2017.08.25-09.08.28:920][975]LogD3D11RHI: CleanupD3DDevice
[2017.08.25-09.08.29:127][975]LogD3D11RHI: ~FD3D11DynamicRHI
[2017.08.25-09.08.29:134][975]LogModuleManager: Shutting down and abandoning module MovieSceneCapture (526)
[2017.08.25-09.08.29:134][975]LogModuleManager: Shutting down and abandoning module HierarchicalLODOutliner (524)
[2017.08.25-09.08.29:134][975]LogModuleManager: Shutting down and abandoning module CrashTracker (522)
[2017.08.25-09.08.29:134][975]LogModuleManager: Shutting down and abandoning module AddContentDialog (520)
[2017.08.25-09.08.29:134][975]LogDirectoryWatcher: A directory notification for 'D:/UE_4.16/FeaturePacks/' was aborted.
[2017.08.25-09.08.29:134][975]LogModuleManager: Shutting down and abandoning module WidgetCarousel (519)
[2017.08.25-09.08.29:134][975]LogModuleManager: Shutting down and abandoning module EditorWidgets (516)
[2017.08.25-09.08.29:134][975]LogModuleManager: Shutting down and abandoning module CollectionManager (514)
[2017.08.25-09.08.29:134][975]LogDirectoryWatcher: A directory notification for 'C:/Users/Magnus/Documents/GitHub/SR_Prototype_V2/SR_Prototype_V2/Content/Collections/' was aborted.
[2017.08.25-09.08.29:135][975]LogDirectoryWatcher: A directory notification for 'C:/Users/Magnus/Documents/GitHub/SR_Prototype_V2/SR_Prototype_V2/Content/Developers/Magnus/Collections/' was aborted.
[2017.08.25-09.08.29:135][975]LogDirectoryWatcher: A directory notification for 'C:/Users/Magnus/Documents/GitHub/SR_Prototype_V2/SR_Prototype_V2/Saved/Collections/' was aborted.
[2017.08.25-09.08.29:135][975]LogModuleManager: Shutting down and abandoning module SceneOutliner (512)
[2017.08.25-09.08.29:135][975]LogModuleManager: Shutting down and abandoning module StatsViewer (510)
[2017.08.25-09.08.29:135][975]LogModuleManager: Shutting down and abandoning module FoliageEdit (508)
[2017.08.25-09.08.29:135][975]LogModuleManager: Shutting down and abandoning module LandscapeEditor (506)
[2017.08.25-09.08.29:135][975]LogModuleManager: Shutting down and abandoning module MeshPaintMode (504)
[2017.08.25-09.08.29:135][975]LogModuleManager: Shutting down and abandoning module SceneDepthPickerMode (502)
[2017.08.25-09.08.29:135][975]LogModuleManager: Shutting down and abandoning module ActorPickerMode (500)
[2017.08.25-09.08.29:135][975]LogModuleManager: Shutting down and abandoning module GeometryMode (498)
[2017.08.25-09.08.29:135][975]LogModuleManager: Shutting down and abandoning module TextureAlignMode (496)
[2017.08.25-09.08.29:135][975]LogModuleManager: Shutting down and abandoning module BspMode (494)
[2017.08.25-09.08.29:135][975]LogModuleManager: Shutting down and abandoning module HardwareSurvey (492)
[2017.08.25-09.08.29:135][975]LogModuleManager: Shutting down and abandoning module SequenceRecorderSections (490)
[2017.08.25-09.08.29:135][975]LogModuleManager: Shutting down and abandoning module AutomationWorker (488)
[2017.08.25-09.08.29:135][975]LogModuleManager: Shutting down and abandoning module MatineeToLevelSequence (486)
[2017.08.25-09.08.29:135][975]LogModuleManager: Shutting down and abandoning module LevelSequenceEditor (484)
[2017.08.25-09.08.29:135][975]LogModuleManager: Shutting down and abandoning module PlacementMode (483)
[2017.08.25-09.08.29:135][975]LogModuleManager: Shutting down and abandoning module WmfMediaFactory (480)
[2017.08.25-09.08.29:135][975]LogModuleManager: Shutting down and abandoning module WmfMediaEditor (478)
[2017.08.25-09.08.29:135][975]LogModuleManager: Shutting down and abandoning module AvfMediaFactory (476)
[2017.08.25-09.08.29:135][975]LogModuleManager: Shutting down and abandoning module AvfMediaEditor (474)
[2017.08.25-09.08.29:135][975]LogModuleManager: Shutting down and abandoning module AndroidMediaFactory (472)
[2017.08.25-09.08.29:135][975]LogModuleManager: Shutting down and abandoning module Media (471)
[2017.08.25-09.08.29:135][975]LogModuleManager: Shutting down and abandoning module AndroidMediaEditor (468)
[2017.08.25-09.08.29:135][975]LogModuleManager: Shutting down and abandoning module CharacterAI (466)
[2017.08.25-09.08.29:135][975]LogModuleManager: Shutting down and abandoning module AudioCapture (464)
[2017.08.25-09.08.29:135][975]LogModuleManager: Shutting down and abandoning module SequenceRecorder (463)
[2017.08.25-09.08.29:135][975]LogModuleManager: Shutting down and abandoning module SmartSnapping (460)
[2017.08.25-09.08.29:135][975]LogModuleManager: Shutting down and abandoning module SessionServices (458)
[2017.08.25-09.08.29:135][975]LogModuleManager: Shutting down and abandoning module ViewportSnapping (456)
[2017.08.25-09.08.29:135][975]LogModuleManager: Shutting down and abandoning module ViewportInteraction (454)
[2017.08.25-09.08.29:135][975]LogModuleManager: Shutting down and abandoning module ClothPainter (452)
[2017.08.25-09.08.29:135][975]LogModuleManager: Shutting down and abandoning module LogVisualizer (450)
[2017.08.25-09.08.29:135][975]LogModuleManager: Shutting down and abandoning module IntroTutorials (448)
[2017.08.25-09.08.29:135][975]LogModuleManager: Shutting down and abandoning module GameProjectGeneration (447)
[2017.08.25-09.08.29:135][975]LogModuleManager: Shutting down and abandoning module EditorLiveStreaming (444)
[2017.08.25-09.08.29:135][975]LogModuleManager: Shutting down and abandoning module IOSPlatformEditor (442)
[2017.08.25-09.08.29:135][975]LogModuleManager: Shutting down and abandoning module HTML5PlatformEditor (440)
[2017.08.25-09.08.29:135][975]LogModuleManager: Shutting down and abandoning module AndroidPlatformEditor (438)
[2017.08.25-09.08.29:135][975]LogModuleManager: Shutting down and abandoning module AndroidDeviceDetection (437)
[2017.08.25-09.08.29:735][975]LogModuleManager: Shutting down and abandoning module IOSRuntimeSettings (434)
[2017.08.25-09.08.29:735][975]LogModuleManager: Shutting down and abandoning module AndroidRuntimeSettings (432)
[2017.08.25-09.08.29:735][975]LogModuleManager: Shutting down and abandoning module InputBindingEditor (430)
[2017.08.25-09.08.29:735][975]LogModuleManager: Shutting down and abandoning module MergeActors (428)
[2017.08.25-09.08.29:735][975]LogModuleManager: Shutting down and abandoning module SizeMap (426)
[2017.08.25-09.08.29:735][975]LogModuleManager: Shutting down and abandoning module TreeMap (424)
[2017.08.25-09.08.29:735][975]LogModuleManager: Shutting down and abandoning module ReferenceViewer (422)
[2017.08.25-09.08.29:735][975]LogModuleManager: Shutting down and abandoning module LocalizationDashboard (420)
[2017.08.25-09.08.29:735][975]LogModuleManager: Shutting down and abandoning module LocalizationService (419)
[2017.08.25-09.08.29:735][975]LogModuleManager: Shutting down and abandoning module HardwareTargeting (416)
[2017.08.25-09.08.29:735][975]LogModuleManager: Shutting down and abandoning module DeviceProfileEditor (414)
[2017.08.25-09.08.29:735][975]LogModuleManager: Shutting down and abandoning module UndoHistory (412)
[2017.08.25-09.08.29:735][975]LogModuleManager: Shutting down and abandoning module UserFeedback (410)
[2017.08.25-09.08.29:735][975]LogModuleManager: Shutting down and abandoning module XmlParser (408)
[2017.08.25-09.08.29:735][975]LogModuleManager: Shutting down and abandoning module Blutility (406)
[2017.08.25-09.08.29:735][975]LogModuleManager: Shutting down and abandoning module ProjectSettingsViewer (404)
[2017.08.25-09.08.29:735][975]LogModuleManager: Shutting down and abandoning module ProjectTargetPlatformEditor (403)
[2017.08.25-09.08.29:736][975]LogModuleManager: Shutting down and abandoning module EditorSettingsViewer (400)
[2017.08.25-09.08.29:736][975]LogModuleManager: Shutting down and abandoning module SettingsEditor (398)
[2017.08.25-09.08.29:736][975]LogModuleManager: Shutting down and abandoning module ProjectLauncher (396)
[2017.08.25-09.08.29:736][975]LogModuleManager: Shutting down and abandoning module SessionFrontend (394)
[2017.08.25-09.08.29:736][975]LogModuleManager: Shutting down and abandoning module ProfilerClient (392)
[2017.08.25-09.08.29:736][975]LogModuleManager: Shutting down and abandoning module DeviceManager (390)
[2017.08.25-09.08.29:736][975]LogModuleManager: Shutting down and abandoning module TargetDeviceServices (389)
[2017.08.25-09.08.29:789][975]LogModuleManager: Shutting down and abandoning module AutomationController (386)
[2017.08.25-09.08.29:789][975]LogModuleManager: Shutting down and abandoning module AutomationWindow (384)
[2017.08.25-09.08.29:789][975]LogModuleManager: Shutting down and abandoning module Layers (382)
[2017.08.25-09.08.29:789][975]LogModuleManager: Shutting down and abandoning module ComponentVisualizers (380)
[2017.08.25-09.08.29:789][975]LogModuleManager: Shutting down and abandoning module DetailCustomizations (378)
[2017.08.25-09.08.29:789][975]LogModuleManager: Shutting down and abandoning module PackagesDialog (376)
[2017.08.25-09.08.29:789][975]LogModuleManager: Shutting down and abandoning module Persona (374)
[2017.08.25-09.08.29:789][975]LogModuleManager: Shutting down and abandoning module AdvancedPreviewScene (373)
[2017.08.25-09.08.29:789][975]LogModuleManager: Shutting down and abandoning module AnimGraph (371)
[2017.08.25-09.08.29:789][975]LogModuleManager: Shutting down and abandoning module Kismet (368)
[2017.08.25-09.08.29:791][975]LogModuleManager: Shutting down and abandoning module ClassViewer (366)
[2017.08.25-09.08.29:791][975]LogModuleManager: Shutting down and abandoning module Toolbox (364)
[2017.08.25-09.08.29:791][975]LogModuleManager: Shutting down and abandoning module ModuleUI (362)
[2017.08.25-09.08.29:791][975]LogModuleManager: Shutting down and abandoning module MovieSceneTools (360)
[2017.08.25-09.08.29:791][975]LogModuleManager: Shutting down and abandoning module OutputLog (358)
[2017.08.25-09.08.29:791][975]LogModuleManager: Shutting down and abandoning module GammaUI (356)
[2017.08.25-09.08.29:791][975]LogModuleManager: Shutting down and abandoning module Documentation (354)
[2017.08.25-09.08.29:791][975]LogModuleManager: Shutting down and abandoning module MovieSceneTracks (352)
[2017.08.25-09.08.29:791][975]LogModuleManager: Shutting down and abandoning module MovieScene (350)
[2017.08.25-09.08.29:791][975]LogModuleManager: Shutting down and abandoning module Niagara (348)
[2017.08.25-09.08.29:791][975]LogModuleManager: Shutting down and abandoning module NiagaraEditor (347)
[2017.08.25-09.08.29:791][975]LogModuleManager: Shutting down and abandoning module StreamingPauseRendering (344)
[2017.08.25-09.08.29:791][975]LogModuleManager: Shutting down and abandoning module AnalyticsET (342)
[2017.08.25-09.08.29:791][975]LogModuleManager: Shutting down and abandoning module PortalServices (340)
[2017.08.25-09.08.29:791][975]LogModuleManager: Shutting down and abandoning module PortalRpc (338)
[2017.08.25-09.08.29:791][975]LogModuleManager: Shutting down and abandoning module MessagingRpc (336)
[2017.08.25-09.08.29:791][975]LogModuleManager: Shutting down and abandoning module AIModule (334)
[2017.08.25-09.08.29:791][975]LogModuleManager: Shutting down and abandoning module GameplayDebugger (333)
[2017.08.25-09.08.29:791][975]LogModuleManager: Shutting down and abandoning module AITestSuite (331)
[2017.08.25-09.08.29:791][975]LogModuleManager: Shutting down and abandoning module ProfilerService (328)
[2017.08.25-09.08.29:859][975]LogModuleManager: Shutting down and abandoning module TaskGraph (326)
[2017.08.25-09.08.29:860][975]LogModuleManager: Shutting down and abandoning module SteamVRController (324)
[2017.08.25-09.08.29:861][975]LogModuleManager: Shutting down and abandoning module SteamVR (322)
[2017.08.25-09.08.29:861][975]LogModuleManager: Shutting down and abandoning module ProceduralMeshComponentEditor (320)
[2017.08.25-09.08.29:861][975]LogModuleManager: Shutting down and abandoning module ProceduralMeshComponent (318)
[2017.08.25-09.08.29:861][975]LogModuleManager: Shutting down and abandoning module OculusLibrary (316)
[2017.08.25-09.08.29:861][975]LogModuleManager: Shutting down and abandoning module OculusInput (314)
[2017.08.25-09.08.29:861][975]LogModuleManager: Shutting down and abandoning module MobilePatchingUtils (312)
[2017.08.25-09.08.29:861][975]LogModuleManager: Shutting down and abandoning module CustomMeshComponent (310)
[2017.08.25-09.08.29:861][975]LogModuleManager: Shutting down and abandoning module CableComponent (308)
[2017.08.25-09.08.29:861][975]LogModuleManager: Shutting down and abandoning module ArchVisCharacter (306)
[2017.08.25-09.08.29:861][975]LogModuleManager: Shutting down and abandoning module AndroidPermission (304)
[2017.08.25-09.08.29:861][975]LogModuleManager: Shutting down and abandoning module MediaPlayerEditor (300)
[2017.08.25-09.08.29:861][975]LogModuleManager: Shutting down and abandoning module HTML5Networking (298)
[2017.08.25-09.08.29:861][975]LogModuleManager: Shutting down and abandoning module AlembicImporter (296)
[2017.08.25-09.08.29:861][975]LogModuleManager: Shutting down and abandoning module AlembicLibrary (295)
[2017.08.25-09.08.29:861][975]LogModuleManager: Shutting down and abandoning module GeometryCache (294)
[2017.08.25-09.08.29:861][975]LogModuleManager: Shutting down and abandoning module GeometryCacheEd (293)
[2017.08.25-09.08.29:861][975]LogModuleManager: Shutting down and abandoning module SuperSearchEditor (288)
[2017.08.25-09.08.29:861][975]LogModuleManager: Shutting down and abandoning module SuperSearch (287)
[2017.08.25-09.08.29:861][975]LogModuleManager: Shutting down and abandoning module SpeedTreeImporter (284)
[2017.08.25-09.08.29:861][975]LogModuleManager: Shutting down and abandoning module PluginBrowser (282)
[2017.08.25-09.08.29:861][975]LogModuleManager: Shutting down and abandoning module MobileLauncherProfileWizard (280)
[2017.08.25-09.08.29:861][975]LogModuleManager: Shutting down and abandoning module VisualStudioSourceCodeAccess (278)
[2017.08.25-09.08.29:861][975]LogModuleManager: Shutting down and abandoning module DesktopPlatform (277)
[2017.08.25-09.08.29:861][975]LogModuleManager: Shutting down and abandoning module UObjectPlugin (274)
[2017.08.25-09.08.29:861][975]LogModuleManager: Shutting down and abandoning module SubversionSourceControl (272)
[2017.08.25-09.08.29:861][975]LogModuleManager: Shutting down and abandoning module PerforceSourceControl (270)
[2017.08.25-09.08.29:861][975]LogModuleManager: Shutting down and abandoning module GitSourceControl (268)
[2017.08.25-09.08.29:861][975]LogModuleManager: Shutting down and abandoning module SourceControl (267)
[2017.08.25-09.08.29:861][975]LogModuleManager: Shutting down and abandoning module LightPropagationVolumeEditor (264)
[2017.08.25-09.08.29:861][975]LogModuleManager: Shutting down and abandoning module PaperTiledImporter (262)
[2017.08.25-09.08.29:861][975]LogModuleManager: Shutting down and abandoning module PaperSpriteSheetImporter (260)
[2017.08.25-09.08.29:861][975]LogModuleManager: Shutting down and abandoning module Paper2DEditor (258)
[2017.08.25-09.08.29:861][975]LogModuleManager: Shutting down and abandoning module MeshPaint (257)
[2017.08.25-09.08.29:861][975]LogModuleManager: Shutting down and abandoning module LevelEditor (255)
[2017.08.25-09.08.29:861][975]LogModuleManager: Shutting down and abandoning module PixelInspectorModule (254)
[2017.08.25-09.08.29:862][975]LogModuleManager: Shutting down and abandoning module MainFrame (252)
[2017.08.25-09.08.29:862][975]LogModuleManager: Shutting down and abandoning module HotReload (251)
[2017.08.25-09.08.29:862][975]LogModuleManager: Shutting down and abandoning module PhysXVehiclesEditor (246)
[2017.08.25-09.08.29:862][975]LogModuleManager: Shutting down and abandoning module PhysXVehicles (244)
[2017.08.25-09.08.29:862][975]LogModuleManager: Shutting down and abandoning module LocationServicesBPLibrary (242)
[2017.08.25-09.08.29:862][975]LogModuleManager: Shutting down and abandoning module ImmediatePhysicsEditor (240)
[2017.08.25-09.08.29:862][975]LogModuleManager: Shutting down and abandoning module ImmediatePhysics (238)
[2017.08.25-09.08.29:862][975]LogModuleManager: Shutting down and abandoning module UdpMessaging (236)
[2017.08.25-09.08.29:962][975]LogModuleManager: Shutting down and abandoning module TcpMessaging (234)
[2017.08.25-09.08.30:062][975]LogModuleManager: Shutting down and abandoning module GameplayTagsEditor (232)
[2017.08.25-09.08.30:062][975]LogModuleManager: Shutting down and abandoning module FacialAnimationEditor (230)
[2017.08.25-09.08.30:062][975]LogModuleManager: Shutting down and abandoning module FacialAnimation (228)
[2017.08.25-09.08.30:062][975]LogModuleManager: Shutting down and abandoning module AssetManagerEditor (226)
[2017.08.25-09.08.30:062][975]LogModuleManager: Shutting down and abandoning module GraphEditor (225)
[2017.08.25-09.08.30:062][975]LogModuleManager: Shutting down and abandoning module ContentBrowser (223)
[2017.08.25-09.08.30:064][975]LogModuleManager: Shutting down and abandoning module LightPropagationVolumeRuntime (220)
[2017.08.25-09.08.30:064][975]LogModuleManager: Shutting down and abandoning module Paper2D (218)
[2017.08.25-09.08.30:064][975]LogModuleManager: Shutting down and abandoning module WindowsMoviePlayer (216)
[2017.08.25-09.08.30:064][975]LogModuleManager: Shutting down and abandoning module WmfMedia (214)
[2017.08.25-09.08.30:064][975]LogModuleManager: Shutting down and abandoning module ClothingSystemEditor (212)
[2017.08.25-09.08.30:064][975]LogModuleManager: Shutting down and abandoning module ClothingSystemRuntime (210)
[2017.08.25-09.08.30:065][975]LogModuleManager: Shutting down and abandoning module MediaAssets (208)
[2017.08.25-09.08.30:065][975]LogModuleManager: Shutting down and abandoning module GameLiveStreaming (206)
[2017.08.25-09.08.30:065][975]LogModuleManager: Shutting down and abandoning module VREditor (204)
[2017.08.25-09.08.30:065][975]LogModuleManager: Shutting down and abandoning module StringTableEditor (202)
[2017.08.25-09.08.30:065][975]LogModuleManager: Shutting down and abandoning module GameplayTasksEditor (200)
[2017.08.25-09.08.30:065][975]LogModuleManager: Shutting down and abandoning module BehaviorTreeEditor (198)
[2017.08.25-09.08.30:065][975]LogModuleManager: Shutting down and abandoning module FunctionalTesting (196)
[2017.08.25-09.08.30:065][975]LogModuleManager: Shutting down and abandoning module CollisionAnalyzer (194)
[2017.08.25-09.08.30:065][975]LogModuleManager: Shutting down and abandoning module UMG (192)
[2017.08.25-09.08.30:065][975]LogModuleManager: Shutting down and abandoning module UMGEditor (191)
[2017.08.25-09.08.30:065][975]LogModuleManager: Shutting down and abandoning module Sequencer (190)
[2017.08.25-09.08.30:065][975]LogModuleManager: Shutting down and abandoning module AssetTools (188)
[2017.08.25-09.08.30:065][975]LogModuleManager: Shutting down and abandoning module MessageLog (187)
[2017.08.25-09.08.30:065][975]LogModuleManager: Shutting down and abandoning module WorkspaceMenuStructure (186)
[2017.08.25-09.08.30:065][975]LogModuleManager: Shutting down and abandoning module SlateReflector (180)
[2017.08.25-09.08.30:065][975]LogModuleManager: Shutting down and abandoning module Slate (178)
[2017.08.25-09.08.30:065][975]LogModuleManager: Shutting down and abandoning module EditorStyle (176)
[2017.08.25-09.08.30:069][975]LogModuleManager: Shutting down and abandoning module SourceCodeAccess (174)
[2017.08.25-09.08.30:069][975]LogModuleManager: Shutting down and abandoning module HeadMountedDisplay (172)
[2017.08.25-09.08.30:069][975]LogModuleManager: Shutting down and abandoning module XAudio2 (170)
[2017.08.25-09.08.30:069][975]LogModuleManager: Shutting down and abandoning module Networking (168)
[2017.08.25-09.08.30:069][975]LogModuleManager: Shutting down and abandoning module Core (164)
[2017.08.25-09.08.30:069][975]LogModuleManager: Shutting down and abandoning module AssetRegistry (162)
[2017.08.25-09.08.30:267][975]LogDirectoryWatcher: A directory notification for '../../../Engine/Content/' was aborted.
[2017.08.25-09.08.30:267][975]LogDirectoryWatcher: A directory notification for 'C:/Users/Magnus/Documents/GitHub/SR_Prototype_V2/SR_Prototype_V2/Content/' was aborted.
[2017.08.25-09.08.30:267][975]LogDirectoryWatcher: A directory notification for '../../../Engine/Plugins/2D/Paper2D/Content/' was aborted.
[2017.08.25-09.08.30:267][975]LogDirectoryWatcher: A directory notification for '../../../Engine/Plugins/Runtime/GearVR/Content/' was aborted.
[2017.08.25-09.08.30:269][975]LogModuleManager: Shutting down and abandoning module DirectoryWatcher (161)
[2017.08.25-09.08.30:269][975]LogModuleManager: Shutting down and abandoning module KismetCompiler (158)
[2017.08.25-09.08.30:269][975]LogModuleManager: Shutting down and abandoning module LevelSequence (156)
[2017.08.25-09.08.30:269][975]LogModuleManager: Shutting down and abandoning module PhysXFormats (154)
[2017.08.25-09.08.30:269][975]LogModuleManager: Shutting down and abandoning module MeshUtilities (152)
[2017.08.25-09.08.30:269][975]LogModuleManager: Shutting down and abandoning module SimplygonSwarm (151)
[2017.08.25-09.08.30:270][975]LogModuleManager: Shutting down and abandoning module SimplygonMeshReduction (149)
[2017.08.25-09.08.30:270][975]LogModuleManager: Shutting down and abandoning module QuadricMeshReduction (147)
[2017.08.25-09.08.30:270][975]LogModuleManager: Shutting down and abandoning module DerivedDataCache (144)
[2017.08.25-09.08.30:311][975]LogDerivedDataCache: Shutdown
[2017.08.25-09.08.30:311][975]LogModuleManager: Shutting down and abandoning module TargetPlatform (142)
[2017.08.25-09.08.30:311][975]LogModuleManager: Shutting down and abandoning module VulkanShaderFormat (141)
[2017.08.25-09.08.30:311][975]LogModuleManager: Shutting down and abandoning module ShaderFormatVectorVM (139)
[2017.08.25-09.08.30:311][975]LogModuleManager: Shutting down and abandoning module ShaderFormatOpenGL (137)
[2017.08.25-09.08.30:311][975]LogModuleManager: Shutting down and abandoning module ShaderFormatD3D (135)
[2017.08.25-09.08.30:311][975]LogModuleManager: Shutting down and abandoning module MetalShaderFormat (133)
[2017.08.25-09.08.30:311][975]LogModuleManager: Shutting down and abandoning module TextureFormatUncompressed (131)
[2017.08.25-09.08.30:311][975]LogModuleManager: Shutting down and abandoning module TextureFormatPVR (129)
[2017.08.25-09.08.30:311][975]LogModuleManager: Shutting down and abandoning module TextureFormatDXT (127)
[2017.08.25-09.08.30:311][975]LogModuleManager: Shutting down and abandoning module TextureFormatIntelISPCTexComp (125)
[2017.08.25-09.08.30:311][975]LogModuleManager: Shutting down and abandoning module TextureFormatASTC (123)
[2017.08.25-09.08.30:311][975]LogModuleManager: Shutting down and abandoning module ImageWrapper (122)
[2017.08.25-09.08.30:311][975]LogModuleManager: Shutting down and abandoning module TextureFormatAndroid (119)
[2017.08.25-09.08.30:311][975]LogModuleManager: Shutting down and abandoning module AudioFormatOpus (117)
[2017.08.25-09.08.30:311][975]LogModuleManager: Shutting down and abandoning module AudioFormatOgg (115)
[2017.08.25-09.08.30:311][975]LogModuleManager: Shutting down and abandoning module AudioFormatADPCM (113)
[2017.08.25-09.08.30:311][975]LogModuleManager: Shutting down and abandoning module LinuxTargetPlatform (111)
[2017.08.25-09.08.30:311][975]LogModuleManager: Shutting down and abandoning module LinuxServerTargetPlatform (109)
[2017.08.25-09.08.30:311][975]LogModuleManager: Shutting down and abandoning module LinuxNoEditorTargetPlatform (107)
[2017.08.25-09.08.30:311][975]LogModuleManager: Shutting down and abandoning module LinuxClientTargetPlatform (105)
[2017.08.25-09.08.30:311][975]LogModuleManager: Shutting down and abandoning module TVOSTargetPlatform (103)
[2017.08.25-09.08.30:311][975]LogModuleManager: Shutting down and abandoning module Messaging (101)
[2017.08.25-09.08.30:311][975]LogModuleManager: Shutting down and abandoning module IOSTargetPlatform (99)
[2017.08.25-09.08.30:311][975]LogModuleManager: Shutting down and abandoning module HTML5TargetPlatform (97)
[2017.08.25-09.08.30:311][975]LogModuleManager: Shutting down and abandoning module Android_PVRTCTargetPlatform (95)
[2017.08.25-09.08.30:311][975]LogModuleManager: Shutting down and abandoning module Android_MultiTargetPlatform (93)
[2017.08.25-09.08.30:311][975]LogModuleManager: Shutting down and abandoning module Android_ETC2TargetPlatform (91)
[2017.08.25-09.08.30:311][975]LogModuleManager: Shutting down and abandoning module Android_ETC1TargetPlatform (89)
[2017.08.25-09.08.30:311][975]LogModuleManager: Shutting down and abandoning module Android_DXTTargetPlatform (87)
[2017.08.25-09.08.30:311][975]LogModuleManager: Shutting down and abandoning module Android_ATCTargetPlatform (85)
[2017.08.25-09.08.30:312][975]LogModuleManager: Shutting down and abandoning module Android_ASTCTargetPlatform (83)
[2017.08.25-09.08.30:312][975]LogModuleManager: Shutting down and abandoning module AndroidTargetPlatform (81)
[2017.08.25-09.08.30:312][975]LogModuleManager: Shutting down and abandoning module WindowsTargetPlatform (79)
[2017.08.25-09.08.30:312][975]LogModuleManager: Shutting down and abandoning module WindowsServerTargetPlatform (77)
[2017.08.25-09.08.30:312][975]LogModuleManager: Shutting down and abandoning module WindowsNoEditorTargetPlatform (75)
[2017.08.25-09.08.30:312][975]LogModuleManager: Shutting down and abandoning module WindowsClientTargetPlatform (73)
[2017.08.25-09.08.30:312][975]LogModuleManager: Shutting down and abandoning module MacTargetPlatform (71)
[2017.08.25-09.08.30:312][975]LogModuleManager: Shutting down and abandoning module MacServerTargetPlatform (69)
[2017.08.25-09.08.30:312][975]LogModuleManager: Shutting down and abandoning module MacNoEditorTargetPlatform (67)
[2017.08.25-09.08.30:312][975]LogModuleManager: Shutting down and abandoning module MacClientTargetPlatform (65)
[2017.08.25-09.08.30:312][975]LogModuleManager: Shutting down and abandoning module AllDesktopTargetPlatform (63)
[2017.08.25-09.08.30:312][975]LogModuleManager: Shutting down and abandoning module InputCore (60)
[2017.08.25-09.08.30:312][975]LogModuleManager: Shutting down and abandoning module Settings (58)
[2017.08.25-09.08.30:312][975]LogModuleManager: Shutting down and abandoning module OculusRift (56)
[2017.08.25-09.08.30:312][975]LogModuleManager: Shutting down and abandoning module GearVRController (54)
[2017.08.25-09.08.30:312][975]LogModuleManager: Shutting down and abandoning module GearVR (52)
[2017.08.25-09.08.30:312][975]LogModuleManager: Shutting down and abandoning module ExampleDeviceProfileSelector (50)
[2017.08.25-09.08.30:312][975]LogModuleManager: Shutting down and abandoning module OnlineBlueprintSupport (48)
[2017.08.25-09.08.30:312][975]LogModuleManager: Shutting down and abandoning module OnlineSubsystem (44)
[2017.08.25-09.08.30:312][975]LogOnline:Display: Unloading online subsystem: NULL
[2017.08.25-09.08.30:312][975]LogModuleManager: Shutting down and abandoning module XMPP (43)
[2017.08.25-09.08.30:312][975]LogModuleManager: Shutting down and abandoning module HTTP (41)
[2017.08.25-09.08.30:312][975]LogHttp:Display: Http module shutting down, but needs to wait on 1 outstanding Http requests:
[2017.08.25-09.08.30:312][975]LogHttp:Display: 	verb=[POST] url=[https://datarouter.ol.epicgames.com/datarouter/api/v1/public/data?SessionID=%7BB3E5EB08-44DA-6818-991C-88BB39F9264E%7D&AppID=UEEditor.Rocket.Release&AppVersion=4.16.3-3561208%2B%2B%2BUE4%2BRelease-4.16&UserID=a1328f8b4b27980f4eb39a8ed1208b4f%7C07c812ce51884e509e41d7ec8613d7db%7C6aef0a9f-b728-4fc9-a3bf-f0a7ec88ec16&AppEnvironment=datacollector-binary&UploadType=eteventstream] status=Processing
[2017.08.25-09.08.30:317][975]LogModuleManager: Shutting down and abandoning module SSL (40)
[2017.08.25-09.08.30:319][975]LogModuleManager: Shutting down and abandoning module HTTPChunkInstaller (36)
[2017.08.25-09.08.30:319][975]LogModuleManager: Shutting down and abandoning module AnimationModifiers (34)
[2017.08.25-09.08.30:319][975]LogModuleManager: Shutting down and abandoning module PropertyEditor (33)
[2017.08.25-09.08.30:319][975]LogModuleManager: Shutting down and abandoning module AudioEditor (30)
[2017.08.25-09.08.30:319][975]LogModuleManager: Shutting down and abandoning module TextureCompressor (28)
[2017.08.25-09.08.30:319][975]LogModuleManager: Shutting down and abandoning module ShaderCore (26)
[2017.08.25-09.08.30:319][975]LogModuleManager: Shutting down and abandoning module Landscape (24)
[2017.08.25-09.08.30:319][975]LogModuleManager: Shutting down and abandoning module SlateRHIRenderer (22)
[2017.08.25-09.08.30:319][975]LogModuleManager: Shutting down and abandoning module OpenGLDrv (20)
[2017.08.25-09.08.30:319][975]LogModuleManager: Shutting down and abandoning module D3D11RHI (18)
[2017.08.25-09.08.30:319][975]LogModuleManager: Shutting down and abandoning module AnimGraphRuntime (16)
[2017.08.25-09.08.30:319][975]LogModuleManager: Shutting down and abandoning module Renderer (14)
[2017.08.25-09.08.30:319][975]LogModuleManager: Shutting down and abandoning module Engine (12)
[2017.08.25-09.08.30:319][975]LogModuleManager: Shutting down and abandoning module CoreUObject (10)
[2017.08.25-09.08.30:319][975]LogModuleManager: Shutting down and abandoning module NetworkFile (8)
[2017.08.25-09.08.30:319][975]LogModuleManager: Shutting down and abandoning module StreamingFile (6)
[2017.08.25-09.08.30:319][975]LogModuleManager: Shutting down and abandoning module SandboxFile (4)
[2017.08.25-09.08.30:319][975]LogModuleManager: Shutting down and abandoning module PakFile (2)
[2017.08.25-09.08.30:321][975]LogExit: Exiting.
[2017.08.25-09.08.30:335][975]Log file closed, 08/25/17 11:08:30
