Log file open, 08/10/17 11:01:00
LogInit:Display: Running engine for game: SR_Prototype_V2
LogPlatformFile: Not using cached read wrapper
LogInit:Display: RandInit(-1535083653) SRandInit(-1535083653).
LogTaskGraph: Started task graph with 5 named threads and 8 total threads with 1 sets of task threads.
LogStats: Stats thread started at 0.099397
LogInit: Using libcurl 7.47.1
LogInit:  - built for x86_64-pc-win32
LogInit:  - supports SSL with OpenSSL/1.0.2g
LogInit:  - supports HTTP deflate (compression) using libz 1.2.8
LogInit:  - other features:
LogInit:      CURL_VERSION_SSL
LogInit:      CURL_VERSION_LIBZ
LogInit:      CURL_VERSION_IPV6
LogInit:      CURL_VERSION_ASYNCHDNS
LogInit:      CURL_VERSION_LARGEFILE
LogInit:      CURL_VERSION_IDN
LogInit:  CurlRequestOptions (configurable via config and command line):
LogInit:  - bVerifyPeer = false  - Libcurl will NOT verify peer certificate
LogInit:  - bUseHttpProxy = false  - Libcurl will NOT use HTTP proxy
LogInit:  - bDontReuseConnections = false  - Libcurl will reuse connections
LogInit:  - CertBundlePath = nullptr  - Libcurl will use whatever was configured at build time.
LogInit: Build: ++UE4+Release-4.16-CL-3561208
LogInit: Engine Version: 4.16.3-3561208+++UE4+Release-4.16
LogInit: Compatible Engine Version: 4.16.0-3452394+++UE4+Release-4.16
LogInit: Net CL: 3452394
LogDevObjectVersion: Number of dev versions registered: 16
LogDevObjectVersion:   Dev-Blueprints (B0D832E4-1F89-4F0D-ACCF-7EB736FD4AA2): 9
LogDevObjectVersion:   Dev-Build (E1C64328-A22C-4D53-A36C-8E866417BD8C): 0
LogDevObjectVersion:   Dev-Core (375EC13C-06E4-48FB-B500-84F0262A717E): 2
LogDevObjectVersion:   Dev-Editor (E4B068ED-F494-42E9-A231-DA0B2E46BB41): 17
LogDevObjectVersion:   Dev-Framework (CFFC743F-43B0-4480-9391-14DF171D2073): 23
LogDevObjectVersion:   Dev-Mobile (B02B49B5-BB20-44E9-A304-32B752E40360): 0
LogDevObjectVersion:   Dev-Networking (A4E4105C-59A1-49B5-A7C5-40C4547EDFEE): 0
LogDevObjectVersion:   Dev-Online (39C831C9-5AE6-47DC-9A44-9C173E1C8E7C): 0
LogDevObjectVersion:   Dev-Physics (78F01B33-EBEA-4F98-B9B4-84EACCB95AA2): 0
LogDevObjectVersion:   Dev-Platform (6631380F-2D4D-43E0-8009-CF276956A95A): 0
LogDevObjectVersion:   Dev-Rendering (12F88B9F-8875-4AFC-A67C-D90C383ABD29): 15
LogDevObjectVersion:   Dev-Sequencer (7B5AE74C-D270-4C10-A958-57980B212A5A): 4
LogDevObjectVersion:   Dev-VR (D7296918-1DD6-4BDD-9DE2-64A83CC13884): 0
LogDevObjectVersion:   Dev-LoadTimes (C2A15278-BFE7-4AFE-6C17-90FF531DF755): 1
LogDevObjectVersion:   Private-Geometry (6EACA3D4-40EC-4CC1-B786-8BED09428FC5): 1
LogDevObjectVersion:   Dev-AnimPhys (29E575DD-E0A3-4627-9D10-D276232CDCEA): 3
LogInit: Compiled (64-bit): Jul 28 2017 11:49:47
LogInit: Compiled with Visual C++: 19.00.24215.01
LogInit: Build Configuration: Development
LogInit: Branch Name: ++UE4+Release-4.16
LogInit: Command line:  
LogInit: Base directory: C:/Program Files/Epic Games/UE_4.16/Engine/Binaries/Win64/
LogInit: Installed Engine Build: 1
LogInit: Presizing for max 8388607 objects, including 0 objects not considered by GC, pre-allocating 0 bytes for permanent pool.
LogInit: Object subsystem initialized
[2017.08.10-09.01.00:866][  0]LogInit: Selected Device Profile: [Windows]
[2017.08.10-09.01.00:866][  0]LogInit: Applying CVar settings loaded from the selected device profile: [Windows]
[2017.08.10-09.01.00:888][  0]LogInit: Computer: WINDOWS-EUOFFC3
[2017.08.10-09.01.00:888][  0]LogInit: User: Bendick
[2017.08.10-09.01.00:888][  0]LogInit: CPU Page size=4096, Cores=4
[2017.08.10-09.01.00:888][  0]LogInit: High frequency timer resolution =3.914063 MHz
[2017.08.10-09.01.00:889][  0]LogMemory: Memory total: Physical=15.9GB (16GB approx)
[2017.08.10-09.01.00:889][  0]LogMemory: Platform Memory Stats for Windows
[2017.08.10-09.01.00:889][  0]LogMemory: Process Physical Memory: 273.82 MB used, 273.82 MB peak
[2017.08.10-09.01.00:889][  0]LogMemory: Process Virtual Memory: 262.94 MB used, 262.94 MB peak
[2017.08.10-09.01.00:889][  0]LogMemory: Physical Memory: 6318.55 MB used,  10004.43 MB free, 16322.98 MB total
[2017.08.10-09.01.00:889][  0]LogMemory: Virtual Memory: 640.54 MB used,  10004.43 MB free, 134217728.00 MB total
[2017.08.10-09.01.01:144][  0]LogInit: Using OS detected language (en-US).
[2017.08.10-09.01.01:144][  0]LogInit: Using OS detected locale (en-GB).
[2017.08.10-09.01.01:175][  0]LogTextLocalizationManager: No specific localization for 'en-US' exists, so the 'en' localization will be used.
[2017.08.10-09.01.02:904][  0]LogD3D11RHI: D3D11 adapters:
[2017.08.10-09.01.03:302][  0]LogD3D11RHI:    0. 'NVIDIA GeForce GTX 1070' (Feature Level 11_0)
[2017.08.10-09.01.03:302][  0]LogD3D11RHI:       8119/0/8161 MB DedicatedVideo/DedicatedSystem/SharedSystem, Outputs:2, VendorId:0x10de
[2017.08.10-09.01.03:303][  0]LogD3D11RHI:    1. 'Microsoft Basic Render Driver' (Feature Level 11_0)
[2017.08.10-09.01.03:303][  0]LogD3D11RHI:       0/0/8161 MB DedicatedVideo/DedicatedSystem/SharedSystem, Outputs:0, VendorId:0x1414
[2017.08.10-09.01.03:303][  0]LogD3D11RHI: Chosen D3D11 Adapter: 0
[2017.08.10-09.01.03:309][  0]LogD3D11RHI: Creating new Direct3DDevice
[2017.08.10-09.01.03:309][  0]LogD3D11RHI:     GPU DeviceId: 0x1b81 (for the marketing name, search the web for "GPU Device Id")
[2017.08.10-09.01.03:309][  0]LogWindows: EnumDisplayDevices:
[2017.08.10-09.01.03:309][  0]LogWindows:    0. 'NVIDIA GeForce GTX 1070' (P:0 D:1)
[2017.08.10-09.01.03:309][  0]LogWindows:    1. 'NVIDIA GeForce GTX 1070' (P:1 D:1)
[2017.08.10-09.01.03:310][  0]LogWindows:    2. 'NVIDIA GeForce GTX 1070' (P:0 D:0)
[2017.08.10-09.01.03:310][  0]LogWindows:    3. 'NVIDIA GeForce GTX 1070' (P:0 D:0)
[2017.08.10-09.01.03:310][  0]LogWindows: DebugString: FoundDriverCount:4 
[2017.08.10-09.01.03:310][  0]LogD3D11RHI:     Adapter Name: NVIDIA GeForce GTX 1070
[2017.08.10-09.01.03:310][  0]LogD3D11RHI:   Driver Version: 382.05 (internal:22.21.13.8205, unified:382.05)
[2017.08.10-09.01.03:310][  0]LogD3D11RHI:      Driver Date: 5-1-2017
[2017.08.10-09.01.03:310][  0]LogRHI: Texture pool is 1361 MB (70% of 1945 MB)
[2017.08.10-09.01.03:706][  0]LogD3D11RHI: Async texture creation enabled
[2017.08.10-09.01.03:858][  0]LogD3D11RHI: GPU Timing Frequency: 1000.000000 (Debug: 2 2)
[2017.08.10-09.01.03:957][  0]LogShaderCompilers: Guid format shader working directory is -33 characters bigger than the processId version (../../../../../../Users/Bendick/Documents/GitHub/SR_Prototype_V2/SR_Prototype_V2/Intermediate/Shaders/WorkingDirectory/18040/).
[2017.08.10-09.01.03:957][  0]LogShaderCompilers: Cleaned the shader compiler working directory 'C:/Users/Bendick/AppData/Local/Temp/UnrealShaderWorkingDir/18ED414C429F00381DCFC3BACEE8727E/'.
[2017.08.10-09.01.03:958][  0]LogShaderCompilers:Display: Using Local Shader Compiler.
[2017.08.10-09.01.05:716][  0]LogTemp:Display: Loaded TP AllDesktopTargetPlatform
[2017.08.10-09.01.05:747][  0]LogTemp:Display: Loaded TP MacClientTargetPlatform
[2017.08.10-09.01.05:778][  0]LogTemp:Display: Loaded TP MacNoEditorTargetPlatform
[2017.08.10-09.01.05:808][  0]LogTemp:Display: Loaded TP MacServerTargetPlatform
[2017.08.10-09.01.05:844][  0]LogTemp:Display: Loaded TP MacTargetPlatform
[2017.08.10-09.01.05:875][  0]LogTemp:Display: Loaded TP WindowsClientTargetPlatform
[2017.08.10-09.01.05:907][  0]LogTemp:Display: Loaded TP WindowsNoEditorTargetPlatform
[2017.08.10-09.01.05:938][  0]LogTemp:Display: Loaded TP WindowsServerTargetPlatform
[2017.08.10-09.01.05:967][  0]LogTemp:Display: Loaded TP WindowsTargetPlatform
[2017.08.10-09.01.06:000][  0]LogTemp:Display: Loaded TP AndroidTargetPlatform
[2017.08.10-09.01.06:032][  0]LogTemp:Display: Loaded TP Android_ASTCTargetPlatform
[2017.08.10-09.01.06:063][  0]LogTemp:Display: Loaded TP Android_ATCTargetPlatform
[2017.08.10-09.01.06:094][  0]LogTemp:Display: Loaded TP Android_DXTTargetPlatform
[2017.08.10-09.01.06:125][  0]LogTemp:Display: Loaded TP Android_ETC1TargetPlatform
[2017.08.10-09.01.06:157][  0]LogTemp:Display: Loaded TP Android_ETC2TargetPlatform
[2017.08.10-09.01.06:220][  0]LogTemp:Display: Loaded TP Android_MultiTargetPlatform
[2017.08.10-09.01.06:220][  0]LogTemp:Display: Loaded TP Android_PVRTCTargetPlatform
[2017.08.10-09.01.06:244][  0]LogTemp:Display: Loaded TP HTML5TargetPlatform
[2017.08.10-09.01.06:320][  0]LogTemp:Display: Loaded TP IOSTargetPlatform
[2017.08.10-09.01.06:338][  0]LogTemp:Display: Loaded TP TVOSTargetPlatform
[2017.08.10-09.01.06:370][  0]LogTemp:Display: Loaded TP LinuxClientTargetPlatform
[2017.08.10-09.01.06:401][  0]LogTemp:Display: Loaded TP LinuxNoEditorTargetPlatform
[2017.08.10-09.01.06:432][  0]LogTemp:Display: Loaded TP LinuxServerTargetPlatform
[2017.08.10-09.01.06:466][  0]LogTemp:Display: Loaded TP LinuxTargetPlatform
[2017.08.10-09.01.06:466][  0]LogTargetPlatformManager:Display: Building Assets For Windows
[2017.08.10-09.01.06:875][  0]LogDerivedDataCache:Display: Max Cache Size: 512 MB
[2017.08.10-09.01.07:180][  0]LogDerivedDataCache: Loaded boot cache 0.30s 90MB C:/Users/Bendick/AppData/Local/UnrealEngine/4.16/DerivedDataCache/Boot.ddc.
[2017.08.10-09.01.07:180][  0]LogDerivedDataCache:Display: Loaded Boot cache: C:/Users/Bendick/AppData/Local/UnrealEngine/4.16/DerivedDataCache/Boot.ddc
[2017.08.10-09.01.07:180][  0]LogDerivedDataCache: FDerivedDataBackendGraph:  Pak pak cache file ../../../../../../Users/Bendick/Documents/GitHub/SR_Prototype_V2/SR_Prototype_V2/DerivedDataCache/DDC.ddp not found, will not use a pak cache.
[2017.08.10-09.01.07:180][  0]LogDerivedDataCache: Unable to find inner node Pak for hierarchical cache Hierarchy.
[2017.08.10-09.01.07:180][  0]LogDerivedDataCache: FDerivedDataBackendGraph:  CompressedPak pak cache file ../../../../../../Users/Bendick/Documents/GitHub/SR_Prototype_V2/SR_Prototype_V2/DerivedDataCache/Compressed.ddp not found, will not use a pak cache.
[2017.08.10-09.01.07:180][  0]LogDerivedDataCache: Unable to find inner node CompressedPak for hierarchical cache Hierarchy.
[2017.08.10-09.01.07:199][  0]LogDerivedDataCache:Display: Pak cache opened for reading ../../../Engine/DerivedDataCache/Compressed.ddp.
[2017.08.10-09.01.07:211][  0]LogDerivedDataCache: Using Local data cache path C:/Users/Bendick/AppData/Local/UnrealEngine/Common/DerivedDataCache: Writable
[2017.08.10-09.01.07:223][  0]LogMaterial: Verifying Global Shaders for PCD3D_SM5
[2017.08.10-09.01.07:230][  0]LogSlate: Using Freetype 2.6.0
[2017.08.10-09.01.07:244][  0]LogSlate: SlateFontCache - WITH_FREETYPE: 1, WITH_HARFBUZZ: 1
[2017.08.10-09.01.07:244][  0]LogSlate: SlateFontCache - WITH_FREETYPE: 1, WITH_HARFBUZZ: 1
[2017.08.10-09.01.08:239][  0]LogInit: Selected Device Profile: [Windows]
[2017.08.10-09.01.08:628][  0]LogMeshUtilities: Using QuadricMeshReduction for automatic static mesh reduction
[2017.08.10-09.01.08:669][  0]LogSimplygon: Simplygon DLL not present - disabling.
[2017.08.10-09.01.08:703][  0]LogMeshUtilities: Using SimplygonSwarm for distributed automatic mesh merging
[2017.08.10-09.01.08:703][  0]LogMeshUtilities: No automatic skeletal mesh reduction module available
[2017.08.10-09.01.08:703][  0]LogMeshUtilities: No automatic mesh merging module available
[2017.08.10-09.01.09:883][  0]LogNetVersion: SR_Prototype_V2 , NetCL: 3452394, EngineNetVer: 2, GameNetVer: 0 (Checksum: 2634772556)
[2017.08.10-09.01.09:992][  0]LogAssetRegistry: FAssetRegistry took 0.0280 seconds to start up
[2017.08.10-09.01.10:356][  0]LogPackageLocalizationCache: Processed 4 localized package path(s) for 2 prioritized culture(s) in 0.345686 seconds
[2017.08.10-09.01.10:361][  0]LogUObjectArray: 34194 objects as part of root set at end of initial load.
[2017.08.10-09.01.10:361][  0]LogUObjectAllocator: 7260416 out of 0 bytes used by permanent object pool.
[2017.08.10-09.01.10:361][  0]LogUObjectArray: CloseDisregardForGC: 0/0 objects in disregard for GC pool
[2017.08.10-09.01.10:403][  0]LogInit: WinSock: version 1.1 (2.2), MaxSocks=32767, MaxUdp=65467
[2017.08.10-09.01.13:909][  0]LogTcpMessaging: Initializing TcpMessaging bridge
[2017.08.10-09.01.13:942][  0]LogUdpMessaging: Initializing bridge on interface 0.0.0.0:0 to multicast group 230.0.0.1:6666.
[2017.08.10-09.01.14:443][  0]LogMaterial: Uniform references updated for custom material expression Custom.
[2017.08.10-09.01.14:793][  0]SourceControl: Info Source control is disabled
[2017.08.10-09.01.14:843][  0]SourceControl: Info Source control is disabled
[2017.08.10-09.01.14:883][  0]SourceControl: Info Source control is disabled
[2017.08.10-09.01.14:918][  0]SourceControl: Info Source control is disabled
[2017.08.10-09.01.15:440][  0]LogAndroidPermission: UAndroidPermissionCallbackProxy::GetInstance
[2017.08.10-09.01.15:892][  0]LogEngine: Initializing Engine...
[2017.08.10-09.01.15:894][  0]LogHMD: Failed to initialize OpenVR with code 110
[2017.08.10-09.01.16:145][  0]LogStats: UGameplayTagsManager::ConstructGameplayTagTree: Construct from data asset -  0.000 s
[2017.08.10-09.01.16:146][  0]LogStats: UGameplayTagsManager::ConstructGameplayTagTree: GameplayTagTreeChangedEvent.Broadcast -  0.000 s
[2017.08.10-09.01.16:293][  0]LogAIModule: Creating AISystem for world Untitled
[2017.08.10-09.01.16:321][  0]LogInit: XAudio2 using 'Speakers (2- Logitech G933 Gaming Headset)' : 6 channels at 48 kHz using 16 bits per sample (channel mask 0x3f)
[2017.08.10-09.01.16:340][  0]LogInit: FAudioDevice initialized.
[2017.08.10-09.01.16:372][  0]LogDerivedDataCache: Saved boot cache 0.03s 111MB C:/Users/Bendick/AppData/Local/UnrealEngine/4.16/DerivedDataCache/Boot.ddc.
[2017.08.10-09.01.16:383][  0]LogInit: Texture streaming: Disabled
[2017.08.10-09.01.16:451][  0]LogEngineSessionManager: EngineSessionManager initialized
[2017.08.10-09.01.16:663][  0]LogInit: Transaction tracking system initialized
[2017.08.10-09.01.16:893][  0]BlueprintLog: New page: Editor Load
[2017.08.10-09.01.17:607][  0]LocalizationService: Info Localization service is disabled
[2017.08.10-09.01.18:112][  0]LogConsoleResponse:Display: 
[2017.08.10-09.01.18:418][  0]LogFileCache: Scanning file cache for directory 'C:/Users/Bendick/Documents/GitHub/SR_Prototype_V2/SR_Prototype_V2/Content/' took 0.01s
[2017.08.10-09.01.18:418][  0]LogCook:Display: Max memory allowance for cook 16384mb min free memory 0mb
[2017.08.10-09.01.18:418][  0]LogCook:Display: Mobile HDR setting 1
[2017.08.10-09.01.19:194][  0]SourceControl: Info Source control is disabled
[2017.08.10-09.01.19:196][  0]Cmd: MAP LOAD FILE="../../../../../../Users/Bendick/Documents/GitHub/SR_Prototype_V2/SR_Prototype_V2/Content/Scenes/ScanReach_Map.umap" TEMPLATE=0 SHOWPROGRESS=1 FEATURELEVEL=3
[2017.08.10-09.01.19:198][  0]LightingResults: New page: Lighting Build
[2017.08.10-09.01.19:270][  0]MapCheck: New page: Map Check
[2017.08.10-09.01.19:270][  0]LightingResults: New page: Lighting Build
[2017.08.10-09.01.19:572][  0]LogStats: FPlatformStackWalk::StackWalkAndDump -  0.168 s
[2017.08.10-09.01.19:572][  0]LogOutputDevice:Error: === Handled ensure: ===
[2017.08.10-09.01.19:572][  0]LogOutputDevice:Error: 
[2017.08.10-09.01.19:572][  0]LogOutputDevice:Error: Ensure condition failed: ChildActorTemplate == nullptr [File:D:\Build\++UE4+Release-4.16+Compile\Sync\Engine\Source\Runtime\Engine\Private\Components\ChildActorComponent.cpp] [Line: 95]
[2017.08.10-09.01.19:572][  0]LogOutputDevice:Error: Found unexpected ChildActorTemplate LinkerPlaceholderExportObject /Game/Blueprints/Ship/BP_Ship.PLACEHOLDER-INST_of_PLACEHOLDER-CLASS__BP_Floor_C_0 when ChildActorClass is null
[2017.08.10-09.01.19:572][  0]LogOutputDevice:Error: Stack: 
[2017.08.10-09.01.19:572][  0]LogOutputDevice:Error: UE4Editor-Core.dll!0x000000007AF2E2B6
[2017.08.10-09.01.19:572][  0]LogOutputDevice:Error: UE4Editor-Core.dll!0x000000007ACDB8C2
[2017.08.10-09.01.19:572][  0]LogOutputDevice:Error: UE4Editor-Core.dll!0x000000007ACF1E86
[2017.08.10-09.01.19:572][  0]LogOutputDevice:Error: UE4Editor-Engine.dll!0x00000000661F1F11
[2017.08.10-09.01.19:572][  0]LogOutputDevice:Error: UE4Editor-CoreUObject.dll!0x000000007A763F30
[2017.08.10-09.01.19:572][  0]LogOutputDevice:Error: UE4Editor-CoreUObject.dll!0x000000007A734973
[2017.08.10-09.01.19:572][  0]LogOutputDevice:Error: UE4Editor-CoreUObject.dll!0x000000007A75A9A9
[2017.08.10-09.01.19:572][  0]LogOutputDevice:Error: UE4Editor-CoreUObject.dll!0x000000007A879345
[2017.08.10-09.01.19:572][  0]LogOutputDevice:Error: UE4Editor-CoreUObject.dll!0x000000007A786B20
[2017.08.10-09.01.19:572][  0]LogOutputDevice:Error: UE4Editor-CoreUObject.dll!0x000000007A7857C5
[2017.08.10-09.01.19:572][  0]LogOutputDevice:Error: UE4Editor-CoreUObject.dll!0x000000007A786D65
[2017.08.10-09.01.19:572][  0]LogOutputDevice:Error: UE4Editor-CoreUObject.dll!0x000000007A7857C5
[2017.08.10-09.01.19:572][  0]LogOutputDevice:Error: UE4Editor-CoreUObject.dll!0x000000007A735666
[2017.08.10-09.01.19:572][  0]LogOutputDevice:Error: UE4Editor-CoreUObject.dll!0x000000007A608DF5
[2017.08.10-09.01.19:572][  0]LogOutputDevice:Error: UE4Editor-CoreUObject.dll!0x000000007A607BB8
[2017.08.10-09.01.19:572][  0]LogOutputDevice:Error: UE4Editor-CoreUObject.dll!0x000000007A7641BF
[2017.08.10-09.01.19:572][  0]LogOutputDevice:Error: UE4Editor-CoreUObject.dll!0x000000007A734509
[2017.08.10-09.01.19:572][  0]LogOutputDevice:Error: UE4Editor-CoreUObject.dll!0x000000007A7595D1
[2017.08.10-09.01.19:572][  0]LogOutputDevice:Error: UE4Editor-CoreUObject.dll!0x000000007A7334B8
[2017.08.10-09.01.19:572][  0]LogOutputDevice:Error: UE4Editor-CoreUObject.dll!0x000000007A73491B
[2017.08.10-09.01.19:572][  0]LogOutputDevice:Error: UE4Editor-CoreUObject.dll!0x000000007A75A9A9
[2017.08.10-09.01.19:572][  0]LogOutputDevice:Error: UE4Editor-CoreUObject.dll!0x000000007A879345
[2017.08.10-09.01.19:572][  0]LogOutputDevice:Error: UE4Editor-CoreUObject.dll!0x000000007A786B20
[2017.08.10-09.01.19:572][  0]LogOutputDevice:Error: UE4Editor-CoreUObject.dll!0x000000007A7857C5
[2017.08.10-09.01.19:572][  0]LogOutputDevice:Error: UE4Editor-CoreUObject.dll!0x000000007A786D65
[2017.08.10-09.01.19:572][  0]LogOutputDevice:Error: UE4Editor-CoreUObject.dll!0x000000007A7857C5
[2017.08.10-09.01.19:572][  0]LogOutputDevice:Error: UE4Editor-CoreUObject.dll!0x000000007A735666
[2017.08.10-09.01.19:572][  0]LogOutputDevice:Error: UE4Editor-CoreUObject.dll!0x000000007A608DF5
[2017.08.10-09.01.19:572][  0]LogOutputDevice:Error: UE4Editor-CoreUObject.dll!0x000000007A607BB8
[2017.08.10-09.01.19:572][  0]LogOutputDevice:Error: UE4Editor-CoreUObject.dll!0x000000007A7641BF
[2017.08.10-09.01.19:572][  0]LogOutputDevice:Error: UE4Editor-CoreUObject.dll!0x000000007A734509
[2017.08.10-09.01.19:572][  0]LogOutputDevice:Error: UE4Editor-CoreUObject.dll!0x000000007A7595D1
[2017.08.10-09.01.19:572][  0]LogOutputDevice:Error: UE4Editor-CoreUObject.dll!0x000000007A7334B8
[2017.08.10-09.01.19:572][  0]LogOutputDevice:Error: UE4Editor-CoreUObject.dll!0x000000007A7595D1
[2017.08.10-09.01.19:572][  0]LogOutputDevice:Error: UE4Editor-CoreUObject.dll!0x000000007A7334B8
[2017.08.10-09.01.19:572][  0]LogOutputDevice:Error: UE4Editor-CoreUObject.dll!0x000000007A73491B
[2017.08.10-09.01.19:572][  0]LogOutputDevice:Error: UE4Editor-CoreUObject.dll!0x000000007A75A9A9
[2017.08.10-09.01.19:572][  0]LogOutputDevice:Error: UE4Editor-CoreUObject.dll!0x000000007A879345
[2017.08.10-09.01.19:572][  0]LogOutputDevice:Error: UE4Editor-CoreUObject.dll!0x000000007A786B20
[2017.08.10-09.01.19:572][  0]LogOutputDevice:Error: UE4Editor-CoreUObject.dll!0x000000007A7857C5
[2017.08.10-09.01.19:572][  0]LogOutputDevice:Error: UE4Editor-CoreUObject.dll!0x000000007A786D65
[2017.08.10-09.01.19:572][  0]LogOutputDevice:Error: UE4Editor-CoreUObject.dll!0x000000007A7857C5
[2017.08.10-09.01.19:572][  0]LogOutputDevice:Error: UE4Editor-CoreUObject.dll!0x000000007A785612
[2017.08.10-09.01.19:572][  0]LogOutputDevice:Error: UE4Editor-CoreUObject.dll!0x000000007A7415B1
[2017.08.10-09.01.19:572][  0]LogOutputDevice:Error: UE4Editor-CoreUObject.dll!0x000000007A784C03
[2017.08.10-09.01.19:572][  0]LogOutputDevice:Error: UE4Editor-CoreUObject.dll!0x000000007A73699E
[2017.08.10-09.01.19:572][  0]LogOutputDevice:Error: UE4Editor-CoreUObject.dll!0x000000007A74EF73
[2017.08.10-09.01.19:572][  0]LogOutputDevice:Error: UE4Editor-CoreUObject.dll!0x000000007A87910E
[2017.08.10-09.01.19:572][  0]LogOutputDevice:Error: UE4Editor-CoreUObject.dll!0x000000007A786B20
[2017.08.10-09.01.19:572][  0]LogOutputDevice:Error: UE4Editor-CoreUObject.dll!0x000000007A7857C5
[2017.08.10-09.01.19:572][  0]LogOutputDevice:Error: UE4Editor-CoreUObject.dll!0x000000007A786D65
[2017.08.10-09.01.19:572][  0]LogOutputDevice:Error: UE4Editor-CoreUObject.dll!0x000000007A7857C5
[2017.08.10-09.01.19:572][  0]LogOutputDevice:Error: UE4Editor-CoreUObject.dll!0x000000007A785612
[2017.08.10-09.01.19:572][  0]LogOutputDevice:Error: UE4Editor-CoreUObject.dll!0x000000007A7415B1
[2017.08.10-09.01.19:572][  0]LogOutputDevice:Error: UE4Editor-CoreUObject.dll!0x000000007A784C03
[2017.08.10-09.01.19:572][  0]LogOutputDevice:Error: UE4Editor-CoreUObject.dll!0x000000007A73699E
[2017.08.10-09.01.19:572][  0]LogOutputDevice:Error: UE4Editor-CoreUObject.dll!0x000000007A74EF73
[2017.08.10-09.01.19:572][  0]LogOutputDevice:Error: UE4Editor-CoreUObject.dll!0x000000007A87910E
[2017.08.10-09.01.19:572][  0]LogOutputDevice:Error: UE4Editor-CoreUObject.dll!0x000000007A786B20
[2017.08.10-09.01.19:572][  0]LogOutputDevice:Error: UE4Editor-CoreUObject.dll!0x000000007A7857C5
[2017.08.10-09.01.19:572][  0]LogOutputDevice:Error: UE4Editor-CoreUObject.dll!0x000000007A786D65
[2017.08.10-09.01.19:572][  0]LogOutputDevice:Error: UE4Editor-CoreUObject.dll!0x000000007A7857C5
[2017.08.10-09.01.19:572][  0]LogOutputDevice:Error: UE4Editor-CoreUObject.dll!0x000000007A786D65
[2017.08.10-09.01.19:572][  0]LogOutputDevice:Error: UE4Editor-CoreUObject.dll!0x000000007A7857C5
[2017.08.10-09.01.19:572][  0]LogOutputDevice:Error: UE4Editor-CoreUObject.dll!0x000000007A785612
[2017.08.10-09.01.19:572][  0]LogOutputDevice:Error: UE4Editor-CoreUObject.dll!0x000000007A7415B1
[2017.08.10-09.01.19:572][  0]LogOutputDevice:Error: UE4Editor-CoreUObject.dll!0x000000007A784C03
[2017.08.10-09.01.19:572][  0]LogOutputDevice:Error: UE4Editor-CoreUObject.dll!0x000000007A73699E
[2017.08.10-09.01.19:572][  0]LogOutputDevice:Error: UE4Editor-CoreUObject.dll!0x000000007A74EF73
[2017.08.10-09.01.19:572][  0]LogOutputDevice:Error: UE4Editor-CoreUObject.dll!0x000000007A87910E
[2017.08.10-09.01.19:572][  0]LogOutputDevice:Error: UE4Editor-CoreUObject.dll!0x000000007A87891A
[2017.08.10-09.01.19:572][  0]LogOutputDevice:Error: UE4Editor-UnrealEd.dll!0x00000000648E44E1
[2017.08.10-09.01.19:572][  0]LogOutputDevice:Error: UE4Editor-UnrealEd.dll!0x00000000648D53B5
[2017.08.10-09.01.19:572][  0]LogOutputDevice:Error: UE4Editor-UnrealEd.dll!0x00000000648BABA2
[2017.08.10-09.01.19:572][  0]LogOutputDevice:Error: UE4Editor-UnrealEd.dll!0x00000000650C16B6
[2017.08.10-09.01.19:572][  0]LogOutputDevice:Error: UE4Editor-UnrealEd.dll!0x0000000064B5E13F
[2017.08.10-09.01.19:572][  0]LogOutputDevice:Error: UE4Editor-UnrealEd.dll!0x0000000064B5DD7F
[2017.08.10-09.01.19:572][  0]LogOutputDevice:Error: UE4Editor-UnrealEd.dll!0x0000000065074DE1
[2017.08.10-09.01.19:572][  0]LogOutputDevice:Error: UE4Editor-UnrealEd.dll!0x0000000065037F3E
[2017.08.10-09.01.19:572][  0]LogOutputDevice:Error: UE4Editor.exe!0x00000000D9B4EFA6
[2017.08.10-09.01.19:572][  0]LogOutputDevice:Error: UE4Editor.exe!0x00000000D9B4F12A
[2017.08.10-09.01.19:572][  0]LogOutputDevice:Error: UE4Editor.exe!0x00000000D9B60CF9
[2017.08.10-09.01.19:572][  0]LogOutputDevice:Error: UE4Editor.exe!0x00000000D9B625F7
[2017.08.10-09.01.19:572][  0]LogOutputDevice:Error: KERNEL32.DLL!0x00000000B2492774
[2017.08.10-09.01.19:572][  0]LogOutputDevice:Error: ntdll.dll!0x00000000B3C50D51
[2017.08.10-09.01.19:572][  0]LogOutputDevice:Error: 
[2017.08.10-09.01.19:578][  0]LogStats:                SubmitErrorReport -  0.000 s
[2017.08.10-09.01.19:911][  0]LogStats:                    SendNewReport -  0.333 s
[2017.08.10-09.01.19:911][  0]LogStats:             FDebug::EnsureFailed -  0.507 s
[2017.08.10-09.01.20:550][  0]LogAIModule: Creating AISystem for world ScanReach_Map
[2017.08.10-09.01.20:650][  0]LogEditorServer: Finished looking for orphan Actors (0.000 secs)
[2017.08.10-09.01.20:670][  0]Cmd: MAP CHECKDEP NOCLEARLOG
[2017.08.10-09.01.20:702][  0]MapCheck: Info Map check complete: 0 Error(s), 0 Warning(s), took 31.174ms to complete.
[2017.08.10-09.01.20:703][  0]LogFileHelpers: Loading map 'ScanReach_Map' took 1.507
[2017.08.10-09.01.20:991][  0]LogCollectionManager: Loaded 0 collections in 0.000967 seconds
[2017.08.10-09.01.21:096][  0]LogFileCache: Scanning file cache for directory 'C:/Users/Bendick/Documents/GitHub/SR_Prototype_V2/SR_Prototype_V2/Saved/Collections/' took 0.01s
[2017.08.10-09.01.21:096][  0]LogFileCache: Scanning file cache for directory 'C:/Users/Bendick/Documents/GitHub/SR_Prototype_V2/SR_Prototype_V2/Content/Developers/Bendick/Collections/' took 0.01s
[2017.08.10-09.01.21:096][  0]LogFileCache: Scanning file cache for directory 'C:/Users/Bendick/Documents/GitHub/SR_Prototype_V2/SR_Prototype_V2/Content/Collections/' took 0.01s
[2017.08.10-09.01.21:096][  0]LogCollectionManager: Rebuilt the GUID cache for 0 collections in 0.000300 seconds
[2017.08.10-09.01.21:107][  0]LogContentBrowser: Native class hierarchy populated in 0.0079 seconds. Added 2329 classes and 491 folders.
[2017.08.10-09.01.21:156][  0]LogContentBrowser: Native class hierarchy updated for 'WidgetCarousel' in 0.0004 seconds. Added 0 classes and 0 folders.
[2017.08.10-09.01.21:436][  0]LogContentBrowser: Native class hierarchy updated for 'AddContentDialog' in 0.0003 seconds. Added 0 classes and 0 folders.
[2017.08.10-09.01.21:473][  0]LogContentBrowser: Native class hierarchy updated for 'SceneOutliner' in 0.0004 seconds. Added 1 classes and 2 folders.
[2017.08.10-09.01.21:654][  0]LogCrashTracker: Crashtracker disabled due to settings.
[2017.08.10-09.01.21:682][  0]LogSlate: Took 0.003891 seconds to synchronously load lazily loaded font '../../../Engine/Content/Slate/Fonts/Roboto-Regular.ttf' (155K)
[2017.08.10-09.01.21:688][  0]LogSlate: Took 0.003898 seconds to synchronously load lazily loaded font '../../../Engine/Content/Slate/Fonts/Roboto-Bold.ttf' (160K)
[2017.08.10-09.01.21:701][  0]LogSlate: Took 0.004306 seconds to synchronously load lazily loaded font '../../../Engine/Content/Editor/Slate/Fonts/FontAwesome.ttf' (139K)
[2017.08.10-09.01.21:826][  0]LogRenderer: Reallocating scene render targets to support 1272x604 NumSamples 1 (Frame:1).
[2017.08.10-09.01.22:054][  0]LogUObjectGlobals:Warning: Failed to find object 'Class None.'
[2017.08.10-09.01.22:110][  0]LogContentBrowser: Native class hierarchy updated for 'HierarchicalLODOutliner' in 0.0004 seconds. Added 1 classes and 2 folders.
[2017.08.10-09.01.22:110][  0]LogLoad: (Engine Initialization) Total time: 23.04 seconds
[2017.08.10-09.01.22:110][  0]LogLoad: (Engine Initialization) Total Blueprint compile time: 0.18 seconds
[2017.08.10-09.01.22:110][  0]LogExternalProfiler: Found external profiler: VSPerf
[2017.08.10-09.01.22:110][  0]LogExternalProfiler: Using external profiler: VSPerf
[2017.08.10-09.01.22:122][  0]LogOcInput: OculusInput pre-init called
[2017.08.10-09.01.22:122][  0]LogHMD: Starting GearVRController plugin
[2017.08.10-09.01.22:141][  0]LogAssetRegistry: Asset discovery search completed in 12.1716 seconds
[2017.08.10-09.01.22:143][  0]LogCollectionManager: Rebuilt the object cache for 0 collections in 0.000000 seconds (found 0 objects)
[2017.08.10-09.01.22:143][  0]LogCollectionManager: Fixed up redirectors for 0 collections in 0.001035 seconds (updated 0 objects)
[2017.08.10-09.01.22:248][  0]LogRenderer: Reallocating scene render targets to support 1272x624 NumSamples 1 (Frame:2).
[2017.08.10-09.01.22:248][  0]LogSlate: Took 0.004136 seconds to synchronously load lazily loaded font '../../../Engine/Content/Slate/Fonts/Roboto-Light.ttf' (159K)
[2017.08.10-09.01.23:133][ 96]LogSlate: Took 0.000137 seconds to synchronously load lazily loaded font '../../../Engine/Content/Slate/Fonts/Roboto-Light.ttf' (159K)
[2017.08.10-09.05.01:794][326]LogTemp: Repeting last play command: Selected Viewport
[2017.08.10-09.05.01:819][326]LogBlueprintUserMessages: Early PlayInEditor Detection: Level '/Game/Scenes/ScanReach_Map.ScanReach_Map:PersistentLevel' has LevelScriptBlueprint '/Game/Scenes/ScanReach_Map.ScanReach_Map:PersistentLevel.ScanReach_Map' with GeneratedClass '/Game/Scenes/ScanReach_Map.ScanReach_Map_C' with ClassGeneratedBy '/Game/Scenes/ScanReach_Map.ScanReach_Map:PersistentLevel.ScanReach_Map'
[2017.08.10-09.05.01:820][326]LogPlayLevel: PlayLevel: No blueprints needed recompiling
[2017.08.10-09.05.01:825][326]PIE: New page: PIE session: ScanReach_Map (10 Aug 2017 13:05:01)
[2017.08.10-09.05.01:830][326]LogPlayLevel: Creating play world package: /Game/Scenes/UEDPIE_0_ScanReach_Map
[2017.08.10-09.05.01:834][326]LogPlayLevel: PIE: StaticDuplicateObject took: (0.004477s)
[2017.08.10-09.05.01:835][326]LogAIModule: Creating AISystem for world ScanReach_Map
[2017.08.10-09.05.01:835][326]LogPlayLevel: PIE: World Init took: (0.000464s)
[2017.08.10-09.05.01:835][326]LogPlayLevel: PIE: Created PIE world by copying editor world from /Game/Scenes/ScanReach_Map.ScanReach_Map to /Game/Scenes/UEDPIE_0_ScanReach_Map.ScanReach_Map (0.005731s)
[2017.08.10-09.05.01:849][326]LogInit: XAudio2 using 'Speakers (2- Logitech G933 Gaming Headset)' : 6 channels at 48 kHz using 16 bits per sample (channel mask 0x3f)
[2017.08.10-09.05.01:859][326]LogInit: FAudioDevice initialized.
[2017.08.10-09.05.01:903][326]LogLoad: Game class is 'ScanReach_GM_C'
[2017.08.10-09.05.01:912][326]LogWorld: Bringing World /Game/Scenes/UEDPIE_0_ScanReach_Map.ScanReach_Map up for play (max tick rate 0) at 2017.08.10-11.05.01
[2017.08.10-09.05.01:913][326]LogWorld: Bringing up level for play took: 0.002066
[2017.08.10-09.05.01:952][326]LogContentBrowser: Native class hierarchy updated for 'MovieSceneCapture' in 0.0004 seconds. Added 11 classes and 0 folders.
[2017.08.10-09.05.01:958][326]PIE: Info Play in editor start time for /Game/Scenes/UEDPIE_0_ScanReach_Map 0.869
[2017.08.10-09.05.01:958][326]LogBlueprintUserMessages: Late PlayInEditor Detection: Level '/Game/Scenes/ScanReach_Map.ScanReach_Map:PersistentLevel' has LevelScriptBlueprint '/Game/Scenes/ScanReach_Map.ScanReach_Map:PersistentLevel.ScanReach_Map' with GeneratedClass '/Game/Scenes/ScanReach_Map.ScanReach_Map_C' with ClassGeneratedBy '/Game/Scenes/ScanReach_Map.ScanReach_Map:PersistentLevel.ScanReach_Map'
[2017.08.10-09.05.06:076][815]LogBlueprintUserMessages: Early EndPlayMap Detection: Level '/Game/Scenes/ScanReach_Map.ScanReach_Map:PersistentLevel' has LevelScriptBlueprint '/Game/Scenes/ScanReach_Map.ScanReach_Map:PersistentLevel.ScanReach_Map' with GeneratedClass '/Game/Scenes/ScanReach_Map.ScanReach_Map_C' with ClassGeneratedBy '/Game/Scenes/ScanReach_Map.ScanReach_Map:PersistentLevel.ScanReach_Map'
[2017.08.10-09.05.06:107][815]LogBlueprintUserMessages: Late EndPlayMap Detection: Level '/Game/Scenes/ScanReach_Map.ScanReach_Map:PersistentLevel' has LevelScriptBlueprint '/Game/Scenes/ScanReach_Map.ScanReach_Map:PersistentLevel.ScanReach_Map' with GeneratedClass '/Game/Scenes/ScanReach_Map.ScanReach_Map_C' with ClassGeneratedBy '/Game/Scenes/ScanReach_Map.ScanReach_Map:PersistentLevel.ScanReach_Map'
[2017.08.10-09.05.08:383][ 82]LogEditorViewport: Clicking on Actor (LMB): BP_Ship_C (BP_Ship)
[2017.08.10-09.05.15:182][752]LogTemp: Repeting last play command: Selected Viewport
[2017.08.10-09.05.15:192][752]LogBlueprintUserMessages: Early PlayInEditor Detection: Level '/Game/Scenes/ScanReach_Map.ScanReach_Map:PersistentLevel' has LevelScriptBlueprint '/Game/Scenes/ScanReach_Map.ScanReach_Map:PersistentLevel.ScanReach_Map' with GeneratedClass '/Game/Scenes/ScanReach_Map.ScanReach_Map_C' with ClassGeneratedBy '/Game/Scenes/ScanReach_Map.ScanReach_Map:PersistentLevel.ScanReach_Map'
[2017.08.10-09.05.15:192][752]LogPlayLevel: PlayLevel: No blueprints needed recompiling
[2017.08.10-09.05.15:192][752]PIE: New page: PIE session: ScanReach_Map (10 Aug 2017 13:05:15)
[2017.08.10-09.05.15:192][752]LogPlayLevel: Creating play world package: /Game/Scenes/UEDPIE_0_ScanReach_Map
[2017.08.10-09.05.15:195][752]LogPlayLevel: PIE: StaticDuplicateObject took: (0.002795s)
[2017.08.10-09.05.15:195][752]LogAIModule: Creating AISystem for world ScanReach_Map
[2017.08.10-09.05.15:195][752]LogPlayLevel: PIE: World Init took: (0.000640s)
[2017.08.10-09.05.15:195][752]LogPlayLevel: PIE: Created PIE world by copying editor world from /Game/Scenes/ScanReach_Map.ScanReach_Map to /Game/Scenes/UEDPIE_0_ScanReach_Map.ScanReach_Map (0.003589s)
[2017.08.10-09.05.15:222][752]LogInit: XAudio2 using 'Speakers (2- Logitech G933 Gaming Headset)' : 6 channels at 48 kHz using 16 bits per sample (channel mask 0x3f)
[2017.08.10-09.05.15:232][752]LogInit: FAudioDevice initialized.
[2017.08.10-09.05.15:261][752]LogLoad: Game class is 'ScanReach_GM_C'
[2017.08.10-09.05.15:262][752]LogWorld: Bringing World /Game/Scenes/UEDPIE_0_ScanReach_Map.ScanReach_Map up for play (max tick rate 0) at 2017.08.10-11.05.15
[2017.08.10-09.05.15:263][752]LogWorld: Bringing up level for play took: 0.000913
[2017.08.10-09.05.15:263][752]PIE: Info Play in editor start time for /Game/Scenes/UEDPIE_0_ScanReach_Map 0.175
[2017.08.10-09.05.15:263][752]LogBlueprintUserMessages: Late PlayInEditor Detection: Level '/Game/Scenes/ScanReach_Map.ScanReach_Map:PersistentLevel' has LevelScriptBlueprint '/Game/Scenes/ScanReach_Map.ScanReach_Map:PersistentLevel.ScanReach_Map' with GeneratedClass '/Game/Scenes/ScanReach_Map.ScanReach_Map_C' with ClassGeneratedBy '/Game/Scenes/ScanReach_Map.ScanReach_Map:PersistentLevel.ScanReach_Map'
[2017.08.10-09.05.18:126][ 95]LogBlueprintUserMessages: Early EndPlayMap Detection: Level '/Game/Scenes/ScanReach_Map.ScanReach_Map:PersistentLevel' has LevelScriptBlueprint '/Game/Scenes/ScanReach_Map.ScanReach_Map:PersistentLevel.ScanReach_Map' with GeneratedClass '/Game/Scenes/ScanReach_Map.ScanReach_Map_C' with ClassGeneratedBy '/Game/Scenes/ScanReach_Map.ScanReach_Map:PersistentLevel.ScanReach_Map'
[2017.08.10-09.05.18:224][ 95]LogBlueprintUserMessages: Late EndPlayMap Detection: Level '/Game/Scenes/ScanReach_Map.ScanReach_Map:PersistentLevel' has LevelScriptBlueprint '/Game/Scenes/ScanReach_Map.ScanReach_Map:PersistentLevel.ScanReach_Map' with GeneratedClass '/Game/Scenes/ScanReach_Map.ScanReach_Map_C' with ClassGeneratedBy '/Game/Scenes/ScanReach_Map.ScanReach_Map:PersistentLevel.ScanReach_Map'
[2017.08.10-09.05.36:823][ 94]Cmd: TRANSACTION UNDO
[2017.08.10-09.05.36:823][ 94]LogEditorTransaction: Undo Edit DistanceBetweenFloors
[2017.08.10-09.05.40:894][570]LogEditorViewport: Clicking on Actor (LMB): BP_Ship_C (BP_Ship)
[2017.08.10-09.05.41:489][640]LogEditorViewport: Clicking on Actor (LMB): BP_Ship_C (BP_Ship)
[2017.08.10-09.05.44:580][  4]LogSlate: Took 0.000090 seconds to synchronously load lazily loaded font '../../../Engine/Content/Slate/Fonts/Roboto-Light.ttf' (159K)
[2017.08.10-09.05.44:878][  4]LogContentBrowser: Native class hierarchy updated for 'BlueprintGraph' in 0.0006 seconds. Added 112 classes and 0 folders.
[2017.08.10-09.05.45:290][  4]LogSlate: Took 0.000090 seconds to synchronously load lazily loaded font '../../../Engine/Content/Slate/Fonts/Roboto-Regular.ttf' (155K)
[2017.08.10-09.05.45:397][  4]LogSlate: Took 0.003357 seconds to synchronously load lazily loaded font '../../../Engine/Content/Editor/Slate/Fonts/Roboto-BoldCondensed.ttf' (158K)
[2017.08.10-09.05.45:499][  5]LogSlate: Took 0.003059 seconds to synchronously load lazily loaded font '../../../Engine/Content/Editor/Slate/Fonts/Roboto-Italic.ttf' (157K)
[2017.08.10-09.05.46:932][169]LogRenderer: Reallocating scene render targets to support 1272x704 NumSamples 1 (Frame:1).
[2017.08.10-09.05.50:723][619]Cmd: OBJ SAVEPACKAGE PACKAGE="/Game/Blueprints/Ship/BP_Ship" FILE="../../../../../../Users/Bendick/Documents/GitHub/SR_Prototype_V2/SR_Prototype_V2/Content/Blueprints/Ship/BP_Ship.uasset" SILENT=true
[2017.08.10-09.05.50:827][619]LogSavePackage: Save=96.28ms
[2017.08.10-09.05.50:828][619]LogSavePackage: Moving '../../../../../../Users/Bendick/Documents/GitHub/SR_Prototype_V2/SR_Prototype_V2/Saved/BP_Ship852D04B04DC4642AD1640FB17030E44C.tmp' to '../../../../../../Users/Bendick/Documents/GitHub/SR_Prototype_V2/SR_Prototype_V2/Content/Blueprints/Ship/BP_Ship.uasset'
[2017.08.10-09.05.50:829][619]LogSavePackage:Display: Finished SavePackage ../../../../../../Users/Bendick/Documents/GitHub/SR_Prototype_V2/SR_Prototype_V2/Content/Blueprints/Ship/BP_Ship.uasset
[2017.08.10-09.08.19:075][135]BlueprintLog: New page: Compile BP_Ship
[2017.08.10-09.09.19:704][872]BlueprintLog: New page: Compile BP_Ship
[2017.08.10-09.09.20:550][949]Cmd: OBJ SAVEPACKAGE PACKAGE="/Game/Blueprints/Ship/BP_Ship" FILE="../../../../../../Users/Bendick/Documents/GitHub/SR_Prototype_V2/SR_Prototype_V2/Content/Blueprints/Ship/BP_Ship.uasset" SILENT=true
[2017.08.10-09.09.20:663][949]LogSavePackage: Save=108.96ms
[2017.08.10-09.09.20:663][949]LogSavePackage: Moving '../../../../../../Users/Bendick/Documents/GitHub/SR_Prototype_V2/SR_Prototype_V2/Saved/BP_ShipBE78CEB94ACF7AB396216BBEB8558A06.tmp' to '../../../../../../Users/Bendick/Documents/GitHub/SR_Prototype_V2/SR_Prototype_V2/Content/Blueprints/Ship/BP_Ship.uasset'
[2017.08.10-09.09.20:665][949]LogSavePackage:Display: Finished SavePackage ../../../../../../Users/Bendick/Documents/GitHub/SR_Prototype_V2/SR_Prototype_V2/Content/Blueprints/Ship/BP_Ship.uasset
[2017.08.10-09.09.22:552][155]LogTemp: Repeting last play command: Selected Viewport
[2017.08.10-09.09.22:565][155]LogBlueprintUserMessages: Early PlayInEditor Detection: Level '/Game/Scenes/ScanReach_Map.ScanReach_Map:PersistentLevel' has LevelScriptBlueprint '/Game/Scenes/ScanReach_Map.ScanReach_Map:PersistentLevel.ScanReach_Map' with GeneratedClass '/Game/Scenes/ScanReach_Map.ScanReach_Map_C' with ClassGeneratedBy '/Game/Scenes/ScanReach_Map.ScanReach_Map:PersistentLevel.ScanReach_Map'
[2017.08.10-09.09.22:565][155]LogPlayLevel: PlayLevel: No blueprints needed recompiling
[2017.08.10-09.09.22:565][155]PIE: New page: PIE session: ScanReach_Map (10 Aug 2017 13:09:22)
[2017.08.10-09.09.22:565][155]LogPlayLevel: Creating play world package: /Game/Scenes/UEDPIE_0_ScanReach_Map
[2017.08.10-09.09.22:567][155]LogPlayLevel: PIE: StaticDuplicateObject took: (0.002517s)
[2017.08.10-09.09.22:568][155]LogAIModule: Creating AISystem for world ScanReach_Map
[2017.08.10-09.09.22:568][155]LogPlayLevel: PIE: World Init took: (0.000520s)
[2017.08.10-09.09.22:568][155]LogPlayLevel: PIE: Created PIE world by copying editor world from /Game/Scenes/ScanReach_Map.ScanReach_Map to /Game/Scenes/UEDPIE_0_ScanReach_Map.ScanReach_Map (0.003205s)
[2017.08.10-09.09.22:585][155]LogInit: XAudio2 using 'Speakers (2- Logitech G933 Gaming Headset)' : 6 channels at 48 kHz using 16 bits per sample (channel mask 0x3f)
[2017.08.10-09.09.22:595][155]LogInit: FAudioDevice initialized.
[2017.08.10-09.09.22:624][155]LogLoad: Game class is 'ScanReach_GM_C'
[2017.08.10-09.09.22:625][155]LogWorld: Bringing World /Game/Scenes/UEDPIE_0_ScanReach_Map.ScanReach_Map up for play (max tick rate 0) at 2017.08.10-11.09.22
[2017.08.10-09.09.22:625][155]LogWorld: Bringing up level for play took: 0.000894
[2017.08.10-09.09.22:626][155]PIE: Info Play in editor start time for /Game/Scenes/UEDPIE_0_ScanReach_Map -0.463
[2017.08.10-09.09.22:626][155]LogBlueprintUserMessages: Late PlayInEditor Detection: Level '/Game/Scenes/ScanReach_Map.ScanReach_Map:PersistentLevel' has LevelScriptBlueprint '/Game/Scenes/ScanReach_Map.ScanReach_Map:PersistentLevel.ScanReach_Map' with GeneratedClass '/Game/Scenes/ScanReach_Map.ScanReach_Map_C' with ClassGeneratedBy '/Game/Scenes/ScanReach_Map.ScanReach_Map:PersistentLevel.ScanReach_Map'
[2017.08.10-09.09.28:933][910]LogBlueprintUserMessages: Early EndPlayMap Detection: Level '/Game/Scenes/ScanReach_Map.ScanReach_Map:PersistentLevel' has LevelScriptBlueprint '/Game/Scenes/ScanReach_Map.ScanReach_Map:PersistentLevel.ScanReach_Map' with GeneratedClass '/Game/Scenes/ScanReach_Map.ScanReach_Map_C' with ClassGeneratedBy '/Game/Scenes/ScanReach_Map.ScanReach_Map:PersistentLevel.ScanReach_Map'
[2017.08.10-09.09.29:036][910]LogBlueprintUserMessages: Late EndPlayMap Detection: Level '/Game/Scenes/ScanReach_Map.ScanReach_Map:PersistentLevel' has LevelScriptBlueprint '/Game/Scenes/ScanReach_Map.ScanReach_Map:PersistentLevel.ScanReach_Map' with GeneratedClass '/Game/Scenes/ScanReach_Map.ScanReach_Map_C' with ClassGeneratedBy '/Game/Scenes/ScanReach_Map.ScanReach_Map:PersistentLevel.ScanReach_Map'
[2017.08.10-09.09.29:592][972]LogEditorViewport: Clicking on Actor (LMB): BP_Ship_C (BP_Ship)
[2017.08.10-09.09.34:288][492]LogTemp: Repeting last play command: Selected Viewport
[2017.08.10-09.09.34:298][492]LogBlueprintUserMessages: Early PlayInEditor Detection: Level '/Game/Scenes/ScanReach_Map.ScanReach_Map:PersistentLevel' has LevelScriptBlueprint '/Game/Scenes/ScanReach_Map.ScanReach_Map:PersistentLevel.ScanReach_Map' with GeneratedClass '/Game/Scenes/ScanReach_Map.ScanReach_Map_C' with ClassGeneratedBy '/Game/Scenes/ScanReach_Map.ScanReach_Map:PersistentLevel.ScanReach_Map'
[2017.08.10-09.09.34:298][492]LogPlayLevel: PlayLevel: No blueprints needed recompiling
[2017.08.10-09.09.34:298][492]PIE: New page: PIE session: ScanReach_Map (10 Aug 2017 13:09:34)
[2017.08.10-09.09.34:298][492]LogPlayLevel: Creating play world package: /Game/Scenes/UEDPIE_0_ScanReach_Map
[2017.08.10-09.09.34:301][492]LogPlayLevel: PIE: StaticDuplicateObject took: (0.002884s)
[2017.08.10-09.09.34:302][492]LogAIModule: Creating AISystem for world ScanReach_Map
[2017.08.10-09.09.34:302][492]LogPlayLevel: PIE: World Init took: (0.000412s)
[2017.08.10-09.09.34:302][492]LogPlayLevel: PIE: Created PIE world by copying editor world from /Game/Scenes/ScanReach_Map.ScanReach_Map to /Game/Scenes/UEDPIE_0_ScanReach_Map.ScanReach_Map (0.003427s)
[2017.08.10-09.09.34:322][492]LogInit: XAudio2 using 'Speakers (2- Logitech G933 Gaming Headset)' : 6 channels at 48 kHz using 16 bits per sample (channel mask 0x3f)
[2017.08.10-09.09.34:331][492]LogInit: FAudioDevice initialized.
[2017.08.10-09.09.34:358][492]LogLoad: Game class is 'ScanReach_GM_C'
[2017.08.10-09.09.34:360][492]LogWorld: Bringing World /Game/Scenes/UEDPIE_0_ScanReach_Map.ScanReach_Map up for play (max tick rate 0) at 2017.08.10-11.09.34
[2017.08.10-09.09.34:360][492]LogWorld: Bringing up level for play took: 0.000997
[2017.08.10-09.09.34:360][492]PIE: Info Play in editor start time for /Game/Scenes/UEDPIE_0_ScanReach_Map -0.728
[2017.08.10-09.09.34:361][492]LogBlueprintUserMessages: Late PlayInEditor Detection: Level '/Game/Scenes/ScanReach_Map.ScanReach_Map:PersistentLevel' has LevelScriptBlueprint '/Game/Scenes/ScanReach_Map.ScanReach_Map:PersistentLevel.ScanReach_Map' with GeneratedClass '/Game/Scenes/ScanReach_Map.ScanReach_Map_C' with ClassGeneratedBy '/Game/Scenes/ScanReach_Map.ScanReach_Map:PersistentLevel.ScanReach_Map'
[2017.08.10-09.09.43:905][637]LogBlueprintUserMessages: Early EndPlayMap Detection: Level '/Game/Scenes/ScanReach_Map.ScanReach_Map:PersistentLevel' has LevelScriptBlueprint '/Game/Scenes/ScanReach_Map.ScanReach_Map:PersistentLevel.ScanReach_Map' with GeneratedClass '/Game/Scenes/ScanReach_Map.ScanReach_Map_C' with ClassGeneratedBy '/Game/Scenes/ScanReach_Map.ScanReach_Map:PersistentLevel.ScanReach_Map'
[2017.08.10-09.09.44:008][637]LogBlueprintUserMessages: Late EndPlayMap Detection: Level '/Game/Scenes/ScanReach_Map.ScanReach_Map:PersistentLevel' has LevelScriptBlueprint '/Game/Scenes/ScanReach_Map.ScanReach_Map:PersistentLevel.ScanReach_Map' with GeneratedClass '/Game/Scenes/ScanReach_Map.ScanReach_Map_C' with ClassGeneratedBy '/Game/Scenes/ScanReach_Map.ScanReach_Map:PersistentLevel.ScanReach_Map'
[2017.08.10-09.09.45:817][843]LogEditorViewport: Clicking on Actor (LMB): BP_Ship_C (BP_Ship)
[2017.08.10-09.10.01:657][691]LogEditorViewport: Clicking on Actor (LMB): StaticMeshActor (Floor)
[2017.08.10-09.10.03:436][894]LogEditorViewport: Clicking on Actor (LMB): BP_Ship_C (BP_Ship)
[2017.08.10-09.10.55:633][ 32]LogEditorViewport: Clicking on Actor (LMB): StaticMeshActor (Floor)
[2017.08.10-09.10.57:905][273]LogSavePackage: Save=144.07ms
[2017.08.10-09.10.57:905][273]LogSavePackage: Moving '../../../../../../Users/Bendick/Documents/GitHub/SR_Prototype_V2/SR_Prototype_V2/Saved/ScanReach_Map5D8AF88246FEDB1CC7AA5E878C868D2F.tmp' to '../../../../../../Users/Bendick/Documents/GitHub/SR_Prototype_V2/SR_Prototype_V2/Content/Scenes/ScanReach_Map.umap'
[2017.08.10-09.10.57:907][273]LogSavePackage:Display: Finished SavePackage ../../../../../../Users/Bendick/Documents/GitHub/SR_Prototype_V2/SR_Prototype_V2/Content/Scenes/ScanReach_Map.umap
[2017.08.10-09.10.57:928][273]LogEditorTransaction: Non zero active count in UTransBuffer::Reset
ActiveCount : 2
SessionName : 
Reason      : Map Saved

Purging the undo buffer...

[2017.08.10-09.10.57:950][273]LogSavePackage: Save=12.69ms
[2017.08.10-09.10.57:950][273]LogSavePackage: Moving '../../../../../../Users/Bendick/Documents/GitHub/SR_Prototype_V2/SR_Prototype_V2/Saved/ScanReach_Map_BuiltData9271A8324FF76151E821DC8F4F376205.tmp' to '../../../../../../Users/Bendick/Documents/GitHub/SR_Prototype_V2/SR_Prototype_V2/Content/Scenes/ScanReach_Map_BuiltData.uasset'
[2017.08.10-09.10.57:951][273]LogSavePackage:Display: Finished SavePackage ../../../../../../Users/Bendick/Documents/GitHub/SR_Prototype_V2/SR_Prototype_V2/Content/Scenes/ScanReach_Map_BuiltData.uasset
[2017.08.10-09.10.59:210][424]LogTemp: Repeting last play command: Selected Viewport
[2017.08.10-09.10.59:220][424]LogBlueprintUserMessages: Early PlayInEditor Detection: Level '/Game/Scenes/ScanReach_Map.ScanReach_Map:PersistentLevel' has LevelScriptBlueprint '/Game/Scenes/ScanReach_Map.ScanReach_Map:PersistentLevel.ScanReach_Map' with GeneratedClass '/Game/Scenes/ScanReach_Map.ScanReach_Map_C' with ClassGeneratedBy '/Game/Scenes/ScanReach_Map.ScanReach_Map:PersistentLevel.ScanReach_Map'
[2017.08.10-09.10.59:220][424]LogPlayLevel: PlayLevel: No blueprints needed recompiling
[2017.08.10-09.10.59:220][424]PIE: New page: PIE session: ScanReach_Map (10 Aug 2017 13:10:59)
[2017.08.10-09.10.59:220][424]LogPlayLevel: Creating play world package: /Game/Scenes/UEDPIE_0_ScanReach_Map
[2017.08.10-09.10.59:223][424]LogPlayLevel: PIE: StaticDuplicateObject took: (0.003050s)
[2017.08.10-09.10.59:224][424]LogAIModule: Creating AISystem for world ScanReach_Map
[2017.08.10-09.10.59:224][424]LogPlayLevel: PIE: World Init took: (0.000501s)
[2017.08.10-09.10.59:224][424]LogPlayLevel: PIE: Created PIE world by copying editor world from /Game/Scenes/ScanReach_Map.ScanReach_Map to /Game/Scenes/UEDPIE_0_ScanReach_Map.ScanReach_Map (0.003680s)
[2017.08.10-09.10.59:242][424]LogInit: XAudio2 using 'Speakers (2- Logitech G933 Gaming Headset)' : 6 channels at 48 kHz using 16 bits per sample (channel mask 0x3f)
[2017.08.10-09.10.59:251][424]LogInit: FAudioDevice initialized.
[2017.08.10-09.10.59:283][424]LogLoad: Game class is 'ScanReach_GM_C'
[2017.08.10-09.10.59:284][424]LogWorld: Bringing World /Game/Scenes/UEDPIE_0_ScanReach_Map.ScanReach_Map up for play (max tick rate 0) at 2017.08.10-11.10.59
[2017.08.10-09.10.59:284][424]LogWorld: Bringing up level for play took: 0.001089
[2017.08.10-09.10.59:285][424]PIE: Info Play in editor start time for /Game/Scenes/UEDPIE_0_ScanReach_Map 0.197
[2017.08.10-09.10.59:285][424]LogBlueprintUserMessages: Late PlayInEditor Detection: Level '/Game/Scenes/ScanReach_Map.ScanReach_Map:PersistentLevel' has LevelScriptBlueprint '/Game/Scenes/ScanReach_Map.ScanReach_Map:PersistentLevel.ScanReach_Map' with GeneratedClass '/Game/Scenes/ScanReach_Map.ScanReach_Map_C' with ClassGeneratedBy '/Game/Scenes/ScanReach_Map.ScanReach_Map:PersistentLevel.ScanReach_Map'
[2017.08.10-09.11.03:029][873]LogBlueprintUserMessages: Early EndPlayMap Detection: Level '/Game/Scenes/ScanReach_Map.ScanReach_Map:PersistentLevel' has LevelScriptBlueprint '/Game/Scenes/ScanReach_Map.ScanReach_Map:PersistentLevel.ScanReach_Map' with GeneratedClass '/Game/Scenes/ScanReach_Map.ScanReach_Map_C' with ClassGeneratedBy '/Game/Scenes/ScanReach_Map.ScanReach_Map:PersistentLevel.ScanReach_Map'
[2017.08.10-09.11.03:073][873]LogBlueprintUserMessages: Late EndPlayMap Detection: Level '/Game/Scenes/ScanReach_Map.ScanReach_Map:PersistentLevel' has LevelScriptBlueprint '/Game/Scenes/ScanReach_Map.ScanReach_Map:PersistentLevel.ScanReach_Map' with GeneratedClass '/Game/Scenes/ScanReach_Map.ScanReach_Map_C' with ClassGeneratedBy '/Game/Scenes/ScanReach_Map.ScanReach_Map:PersistentLevel.ScanReach_Map'
[2017.08.10-09.11.05:520][163]LogEditorViewport: Clicking on Actor (LMB): CameraActor (CameraActor)
[2017.08.10-09.11.17:906][632]LogEditorViewport: Clicking on Actor (LMB): BP_Ship_C (BP_Ship)
[2017.08.10-09.11.22:298][ 64]LogTemp: Repeting last play command: Selected Viewport
[2017.08.10-09.11.22:309][ 64]LogBlueprintUserMessages: Early PlayInEditor Detection: Level '/Game/Scenes/ScanReach_Map.ScanReach_Map:PersistentLevel' has LevelScriptBlueprint '/Game/Scenes/ScanReach_Map.ScanReach_Map:PersistentLevel.ScanReach_Map' with GeneratedClass '/Game/Scenes/ScanReach_Map.ScanReach_Map_C' with ClassGeneratedBy '/Game/Scenes/ScanReach_Map.ScanReach_Map:PersistentLevel.ScanReach_Map'
[2017.08.10-09.11.22:309][ 64]LogPlayLevel: PlayLevel: No blueprints needed recompiling
[2017.08.10-09.11.22:309][ 64]PIE: New page: PIE session: ScanReach_Map (10 Aug 2017 13:11:22)
[2017.08.10-09.11.22:309][ 64]LogPlayLevel: Creating play world package: /Game/Scenes/UEDPIE_0_ScanReach_Map
[2017.08.10-09.11.22:312][ 64]LogPlayLevel: PIE: StaticDuplicateObject took: (0.002924s)
[2017.08.10-09.11.22:312][ 64]LogAIModule: Creating AISystem for world ScanReach_Map
[2017.08.10-09.11.22:312][ 64]LogPlayLevel: PIE: World Init took: (0.000431s)
[2017.08.10-09.11.22:312][ 64]LogPlayLevel: PIE: Created PIE world by copying editor world from /Game/Scenes/ScanReach_Map.ScanReach_Map to /Game/Scenes/UEDPIE_0_ScanReach_Map.ScanReach_Map (0.003485s)
[2017.08.10-09.11.22:331][ 64]LogInit: XAudio2 using 'Speakers (2- Logitech G933 Gaming Headset)' : 6 channels at 48 kHz using 16 bits per sample (channel mask 0x3f)
[2017.08.10-09.11.22:340][ 64]LogInit: FAudioDevice initialized.
[2017.08.10-09.11.22:367][ 64]LogLoad: Game class is 'ScanReach_GM_C'
[2017.08.10-09.11.22:369][ 64]LogWorld: Bringing World /Game/Scenes/UEDPIE_0_ScanReach_Map.ScanReach_Map up for play (max tick rate 0) at 2017.08.10-11.11.22
[2017.08.10-09.11.22:369][ 64]LogWorld: Bringing up level for play took: 0.000993
[2017.08.10-09.11.22:369][ 64]PIE: Info Play in editor start time for /Game/Scenes/UEDPIE_0_ScanReach_Map -0.719
[2017.08.10-09.11.22:370][ 64]LogBlueprintUserMessages: Late PlayInEditor Detection: Level '/Game/Scenes/ScanReach_Map.ScanReach_Map:PersistentLevel' has LevelScriptBlueprint '/Game/Scenes/ScanReach_Map.ScanReach_Map:PersistentLevel.ScanReach_Map' with GeneratedClass '/Game/Scenes/ScanReach_Map.ScanReach_Map_C' with ClassGeneratedBy '/Game/Scenes/ScanReach_Map.ScanReach_Map:PersistentLevel.ScanReach_Map'
[2017.08.10-09.11.30:621][ 54]LogBlueprintUserMessages: Early EndPlayMap Detection: Level '/Game/Scenes/ScanReach_Map.ScanReach_Map:PersistentLevel' has LevelScriptBlueprint '/Game/Scenes/ScanReach_Map.ScanReach_Map:PersistentLevel.ScanReach_Map' with GeneratedClass '/Game/Scenes/ScanReach_Map.ScanReach_Map_C' with ClassGeneratedBy '/Game/Scenes/ScanReach_Map.ScanReach_Map:PersistentLevel.ScanReach_Map'
[2017.08.10-09.11.30:733][ 54]LogBlueprintUserMessages: Late EndPlayMap Detection: Level '/Game/Scenes/ScanReach_Map.ScanReach_Map:PersistentLevel' has LevelScriptBlueprint '/Game/Scenes/ScanReach_Map.ScanReach_Map:PersistentLevel.ScanReach_Map' with GeneratedClass '/Game/Scenes/ScanReach_Map.ScanReach_Map_C' with ClassGeneratedBy '/Game/Scenes/ScanReach_Map.ScanReach_Map:PersistentLevel.ScanReach_Map'
[2017.08.10-09.11.31:751][171]LogEditorViewport: Clicking on Actor (LMB): CameraActor (CameraActor)
[2017.08.10-09.11.35:551][617]LogEditorViewport: Clicking on Actor (LMB): BP_Ship_C (BP_Ship)
[2017.08.10-09.11.36:450][709]LogTemp: Repeting last play command: Selected Viewport
[2017.08.10-09.11.36:460][709]LogBlueprintUserMessages: Early PlayInEditor Detection: Level '/Game/Scenes/ScanReach_Map.ScanReach_Map:PersistentLevel' has LevelScriptBlueprint '/Game/Scenes/ScanReach_Map.ScanReach_Map:PersistentLevel.ScanReach_Map' with GeneratedClass '/Game/Scenes/ScanReach_Map.ScanReach_Map_C' with ClassGeneratedBy '/Game/Scenes/ScanReach_Map.ScanReach_Map:PersistentLevel.ScanReach_Map'
[2017.08.10-09.11.36:460][709]LogPlayLevel: PlayLevel: No blueprints needed recompiling
[2017.08.10-09.11.36:461][709]PIE: New page: PIE session: ScanReach_Map (10 Aug 2017 13:11:36)
[2017.08.10-09.11.36:461][709]LogPlayLevel: Creating play world package: /Game/Scenes/UEDPIE_0_ScanReach_Map
[2017.08.10-09.11.36:464][709]LogPlayLevel: PIE: StaticDuplicateObject took: (0.003134s)
[2017.08.10-09.11.36:464][709]LogAIModule: Creating AISystem for world ScanReach_Map
[2017.08.10-09.11.36:464][709]LogPlayLevel: PIE: World Init took: (0.000475s)
[2017.08.10-09.11.36:464][709]LogPlayLevel: PIE: Created PIE world by copying editor world from /Game/Scenes/ScanReach_Map.ScanReach_Map to /Game/Scenes/UEDPIE_0_ScanReach_Map.ScanReach_Map (0.003742s)
[2017.08.10-09.11.36:482][709]LogInit: XAudio2 using 'Speakers (2- Logitech G933 Gaming Headset)' : 6 channels at 48 kHz using 16 bits per sample (channel mask 0x3f)
[2017.08.10-09.11.36:492][709]LogInit: FAudioDevice initialized.
[2017.08.10-09.11.36:519][709]LogLoad: Game class is 'ScanReach_GM_C'
[2017.08.10-09.11.36:520][709]LogWorld: Bringing World /Game/Scenes/UEDPIE_0_ScanReach_Map.ScanReach_Map up for play (max tick rate 0) at 2017.08.10-11.11.36
[2017.08.10-09.11.36:520][709]LogWorld: Bringing up level for play took: 0.000995
[2017.08.10-09.11.36:521][709]PIE: Info Play in editor start time for /Game/Scenes/UEDPIE_0_ScanReach_Map -0.568
[2017.08.10-09.11.36:521][709]LogBlueprintUserMessages: Late PlayInEditor Detection: Level '/Game/Scenes/ScanReach_Map.ScanReach_Map:PersistentLevel' has LevelScriptBlueprint '/Game/Scenes/ScanReach_Map.ScanReach_Map:PersistentLevel.ScanReach_Map' with GeneratedClass '/Game/Scenes/ScanReach_Map.ScanReach_Map_C' with ClassGeneratedBy '/Game/Scenes/ScanReach_Map.ScanReach_Map:PersistentLevel.ScanReach_Map'
[2017.08.10-09.11.41:506][307]LogBlueprintUserMessages: Early EndPlayMap Detection: Level '/Game/Scenes/ScanReach_Map.ScanReach_Map:PersistentLevel' has LevelScriptBlueprint '/Game/Scenes/ScanReach_Map.ScanReach_Map:PersistentLevel.ScanReach_Map' with GeneratedClass '/Game/Scenes/ScanReach_Map.ScanReach_Map_C' with ClassGeneratedBy '/Game/Scenes/ScanReach_Map.ScanReach_Map:PersistentLevel.ScanReach_Map'
[2017.08.10-09.11.41:622][307]LogBlueprintUserMessages: Late EndPlayMap Detection: Level '/Game/Scenes/ScanReach_Map.ScanReach_Map:PersistentLevel' has LevelScriptBlueprint '/Game/Scenes/ScanReach_Map.ScanReach_Map:PersistentLevel.ScanReach_Map' with GeneratedClass '/Game/Scenes/ScanReach_Map.ScanReach_Map_C' with ClassGeneratedBy '/Game/Scenes/ScanReach_Map.ScanReach_Map:PersistentLevel.ScanReach_Map'
[2017.08.10-09.11.43:569][535]LogEditorViewport: Clicking on Actor (LMB): BP_Ship_C (BP_Ship)
[2017.08.10-09.11.49:278][170]LogTemp: Repeting last play command: Selected Viewport
[2017.08.10-09.11.49:289][170]LogBlueprintUserMessages: Early PlayInEditor Detection: Level '/Game/Scenes/ScanReach_Map.ScanReach_Map:PersistentLevel' has LevelScriptBlueprint '/Game/Scenes/ScanReach_Map.ScanReach_Map:PersistentLevel.ScanReach_Map' with GeneratedClass '/Game/Scenes/ScanReach_Map.ScanReach_Map_C' with ClassGeneratedBy '/Game/Scenes/ScanReach_Map.ScanReach_Map:PersistentLevel.ScanReach_Map'
[2017.08.10-09.11.49:289][170]LogPlayLevel: PlayLevel: No blueprints needed recompiling
[2017.08.10-09.11.49:289][170]PIE: New page: PIE session: ScanReach_Map (10 Aug 2017 13:11:49)
[2017.08.10-09.11.49:289][170]LogPlayLevel: Creating play world package: /Game/Scenes/UEDPIE_0_ScanReach_Map
[2017.08.10-09.11.49:292][170]LogPlayLevel: PIE: StaticDuplicateObject took: (0.002993s)
[2017.08.10-09.11.49:292][170]LogAIModule: Creating AISystem for world ScanReach_Map
[2017.08.10-09.11.49:292][170]LogPlayLevel: PIE: World Init took: (0.000417s)
[2017.08.10-09.11.49:292][170]LogPlayLevel: PIE: Created PIE world by copying editor world from /Game/Scenes/ScanReach_Map.ScanReach_Map to /Game/Scenes/UEDPIE_0_ScanReach_Map.ScanReach_Map (0.003534s)
[2017.08.10-09.11.49:307][170]LogInit: XAudio2 using 'Speakers (2- Logitech G933 Gaming Headset)' : 6 channels at 48 kHz using 16 bits per sample (channel mask 0x3f)
[2017.08.10-09.11.49:316][170]LogInit: FAudioDevice initialized.
[2017.08.10-09.11.49:342][170]LogLoad: Game class is 'ScanReach_GM_C'
[2017.08.10-09.11.49:344][170]LogWorld: Bringing World /Game/Scenes/UEDPIE_0_ScanReach_Map.ScanReach_Map up for play (max tick rate 0) at 2017.08.10-11.11.49
[2017.08.10-09.11.49:344][170]LogWorld: Bringing up level for play took: 0.000997
[2017.08.10-09.11.49:344][170]PIE: Info Play in editor start time for /Game/Scenes/UEDPIE_0_ScanReach_Map 0.256
[2017.08.10-09.11.49:345][170]LogBlueprintUserMessages: Late PlayInEditor Detection: Level '/Game/Scenes/ScanReach_Map.ScanReach_Map:PersistentLevel' has LevelScriptBlueprint '/Game/Scenes/ScanReach_Map.ScanReach_Map:PersistentLevel.ScanReach_Map' with GeneratedClass '/Game/Scenes/ScanReach_Map.ScanReach_Map_C' with ClassGeneratedBy '/Game/Scenes/ScanReach_Map.ScanReach_Map:PersistentLevel.ScanReach_Map'
[2017.08.10-09.11.54:106][741]LogBlueprintUserMessages: Early EndPlayMap Detection: Level '/Game/Scenes/ScanReach_Map.ScanReach_Map:PersistentLevel' has LevelScriptBlueprint '/Game/Scenes/ScanReach_Map.ScanReach_Map:PersistentLevel.ScanReach_Map' with GeneratedClass '/Game/Scenes/ScanReach_Map.ScanReach_Map_C' with ClassGeneratedBy '/Game/Scenes/ScanReach_Map.ScanReach_Map:PersistentLevel.ScanReach_Map'
[2017.08.10-09.11.54:218][741]LogBlueprintUserMessages: Late EndPlayMap Detection: Level '/Game/Scenes/ScanReach_Map.ScanReach_Map:PersistentLevel' has LevelScriptBlueprint '/Game/Scenes/ScanReach_Map.ScanReach_Map:PersistentLevel.ScanReach_Map' with GeneratedClass '/Game/Scenes/ScanReach_Map.ScanReach_Map_C' with ClassGeneratedBy '/Game/Scenes/ScanReach_Map.ScanReach_Map:PersistentLevel.ScanReach_Map'
[2017.08.10-09.12.05:982][103]LogEditorViewport: Clicking on Actor (LMB): BP_Ship_C (BP_Ship)
[2017.08.10-09.12.06:444][157]LogEditorViewport: Clicking on Actor (LMB): StaticMeshActor (Floor)
[2017.08.10-09.12.06:953][194]LogSavePackage: Save=127.93ms
[2017.08.10-09.12.06:953][194]LogSavePackage: Moving '../../../../../../Users/Bendick/Documents/GitHub/SR_Prototype_V2/SR_Prototype_V2/Saved/ScanReach_Map24827A84488DE77B2EBABA8887E109C5.tmp' to '../../../../../../Users/Bendick/Documents/GitHub/SR_Prototype_V2/SR_Prototype_V2/Content/Scenes/ScanReach_Map.umap'
[2017.08.10-09.12.06:955][194]LogSavePackage:Display: Finished SavePackage ../../../../../../Users/Bendick/Documents/GitHub/SR_Prototype_V2/SR_Prototype_V2/Content/Scenes/ScanReach_Map.umap
[2017.08.10-09.12.06:995][194]LogSavePackage: Save=20.20ms
[2017.08.10-09.12.06:995][194]LogSavePackage: Moving '../../../../../../Users/Bendick/Documents/GitHub/SR_Prototype_V2/SR_Prototype_V2/Saved/ScanReach_Map_BuiltData4100756E4AEDFF256F3E49AEF937E5EE.tmp' to '../../../../../../Users/Bendick/Documents/GitHub/SR_Prototype_V2/SR_Prototype_V2/Content/Scenes/ScanReach_Map_BuiltData.uasset'
[2017.08.10-09.12.06:996][194]LogSavePackage:Display: Finished SavePackage ../../../../../../Users/Bendick/Documents/GitHub/SR_Prototype_V2/SR_Prototype_V2/Content/Scenes/ScanReach_Map_BuiltData.uasset
[2017.08.10-09.12.07:520][238]LogSavePackage: Save=129.73ms
[2017.08.10-09.12.07:520][238]LogSavePackage: Moving '../../../../../../Users/Bendick/Documents/GitHub/SR_Prototype_V2/SR_Prototype_V2/Saved/ScanReach_Map1552BD4C419EF09111CB789A501C90A9.tmp' to '../../../../../../Users/Bendick/Documents/GitHub/SR_Prototype_V2/SR_Prototype_V2/Content/Scenes/ScanReach_Map.umap'
[2017.08.10-09.12.07:521][238]LogSavePackage:Display: Finished SavePackage ../../../../../../Users/Bendick/Documents/GitHub/SR_Prototype_V2/SR_Prototype_V2/Content/Scenes/ScanReach_Map.umap
[2017.08.10-09.12.07:549][238]LogSavePackage: Save=8.37ms
[2017.08.10-09.12.07:549][238]LogSavePackage: Moving '../../../../../../Users/Bendick/Documents/GitHub/SR_Prototype_V2/SR_Prototype_V2/Saved/ScanReach_Map_BuiltDataD18D51E34516C7195FBC459B7CACECF4.tmp' to '../../../../../../Users/Bendick/Documents/GitHub/SR_Prototype_V2/SR_Prototype_V2/Content/Scenes/ScanReach_Map_BuiltData.uasset'
[2017.08.10-09.12.07:550][238]LogSavePackage:Display: Finished SavePackage ../../../../../../Users/Bendick/Documents/GitHub/SR_Prototype_V2/SR_Prototype_V2/Content/Scenes/ScanReach_Map_BuiltData.uasset
[2017.08.10-09.12.09:803][475]Cmd: QUIT_EDITOR
[2017.08.10-09.12.10:193][475]LogWindowsTextInputMethodSystem:Display: IME system now deactivated.
[2017.08.10-09.12.10:193][475]LogWindowsTextInputMethodSystem:Display: IME system now deactivated.
[2017.08.10-09.12.10:204][475]LogExit: Preparing to exit.
[2017.08.10-09.12.11:188][475]LogDirectoryWatcher: A directory notification for 'C:/Users/Bendick/Documents/GitHub/SR_Prototype_V2/SR_Prototype_V2/Content/' was aborted.
[2017.08.10-09.12.11:212][475]LogExit: Editor shut down
[2017.08.10-09.12.11:214][475]LogExit: Transaction tracking system shut down
[2017.08.10-09.12.11:338][475]LogObj: Freed 0b from 0 cluster array pools.
[2017.08.10-09.12.11:338][475]LogExit: Object subsystem successfully closed.
[2017.08.10-09.12.11:368][475]LogD3D11RHI: Shutdown
[2017.08.10-09.12.11:368][475]LogD3D11RHI: CleanupD3DDevice
[2017.08.10-09.12.11:410][475]LogD3D11RHI: ~FD3D11DynamicRHI
[2017.08.10-09.12.11:449][475]LogModuleManager: Shutting down and abandoning module BlueprintGraph (530)
[2017.08.10-09.12.11:449][475]LogModuleManager: Shutting down and abandoning module BlueprintProfiler (528)
[2017.08.10-09.12.11:451][475]LogModuleManager: Shutting down and abandoning module MovieSceneCapture (526)
[2017.08.10-09.12.11:451][475]LogModuleManager: Shutting down and abandoning module HierarchicalLODOutliner (524)
[2017.08.10-09.12.11:452][475]LogModuleManager: Shutting down and abandoning module CrashTracker (522)
[2017.08.10-09.12.11:452][475]LogModuleManager: Shutting down and abandoning module SceneOutliner (520)
[2017.08.10-09.12.11:452][475]LogModuleManager: Shutting down and abandoning module AddContentDialog (518)
[2017.08.10-09.12.11:452][475]LogDirectoryWatcher: A directory notification for 'C:/Program Files/Epic Games/UE_4.16/FeaturePacks/' was aborted.
[2017.08.10-09.12.11:453][475]LogModuleManager: Shutting down and abandoning module WidgetCarousel (517)
[2017.08.10-09.12.11:453][475]LogModuleManager: Shutting down and abandoning module EditorWidgets (514)
[2017.08.10-09.12.11:453][475]LogModuleManager: Shutting down and abandoning module CollectionManager (512)
[2017.08.10-09.12.11:453][475]LogDirectoryWatcher: A directory notification for 'C:/Users/Bendick/Documents/GitHub/SR_Prototype_V2/SR_Prototype_V2/Content/Collections/' was aborted.
[2017.08.10-09.12.11:453][475]LogDirectoryWatcher: A directory notification for 'C:/Users/Bendick/Documents/GitHub/SR_Prototype_V2/SR_Prototype_V2/Content/Developers/Bendick/Collections/' was aborted.
[2017.08.10-09.12.11:453][475]LogDirectoryWatcher: A directory notification for 'C:/Users/Bendick/Documents/GitHub/SR_Prototype_V2/SR_Prototype_V2/Saved/Collections/' was aborted.
[2017.08.10-09.12.11:453][475]LogModuleManager: Shutting down and abandoning module StatsViewer (510)
[2017.08.10-09.12.11:454][475]LogModuleManager: Shutting down and abandoning module FoliageEdit (508)
[2017.08.10-09.12.11:454][475]LogModuleManager: Shutting down and abandoning module LandscapeEditor (506)
[2017.08.10-09.12.11:455][475]LogModuleManager: Shutting down and abandoning module MeshPaintMode (504)
[2017.08.10-09.12.11:455][475]LogModuleManager: Shutting down and abandoning module SceneDepthPickerMode (502)
[2017.08.10-09.12.11:455][475]LogModuleManager: Shutting down and abandoning module ActorPickerMode (500)
[2017.08.10-09.12.11:455][475]LogModuleManager: Shutting down and abandoning module GeometryMode (498)
[2017.08.10-09.12.11:455][475]LogModuleManager: Shutting down and abandoning module TextureAlignMode (496)
[2017.08.10-09.12.11:455][475]LogModuleManager: Shutting down and abandoning module BspMode (494)
[2017.08.10-09.12.11:456][475]LogModuleManager: Shutting down and abandoning module HardwareSurvey (492)
[2017.08.10-09.12.11:456][475]LogModuleManager: Shutting down and abandoning module SequenceRecorderSections (490)
[2017.08.10-09.12.11:456][475]LogModuleManager: Shutting down and abandoning module AutomationWorker (488)
[2017.08.10-09.12.11:456][475]LogModuleManager: Shutting down and abandoning module MatineeToLevelSequence (486)
[2017.08.10-09.12.11:457][475]LogModuleManager: Shutting down and abandoning module LevelSequenceEditor (484)
[2017.08.10-09.12.11:460][475]LogModuleManager: Shutting down and abandoning module PlacementMode (483)
[2017.08.10-09.12.11:460][475]LogModuleManager: Shutting down and abandoning module WmfMediaFactory (480)
[2017.08.10-09.12.11:460][475]LogModuleManager: Shutting down and abandoning module WmfMediaEditor (478)
[2017.08.10-09.12.11:460][475]LogModuleManager: Shutting down and abandoning module AvfMediaFactory (476)
[2017.08.10-09.12.11:460][475]LogModuleManager: Shutting down and abandoning module AvfMediaEditor (474)
[2017.08.10-09.12.11:460][475]LogModuleManager: Shutting down and abandoning module AndroidMediaFactory (472)
[2017.08.10-09.12.11:460][475]LogModuleManager: Shutting down and abandoning module Media (471)
[2017.08.10-09.12.11:460][475]LogModuleManager: Shutting down and abandoning module AndroidMediaEditor (468)
[2017.08.10-09.12.11:460][475]LogModuleManager: Shutting down and abandoning module CharacterAI (466)
[2017.08.10-09.12.11:460][475]LogModuleManager: Shutting down and abandoning module AudioCapture (464)
[2017.08.10-09.12.11:461][475]LogModuleManager: Shutting down and abandoning module SequenceRecorder (463)
[2017.08.10-09.12.11:462][475]LogModuleManager: Shutting down and abandoning module SmartSnapping (460)
[2017.08.10-09.12.11:462][475]LogModuleManager: Shutting down and abandoning module SessionServices (458)
[2017.08.10-09.12.11:462][475]LogModuleManager: Shutting down and abandoning module ViewportSnapping (456)
[2017.08.10-09.12.11:462][475]LogModuleManager: Shutting down and abandoning module ViewportInteraction (454)
[2017.08.10-09.12.11:462][475]LogModuleManager: Shutting down and abandoning module ClothPainter (452)
[2017.08.10-09.12.11:464][475]LogModuleManager: Shutting down and abandoning module LogVisualizer (450)
[2017.08.10-09.12.11:465][475]LogModuleManager: Shutting down and abandoning module IntroTutorials (448)
[2017.08.10-09.12.11:467][475]LogModuleManager: Shutting down and abandoning module GameProjectGeneration (447)
[2017.08.10-09.12.11:468][475]LogModuleManager: Shutting down and abandoning module EditorLiveStreaming (444)
[2017.08.10-09.12.11:468][475]LogModuleManager: Shutting down and abandoning module IOSPlatformEditor (442)
[2017.08.10-09.12.11:469][475]LogModuleManager: Shutting down and abandoning module HTML5PlatformEditor (440)
[2017.08.10-09.12.11:469][475]LogModuleManager: Shutting down and abandoning module AndroidPlatformEditor (438)
[2017.08.10-09.12.11:469][475]LogModuleManager: Shutting down and abandoning module AndroidDeviceDetection (437)
[2017.08.10-09.12.11:986][475]LogModuleManager: Shutting down and abandoning module IOSRuntimeSettings (434)
[2017.08.10-09.12.11:986][475]LogModuleManager: Shutting down and abandoning module AndroidRuntimeSettings (432)
[2017.08.10-09.12.11:986][475]LogModuleManager: Shutting down and abandoning module InputBindingEditor (430)
[2017.08.10-09.12.11:998][475]LogModuleManager: Shutting down and abandoning module MergeActors (428)
[2017.08.10-09.12.11:998][475]LogModuleManager: Shutting down and abandoning module SizeMap (426)
[2017.08.10-09.12.11:998][475]LogModuleManager: Shutting down and abandoning module TreeMap (424)
[2017.08.10-09.12.11:998][475]LogModuleManager: Shutting down and abandoning module ReferenceViewer (422)
[2017.08.10-09.12.11:999][475]LogModuleManager: Shutting down and abandoning module LocalizationDashboard (420)
[2017.08.10-09.12.12:000][475]LogModuleManager: Shutting down and abandoning module LocalizationService (419)
[2017.08.10-09.12.12:000][475]LogModuleManager: Shutting down and abandoning module HardwareTargeting (416)
[2017.08.10-09.12.12:000][475]LogModuleManager: Shutting down and abandoning module DeviceProfileEditor (414)
[2017.08.10-09.12.12:001][475]LogModuleManager: Shutting down and abandoning module UndoHistory (412)
[2017.08.10-09.12.12:001][475]LogModuleManager: Shutting down and abandoning module UserFeedback (410)
[2017.08.10-09.12.12:001][475]LogModuleManager: Shutting down and abandoning module XmlParser (408)
[2017.08.10-09.12.12:001][475]LogModuleManager: Shutting down and abandoning module Blutility (406)
[2017.08.10-09.12.12:002][475]LogModuleManager: Shutting down and abandoning module ProjectSettingsViewer (404)
[2017.08.10-09.12.12:002][475]LogModuleManager: Shutting down and abandoning module ProjectTargetPlatformEditor (403)
[2017.08.10-09.12.12:002][475]LogModuleManager: Shutting down and abandoning module EditorSettingsViewer (400)
[2017.08.10-09.12.12:002][475]LogModuleManager: Shutting down and abandoning module SettingsEditor (398)
[2017.08.10-09.12.12:003][475]LogModuleManager: Shutting down and abandoning module ProjectLauncher (396)
[2017.08.10-09.12.12:004][475]LogModuleManager: Shutting down and abandoning module SessionFrontend (394)
[2017.08.10-09.12.12:004][475]LogModuleManager: Shutting down and abandoning module ProfilerClient (392)
[2017.08.10-09.12.12:005][475]LogModuleManager: Shutting down and abandoning module DeviceManager (390)
[2017.08.10-09.12.12:006][475]LogModuleManager: Shutting down and abandoning module TargetDeviceServices (389)
[2017.08.10-09.12.12:056][475]LogModuleManager: Shutting down and abandoning module AutomationController (386)
[2017.08.10-09.12.12:057][475]LogModuleManager: Shutting down and abandoning module AutomationWindow (384)
[2017.08.10-09.12.12:058][475]LogModuleManager: Shutting down and abandoning module Layers (382)
[2017.08.10-09.12.12:061][475]LogModuleManager: Shutting down and abandoning module ComponentVisualizers (380)
[2017.08.10-09.12.12:061][475]LogModuleManager: Shutting down and abandoning module DetailCustomizations (378)
[2017.08.10-09.12.12:061][475]LogModuleManager: Shutting down and abandoning module PackagesDialog (376)
[2017.08.10-09.12.12:061][475]LogModuleManager: Shutting down and abandoning module Persona (374)
[2017.08.10-09.12.12:063][475]LogModuleManager: Shutting down and abandoning module AdvancedPreviewScene (373)
[2017.08.10-09.12.12:063][475]LogModuleManager: Shutting down and abandoning module AnimGraph (371)
[2017.08.10-09.12.12:063][475]LogModuleManager: Shutting down and abandoning module Kismet (368)
[2017.08.10-09.12.12:067][475]LogModuleManager: Shutting down and abandoning module ClassViewer (366)
[2017.08.10-09.12.12:067][475]LogModuleManager: Shutting down and abandoning module Toolbox (364)
[2017.08.10-09.12.12:067][475]LogModuleManager: Shutting down and abandoning module ModuleUI (362)
[2017.08.10-09.12.12:068][475]LogModuleManager: Shutting down and abandoning module MovieSceneTools (360)
[2017.08.10-09.12.12:069][475]LogModuleManager: Shutting down and abandoning module OutputLog (358)
[2017.08.10-09.12.12:070][475]LogModuleManager: Shutting down and abandoning module GammaUI (356)
[2017.08.10-09.12.12:070][475]LogModuleManager: Shutting down and abandoning module Documentation (354)
[2017.08.10-09.12.12:070][475]LogModuleManager: Shutting down and abandoning module MovieSceneTracks (352)
[2017.08.10-09.12.12:070][475]LogModuleManager: Shutting down and abandoning module MovieScene (350)
[2017.08.10-09.12.12:070][475]LogModuleManager: Shutting down and abandoning module Niagara (348)
[2017.08.10-09.12.12:070][475]LogModuleManager: Shutting down and abandoning module NiagaraEditor (347)
[2017.08.10-09.12.12:073][475]LogModuleManager: Shutting down and abandoning module StreamingPauseRendering (344)
[2017.08.10-09.12.12:073][475]LogModuleManager: Shutting down and abandoning module AnalyticsET (342)
[2017.08.10-09.12.12:073][475]LogModuleManager: Shutting down and abandoning module PortalServices (340)
[2017.08.10-09.12.12:073][475]LogModuleManager: Shutting down and abandoning module PortalRpc (338)
[2017.08.10-09.12.12:073][475]LogModuleManager: Shutting down and abandoning module MessagingRpc (336)
[2017.08.10-09.12.12:073][475]LogModuleManager: Shutting down and abandoning module AIModule (334)
[2017.08.10-09.12.12:073][475]LogModuleManager: Shutting down and abandoning module GameplayDebugger (333)
[2017.08.10-09.12.12:073][475]LogModuleManager: Shutting down and abandoning module AITestSuite (331)
[2017.08.10-09.12.12:073][475]LogModuleManager: Shutting down and abandoning module ProfilerService (328)
[2017.08.10-09.12.12:313][475]LogModuleManager: Shutting down and abandoning module TaskGraph (326)
[2017.08.10-09.12.12:315][475]LogModuleManager: Shutting down and abandoning module SteamVRController (324)
[2017.08.10-09.12.12:315][475]LogModuleManager: Shutting down and abandoning module SteamVR (322)
[2017.08.10-09.12.12:315][475]LogModuleManager: Shutting down and abandoning module ProceduralMeshComponentEditor (320)
[2017.08.10-09.12.12:315][475]LogModuleManager: Shutting down and abandoning module ProceduralMeshComponent (318)
[2017.08.10-09.12.12:316][475]LogModuleManager: Shutting down and abandoning module OculusLibrary (316)
[2017.08.10-09.12.12:316][475]LogModuleManager: Shutting down and abandoning module OculusInput (314)
[2017.08.10-09.12.12:316][475]LogModuleManager: Shutting down and abandoning module MobilePatchingUtils (312)
[2017.08.10-09.12.12:316][475]LogModuleManager: Shutting down and abandoning module CustomMeshComponent (310)
[2017.08.10-09.12.12:316][475]LogModuleManager: Shutting down and abandoning module CableComponent (308)
[2017.08.10-09.12.12:316][475]LogModuleManager: Shutting down and abandoning module ArchVisCharacter (306)
[2017.08.10-09.12.12:316][475]LogModuleManager: Shutting down and abandoning module AndroidPermission (304)
[2017.08.10-09.12.12:316][475]LogModuleManager: Shutting down and abandoning module MediaPlayerEditor (300)
[2017.08.10-09.12.12:318][475]LogModuleManager: Shutting down and abandoning module HTML5Networking (298)
[2017.08.10-09.12.12:318][475]LogModuleManager: Shutting down and abandoning module AlembicImporter (296)
[2017.08.10-09.12.12:318][475]LogModuleManager: Shutting down and abandoning module AlembicLibrary (295)
[2017.08.10-09.12.12:318][475]LogModuleManager: Shutting down and abandoning module GeometryCache (294)
[2017.08.10-09.12.12:319][475]LogModuleManager: Shutting down and abandoning module GeometryCacheEd (293)
[2017.08.10-09.12.12:319][475]LogModuleManager: Shutting down and abandoning module SuperSearchEditor (288)
[2017.08.10-09.12.12:319][475]LogModuleManager: Shutting down and abandoning module SuperSearch (287)
[2017.08.10-09.12.12:319][475]LogModuleManager: Shutting down and abandoning module SpeedTreeImporter (284)
[2017.08.10-09.12.12:319][475]LogModuleManager: Shutting down and abandoning module PluginBrowser (282)
[2017.08.10-09.12.12:320][475]LogModuleManager: Shutting down and abandoning module MobileLauncherProfileWizard (280)
[2017.08.10-09.12.12:322][475]LogModuleManager: Shutting down and abandoning module VisualStudioSourceCodeAccess (278)
[2017.08.10-09.12.12:322][475]LogModuleManager: Shutting down and abandoning module DesktopPlatform (277)
[2017.08.10-09.12.12:322][475]LogModuleManager: Shutting down and abandoning module UObjectPlugin (274)
[2017.08.10-09.12.12:322][475]LogModuleManager: Shutting down and abandoning module SubversionSourceControl (272)
[2017.08.10-09.12.12:322][475]LogModuleManager: Shutting down and abandoning module PerforceSourceControl (270)
[2017.08.10-09.12.12:323][475]LogModuleManager: Shutting down and abandoning module GitSourceControl (268)
[2017.08.10-09.12.12:324][475]LogModuleManager: Shutting down and abandoning module SourceControl (267)
[2017.08.10-09.12.12:324][475]LogModuleManager: Shutting down and abandoning module LightPropagationVolumeEditor (264)
[2017.08.10-09.12.12:324][475]LogModuleManager: Shutting down and abandoning module PaperTiledImporter (262)
[2017.08.10-09.12.12:324][475]LogModuleManager: Shutting down and abandoning module PaperSpriteSheetImporter (260)
[2017.08.10-09.12.12:324][475]LogModuleManager: Shutting down and abandoning module Paper2DEditor (258)
[2017.08.10-09.12.12:324][475]LogModuleManager: Shutting down and abandoning module MeshPaint (257)
[2017.08.10-09.12.12:325][475]LogModuleManager: Shutting down and abandoning module LevelEditor (255)
[2017.08.10-09.12.12:326][475]LogModuleManager: Shutting down and abandoning module PixelInspectorModule (254)
[2017.08.10-09.12.12:326][475]LogModuleManager: Shutting down and abandoning module MainFrame (252)
[2017.08.10-09.12.12:327][475]LogModuleManager: Shutting down and abandoning module HotReload (251)
[2017.08.10-09.12.12:328][475]LogModuleManager: Shutting down and abandoning module PhysXVehiclesEditor (246)
[2017.08.10-09.12.12:328][475]LogModuleManager: Shutting down and abandoning module PhysXVehicles (244)
[2017.08.10-09.12.12:328][475]LogModuleManager: Shutting down and abandoning module LocationServicesBPLibrary (242)
[2017.08.10-09.12.12:328][475]LogModuleManager: Shutting down and abandoning module ImmediatePhysicsEditor (240)
[2017.08.10-09.12.12:328][475]LogModuleManager: Shutting down and abandoning module ImmediatePhysics (238)
[2017.08.10-09.12.12:329][475]LogModuleManager: Shutting down and abandoning module UdpMessaging (236)
[2017.08.10-09.12.12:429][475]LogModuleManager: Shutting down and abandoning module TcpMessaging (234)
[2017.08.10-09.12.12:530][475]LogModuleManager: Shutting down and abandoning module GameplayTagsEditor (232)
[2017.08.10-09.12.12:535][475]LogModuleManager: Shutting down and abandoning module FacialAnimationEditor (230)
[2017.08.10-09.12.12:535][475]LogModuleManager: Shutting down and abandoning module FacialAnimation (228)
[2017.08.10-09.12.12:535][475]LogModuleManager: Shutting down and abandoning module AssetManagerEditor (226)
[2017.08.10-09.12.12:539][475]LogModuleManager: Shutting down and abandoning module GraphEditor (225)
[2017.08.10-09.12.12:539][475]LogModuleManager: Shutting down and abandoning module ContentBrowser (223)
[2017.08.10-09.12.12:539][475]LogModuleManager: Shutting down and abandoning module LightPropagationVolumeRuntime (220)
[2017.08.10-09.12.12:539][475]LogModuleManager: Shutting down and abandoning module Paper2D (218)
[2017.08.10-09.12.12:540][475]LogModuleManager: Shutting down and abandoning module WindowsMoviePlayer (216)
[2017.08.10-09.12.12:540][475]LogModuleManager: Shutting down and abandoning module WmfMedia (214)
[2017.08.10-09.12.12:550][475]LogModuleManager: Shutting down and abandoning module ClothingSystemEditor (212)
[2017.08.10-09.12.12:550][475]LogModuleManager: Shutting down and abandoning module ClothingSystemRuntime (210)
[2017.08.10-09.12.12:553][475]LogModuleManager: Shutting down and abandoning module MediaAssets (208)
[2017.08.10-09.12.12:553][475]LogModuleManager: Shutting down and abandoning module GameLiveStreaming (206)
[2017.08.10-09.12.12:554][475]LogModuleManager: Shutting down and abandoning module VREditor (204)
[2017.08.10-09.12.12:554][475]LogModuleManager: Shutting down and abandoning module StringTableEditor (202)
[2017.08.10-09.12.12:557][475]LogModuleManager: Shutting down and abandoning module GameplayTasksEditor (200)
[2017.08.10-09.12.12:557][475]LogModuleManager: Shutting down and abandoning module BehaviorTreeEditor (198)
[2017.08.10-09.12.12:560][475]LogModuleManager: Shutting down and abandoning module FunctionalTesting (196)
[2017.08.10-09.12.12:560][475]LogModuleManager: Shutting down and abandoning module CollisionAnalyzer (194)
[2017.08.10-09.12.12:562][475]LogModuleManager: Shutting down and abandoning module UMG (192)
[2017.08.10-09.12.12:564][475]LogModuleManager: Shutting down and abandoning module UMGEditor (191)
[2017.08.10-09.12.12:566][475]LogModuleManager: Shutting down and abandoning module Sequencer (190)
[2017.08.10-09.12.12:568][475]LogModuleManager: Shutting down and abandoning module AssetTools (188)
[2017.08.10-09.12.12:573][475]LogModuleManager: Shutting down and abandoning module MessageLog (187)
[2017.08.10-09.12.12:573][475]LogModuleManager: Shutting down and abandoning module WorkspaceMenuStructure (186)
[2017.08.10-09.12.12:573][475]LogModuleManager: Shutting down and abandoning module SlateReflector (180)
[2017.08.10-09.12.12:576][475]LogModuleManager: Shutting down and abandoning module Slate (178)
[2017.08.10-09.12.12:576][475]LogModuleManager: Shutting down and abandoning module EditorStyle (176)
[2017.08.10-09.12.12:578][475]LogModuleManager: Shutting down and abandoning module SourceCodeAccess (174)
[2017.08.10-09.12.12:578][475]LogModuleManager: Shutting down and abandoning module HeadMountedDisplay (172)
[2017.08.10-09.12.12:578][475]LogModuleManager: Shutting down and abandoning module XAudio2 (170)
[2017.08.10-09.12.12:578][475]LogModuleManager: Shutting down and abandoning module Networking (168)
[2017.08.10-09.12.12:578][475]LogModuleManager: Shutting down and abandoning module Core (164)
[2017.08.10-09.12.12:578][475]LogModuleManager: Shutting down and abandoning module AssetRegistry (162)
[2017.08.10-09.12.12:734][475]LogDirectoryWatcher: A directory notification for '../../../Engine/Content/' was aborted.
[2017.08.10-09.12.12:734][475]LogDirectoryWatcher: A directory notification for '../../../../../../Users/Bendick/Documents/GitHub/SR_Prototype_V2/SR_Prototype_V2/Content/' was aborted.
[2017.08.10-09.12.12:734][475]LogDirectoryWatcher: A directory notification for '../../../Engine/Plugins/2D/Paper2D/Content/' was aborted.
[2017.08.10-09.12.12:734][475]LogDirectoryWatcher: A directory notification for '../../../Engine/Plugins/Runtime/GearVR/Content/' was aborted.
[2017.08.10-09.12.12:736][475]LogModuleManager: Shutting down and abandoning module DirectoryWatcher (161)
[2017.08.10-09.12.12:736][475]LogModuleManager: Shutting down and abandoning module KismetCompiler (158)
[2017.08.10-09.12.12:736][475]LogModuleManager: Shutting down and abandoning module LevelSequence (156)
[2017.08.10-09.12.12:736][475]LogModuleManager: Shutting down and abandoning module PhysXFormats (154)
[2017.08.10-09.12.12:736][475]LogModuleManager: Shutting down and abandoning module MeshUtilities (152)
[2017.08.10-09.12.12:738][475]LogModuleManager: Shutting down and abandoning module SimplygonSwarm (151)
[2017.08.10-09.12.12:739][475]LogModuleManager: Shutting down and abandoning module SimplygonMeshReduction (149)
[2017.08.10-09.12.12:739][475]LogModuleManager: Shutting down and abandoning module QuadricMeshReduction (147)
[2017.08.10-09.12.12:740][475]LogModuleManager: Shutting down and abandoning module DerivedDataCache (144)
[2017.08.10-09.12.12:815][475]LogDerivedDataCache: Shutdown
[2017.08.10-09.12.12:815][475]LogModuleManager: Shutting down and abandoning module TargetPlatform (142)
[2017.08.10-09.12.12:815][475]LogModuleManager: Shutting down and abandoning module VulkanShaderFormat (141)
[2017.08.10-09.12.12:817][475]LogModuleManager: Shutting down and abandoning module ShaderFormatVectorVM (139)
[2017.08.10-09.12.12:817][475]LogModuleManager: Shutting down and abandoning module ShaderFormatOpenGL (137)
[2017.08.10-09.12.12:818][475]LogModuleManager: Shutting down and abandoning module ShaderFormatD3D (135)
[2017.08.10-09.12.12:818][475]LogModuleManager: Shutting down and abandoning module MetalShaderFormat (133)
[2017.08.10-09.12.12:819][475]LogModuleManager: Shutting down and abandoning module TextureFormatUncompressed (131)
[2017.08.10-09.12.12:819][475]LogModuleManager: Shutting down and abandoning module TextureFormatPVR (129)
[2017.08.10-09.12.12:819][475]LogModuleManager: Shutting down and abandoning module TextureFormatDXT (127)
[2017.08.10-09.12.12:819][475]LogModuleManager: Shutting down and abandoning module TextureFormatIntelISPCTexComp (125)
[2017.08.10-09.12.12:819][475]LogModuleManager: Shutting down and abandoning module TextureFormatASTC (123)
[2017.08.10-09.12.12:819][475]LogModuleManager: Shutting down and abandoning module ImageWrapper (122)
[2017.08.10-09.12.12:819][475]LogModuleManager: Shutting down and abandoning module TextureFormatAndroid (119)
[2017.08.10-09.12.12:819][475]LogModuleManager: Shutting down and abandoning module AudioFormatOpus (117)
[2017.08.10-09.12.12:819][475]LogModuleManager: Shutting down and abandoning module AudioFormatOgg (115)
[2017.08.10-09.12.12:819][475]LogModuleManager: Shutting down and abandoning module AudioFormatADPCM (113)
[2017.08.10-09.12.12:819][475]LogModuleManager: Shutting down and abandoning module LinuxTargetPlatform (111)
[2017.08.10-09.12.12:819][475]LogModuleManager: Shutting down and abandoning module LinuxServerTargetPlatform (109)
[2017.08.10-09.12.12:819][475]LogModuleManager: Shutting down and abandoning module LinuxNoEditorTargetPlatform (107)
[2017.08.10-09.12.12:819][475]LogModuleManager: Shutting down and abandoning module LinuxClientTargetPlatform (105)
[2017.08.10-09.12.12:819][475]LogModuleManager: Shutting down and abandoning module TVOSTargetPlatform (103)
[2017.08.10-09.12.12:819][475]LogModuleManager: Shutting down and abandoning module Messaging (101)
[2017.08.10-09.12.12:819][475]LogModuleManager: Shutting down and abandoning module IOSTargetPlatform (99)
[2017.08.10-09.12.12:819][475]LogModuleManager: Shutting down and abandoning module HTML5TargetPlatform (97)
[2017.08.10-09.12.12:819][475]LogModuleManager: Shutting down and abandoning module Android_PVRTCTargetPlatform (95)
[2017.08.10-09.12.12:819][475]LogModuleManager: Shutting down and abandoning module Android_MultiTargetPlatform (93)
[2017.08.10-09.12.12:819][475]LogModuleManager: Shutting down and abandoning module Android_ETC2TargetPlatform (91)
[2017.08.10-09.12.12:819][475]LogModuleManager: Shutting down and abandoning module Android_ETC1TargetPlatform (89)
[2017.08.10-09.12.12:819][475]LogModuleManager: Shutting down and abandoning module Android_DXTTargetPlatform (87)
[2017.08.10-09.12.12:819][475]LogModuleManager: Shutting down and abandoning module Android_ATCTargetPlatform (85)
[2017.08.10-09.12.12:819][475]LogModuleManager: Shutting down and abandoning module Android_ASTCTargetPlatform (83)
[2017.08.10-09.12.12:819][475]LogModuleManager: Shutting down and abandoning module AndroidTargetPlatform (81)
[2017.08.10-09.12.12:819][475]LogModuleManager: Shutting down and abandoning module WindowsTargetPlatform (79)
[2017.08.10-09.12.12:819][475]LogModuleManager: Shutting down and abandoning module WindowsServerTargetPlatform (77)
[2017.08.10-09.12.12:819][475]LogModuleManager: Shutting down and abandoning module WindowsNoEditorTargetPlatform (75)
[2017.08.10-09.12.12:819][475]LogModuleManager: Shutting down and abandoning module WindowsClientTargetPlatform (73)
[2017.08.10-09.12.12:819][475]LogModuleManager: Shutting down and abandoning module MacTargetPlatform (71)
[2017.08.10-09.12.12:819][475]LogModuleManager: Shutting down and abandoning module MacServerTargetPlatform (69)
[2017.08.10-09.12.12:819][475]LogModuleManager: Shutting down and abandoning module MacNoEditorTargetPlatform (67)
[2017.08.10-09.12.12:819][475]LogModuleManager: Shutting down and abandoning module MacClientTargetPlatform (65)
[2017.08.10-09.12.12:819][475]LogModuleManager: Shutting down and abandoning module AllDesktopTargetPlatform (63)
[2017.08.10-09.12.12:819][475]LogModuleManager: Shutting down and abandoning module InputCore (60)
[2017.08.10-09.12.12:819][475]LogModuleManager: Shutting down and abandoning module Settings (58)
[2017.08.10-09.12.12:819][475]LogModuleManager: Shutting down and abandoning module OculusRift (56)
[2017.08.10-09.12.12:820][475]LogModuleManager: Shutting down and abandoning module GearVRController (54)
[2017.08.10-09.12.12:820][475]LogModuleManager: Shutting down and abandoning module GearVR (52)
[2017.08.10-09.12.12:821][475]LogModuleManager: Shutting down and abandoning module ExampleDeviceProfileSelector (50)
[2017.08.10-09.12.12:821][475]LogModuleManager: Shutting down and abandoning module OnlineBlueprintSupport (48)
[2017.08.10-09.12.12:821][475]LogModuleManager: Shutting down and abandoning module OnlineSubsystem (44)
[2017.08.10-09.12.12:821][475]LogOnline:Display: Unloading online subsystem: NULL
[2017.08.10-09.12.12:823][475]LogModuleManager: Shutting down and abandoning module XMPP (43)
[2017.08.10-09.12.12:824][475]LogModuleManager: Shutting down and abandoning module HTTP (41)
[2017.08.10-09.12.12:824][475]LogHttp:Display: Http module shutting down, but needs to wait on 1 outstanding Http requests:
[2017.08.10-09.12.12:825][475]LogHttp:Display: 	verb=[POST] url=[https://datarouter.ol.epicgames.com/datarouter/api/v1/public/data?SessionID=%7BE9330312-41BE-F755-E73B-B4930191F2AB%7D&AppID=UEEditor.Rocket.Release&AppVersion=4.16.3-3561208%2B%2B%2BUE4%2BRelease-4.16&UserID=0c75b627499df609a8813c9ced46962c%7Cfebaf0232e0e4e628b45a2bec753bbbc%7C408adb04-e8c0-4c29-a1fb-4d7ed05dedd7&AppEnvironment=datacollector-binary&UploadType=eteventstream] status=Processing
[2017.08.10-09.12.12:847][475]LogModuleManager: Shutting down and abandoning module SSL (40)
[2017.08.10-09.12.12:848][475]LogModuleManager: Shutting down and abandoning module HTTPChunkInstaller (36)
[2017.08.10-09.12.12:849][475]LogModuleManager: Shutting down and abandoning module AnimationModifiers (34)
[2017.08.10-09.12.12:850][475]LogModuleManager: Shutting down and abandoning module PropertyEditor (33)
[2017.08.10-09.12.12:850][475]LogModuleManager: Shutting down and abandoning module AudioEditor (30)
[2017.08.10-09.12.12:852][475]LogModuleManager: Shutting down and abandoning module TextureCompressor (28)
[2017.08.10-09.12.12:852][475]LogModuleManager: Shutting down and abandoning module ShaderCore (26)
[2017.08.10-09.12.12:852][475]LogModuleManager: Shutting down and abandoning module Landscape (24)
[2017.08.10-09.12.12:852][475]LogModuleManager: Shutting down and abandoning module SlateRHIRenderer (22)
[2017.08.10-09.12.12:853][475]LogModuleManager: Shutting down and abandoning module OpenGLDrv (20)
[2017.08.10-09.12.12:855][475]LogModuleManager: Shutting down and abandoning module D3D11RHI (18)
[2017.08.10-09.12.12:855][475]LogModuleManager: Shutting down and abandoning module AnimGraphRuntime (16)
[2017.08.10-09.12.12:855][475]LogModuleManager: Shutting down and abandoning module Renderer (14)
[2017.08.10-09.12.12:855][475]LogModuleManager: Shutting down and abandoning module Engine (12)
[2017.08.10-09.12.12:855][475]LogModuleManager: Shutting down and abandoning module CoreUObject (10)
[2017.08.10-09.12.12:855][475]LogModuleManager: Shutting down and abandoning module NetworkFile (8)
[2017.08.10-09.12.12:855][475]LogModuleManager: Shutting down and abandoning module StreamingFile (6)
[2017.08.10-09.12.12:855][475]LogModuleManager: Shutting down and abandoning module SandboxFile (4)
[2017.08.10-09.12.12:855][475]LogModuleManager: Shutting down and abandoning module PakFile (2)
[2017.08.10-09.12.12:857][475]LogExit: Exiting.
[2017.08.10-09.12.12:866][475]Log file closed, 08/10/17 11:12:12
